[0.722s] Invoking command in '/home/ssafy/turtlebot3_ws/build/turtlebot3_teleop': PYTHONPATH=/home/ssafy/turtlebot3_ws/build/turtlebot3_teleop/prefix_override:/usr/lib/python3/dist-packages/colcon_core/task/python/colcon_distutils_commands:/home/ssafy/turtlebot3_ws/install/turtlebot3_teleop/lib/python3.10/site-packages:${PYTHONPATH} /usr/bin/python3 -W ignore:setup.py install is deprecated -W ignore:easy_install command is deprecated setup.py develop --uninstall --editable --build-directory /home/ssafy/turtlebot3_ws/build/turtlebot3_teleop/build
[0.946s] running develop
[1.071s] Removing /home/ssafy/turtlebot3_ws/install/turtlebot3_teleop/lib/python3.10/site-packages/turtlebot3-teleop.egg-link (link to .)
[1.091s] Invoked command in '/home/ssafy/turtlebot3_ws/build/turtlebot3_teleop' returned '0': PYTHONPATH=/home/ssafy/turtlebot3_ws/build/turtlebot3_teleop/prefix_override:/usr/lib/python3/dist-packages/colcon_core/task/python/colcon_distutils_commands:/home/ssafy/turtlebot3_ws/install/turtlebot3_teleop/lib/python3.10/site-packages:${PYTHONPATH} /usr/bin/python3 -W ignore:setup.py install is deprecated -W ignore:easy_install command is deprecated setup.py develop --uninstall --editable --build-directory /home/ssafy/turtlebot3_ws/build/turtlebot3_teleop/build
[1.092s] Invoking command in '/home/ssafy/turtlebot3_ws/src/turtlebot3/turtlebot3_teleop': PYTHONPATH=/home/ssafy/turtlebot3_ws/build/turtlebot3_teleop/prefix_override:/usr/lib/python3/dist-packages/colcon_core/task/python/colcon_distutils_commands:/home/ssafy/turtlebot3_ws/install/turtlebot3_teleop/lib/python3.10/site-packages:${PYTHONPATH} /usr/bin/python3 -W ignore:setup.py install is deprecated -W ignore:easy_install command is deprecated setup.py egg_info --egg-base ../../../build/turtlebot3_teleop build --build-base /home/ssafy/turtlebot3_ws/build/turtlebot3_teleop/build install --record /home/ssafy/turtlebot3_ws/build/turtlebot3_teleop/install.log --single-version-externally-managed install_data --force
[1.306s] running egg_info
[1.306s] writing ../../../build/turtlebot3_teleop/turtlebot3_teleop.egg-info/PKG-INFO
[1.306s] writing dependency_links to ../../../build/turtlebot3_teleop/turtlebot3_teleop.egg-info/dependency_links.txt
[1.306s] writing entry points to ../../../build/turtlebot3_teleop/turtlebot3_teleop.egg-info/entry_points.txt
[1.307s] writing requirements to ../../../build/turtlebot3_teleop/turtlebot3_teleop.egg-info/requires.txt
[1.307s] writing top-level names to ../../../build/turtlebot3_teleop/turtlebot3_teleop.egg-info/top_level.txt
[1.308s] reading manifest file '../../../build/turtlebot3_teleop/turtlebot3_teleop.egg-info/SOURCES.txt'
[1.309s] writing manifest file '../../../build/turtlebot3_teleop/turtlebot3_teleop.egg-info/SOURCES.txt'
[1.309s] running build
[1.309s] running build_py
[1.309s] creating /home/ssafy/turtlebot3_ws/build/turtlebot3_teleop/build
[1.309s] creating /home/ssafy/turtlebot3_ws/build/turtlebot3_teleop/build/lib
[1.309s] creating /home/ssafy/turtlebot3_ws/build/turtlebot3_teleop/build/lib/turtlebot3_teleop
[1.309s] copying turtlebot3_teleop/__init__.py -> /home/ssafy/turtlebot3_ws/build/turtlebot3_teleop/build/lib/turtlebot3_teleop
[1.309s] creating /home/ssafy/turtlebot3_ws/build/turtlebot3_teleop/build/lib/turtlebot3_teleop/script
[1.309s] copying turtlebot3_teleop/script/teleop_keyboard.py -> /home/ssafy/turtlebot3_ws/build/turtlebot3_teleop/build/lib/turtlebot3_teleop/script
[1.310s] copying turtlebot3_teleop/script/__init__.py -> /home/ssafy/turtlebot3_ws/build/turtlebot3_teleop/build/lib/turtlebot3_teleop/script
[1.310s] running install
[1.310s] running install_lib
[1.310s] creating /home/ssafy/turtlebot3_ws/install/turtlebot3_teleop/lib/python3.10/site-packages/turtlebot3_teleop
[1.310s] creating /home/ssafy/turtlebot3_ws/install/turtlebot3_teleop/lib/python3.10/site-packages/turtlebot3_teleop/script
[1.310s] copying /home/ssafy/turtlebot3_ws/build/turtlebot3_teleop/build/lib/turtlebot3_teleop/script/teleop_keyboard.py -> /home/ssafy/turtlebot3_ws/install/turtlebot3_teleop/lib/python3.10/site-packages/turtlebot3_teleop/script
[1.310s] copying /home/ssafy/turtlebot3_ws/build/turtlebot3_teleop/build/lib/turtlebot3_teleop/script/__init__.py -> /home/ssafy/turtlebot3_ws/install/turtlebot3_teleop/lib/python3.10/site-packages/turtlebot3_teleop/script
[1.310s] copying /home/ssafy/turtlebot3_ws/build/turtlebot3_teleop/build/lib/turtlebot3_teleop/__init__.py -> /home/ssafy/turtlebot3_ws/install/turtlebot3_teleop/lib/python3.10/site-packages/turtlebot3_teleop
[1.311s] byte-compiling /home/ssafy/turtlebot3_ws/install/turtlebot3_teleop/lib/python3.10/site-packages/turtlebot3_teleop/script/teleop_keyboard.py to teleop_keyboard.cpython-310.pyc
[1.311s] byte-compiling /home/ssafy/turtlebot3_ws/install/turtlebot3_teleop/lib/python3.10/site-packages/turtlebot3_teleop/script/__init__.py to __init__.cpython-310.pyc
[1.311s] byte-compiling /home/ssafy/turtlebot3_ws/install/turtlebot3_teleop/lib/python3.10/site-packages/turtlebot3_teleop/__init__.py to __init__.cpython-310.pyc
[1.312s] running install_data
[1.312s] copying resource/turtlebot3_teleop -> /home/ssafy/turtlebot3_ws/install/turtlebot3_teleop/share/ament_index/resource_index/packages
[1.312s] copying package.xml -> /home/ssafy/turtlebot3_ws/install/turtlebot3_teleop/share/turtlebot3_teleop
[1.312s] running install_egg_info
[1.314s] Copying ../../../build/turtlebot3_teleop/turtlebot3_teleop.egg-info to /home/ssafy/turtlebot3_ws/install/turtlebot3_teleop/lib/python3.10/site-packages/turtlebot3_teleop-2.3.3-py3.10.egg-info
[1.314s] running install_scripts
[1.328s] Installing teleop_keyboard script to /home/ssafy/turtlebot3_ws/install/turtlebot3_teleop/lib/turtlebot3_teleop
[1.328s] writing list of installed files to '/home/ssafy/turtlebot3_ws/build/turtlebot3_teleop/install.log'
[1.345s] Invoked command in '/home/ssafy/turtlebot3_ws/src/turtlebot3/turtlebot3_teleop' returned '0': PYTHONPATH=/home/ssafy/turtlebot3_ws/build/turtlebot3_teleop/prefix_override:/usr/lib/python3/dist-packages/colcon_core/task/python/colcon_distutils_commands:/home/ssafy/turtlebot3_ws/install/turtlebot3_teleop/lib/python3.10/site-packages:${PYTHONPATH} /usr/bin/python3 -W ignore:setup.py install is deprecated -W ignore:easy_install command is deprecated setup.py egg_info --egg-base ../../../build/turtlebot3_teleop build --build-base /home/ssafy/turtlebot3_ws/build/turtlebot3_teleop/build install --record /home/ssafy/turtlebot3_ws/build/turtlebot3_teleop/install.log --single-version-externally-managed install_data --force
