[1.496s] Invoking command in '/home/ssafy/ssafy_ws/src/slam_control': PYTHONPATH=/home/ssafy/ssafy_ws/build/slam_control/prefix_override:/usr/lib/python3/dist-packages/colcon_core/task/python/colcon_distutils_commands:/home/ssafy/ssafy_ws/install/slam_control/lib/python3.10/site-packages:${PYTHONPATH} /usr/bin/python3 -W ignore:setup.py install is deprecated -W ignore:easy_install command is deprecated setup.py egg_info --egg-base ../../build/slam_control build --build-base /home/ssafy/ssafy_ws/build/slam_control/build install --record /home/ssafy/ssafy_ws/build/slam_control/install.log --single-version-externally-managed install_data
[1.781s] running egg_info
[1.793s] writing ../../build/slam_control/slam_control.egg-info/PKG-INFO
[1.793s] writing dependency_links to ../../build/slam_control/slam_control.egg-info/dependency_links.txt
[1.794s] writing requirements to ../../build/slam_control/slam_control.egg-info/requires.txt
[1.794s] writing top-level names to ../../build/slam_control/slam_control.egg-info/top_level.txt
[1.817s] reading manifest file '../../build/slam_control/slam_control.egg-info/SOURCES.txt'
[1.818s] writing manifest file '../../build/slam_control/slam_control.egg-info/SOURCES.txt'
[1.818s] running build
[1.818s] running build_py
[1.819s] copying slam_control/battery_patrol.py -> /home/ssafy/ssafy_ws/build/slam_control/build/lib/slam_control
[1.819s] running install
[1.826s] running install_lib
[1.851s] copying /home/ssafy/ssafy_ws/build/slam_control/build/lib/slam_control/battery_patrol.py -> /home/ssafy/ssafy_ws/install/slam_control/lib/python3.10/site-packages/slam_control
[1.852s] byte-compiling /home/ssafy/ssafy_ws/install/slam_control/lib/python3.10/site-packages/slam_control/battery_patrol.py to battery_patrol.cpython-310.pyc
[1.853s] running install_data
[1.853s] copying resource/slam_control -> /home/ssafy/ssafy_ws/install/slam_control/share/ament_index/resource_index/packages
[1.853s] copying package.xml -> /home/ssafy/ssafy_ws/install/slam_control/share/slam_control
[1.854s] running install_egg_info
[1.879s] removing '/home/ssafy/ssafy_ws/install/slam_control/lib/python3.10/site-packages/slam_control-0.0.0-py3.10.egg-info' (and everything under it)
[1.879s] Copying ../../build/slam_control/slam_control.egg-info to /home/ssafy/ssafy_ws/install/slam_control/lib/python3.10/site-packages/slam_control-0.0.0-py3.10.egg-info
[1.880s] running install_scripts
[1.984s] writing list of installed files to '/home/ssafy/ssafy_ws/build/slam_control/install.log'
[2.001s] Invoked command in '/home/ssafy/ssafy_ws/src/slam_control' returned '0': PYTHONPATH=/home/ssafy/ssafy_ws/build/slam_control/prefix_override:/usr/lib/python3/dist-packages/colcon_core/task/python/colcon_distutils_commands:/home/ssafy/ssafy_ws/install/slam_control/lib/python3.10/site-packages:${PYTHONPATH} /usr/bin/python3 -W ignore:setup.py install is deprecated -W ignore:easy_install command is deprecated setup.py egg_info --egg-base ../../build/slam_control build --build-base /home/ssafy/ssafy_ws/build/slam_control/build install --record /home/ssafy/ssafy_ws/build/slam_control/install.log --single-version-externally-managed install_data
