[1.384s] Invoking command in '/home/ssafy/ssafy_ws/src/slam_control': PYTHONPATH=/home/ssafy/ssafy_ws/build/slam_control/prefix_override:/usr/lib/python3/dist-packages/colcon_core/task/python/colcon_distutils_commands:/home/ssafy/ssafy_ws/install/slam_control/lib/python3.10/site-packages:${PYTHONPATH} /usr/bin/python3 -W ignore:setup.py install is deprecated -W ignore:easy_install command is deprecated setup.py egg_info --egg-base ../../build/slam_control build --build-base /home/ssafy/ssafy_ws/build/slam_control/build install --record /home/ssafy/ssafy_ws/build/slam_control/install.log --single-version-externally-managed install_data
[1.748s] running egg_info
[1.770s] writing ../../build/slam_control/slam_control.egg-info/PKG-INFO
[1.772s] writing dependency_links to ../../build/slam_control/slam_control.egg-info/dependency_links.txt
[1.772s] writing requirements to ../../build/slam_control/slam_control.egg-info/requires.txt
[1.772s] writing top-level names to ../../build/slam_control/slam_control.egg-info/top_level.txt
[1.800s] reading manifest file '../../build/slam_control/slam_control.egg-info/SOURCES.txt'
[1.801s] writing manifest file '../../build/slam_control/slam_control.egg-info/SOURCES.txt'
[1.801s] running build
[1.801s] running build_py
[1.801s] copying slam_control/waypoints_move.py -> /home/ssafy/ssafy_ws/build/slam_control/build/lib/slam_control
[1.801s] copying slam_control/patrol_move.py -> /home/ssafy/ssafy_ws/build/slam_control/build/lib/slam_control
[1.802s] copying slam_control/init_pose.py -> /home/ssafy/ssafy_ws/build/slam_control/build/lib/slam_control
[1.802s] copying slam_control/waypoints_follwer.py -> /home/ssafy/ssafy_ws/build/slam_control/build/lib/slam_control
[1.802s] copying slam_control/simple_move.py -> /home/ssafy/ssafy_ws/build/slam_control/build/lib/slam_control
[1.802s] copying slam_control/__init__.py -> /home/ssafy/ssafy_ws/build/slam_control/build/lib/slam_control
[1.802s] running install
[1.806s] running install_lib
[1.817s] running install_data
[1.817s] copying resource/slam_control -> /home/ssafy/ssafy_ws/install/slam_control/share/ament_index/resource_index/packages
[1.817s] copying package.xml -> /home/ssafy/ssafy_ws/install/slam_control/share/slam_control
[1.817s] running install_egg_info
[1.826s] removing '/home/ssafy/ssafy_ws/install/slam_control/lib/python3.10/site-packages/slam_control-0.0.0-py3.10.egg-info' (and everything under it)
[1.826s] Copying ../../build/slam_control/slam_control.egg-info to /home/ssafy/ssafy_ws/install/slam_control/lib/python3.10/site-packages/slam_control-0.0.0-py3.10.egg-info
[1.826s] running install_scripts
[1.914s] writing list of installed files to '/home/ssafy/ssafy_ws/build/slam_control/install.log'
[1.929s] Invoked command in '/home/ssafy/ssafy_ws/src/slam_control' returned '0': PYTHONPATH=/home/ssafy/ssafy_ws/build/slam_control/prefix_override:/usr/lib/python3/dist-packages/colcon_core/task/python/colcon_distutils_commands:/home/ssafy/ssafy_ws/install/slam_control/lib/python3.10/site-packages:${PYTHONPATH} /usr/bin/python3 -W ignore:setup.py install is deprecated -W ignore:easy_install command is deprecated setup.py egg_info --egg-base ../../build/slam_control build --build-base /home/ssafy/ssafy_ws/build/slam_control/build install --record /home/ssafy/ssafy_ws/build/slam_control/install.log --single-version-externally-managed install_data
