[0.518s] Invoking command in '/home/ssafy/turtle_ws/src/turtle_controller': PYTHONPATH=/home/ssafy/turtle_ws/build/turtle_controller/prefix_override:/usr/lib/python3/dist-packages/colcon_core/task/python/colcon_distutils_commands:/home/ssafy/turtle_ws/install/turtle_controller/lib/python3.10/site-packages:${PYTHONPATH} /usr/bin/python3 -W ignore:setup.py install is deprecated -W ignore:easy_install command is deprecated setup.py egg_info --egg-base ../../build/turtle_controller build --build-base /home/ssafy/turtle_ws/build/turtle_controller/build install --record /home/ssafy/turtle_ws/build/turtle_controller/install.log --single-version-externally-managed install_data
[0.664s] running egg_info
[0.664s] creating ../../build/turtle_controller/turtle_controller.egg-info
[0.664s] writing ../../build/turtle_controller/turtle_controller.egg-info/PKG-INFO
[0.664s] writing dependency_links to ../../build/turtle_controller/turtle_controller.egg-info/dependency_links.txt
[0.664s] writing entry points to ../../build/turtle_controller/turtle_controller.egg-info/entry_points.txt
[0.664s] writing requirements to ../../build/turtle_controller/turtle_controller.egg-info/requires.txt
[0.664s] writing top-level names to ../../build/turtle_controller/turtle_controller.egg-info/top_level.txt
[0.665s] writing manifest file '../../build/turtle_controller/turtle_controller.egg-info/SOURCES.txt'
[0.665s] reading manifest file '../../build/turtle_controller/turtle_controller.egg-info/SOURCES.txt'
[0.665s] writing manifest file '../../build/turtle_controller/turtle_controller.egg-info/SOURCES.txt'
[0.665s] running build
[0.665s] running build_py
[0.666s] creating /home/ssafy/turtle_ws/build/turtle_controller/build
[0.666s] creating /home/ssafy/turtle_ws/build/turtle_controller/build/lib
[0.666s] creating /home/ssafy/turtle_ws/build/turtle_controller/build/lib/turtle_controller
[0.666s] copying turtle_controller/__init__.py -> /home/ssafy/turtle_ws/build/turtle_controller/build/lib/turtle_controller
[0.666s] running install
[0.666s] running install_lib
[0.666s] creating /home/ssafy/turtle_ws/install/turtle_controller/lib/python3.10/site-packages/turtle_controller
[0.666s] copying /home/ssafy/turtle_ws/build/turtle_controller/build/lib/turtle_controller/__init__.py -> /home/ssafy/turtle_ws/install/turtle_controller/lib/python3.10/site-packages/turtle_controller
[0.666s] byte-compiling /home/ssafy/turtle_ws/install/turtle_controller/lib/python3.10/site-packages/turtle_controller/__init__.py to __init__.cpython-310.pyc
[0.667s] running install_data
[0.667s] creating /home/ssafy/turtle_ws/install/turtle_controller/share/ament_index
[0.667s] creating /home/ssafy/turtle_ws/install/turtle_controller/share/ament_index/resource_index
[0.667s] creating /home/ssafy/turtle_ws/install/turtle_controller/share/ament_index/resource_index/packages
[0.667s] copying resource/turtle_controller -> /home/ssafy/turtle_ws/install/turtle_controller/share/ament_index/resource_index/packages
[0.667s] copying package.xml -> /home/ssafy/turtle_ws/install/turtle_controller/share/turtle_controller
[0.667s] running install_egg_info
[0.668s] Copying ../../build/turtle_controller/turtle_controller.egg-info to /home/ssafy/turtle_ws/install/turtle_controller/lib/python3.10/site-packages/turtle_controller-0.0.0-py3.10.egg-info
[0.669s] running install_scripts
[0.682s] writing list of installed files to '/home/ssafy/turtle_ws/build/turtle_controller/install.log'
[0.705s] Invoked command in '/home/ssafy/turtle_ws/src/turtle_controller' returned '0': PYTHONPATH=/home/ssafy/turtle_ws/build/turtle_controller/prefix_override:/usr/lib/python3/dist-packages/colcon_core/task/python/colcon_distutils_commands:/home/ssafy/turtle_ws/install/turtle_controller/lib/python3.10/site-packages:${PYTHONPATH} /usr/bin/python3 -W ignore:setup.py install is deprecated -W ignore:easy_install command is deprecated setup.py egg_info --egg-base ../../build/turtle_controller build --build-base /home/ssafy/turtle_ws/build/turtle_controller/build install --record /home/ssafy/turtle_ws/build/turtle_controller/install.log --single-version-externally-managed install_data
