[0.688s] Invoking command in '/home/ssafy/ros_ws/ros_prac3/src/turtle_spawner': PYTHONPATH=/home/ssafy/ros_ws/ros_prac3/build/turtle_spawner/prefix_override:/usr/lib/python3/dist-packages/colcon_core/task/python/colcon_distutils_commands:/home/ssafy/ros_ws/ros_prac3/install/turtle_spawner/lib/python3.10/site-packages:${PYTHONPATH} /usr/bin/python3 -W ignore:setup.py install is deprecated -W ignore:easy_install command is deprecated setup.py egg_info --egg-base ../../build/turtle_spawner build --build-base /home/ssafy/ros_ws/ros_prac3/build/turtle_spawner/build install --record /home/ssafy/ros_ws/ros_prac3/build/turtle_spawner/install.log --single-version-externally-managed install_data
[0.831s] running egg_info
[0.831s] writing ../../build/turtle_spawner/turtle_spawner.egg-info/PKG-INFO
[0.831s] writing dependency_links to ../../build/turtle_spawner/turtle_spawner.egg-info/dependency_links.txt
[0.832s] writing entry points to ../../build/turtle_spawner/turtle_spawner.egg-info/entry_points.txt
[0.832s] writing requirements to ../../build/turtle_spawner/turtle_spawner.egg-info/requires.txt
[0.832s] writing top-level names to ../../build/turtle_spawner/turtle_spawner.egg-info/top_level.txt
[0.833s] reading manifest file '../../build/turtle_spawner/turtle_spawner.egg-info/SOURCES.txt'
[0.833s] writing manifest file '../../build/turtle_spawner/turtle_spawner.egg-info/SOURCES.txt'
[0.833s] running build
[0.833s] running build_py
[0.833s] running install
[0.833s] running install_lib
[0.834s] running install_data
[0.834s] running install_egg_info
[0.836s] removing '/home/ssafy/ros_ws/ros_prac3/install/turtle_spawner/lib/python3.10/site-packages/turtle_spawner-0.0.0-py3.10.egg-info' (and everything under it)
[0.836s] Copying ../../build/turtle_spawner/turtle_spawner.egg-info to /home/ssafy/ros_ws/ros_prac3/install/turtle_spawner/lib/python3.10/site-packages/turtle_spawner-0.0.0-py3.10.egg-info
[0.836s] running install_scripts
[0.850s] Installing spawn_turtle script to /home/ssafy/ros_ws/ros_prac3/install/turtle_spawner/lib/turtle_spawner
[0.850s] writing list of installed files to '/home/ssafy/ros_ws/ros_prac3/build/turtle_spawner/install.log'
[0.877s] Invoked command in '/home/ssafy/ros_ws/ros_prac3/src/turtle_spawner' returned '0': PYTHONPATH=/home/ssafy/ros_ws/ros_prac3/build/turtle_spawner/prefix_override:/usr/lib/python3/dist-packages/colcon_core/task/python/colcon_distutils_commands:/home/ssafy/ros_ws/ros_prac3/install/turtle_spawner/lib/python3.10/site-packages:${PYTHONPATH} /usr/bin/python3 -W ignore:setup.py install is deprecated -W ignore:easy_install command is deprecated setup.py egg_info --egg-base ../../build/turtle_spawner build --build-base /home/ssafy/ros_ws/ros_prac3/build/turtle_spawner/build install --record /home/ssafy/ros_ws/ros_prac3/build/turtle_spawner/install.log --single-version-externally-managed install_data
