[0.365s] Invoking command in '/home/ssafy/ros_ws/ros_prac3/src/turtle_controller': PYTHONPATH=/home/ssafy/ros_ws/ros_prac3/build/turtle_controller/prefix_override:/usr/lib/python3/dist-packages/colcon_core/task/python/colcon_distutils_commands:/home/ssafy/ros_ws/ros_prac3/install/turtle_controller/lib/python3.10/site-packages:${PYTHONPATH} /usr/bin/python3 -W ignore:setup.py install is deprecated -W ignore:easy_install command is deprecated setup.py egg_info --egg-base ../../build/turtle_controller build --build-base /home/ssafy/ros_ws/ros_prac3/build/turtle_controller/build install --record /home/ssafy/ros_ws/ros_prac3/build/turtle_controller/install.log --single-version-externally-managed install_data
[0.505s] running egg_info
[0.505s] creating ../../build/turtle_controller/turtle_controller.egg-info
[0.505s] writing ../../build/turtle_controller/turtle_controller.egg-info/PKG-INFO
[0.505s] writing dependency_links to ../../build/turtle_controller/turtle_controller.egg-info/dependency_links.txt
[0.505s] writing entry points to ../../build/turtle_controller/turtle_controller.egg-info/entry_points.txt
[0.505s] writing requirements to ../../build/turtle_controller/turtle_controller.egg-info/requires.txt
[0.505s] writing top-level names to ../../build/turtle_controller/turtle_controller.egg-info/top_level.txt
[0.505s] writing manifest file '../../build/turtle_controller/turtle_controller.egg-info/SOURCES.txt'
[0.506s] reading manifest file '../../build/turtle_controller/turtle_controller.egg-info/SOURCES.txt'
[0.507s] writing manifest file '../../build/turtle_controller/turtle_controller.egg-info/SOURCES.txt'
[0.507s] running build
[0.507s] running build_py
[0.507s] creating /home/ssafy/ros_ws/ros_prac3/build/turtle_controller/build
[0.507s] creating /home/ssafy/ros_ws/ros_prac3/build/turtle_controller/build/lib
[0.507s] creating /home/ssafy/ros_ws/ros_prac3/build/turtle_controller/build/lib/turtle_controller
[0.507s] copying turtle_controller/turtle_controller.py -> /home/ssafy/ros_ws/ros_prac3/build/turtle_controller/build/lib/turtle_controller
[0.507s] copying turtle_controller/__init__.py -> /home/ssafy/ros_ws/ros_prac3/build/turtle_controller/build/lib/turtle_controller
[0.507s] running install
[0.507s] running install_lib
[0.507s] creating /home/ssafy/ros_ws/ros_prac3/install/turtle_controller/lib/python3.10/site-packages/turtle_controller
[0.508s] copying /home/ssafy/ros_ws/ros_prac3/build/turtle_controller/build/lib/turtle_controller/turtle_controller.py -> /home/ssafy/ros_ws/ros_prac3/install/turtle_controller/lib/python3.10/site-packages/turtle_controller
[0.508s] copying /home/ssafy/ros_ws/ros_prac3/build/turtle_controller/build/lib/turtle_controller/__init__.py -> /home/ssafy/ros_ws/ros_prac3/install/turtle_controller/lib/python3.10/site-packages/turtle_controller
[0.508s] byte-compiling /home/ssafy/ros_ws/ros_prac3/install/turtle_controller/lib/python3.10/site-packages/turtle_controller/turtle_controller.py to turtle_controller.cpython-310.pyc
[0.508s] byte-compiling /home/ssafy/ros_ws/ros_prac3/install/turtle_controller/lib/python3.10/site-packages/turtle_controller/__init__.py to __init__.cpython-310.pyc
[0.508s] running install_data
[0.508s] creating /home/ssafy/ros_ws/ros_prac3/install/turtle_controller/share/ament_index
[0.508s] creating /home/ssafy/ros_ws/ros_prac3/install/turtle_controller/share/ament_index/resource_index
[0.508s] creating /home/ssafy/ros_ws/ros_prac3/install/turtle_controller/share/ament_index/resource_index/packages
[0.508s] copying resource/turtle_controller -> /home/ssafy/ros_ws/ros_prac3/install/turtle_controller/share/ament_index/resource_index/packages
[0.508s] copying package.xml -> /home/ssafy/ros_ws/ros_prac3/install/turtle_controller/share/turtle_controller
[0.508s] running install_egg_info
[0.510s] Copying ../../build/turtle_controller/turtle_controller.egg-info to /home/ssafy/ros_ws/ros_prac3/install/turtle_controller/lib/python3.10/site-packages/turtle_controller-0.0.0-py3.10.egg-info
[0.510s] running install_scripts
[0.523s] Installing turtle_controller script to /home/ssafy/ros_ws/ros_prac3/install/turtle_controller/lib/turtle_controller
[0.523s] writing list of installed files to '/home/ssafy/ros_ws/ros_prac3/build/turtle_controller/install.log'
[0.539s] Invoked command in '/home/ssafy/ros_ws/ros_prac3/src/turtle_controller' returned '0': PYTHONPATH=/home/ssafy/ros_ws/ros_prac3/build/turtle_controller/prefix_override:/usr/lib/python3/dist-packages/colcon_core/task/python/colcon_distutils_commands:/home/ssafy/ros_ws/ros_prac3/install/turtle_controller/lib/python3.10/site-packages:${PYTHONPATH} /usr/bin/python3 -W ignore:setup.py install is deprecated -W ignore:easy_install command is deprecated setup.py egg_info --egg-base ../../build/turtle_controller build --build-base /home/ssafy/ros_ws/ros_prac3/build/turtle_controller/build install --record /home/ssafy/ros_ws/ros_prac3/build/turtle_controller/install.log --single-version-externally-managed install_data
