/home/ssafy/ssafy_ws/install/slam_control/lib/python3.10/site-packages/slam_control/waypoints_move.py
/home/ssafy/ssafy_ws/install/slam_control/lib/python3.10/site-packages/slam_control/patrol_move.py
/home/ssafy/ssafy_ws/install/slam_control/lib/python3.10/site-packages/slam_control/init_pose.py
/home/ssafy/ssafy_ws/install/slam_control/lib/python3.10/site-packages/slam_control/waypoints_follwer.py
/home/ssafy/ssafy_ws/install/slam_control/lib/python3.10/site-packages/slam_control/battery_patrol.py
/home/ssafy/ssafy_ws/install/slam_control/lib/python3.10/site-packages/slam_control/simple_move.py
/home/ssafy/ssafy_ws/install/slam_control/lib/python3.10/site-packages/slam_control/__init__.py
/home/ssafy/ssafy_ws/install/slam_control/lib/python3.10/site-packages/slam_control/__pycache__/waypoints_move.cpython-310.pyc
/home/ssafy/ssafy_ws/install/slam_control/lib/python3.10/site-packages/slam_control/__pycache__/patrol_move.cpython-310.pyc
/home/ssafy/ssafy_ws/install/slam_control/lib/python3.10/site-packages/slam_control/__pycache__/init_pose.cpython-310.pyc
/home/ssafy/ssafy_ws/install/slam_control/lib/python3.10/site-packages/slam_control/__pycache__/waypoints_follwer.cpython-310.pyc
/home/ssafy/ssafy_ws/install/slam_control/lib/python3.10/site-packages/slam_control/__pycache__/battery_patrol.cpython-310.pyc
/home/ssafy/ssafy_ws/install/slam_control/lib/python3.10/site-packages/slam_control/__pycache__/simple_move.cpython-310.pyc
/home/ssafy/ssafy_ws/install/slam_control/lib/python3.10/site-packages/slam_control/__pycache__/__init__.cpython-310.pyc
/home/ssafy/ssafy_ws/install/slam_control/share/ament_index/resource_index/packages/slam_control
/home/ssafy/ssafy_ws/install/slam_control/share/slam_control/package.xml
/home/ssafy/ssafy_ws/install/slam_control/lib/python3.10/site-packages/slam_control-0.0.0-py3.10.egg-info/zip-safe
/home/ssafy/ssafy_ws/install/slam_control/lib/python3.10/site-packages/slam_control-0.0.0-py3.10.egg-info/PKG-INFO
/home/ssafy/ssafy_ws/install/slam_control/lib/python3.10/site-packages/slam_control-0.0.0-py3.10.egg-info/dependency_links.txt
/home/ssafy/ssafy_ws/install/slam_control/lib/python3.10/site-packages/slam_control-0.0.0-py3.10.egg-info/requires.txt
/home/ssafy/ssafy_ws/install/slam_control/lib/python3.10/site-packages/slam_control-0.0.0-py3.10.egg-info/SOURCES.txt
/home/ssafy/ssafy_ws/install/slam_control/lib/python3.10/site-packages/slam_control-0.0.0-py3.10.egg-info/top_level.txt
