[0.673s] Invoking command in '/home/ssafy/ros_ws/ros_prac3/src/turtle_spawner': PYTHONPATH=/home/ssafy/ros_ws/ros_prac3/build/turtle_spawner/prefix_override:/usr/lib/python3/dist-packages/colcon_core/task/python/colcon_distutils_commands:/home/ssafy/ros_ws/ros_prac3/install/turtle_spawner/lib/python3.10/site-packages:${PYTHONPATH} /usr/bin/python3 -W ignore:setup.py install is deprecated -W ignore:easy_install command is deprecated setup.py egg_info --egg-base ../../build/turtle_spawner build --build-base /home/ssafy/ros_ws/ros_prac3/build/turtle_spawner/build install --record /home/ssafy/ros_ws/ros_prac3/build/turtle_spawner/install.log --single-version-externally-managed install_data
[0.818s] running egg_info
[0.818s] writing ../../build/turtle_spawner/turtle_spawner.egg-info/PKG-INFO
[0.818s] writing dependency_links to ../../build/turtle_spawner/turtle_spawner.egg-info/dependency_links.txt
[0.818s] writing entry points to ../../build/turtle_spawner/turtle_spawner.egg-info/entry_points.txt
[0.818s] writing requirements to ../../build/turtle_spawner/turtle_spawner.egg-info/requires.txt
[0.818s] writing top-level names to ../../build/turtle_spawner/turtle_spawner.egg-info/top_level.txt
[0.819s] reading manifest file '../../build/turtle_spawner/turtle_spawner.egg-info/SOURCES.txt'
[0.820s] writing manifest file '../../build/turtle_spawner/turtle_spawner.egg-info/SOURCES.txt'
[0.820s] running build
[0.820s] running build_py
[0.820s] copying turtle_spawner/spawn_turtle.py -> /home/ssafy/ros_ws/ros_prac3/build/turtle_spawner/build/lib/turtle_spawner
[0.820s] copying turtle_spawner/__init__.py -> /home/ssafy/ros_ws/ros_prac3/build/turtle_spawner/build/lib/turtle_spawner
[0.820s] running install
[0.820s] running install_lib
[0.821s] copying /home/ssafy/ros_ws/ros_prac3/build/turtle_spawner/build/lib/turtle_spawner/spawn_turtle.py -> /home/ssafy/ros_ws/ros_prac3/install/turtle_spawner/lib/python3.10/site-packages/turtle_spawner
[0.821s] copying /home/ssafy/ros_ws/ros_prac3/build/turtle_spawner/build/lib/turtle_spawner/__init__.py -> /home/ssafy/ros_ws/ros_prac3/install/turtle_spawner/lib/python3.10/site-packages/turtle_spawner
[0.821s] byte-compiling /home/ssafy/ros_ws/ros_prac3/install/turtle_spawner/lib/python3.10/site-packages/turtle_spawner/spawn_turtle.py to spawn_turtle.cpython-310.pyc
[0.822s] byte-compiling /home/ssafy/ros_ws/ros_prac3/install/turtle_spawner/lib/python3.10/site-packages/turtle_spawner/__init__.py to __init__.cpython-310.pyc
[0.822s] running install_data
[0.822s] copying resource/turtle_spawner -> /home/ssafy/ros_ws/ros_prac3/install/turtle_spawner/share/ament_index/resource_index/packages
[0.822s] copying package.xml -> /home/ssafy/ros_ws/ros_prac3/install/turtle_spawner/share/turtle_spawner
[0.822s] running install_egg_info
[0.824s] removing '/home/ssafy/ros_ws/ros_prac3/install/turtle_spawner/lib/python3.10/site-packages/turtle_spawner-0.0.0-py3.10.egg-info' (and everything under it)
[0.824s] Copying ../../build/turtle_spawner/turtle_spawner.egg-info to /home/ssafy/ros_ws/ros_prac3/install/turtle_spawner/lib/python3.10/site-packages/turtle_spawner-0.0.0-py3.10.egg-info
[0.824s] running install_scripts
[0.839s] Installing spawn_turtle script to /home/ssafy/ros_ws/ros_prac3/install/turtle_spawner/lib/turtle_spawner
[0.839s] writing list of installed files to '/home/ssafy/ros_ws/ros_prac3/build/turtle_spawner/install.log'
[0.860s] Invoked command in '/home/ssafy/ros_ws/ros_prac3/src/turtle_spawner' returned '0': PYTHONPATH=/home/ssafy/ros_ws/ros_prac3/build/turtle_spawner/prefix_override:/usr/lib/python3/dist-packages/colcon_core/task/python/colcon_distutils_commands:/home/ssafy/ros_ws/ros_prac3/install/turtle_spawner/lib/python3.10/site-packages:${PYTHONPATH} /usr/bin/python3 -W ignore:setup.py install is deprecated -W ignore:easy_install command is deprecated setup.py egg_info --egg-base ../../build/turtle_spawner build --build-base /home/ssafy/ros_ws/ros_prac3/build/turtle_spawner/build install --record /home/ssafy/ros_ws/ros_prac3/build/turtle_spawner/install.log --single-version-externally-managed install_data
