[0.588s] Invoking command in '/home/ssafy/ssafy_ws/src/my_robot_controller': PYTHONPATH=/home/ssafy/ssafy_ws/build/my_robot_controller/prefix_override:/usr/lib/python3/dist-packages/colcon_core/task/python/colcon_distutils_commands:/home/ssafy/ssafy_ws/install/my_robot_controller/lib/python3.10/site-packages:${PYTHONPATH} /usr/bin/python3 -W ignore:setup.py install is deprecated -W ignore:easy_install command is deprecated setup.py egg_info --egg-base ../../build/my_robot_controller build --build-base /home/ssafy/ssafy_ws/build/my_robot_controller/build install --record /home/ssafy/ssafy_ws/build/my_robot_controller/install.log --single-version-externally-managed install_data
[0.727s] running egg_info
[0.727s] creating ../../build/my_robot_controller/my_robot_controller.egg-info
[0.728s] writing ../../build/my_robot_controller/my_robot_controller.egg-info/PKG-INFO
[0.728s] writing dependency_links to ../../build/my_robot_controller/my_robot_controller.egg-info/dependency_links.txt
[0.728s] writing entry points to ../../build/my_robot_controller/my_robot_controller.egg-info/entry_points.txt
[0.728s] writing requirements to ../../build/my_robot_controller/my_robot_controller.egg-info/requires.txt
[0.728s] writing top-level names to ../../build/my_robot_controller/my_robot_controller.egg-info/top_level.txt
[0.728s] writing manifest file '../../build/my_robot_controller/my_robot_controller.egg-info/SOURCES.txt'
[0.728s] reading manifest file '../../build/my_robot_controller/my_robot_controller.egg-info/SOURCES.txt'
[0.729s] writing manifest file '../../build/my_robot_controller/my_robot_controller.egg-info/SOURCES.txt'
[0.729s] running build
[0.729s] running build_py
[0.729s] creating /home/ssafy/ssafy_ws/build/my_robot_controller/build
[0.729s] creating /home/ssafy/ssafy_ws/build/my_robot_controller/build/lib
[0.729s] creating /home/ssafy/ssafy_ws/build/my_robot_controller/build/lib/my_robot_controller
[0.729s] copying my_robot_controller/__init__.py -> /home/ssafy/ssafy_ws/build/my_robot_controller/build/lib/my_robot_controller
[0.729s] running install
[0.729s] running install_lib
[0.730s] creating /home/ssafy/ssafy_ws/install/my_robot_controller/lib/python3.10/site-packages/my_robot_controller
[0.730s] copying /home/ssafy/ssafy_ws/build/my_robot_controller/build/lib/my_robot_controller/__init__.py -> /home/ssafy/ssafy_ws/install/my_robot_controller/lib/python3.10/site-packages/my_robot_controller
[0.730s] byte-compiling /home/ssafy/ssafy_ws/install/my_robot_controller/lib/python3.10/site-packages/my_robot_controller/__init__.py to __init__.cpython-310.pyc
[0.730s] running install_data
[0.730s] creating /home/ssafy/ssafy_ws/install/my_robot_controller/share/ament_index
[0.730s] creating /home/ssafy/ssafy_ws/install/my_robot_controller/share/ament_index/resource_index
[0.730s] creating /home/ssafy/ssafy_ws/install/my_robot_controller/share/ament_index/resource_index/packages
[0.730s] copying resource/my_robot_controller -> /home/ssafy/ssafy_ws/install/my_robot_controller/share/ament_index/resource_index/packages
[0.730s] copying package.xml -> /home/ssafy/ssafy_ws/install/my_robot_controller/share/my_robot_controller
[0.730s] running install_egg_info
[0.731s] Copying ../../build/my_robot_controller/my_robot_controller.egg-info to /home/ssafy/ssafy_ws/install/my_robot_controller/lib/python3.10/site-packages/my_robot_controller-0.0.0-py3.10.egg-info
[0.732s] running install_scripts
[0.744s] writing list of installed files to '/home/ssafy/ssafy_ws/build/my_robot_controller/install.log'
[0.761s] Invoked command in '/home/ssafy/ssafy_ws/src/my_robot_controller' returned '0': PYTHONPATH=/home/ssafy/ssafy_ws/build/my_robot_controller/prefix_override:/usr/lib/python3/dist-packages/colcon_core/task/python/colcon_distutils_commands:/home/ssafy/ssafy_ws/install/my_robot_controller/lib/python3.10/site-packages:${PYTHONPATH} /usr/bin/python3 -W ignore:setup.py install is deprecated -W ignore:easy_install command is deprecated setup.py egg_info --egg-base ../../build/my_robot_controller build --build-base /home/ssafy/ssafy_ws/build/my_robot_controller/build install --record /home/ssafy/ssafy_ws/build/my_robot_controller/install.log --single-version-externally-managed install_data
