[1.827s] Invoking command in '/home/ssafy/ssafy_ws/src/simple_car_tf': PYTHONPATH=/home/ssafy/ssafy_ws/build/simple_car_tf/prefix_override:/usr/lib/python3/dist-packages/colcon_core/task/python/colcon_distutils_commands:/home/ssafy/ssafy_ws/install/simple_car_tf/lib/python3.10/site-packages:${PYTHONPATH} /usr/bin/python3 -W ignore:setup.py install is deprecated -W ignore:easy_install command is deprecated setup.py egg_info --egg-base ../../build/simple_car_tf build --build-base /home/ssafy/ssafy_ws/build/simple_car_tf/build install --record /home/ssafy/ssafy_ws/build/simple_car_tf/install.log --single-version-externally-managed install_data
[2.060s] running egg_info
[2.073s] writing ../../build/simple_car_tf/simple_car_tf.egg-info/PKG-INFO
[2.073s] writing dependency_links to ../../build/simple_car_tf/simple_car_tf.egg-info/dependency_links.txt
[2.073s] writing entry points to ../../build/simple_car_tf/simple_car_tf.egg-info/entry_points.txt
[2.074s] writing requirements to ../../build/simple_car_tf/simple_car_tf.egg-info/requires.txt
[2.074s] writing top-level names to ../../build/simple_car_tf/simple_car_tf.egg-info/top_level.txt
[2.098s] reading manifest file '../../build/simple_car_tf/simple_car_tf.egg-info/SOURCES.txt'
[2.099s] writing manifest file '../../build/simple_car_tf/simple_car_tf.egg-info/SOURCES.txt'
[2.099s] running build
[2.099s] running build_py
[2.099s] copying simple_car_tf/move_car.py -> /home/ssafy/ssafy_ws/build/simple_car_tf/build/lib/simple_car_tf
[2.099s] copying simple_car_tf/__init__.py -> /home/ssafy/ssafy_ws/build/simple_car_tf/build/lib/simple_car_tf
[2.100s] running install
[2.104s] running install_lib
[2.118s] running install_data
[2.118s] copying resource/simple_car_tf -> /home/ssafy/ssafy_ws/install/simple_car_tf/share/ament_index/resource_index/packages
[2.118s] copying package.xml -> /home/ssafy/ssafy_ws/install/simple_car_tf/share/simple_car_tf
[2.118s] running install_egg_info
[2.132s] removing '/home/ssafy/ssafy_ws/install/simple_car_tf/lib/python3.10/site-packages/simple_car_tf-0.0.0-py3.10.egg-info' (and everything under it)
[2.132s] Copying ../../build/simple_car_tf/simple_car_tf.egg-info to /home/ssafy/ssafy_ws/install/simple_car_tf/lib/python3.10/site-packages/simple_car_tf-0.0.0-py3.10.egg-info
[2.132s] running install_scripts
[2.243s] Installing move_car script to /home/ssafy/ssafy_ws/install/simple_car_tf/lib/simple_car_tf
[2.243s] writing list of installed files to '/home/ssafy/ssafy_ws/build/simple_car_tf/install.log'
[2.273s] Invoked command in '/home/ssafy/ssafy_ws/src/simple_car_tf' returned '0': PYTHONPATH=/home/ssafy/ssafy_ws/build/simple_car_tf/prefix_override:/usr/lib/python3/dist-packages/colcon_core/task/python/colcon_distutils_commands:/home/ssafy/ssafy_ws/install/simple_car_tf/lib/python3.10/site-packages:${PYTHONPATH} /usr/bin/python3 -W ignore:setup.py install is deprecated -W ignore:easy_install command is deprecated setup.py egg_info --egg-base ../../build/simple_car_tf build --build-base /home/ssafy/ssafy_ws/build/simple_car_tf/build install --record /home/ssafy/ssafy_ws/build/simple_car_tf/install.log --single-version-externally-managed install_data
