[0.018s] Invoking command in '/home/ssafy/turtlebot3_ws/build/turtlebot3_navigation2': CMAKE_PREFIX_PATH=/home/ssafy/ssafy_ws/install/simple_car_tf:/opt/ros/humble /usr/bin/cmake /home/ssafy/turtlebot3_ws/src/turtlebot3/turtlebot3_navigation2 -DAMENT_CMAKE_SYMLINK_INSTALL=1 -DCMAKE_INSTALL_PREFIX=/home/ssafy/turtlebot3_ws/install/turtlebot3_navigation2
[0.090s] -- The C compiler identification is GNU 11.4.0
[0.150s] -- The CXX compiler identification is GNU 11.4.0
[0.156s] -- Detecting C compiler ABI info
[0.208s] -- Detecting C compiler ABI info - done
[0.215s] -- Check for working C compiler: /usr/bin/cc - skipped
[0.215s] -- Detecting C compile features
[0.215s] -- Detecting C compile features - done
[0.217s] -- Detecting CXX compiler ABI info
[0.270s] -- Detecting CXX compiler ABI info - done
[0.279s] -- Check for working CXX compiler: /usr/bin/c++ - skipped
[0.279s] -- Detecting CXX compile features
[0.280s] -- Detecting CXX compile features - done
[0.282s] -- Found ament_cmake: 1.3.12 (/opt/ros/humble/share/ament_cmake/cmake)
[0.399s] -- Found Python3: /usr/bin/python3 (found version "3.10.12") found components: Interpreter 
[0.447s] -- Override CMake install command with custom implementation using symlinks instead of copying resources
[0.530s] -- Configuring done
[0.531s] -- Generating done
[0.532s] -- Build files have been written to: /home/ssafy/turtlebot3_ws/build/turtlebot3_navigation2
[0.535s] Invoked command in '/home/ssafy/turtlebot3_ws/build/turtlebot3_navigation2' returned '0': CMAKE_PREFIX_PATH=/home/ssafy/ssafy_ws/install/simple_car_tf:/opt/ros/humble /usr/bin/cmake /home/ssafy/turtlebot3_ws/src/turtlebot3/turtlebot3_navigation2 -DAMENT_CMAKE_SYMLINK_INSTALL=1 -DCMAKE_INSTALL_PREFIX=/home/ssafy/turtlebot3_ws/install/turtlebot3_navigation2
[0.537s] Invoking command in '/home/ssafy/turtlebot3_ws/build/turtlebot3_navigation2': CMAKE_PREFIX_PATH=/home/ssafy/ssafy_ws/install/simple_car_tf:/opt/ros/humble /usr/bin/cmake --build /home/ssafy/turtlebot3_ws/build/turtlebot3_navigation2 -- -j20 -l20
[0.567s] Invoked command in '/home/ssafy/turtlebot3_ws/build/turtlebot3_navigation2' returned '0': CMAKE_PREFIX_PATH=/home/ssafy/ssafy_ws/install/simple_car_tf:/opt/ros/humble /usr/bin/cmake --build /home/ssafy/turtlebot3_ws/build/turtlebot3_navigation2 -- -j20 -l20
[0.568s] Invoking command in '/home/ssafy/turtlebot3_ws/build/turtlebot3_navigation2': CMAKE_PREFIX_PATH=/home/ssafy/ssafy_ws/install/simple_car_tf:/opt/ros/humble /usr/bin/cmake --install /home/ssafy/turtlebot3_ws/build/turtlebot3_navigation2
[0.573s] -- Install configuration: ""
[0.574s] -- Execute custom install script
[0.574s] -- Symlinking: /home/ssafy/turtlebot3_ws/install/turtlebot3_navigation2/share/turtlebot3_navigation2/launch/navigation2.launch.py
[0.581s] -- Symlinking: /home/ssafy/turtlebot3_ws/install/turtlebot3_navigation2/share/turtlebot3_navigation2/map/map.pgm
[0.587s] -- Symlinking: /home/ssafy/turtlebot3_ws/install/turtlebot3_navigation2/share/turtlebot3_navigation2/map/map.yaml
[0.592s] -- Symlinking: /home/ssafy/turtlebot3_ws/install/turtlebot3_navigation2/share/turtlebot3_navigation2/param/burger.yaml
[0.597s] -- Symlinking: /home/ssafy/turtlebot3_ws/install/turtlebot3_navigation2/share/turtlebot3_navigation2/param/burger_cam.yaml
[0.602s] -- Symlinking: /home/ssafy/turtlebot3_ws/install/turtlebot3_navigation2/share/turtlebot3_navigation2/param/humble/burger.yaml
[0.607s] -- Symlinking: /home/ssafy/turtlebot3_ws/install/turtlebot3_navigation2/share/turtlebot3_navigation2/param/humble/burger_cam.yaml
[0.612s] -- Symlinking: /home/ssafy/turtlebot3_ws/install/turtlebot3_navigation2/share/turtlebot3_navigation2/param/humble/waffle.yaml
[0.623s] -- Symlinking: /home/ssafy/turtlebot3_ws/install/turtlebot3_navigation2/share/turtlebot3_navigation2/param/humble/waffle_pi.yaml
[0.630s] -- Symlinking: /home/ssafy/turtlebot3_ws/install/turtlebot3_navigation2/share/turtlebot3_navigation2/param/waffle.yaml
[0.639s] -- Symlinking: /home/ssafy/turtlebot3_ws/install/turtlebot3_navigation2/share/turtlebot3_navigation2/param/waffle_pi.yaml
[0.647s] -- Symlinking: /home/ssafy/turtlebot3_ws/install/turtlebot3_navigation2/share/turtlebot3_navigation2/rviz/tb3_navigation2.rviz
[0.657s] -- Symlinking: /home/ssafy/turtlebot3_ws/install/turtlebot3_navigation2/share/ament_index/resource_index/package_run_dependencies/turtlebot3_navigation2
[0.666s] -- Symlinking: /home/ssafy/turtlebot3_ws/install/turtlebot3_navigation2/share/ament_index/resource_index/parent_prefix_path/turtlebot3_navigation2
[0.675s] -- Symlinking: /home/ssafy/turtlebot3_ws/install/turtlebot3_navigation2/share/turtlebot3_navigation2/environment/ament_prefix_path.sh
[0.684s] -- Symlinking: /home/ssafy/turtlebot3_ws/install/turtlebot3_navigation2/share/turtlebot3_navigation2/environment/ament_prefix_path.dsv
[0.691s] -- Symlinking: /home/ssafy/turtlebot3_ws/install/turtlebot3_navigation2/share/turtlebot3_navigation2/environment/path.sh
[0.700s] -- Symlinking: /home/ssafy/turtlebot3_ws/install/turtlebot3_navigation2/share/turtlebot3_navigation2/environment/path.dsv
[0.709s] -- Symlinking: /home/ssafy/turtlebot3_ws/install/turtlebot3_navigation2/share/turtlebot3_navigation2/local_setup.bash
[0.718s] -- Symlinking: /home/ssafy/turtlebot3_ws/install/turtlebot3_navigation2/share/turtlebot3_navigation2/local_setup.sh
[0.728s] -- Symlinking: /home/ssafy/turtlebot3_ws/install/turtlebot3_navigation2/share/turtlebot3_navigation2/local_setup.zsh
[0.736s] -- Symlinking: /home/ssafy/turtlebot3_ws/install/turtlebot3_navigation2/share/turtlebot3_navigation2/local_setup.dsv
[0.746s] -- Symlinking: /home/ssafy/turtlebot3_ws/install/turtlebot3_navigation2/share/turtlebot3_navigation2/package.dsv
[0.756s] -- Symlinking: /home/ssafy/turtlebot3_ws/install/turtlebot3_navigation2/share/ament_index/resource_index/packages/turtlebot3_navigation2
[0.766s] -- Symlinking: /home/ssafy/turtlebot3_ws/install/turtlebot3_navigation2/share/turtlebot3_navigation2/cmake/turtlebot3_navigation2Config.cmake
[0.776s] -- Symlinking: /home/ssafy/turtlebot3_ws/install/turtlebot3_navigation2/share/turtlebot3_navigation2/cmake/turtlebot3_navigation2Config-version.cmake
[0.787s] -- Symlinking: /home/ssafy/turtlebot3_ws/install/turtlebot3_navigation2/share/turtlebot3_navigation2/package.xml
[0.796s] Invoked command in '/home/ssafy/turtlebot3_ws/build/turtlebot3_navigation2' returned '0': CMAKE_PREFIX_PATH=/home/ssafy/ssafy_ws/install/simple_car_tf:/opt/ros/humble /usr/bin/cmake --install /home/ssafy/turtlebot3_ws/build/turtlebot3_navigation2
