[1.935s] Invoking command in '/home/ssafy/ssafy_ws/src/slam_control': PYTHONPATH=/home/ssafy/ssafy_ws/build/slam_control/prefix_override:/usr/lib/python3/dist-packages/colcon_core/task/python/colcon_distutils_commands:/home/ssafy/ssafy_ws/install/slam_control/lib/python3.10/site-packages:${PYTHONPATH} /usr/bin/python3 -W ignore:setup.py install is deprecated -W ignore:easy_install command is deprecated setup.py egg_info --egg-base ../../build/slam_control build --build-base /home/ssafy/ssafy_ws/build/slam_control/build install --record /home/ssafy/ssafy_ws/build/slam_control/install.log --single-version-externally-managed install_data
[2.158s] running egg_info
[2.170s] writing ../../build/slam_control/slam_control.egg-info/PKG-INFO
[2.171s] writing dependency_links to ../../build/slam_control/slam_control.egg-info/dependency_links.txt
[2.171s] writing requirements to ../../build/slam_control/slam_control.egg-info/requires.txt
[2.171s] writing top-level names to ../../build/slam_control/slam_control.egg-info/top_level.txt
[2.197s] reading manifest file '../../build/slam_control/slam_control.egg-info/SOURCES.txt'
[2.197s] writing manifest file '../../build/slam_control/slam_control.egg-info/SOURCES.txt'
[2.197s] running build
[2.197s] running build_py
[2.198s] running install
[2.202s] running install_lib
[2.216s] running install_data
[2.216s] copying resource/slam_control -> /home/ssafy/ssafy_ws/install/slam_control/share/ament_index/resource_index/packages
[2.216s] copying package.xml -> /home/ssafy/ssafy_ws/install/slam_control/share/slam_control
[2.216s] running install_egg_info
[2.230s] removing '/home/ssafy/ssafy_ws/install/slam_control/lib/python3.10/site-packages/slam_control-0.0.0-py3.10.egg-info' (and everything under it)
[2.230s] Copying ../../build/slam_control/slam_control.egg-info to /home/ssafy/ssafy_ws/install/slam_control/lib/python3.10/site-packages/slam_control-0.0.0-py3.10.egg-info
[2.230s] running install_scripts
[2.370s] writing list of installed files to '/home/ssafy/ssafy_ws/build/slam_control/install.log'
[2.409s] Invoked command in '/home/ssafy/ssafy_ws/src/slam_control' returned '0': PYTHONPATH=/home/ssafy/ssafy_ws/build/slam_control/prefix_override:/usr/lib/python3/dist-packages/colcon_core/task/python/colcon_distutils_commands:/home/ssafy/ssafy_ws/install/slam_control/lib/python3.10/site-packages:${PYTHONPATH} /usr/bin/python3 -W ignore:setup.py install is deprecated -W ignore:easy_install command is deprecated setup.py egg_info --egg-base ../../build/slam_control build --build-base /home/ssafy/ssafy_ws/build/slam_control/build install --record /home/ssafy/ssafy_ws/build/slam_control/install.log --single-version-externally-managed install_data
