[1.644s] Invoking command in '/home/ssafy/ssafy_ws/src/simple_car_tf': PYTHONPATH=/home/ssafy/ssafy_ws/build/simple_car_tf/prefix_override:/usr/lib/python3/dist-packages/colcon_core/task/python/colcon_distutils_commands:/home/ssafy/ssafy_ws/install/simple_car_tf/lib/python3.10/site-packages:${PYTHONPATH} /usr/bin/python3 -W ignore:setup.py install is deprecated -W ignore:easy_install command is deprecated setup.py egg_info --egg-base ../../build/simple_car_tf build --build-base /home/ssafy/ssafy_ws/build/simple_car_tf/build install --record /home/ssafy/ssafy_ws/build/simple_car_tf/install.log --single-version-externally-managed install_data
[1.850s] running egg_info
[1.862s] writing ../../build/simple_car_tf/simple_car_tf.egg-info/PKG-INFO
[1.863s] writing dependency_links to ../../build/simple_car_tf/simple_car_tf.egg-info/dependency_links.txt
[1.863s] writing entry points to ../../build/simple_car_tf/simple_car_tf.egg-info/entry_points.txt
[1.863s] writing requirements to ../../build/simple_car_tf/simple_car_tf.egg-info/requires.txt
[1.863s] writing top-level names to ../../build/simple_car_tf/simple_car_tf.egg-info/top_level.txt
[1.887s] reading manifest file '../../build/simple_car_tf/simple_car_tf.egg-info/SOURCES.txt'
[1.888s] writing manifest file '../../build/simple_car_tf/simple_car_tf.egg-info/SOURCES.txt'
[1.888s] running build
[1.888s] running build_py
[1.888s] copying simple_car_tf/move_car.py -> /home/ssafy/ssafy_ws/build/simple_car_tf/build/lib/simple_car_tf
[1.888s] copying simple_car_tf/__init__.py -> /home/ssafy/ssafy_ws/build/simple_car_tf/build/lib/simple_car_tf
[1.888s] running install
[1.893s] running install_lib
[1.906s] running install_data
[1.906s] copying resource/simple_car_tf -> /home/ssafy/ssafy_ws/install/simple_car_tf/share/ament_index/resource_index/packages
[1.906s] copying package.xml -> /home/ssafy/ssafy_ws/install/simple_car_tf/share/simple_car_tf
[1.906s] running install_egg_info
[1.920s] removing '/home/ssafy/ssafy_ws/install/simple_car_tf/lib/python3.10/site-packages/simple_car_tf-0.0.0-py3.10.egg-info' (and everything under it)
[1.920s] Copying ../../build/simple_car_tf/simple_car_tf.egg-info to /home/ssafy/ssafy_ws/install/simple_car_tf/lib/python3.10/site-packages/simple_car_tf-0.0.0-py3.10.egg-info
[1.920s] running install_scripts
[2.030s] Installing move_car script to /home/ssafy/ssafy_ws/install/simple_car_tf/lib/simple_car_tf
[2.030s] writing list of installed files to '/home/ssafy/ssafy_ws/build/simple_car_tf/install.log'
[2.065s] Invoked command in '/home/ssafy/ssafy_ws/src/simple_car_tf' returned '0': PYTHONPATH=/home/ssafy/ssafy_ws/build/simple_car_tf/prefix_override:/usr/lib/python3/dist-packages/colcon_core/task/python/colcon_distutils_commands:/home/ssafy/ssafy_ws/install/simple_car_tf/lib/python3.10/site-packages:${PYTHONPATH} /usr/bin/python3 -W ignore:setup.py install is deprecated -W ignore:easy_install command is deprecated setup.py egg_info --egg-base ../../build/simple_car_tf build --build-base /home/ssafy/ssafy_ws/build/simple_car_tf/build install --record /home/ssafy/ssafy_ws/build/simple_car_tf/install.log --single-version-externally-managed install_data
