[1.569s] Invoking command in '/home/ssafy/ssafy_ws/src/slam_control': PYTHONPATH=/home/ssafy/ssafy_ws/build/slam_control/prefix_override:/usr/lib/python3/dist-packages/colcon_core/task/python/colcon_distutils_commands:/home/ssafy/ssafy_ws/install/slam_control/lib/python3.10/site-packages:${PYTHONPATH} /usr/bin/python3 -W ignore:setup.py install is deprecated -W ignore:easy_install command is deprecated setup.py egg_info --egg-base ../../build/slam_control build --build-base /home/ssafy/ssafy_ws/build/slam_control/build install --record /home/ssafy/ssafy_ws/build/slam_control/install.log --single-version-externally-managed install_data
[1.777s] running egg_info
[1.789s] writing ../../build/slam_control/slam_control.egg-info/PKG-INFO
[1.789s] writing dependency_links to ../../build/slam_control/slam_control.egg-info/dependency_links.txt
[1.789s] writing requirements to ../../build/slam_control/slam_control.egg-info/requires.txt
[1.790s] writing top-level names to ../../build/slam_control/slam_control.egg-info/top_level.txt
[1.813s] reading manifest file '../../build/slam_control/slam_control.egg-info/SOURCES.txt'
[1.814s] writing manifest file '../../build/slam_control/slam_control.egg-info/SOURCES.txt'
[1.814s] running build
[1.814s] running build_py
[1.814s] running install
[1.819s] running install_lib
[1.831s] running install_data
[1.831s] copying resource/slam_control -> /home/ssafy/ssafy_ws/install/slam_control/share/ament_index/resource_index/packages
[1.832s] copying package.xml -> /home/ssafy/ssafy_ws/install/slam_control/share/slam_control
[1.832s] running install_egg_info
[1.845s] removing '/home/ssafy/ssafy_ws/install/slam_control/lib/python3.10/site-packages/slam_control-0.0.0-py3.10.egg-info' (and everything under it)
[1.845s] Copying ../../build/slam_control/slam_control.egg-info to /home/ssafy/ssafy_ws/install/slam_control/lib/python3.10/site-packages/slam_control-0.0.0-py3.10.egg-info
[1.845s] running install_scripts
[1.955s] writing list of installed files to '/home/ssafy/ssafy_ws/build/slam_control/install.log'
[1.978s] Invoked command in '/home/ssafy/ssafy_ws/src/slam_control' returned '0': PYTHONPATH=/home/ssafy/ssafy_ws/build/slam_control/prefix_override:/usr/lib/python3/dist-packages/colcon_core/task/python/colcon_distutils_commands:/home/ssafy/ssafy_ws/install/slam_control/lib/python3.10/site-packages:${PYTHONPATH} /usr/bin/python3 -W ignore:setup.py install is deprecated -W ignore:easy_install command is deprecated setup.py egg_info --egg-base ../../build/slam_control build --build-base /home/ssafy/ssafy_ws/build/slam_control/build install --record /home/ssafy/ssafy_ws/build/slam_control/install.log --single-version-externally-managed install_data
