running egg_info
creating ../../build/intergrate_prac/intergrate_prac.egg-info
writing ../../build/intergrate_prac/intergrate_prac.egg-info/PKG-INFO
writing dependency_links to ../../build/intergrate_prac/intergrate_prac.egg-info/dependency_links.txt
writing entry points to ../../build/intergrate_prac/intergrate_prac.egg-info/entry_points.txt
writing requirements to ../../build/intergrate_prac/intergrate_prac.egg-info/requires.txt
writing top-level names to ../../build/intergrate_prac/intergrate_prac.egg-info/top_level.txt
writing manifest file '../../build/intergrate_prac/intergrate_prac.egg-info/SOURCES.txt'
reading manifest file '../../build/intergrate_prac/intergrate_prac.egg-info/SOURCES.txt'
writing manifest file '../../build/intergrate_prac/intergrate_prac.egg-info/SOURCES.txt'
running build
running build_py
creating /home/ssafy/ssafy_ws/build/intergrate_prac/build
creating /home/ssafy/ssafy_ws/build/intergrate_prac/build/lib
creating /home/ssafy/ssafy_ws/build/intergrate_prac/build/lib/intergrate_prac
copying intergrate_prac/__init__.py -> /home/ssafy/ssafy_ws/build/intergrate_prac/build/lib/intergrate_prac
running install
running install_lib
creating /home/ssafy/ssafy_ws/install/intergrate_prac/lib/python3.10/site-packages/intergrate_prac
copying /home/ssafy/ssafy_ws/build/intergrate_prac/build/lib/intergrate_prac/__init__.py -> /home/ssafy/ssafy_ws/install/intergrate_prac/lib/python3.10/site-packages/intergrate_prac
byte-compiling /home/ssafy/ssafy_ws/install/intergrate_prac/lib/python3.10/site-packages/intergrate_prac/__init__.py to __init__.cpython-310.pyc
running install_data
creating /home/ssafy/ssafy_ws/install/intergrate_prac/share/ament_index
creating /home/ssafy/ssafy_ws/install/intergrate_prac/share/ament_index/resource_index
creating /home/ssafy/ssafy_ws/install/intergrate_prac/share/ament_index/resource_index/packages
copying resource/intergrate_prac -> /home/ssafy/ssafy_ws/install/intergrate_prac/share/ament_index/resource_index/packages
copying package.xml -> /home/ssafy/ssafy_ws/install/intergrate_prac/share/intergrate_prac
running install_egg_info
Copying ../../build/intergrate_prac/intergrate_prac.egg-info to /home/ssafy/ssafy_ws/install/intergrate_prac/lib/python3.10/site-packages/intergrate_prac-0.0.0-py3.10.egg-info
running install_scripts
writing list of installed files to '/home/ssafy/ssafy_ws/build/intergrate_prac/install.log'
