[1.220s] Invoking command in '/home/ssafy/ssafy_ws/src/intergrate_prac': PYTHONPATH=/home/ssafy/ssafy_ws/build/intergrate_prac/prefix_override:/usr/lib/python3/dist-packages/colcon_core/task/python/colcon_distutils_commands:/home/ssafy/ssafy_ws/install/intergrate_prac/lib/python3.10/site-packages:${PYTHONPATH} /usr/bin/python3 -W ignore:setup.py install is deprecated -W ignore:easy_install command is deprecated setup.py egg_info --egg-base ../../build/intergrate_prac build --build-base /home/ssafy/ssafy_ws/build/intergrate_prac/build install --record /home/ssafy/ssafy_ws/build/intergrate_prac/install.log --single-version-externally-managed install_data
[1.426s] running egg_info
[1.426s] creating ../../build/intergrate_prac/intergrate_prac.egg-info
[1.426s] writing ../../build/intergrate_prac/intergrate_prac.egg-info/PKG-INFO
[1.426s] writing dependency_links to ../../build/intergrate_prac/intergrate_prac.egg-info/dependency_links.txt
[1.426s] writing entry points to ../../build/intergrate_prac/intergrate_prac.egg-info/entry_points.txt
[1.426s] writing requirements to ../../build/intergrate_prac/intergrate_prac.egg-info/requires.txt
[1.426s] writing top-level names to ../../build/intergrate_prac/intergrate_prac.egg-info/top_level.txt
[1.426s] writing manifest file '../../build/intergrate_prac/intergrate_prac.egg-info/SOURCES.txt'
[1.428s] reading manifest file '../../build/intergrate_prac/intergrate_prac.egg-info/SOURCES.txt'
[1.428s] writing manifest file '../../build/intergrate_prac/intergrate_prac.egg-info/SOURCES.txt'
[1.428s] running build
[1.428s] running build_py
[1.429s] creating /home/ssafy/ssafy_ws/build/intergrate_prac/build
[1.429s] creating /home/ssafy/ssafy_ws/build/intergrate_prac/build/lib
[1.429s] creating /home/ssafy/ssafy_ws/build/intergrate_prac/build/lib/intergrate_prac
[1.429s] copying intergrate_prac/__init__.py -> /home/ssafy/ssafy_ws/build/intergrate_prac/build/lib/intergrate_prac
[1.429s] running install
[1.429s] running install_lib
[1.430s] creating /home/ssafy/ssafy_ws/install/intergrate_prac/lib/python3.10/site-packages/intergrate_prac
[1.430s] copying /home/ssafy/ssafy_ws/build/intergrate_prac/build/lib/intergrate_prac/__init__.py -> /home/ssafy/ssafy_ws/install/intergrate_prac/lib/python3.10/site-packages/intergrate_prac
[1.430s] byte-compiling /home/ssafy/ssafy_ws/install/intergrate_prac/lib/python3.10/site-packages/intergrate_prac/__init__.py to __init__.cpython-310.pyc
[1.431s] running install_data
[1.431s] creating /home/ssafy/ssafy_ws/install/intergrate_prac/share/ament_index
[1.431s] creating /home/ssafy/ssafy_ws/install/intergrate_prac/share/ament_index/resource_index
[1.431s] creating /home/ssafy/ssafy_ws/install/intergrate_prac/share/ament_index/resource_index/packages
[1.431s] copying resource/intergrate_prac -> /home/ssafy/ssafy_ws/install/intergrate_prac/share/ament_index/resource_index/packages
[1.431s] copying package.xml -> /home/ssafy/ssafy_ws/install/intergrate_prac/share/intergrate_prac
[1.431s] running install_egg_info
[1.432s] Copying ../../build/intergrate_prac/intergrate_prac.egg-info to /home/ssafy/ssafy_ws/install/intergrate_prac/lib/python3.10/site-packages/intergrate_prac-0.0.0-py3.10.egg-info
[1.432s] running install_scripts
[1.449s] writing list of installed files to '/home/ssafy/ssafy_ws/build/intergrate_prac/install.log'
[1.472s] Invoked command in '/home/ssafy/ssafy_ws/src/intergrate_prac' returned '0': PYTHONPATH=/home/ssafy/ssafy_ws/build/intergrate_prac/prefix_override:/usr/lib/python3/dist-packages/colcon_core/task/python/colcon_distutils_commands:/home/ssafy/ssafy_ws/install/intergrate_prac/lib/python3.10/site-packages:${PYTHONPATH} /usr/bin/python3 -W ignore:setup.py install is deprecated -W ignore:easy_install command is deprecated setup.py egg_info --egg-base ../../build/intergrate_prac build --build-base /home/ssafy/ssafy_ws/build/intergrate_prac/build install --record /home/ssafy/ssafy_ws/build/intergrate_prac/install.log --single-version-externally-managed install_data
