[0.092s] DEBUG:colcon:Command line arguments: ['/usr/bin/colcon', 'build']
[0.092s] DEBUG:colcon:Parsed command line arguments: Namespace(log_base=None, log_level=None, verb_name='build', build_base='build', install_base='install', merge_install=False, symlink_install=False, test_result_base=None, continue_on_error=False, executor='parallel', parallel_workers=20, event_handlers=None, ignore_user_meta=False, metas=['./colcon.meta'], base_paths=['.'], packages_ignore=None, packages_ignore_regex=None, paths=None, packages_up_to=None, packages_up_to_regex=None, packages_above=None, packages_above_and_dependencies=None, packages_above_depth=None, packages_select_by_dep=None, packages_skip_by_dep=None, packages_skip_up_to=None, packages_select_build_failed=False, packages_skip_build_finished=False, packages_select_test_failures=False, packages_skip_test_passed=False, packages_select=None, packages_skip=None, packages_select_regex=None, packages_skip_regex=None, packages_start=None, packages_end=None, allow_overriding=[], cmake_args=None, cmake_target=None, cmake_target_skip_unavailable=False, cmake_clean_cache=False, cmake_clean_first=False, cmake_force_configure=False, ament_cmake_args=None, catkin_cmake_args=None, catkin_skip_building_tests=False, mixin_files=None, mixin=None, verb_parser=<colcon_mixin.mixin.mixin_argument.MixinArgumentDecorator object at 0x728c874d00d0>, verb_extension=<colcon_core.verb.build.BuildVerb object at 0x728c875c5060>, main=<bound method BuildVerb.main of <colcon_core.verb.build.BuildVerb object at 0x728c875c5060>>, mixin_verb=('build',))
[0.117s] Level 1:colcon.colcon_core.package_discovery:discover_packages(colcon_meta) check parameters
[0.117s] Level 1:colcon.colcon_core.package_discovery:discover_packages(recursive) check parameters
[0.117s] Level 1:colcon.colcon_core.package_discovery:discover_packages(ignore) check parameters
[0.117s] Level 1:colcon.colcon_core.package_discovery:discover_packages(path) check parameters
[0.117s] Level 1:colcon.colcon_core.package_discovery:discover_packages(colcon_meta) discover
[0.117s] Level 1:colcon.colcon_core.package_discovery:discover_packages(recursive) discover
[0.117s] INFO:colcon.colcon_core.package_discovery:Crawling recursively for packages in '/home/ssafy/ssafy_ws'
[0.117s] Level 1:colcon.colcon_core.package_identification:_identify(.) by extensions ['ignore', 'ignore_ament_install']
[0.118s] Level 1:colcon.colcon_core.package_identification:_identify(.) by extension 'ignore'
[0.118s] Level 1:colcon.colcon_core.package_identification:_identify(.) by extension 'ignore_ament_install'
[0.118s] Level 1:colcon.colcon_core.package_identification:_identify(.) by extensions ['colcon_pkg']
[0.118s] Level 1:colcon.colcon_core.package_identification:_identify(.) by extension 'colcon_pkg'
[0.118s] Level 1:colcon.colcon_core.package_identification:_identify(.) by extensions ['colcon_meta']
[0.118s] Level 1:colcon.colcon_core.package_identification:_identify(.) by extension 'colcon_meta'
[0.118s] Level 1:colcon.colcon_core.package_identification:_identify(.) by extensions ['ros']
[0.118s] Level 1:colcon.colcon_core.package_identification:_identify(.) by extension 'ros'
[0.127s] Level 1:colcon.colcon_core.package_identification:_identify(.) by extensions ['cmake', 'python']
[0.127s] Level 1:colcon.colcon_core.package_identification:_identify(.) by extension 'cmake'
[0.127s] Level 1:colcon.colcon_core.package_identification:_identify(.) by extension 'python'
[0.127s] Level 1:colcon.colcon_core.package_identification:_identify(.) by extensions ['python_setup_py']
[0.127s] Level 1:colcon.colcon_core.package_identification:_identify(.) by extension 'python_setup_py'
[0.127s] Level 1:colcon.colcon_core.package_identification:_identify(build) by extensions ['ignore', 'ignore_ament_install']
[0.127s] Level 1:colcon.colcon_core.package_identification:_identify(build) by extension 'ignore'
[0.127s] Level 1:colcon.colcon_core.package_identification:_identify(build) ignored
[0.127s] Level 1:colcon.colcon_core.package_identification:_identify(install) by extensions ['ignore', 'ignore_ament_install']
[0.127s] Level 1:colcon.colcon_core.package_identification:_identify(install) by extension 'ignore'
[0.127s] Level 1:colcon.colcon_core.package_identification:_identify(install) ignored
[0.127s] Level 1:colcon.colcon_core.package_identification:_identify(log) by extensions ['ignore', 'ignore_ament_install']
[0.127s] Level 1:colcon.colcon_core.package_identification:_identify(log) by extension 'ignore'
[0.127s] Level 1:colcon.colcon_core.package_identification:_identify(log) ignored
[0.127s] Level 1:colcon.colcon_core.package_identification:_identify(src) by extensions ['ignore', 'ignore_ament_install']
[0.127s] Level 1:colcon.colcon_core.package_identification:_identify(src) by extension 'ignore'
[0.127s] Level 1:colcon.colcon_core.package_identification:_identify(src) by extension 'ignore_ament_install'
[0.127s] Level 1:colcon.colcon_core.package_identification:_identify(src) by extensions ['colcon_pkg']
[0.127s] Level 1:colcon.colcon_core.package_identification:_identify(src) by extension 'colcon_pkg'
[0.127s] Level 1:colcon.colcon_core.package_identification:_identify(src) by extensions ['colcon_meta']
[0.127s] Level 1:colcon.colcon_core.package_identification:_identify(src) by extension 'colcon_meta'
[0.127s] Level 1:colcon.colcon_core.package_identification:_identify(src) by extensions ['ros']
[0.127s] Level 1:colcon.colcon_core.package_identification:_identify(src) by extension 'ros'
[0.127s] Level 1:colcon.colcon_core.package_identification:_identify(src) by extensions ['cmake', 'python']
[0.127s] Level 1:colcon.colcon_core.package_identification:_identify(src) by extension 'cmake'
[0.127s] Level 1:colcon.colcon_core.package_identification:_identify(src) by extension 'python'
[0.127s] Level 1:colcon.colcon_core.package_identification:_identify(src) by extensions ['python_setup_py']
[0.127s] Level 1:colcon.colcon_core.package_identification:_identify(src) by extension 'python_setup_py'
[0.128s] Level 1:colcon.colcon_core.package_identification:_identify(src/dobot_control) by extensions ['ignore', 'ignore_ament_install']
[0.128s] Level 1:colcon.colcon_core.package_identification:_identify(src/dobot_control) by extension 'ignore'
[0.128s] Level 1:colcon.colcon_core.package_identification:_identify(src/dobot_control) by extension 'ignore_ament_install'
[0.128s] Level 1:colcon.colcon_core.package_identification:_identify(src/dobot_control) by extensions ['colcon_pkg']
[0.128s] Level 1:colcon.colcon_core.package_identification:_identify(src/dobot_control) by extension 'colcon_pkg'
[0.128s] Level 1:colcon.colcon_core.package_identification:_identify(src/dobot_control) by extensions ['colcon_meta']
[0.128s] Level 1:colcon.colcon_core.package_identification:_identify(src/dobot_control) by extension 'colcon_meta'
[0.128s] Level 1:colcon.colcon_core.package_identification:_identify(src/dobot_control) by extensions ['ros']
[0.128s] Level 1:colcon.colcon_core.package_identification:_identify(src/dobot_control) by extension 'ros'
[0.130s] DEBUG:colcon.colcon_core.package_identification:Package 'src/dobot_control' with type 'ros.ament_python' and name 'dobot_control'
[0.130s] Level 1:colcon.colcon_core.package_identification:_identify(src/intergrate_prac) by extensions ['ignore', 'ignore_ament_install']
[0.130s] Level 1:colcon.colcon_core.package_identification:_identify(src/intergrate_prac) by extension 'ignore'
[0.130s] Level 1:colcon.colcon_core.package_identification:_identify(src/intergrate_prac) by extension 'ignore_ament_install'
[0.130s] Level 1:colcon.colcon_core.package_identification:_identify(src/intergrate_prac) by extensions ['colcon_pkg']
[0.130s] Level 1:colcon.colcon_core.package_identification:_identify(src/intergrate_prac) by extension 'colcon_pkg'
[0.130s] Level 1:colcon.colcon_core.package_identification:_identify(src/intergrate_prac) by extensions ['colcon_meta']
[0.130s] Level 1:colcon.colcon_core.package_identification:_identify(src/intergrate_prac) by extension 'colcon_meta'
[0.130s] Level 1:colcon.colcon_core.package_identification:_identify(src/intergrate_prac) by extensions ['ros']
[0.130s] Level 1:colcon.colcon_core.package_identification:_identify(src/intergrate_prac) by extension 'ros'
[0.131s] DEBUG:colcon.colcon_core.package_identification:Package 'src/intergrate_prac' with type 'ros.ament_python' and name 'intergrate_prac'
[0.131s] Level 1:colcon.colcon_core.package_identification:_identify(src/my_robot_controller) by extensions ['ignore', 'ignore_ament_install']
[0.131s] Level 1:colcon.colcon_core.package_identification:_identify(src/my_robot_controller) by extension 'ignore'
[0.131s] Level 1:colcon.colcon_core.package_identification:_identify(src/my_robot_controller) by extension 'ignore_ament_install'
[0.131s] Level 1:colcon.colcon_core.package_identification:_identify(src/my_robot_controller) by extensions ['colcon_pkg']
[0.131s] Level 1:colcon.colcon_core.package_identification:_identify(src/my_robot_controller) by extension 'colcon_pkg'
[0.131s] Level 1:colcon.colcon_core.package_identification:_identify(src/my_robot_controller) by extensions ['colcon_meta']
[0.131s] Level 1:colcon.colcon_core.package_identification:_identify(src/my_robot_controller) by extension 'colcon_meta'
[0.131s] Level 1:colcon.colcon_core.package_identification:_identify(src/my_robot_controller) by extensions ['ros']
[0.131s] Level 1:colcon.colcon_core.package_identification:_identify(src/my_robot_controller) by extension 'ros'
[0.131s] DEBUG:colcon.colcon_core.package_identification:Package 'src/my_robot_controller' with type 'ros.ament_python' and name 'my_robot_controller'
[0.131s] Level 1:colcon.colcon_core.package_identification:_identify(src/sensor_sub_pkg) by extensions ['ignore', 'ignore_ament_install']
[0.131s] Level 1:colcon.colcon_core.package_identification:_identify(src/sensor_sub_pkg) by extension 'ignore'
[0.131s] Level 1:colcon.colcon_core.package_identification:_identify(src/sensor_sub_pkg) by extension 'ignore_ament_install'
[0.131s] Level 1:colcon.colcon_core.package_identification:_identify(src/sensor_sub_pkg) by extensions ['colcon_pkg']
[0.132s] Level 1:colcon.colcon_core.package_identification:_identify(src/sensor_sub_pkg) by extension 'colcon_pkg'
[0.132s] Level 1:colcon.colcon_core.package_identification:_identify(src/sensor_sub_pkg) by extensions ['colcon_meta']
[0.132s] Level 1:colcon.colcon_core.package_identification:_identify(src/sensor_sub_pkg) by extension 'colcon_meta'
[0.132s] Level 1:colcon.colcon_core.package_identification:_identify(src/sensor_sub_pkg) by extensions ['ros']
[0.132s] Level 1:colcon.colcon_core.package_identification:_identify(src/sensor_sub_pkg) by extension 'ros'
[0.132s] DEBUG:colcon.colcon_core.package_identification:Package 'src/sensor_sub_pkg' with type 'ros.ament_python' and name 'sensor_sub_pkg'
[0.132s] Level 1:colcon.colcon_core.package_identification:_identify(src/simple_car_tf) by extensions ['ignore', 'ignore_ament_install']
[0.132s] Level 1:colcon.colcon_core.package_identification:_identify(src/simple_car_tf) by extension 'ignore'
[0.132s] Level 1:colcon.colcon_core.package_identification:_identify(src/simple_car_tf) by extension 'ignore_ament_install'
[0.132s] Level 1:colcon.colcon_core.package_identification:_identify(src/simple_car_tf) by extensions ['colcon_pkg']
[0.132s] Level 1:colcon.colcon_core.package_identification:_identify(src/simple_car_tf) by extension 'colcon_pkg'
[0.132s] Level 1:colcon.colcon_core.package_identification:_identify(src/simple_car_tf) by extensions ['colcon_meta']
[0.132s] Level 1:colcon.colcon_core.package_identification:_identify(src/simple_car_tf) by extension 'colcon_meta'
[0.132s] Level 1:colcon.colcon_core.package_identification:_identify(src/simple_car_tf) by extensions ['ros']
[0.132s] Level 1:colcon.colcon_core.package_identification:_identify(src/simple_car_tf) by extension 'ros'
[0.133s] DEBUG:colcon.colcon_core.package_identification:Package 'src/simple_car_tf' with type 'ros.ament_python' and name 'simple_car_tf'
[0.133s] Level 1:colcon.colcon_core.package_identification:_identify(src/slam_control) by extensions ['ignore', 'ignore_ament_install']
[0.133s] Level 1:colcon.colcon_core.package_identification:_identify(src/slam_control) by extension 'ignore'
[0.133s] Level 1:colcon.colcon_core.package_identification:_identify(src/slam_control) by extension 'ignore_ament_install'
[0.133s] Level 1:colcon.colcon_core.package_identification:_identify(src/slam_control) by extensions ['colcon_pkg']
[0.133s] Level 1:colcon.colcon_core.package_identification:_identify(src/slam_control) by extension 'colcon_pkg'
[0.133s] Level 1:colcon.colcon_core.package_identification:_identify(src/slam_control) by extensions ['colcon_meta']
[0.133s] Level 1:colcon.colcon_core.package_identification:_identify(src/slam_control) by extension 'colcon_meta'
[0.133s] Level 1:colcon.colcon_core.package_identification:_identify(src/slam_control) by extensions ['ros']
[0.133s] Level 1:colcon.colcon_core.package_identification:_identify(src/slam_control) by extension 'ros'
[0.133s] DEBUG:colcon.colcon_core.package_identification:Package 'src/slam_control' with type 'ros.ament_python' and name 'slam_control'
[0.133s] Level 1:colcon.colcon_core.package_identification:_identify(src/yolo) by extensions ['ignore', 'ignore_ament_install']
[0.133s] Level 1:colcon.colcon_core.package_identification:_identify(src/yolo) by extension 'ignore'
[0.133s] Level 1:colcon.colcon_core.package_identification:_identify(src/yolo) by extension 'ignore_ament_install'
[0.133s] Level 1:colcon.colcon_core.package_identification:_identify(src/yolo) by extensions ['colcon_pkg']
[0.133s] Level 1:colcon.colcon_core.package_identification:_identify(src/yolo) by extension 'colcon_pkg'
[0.133s] Level 1:colcon.colcon_core.package_identification:_identify(src/yolo) by extensions ['colcon_meta']
[0.133s] Level 1:colcon.colcon_core.package_identification:_identify(src/yolo) by extension 'colcon_meta'
[0.133s] Level 1:colcon.colcon_core.package_identification:_identify(src/yolo) by extensions ['ros']
[0.133s] Level 1:colcon.colcon_core.package_identification:_identify(src/yolo) by extension 'ros'
[0.134s] DEBUG:colcon.colcon_core.package_identification:Package 'src/yolo' with type 'ros.ament_python' and name 'yolo'
[0.134s] Level 1:colcon.colcon_core.package_discovery:discover_packages(recursive) using defaults
[0.134s] Level 1:colcon.colcon_core.package_discovery:discover_packages(ignore) discover
[0.134s] Level 1:colcon.colcon_core.package_discovery:discover_packages(ignore) using defaults
[0.134s] Level 1:colcon.colcon_core.package_discovery:discover_packages(path) discover
[0.134s] Level 1:colcon.colcon_core.package_discovery:discover_packages(path) using defaults
[0.148s] Level 1:colcon.colcon_core.package_discovery:discover_packages(prefix_path) check parameters
[0.148s] Level 1:colcon.colcon_core.package_discovery:discover_packages(prefix_path) discover
[0.151s] DEBUG:colcon.colcon_installed_package_information.package_discovery:Found 13 installed packages in /home/ssafy/magician_ros2_control_system_ws/install
[0.151s] DEBUG:colcon.colcon_installed_package_information.package_discovery:Found 16 installed packages in /home/ssafy/turtlebot3_ws/install
[0.152s] DEBUG:colcon.colcon_installed_package_information.package_discovery:Found 6 installed packages in /home/ssafy/ssafy_ws/install
[0.152s] DEBUG:colcon.colcon_installed_package_information.package_discovery:Found 387 installed packages in /opt/ros/humble
[0.153s] Level 1:colcon.colcon_core.package_discovery:discover_packages(prefix_path) using defaults
[0.193s] Level 5:colcon.colcon_core.verb:set package 'dobot_control' build argument 'cmake_args' from command line to 'None'
[0.193s] Level 5:colcon.colcon_core.verb:set package 'dobot_control' build argument 'cmake_target' from command line to 'None'
[0.193s] Level 5:colcon.colcon_core.verb:set package 'dobot_control' build argument 'cmake_target_skip_unavailable' from command line to 'False'
[0.193s] Level 5:colcon.colcon_core.verb:set package 'dobot_control' build argument 'cmake_clean_cache' from command line to 'False'
[0.193s] Level 5:colcon.colcon_core.verb:set package 'dobot_control' build argument 'cmake_clean_first' from command line to 'False'
[0.193s] Level 5:colcon.colcon_core.verb:set package 'dobot_control' build argument 'cmake_force_configure' from command line to 'False'
[0.193s] Level 5:colcon.colcon_core.verb:set package 'dobot_control' build argument 'ament_cmake_args' from command line to 'None'
[0.193s] Level 5:colcon.colcon_core.verb:set package 'dobot_control' build argument 'catkin_cmake_args' from command line to 'None'
[0.193s] Level 5:colcon.colcon_core.verb:set package 'dobot_control' build argument 'catkin_skip_building_tests' from command line to 'False'
[0.193s] DEBUG:colcon.colcon_core.verb:Building package 'dobot_control' with the following arguments: {'ament_cmake_args': None, 'build_base': '/home/ssafy/ssafy_ws/build/dobot_control', 'catkin_cmake_args': None, 'catkin_skip_building_tests': False, 'cmake_args': None, 'cmake_clean_cache': False, 'cmake_clean_first': False, 'cmake_force_configure': False, 'cmake_target': None, 'cmake_target_skip_unavailable': False, 'install_base': '/home/ssafy/ssafy_ws/install/dobot_control', 'merge_install': False, 'path': '/home/ssafy/ssafy_ws/src/dobot_control', 'symlink_install': False, 'test_result_base': None}
[0.194s] Level 5:colcon.colcon_core.verb:set package 'intergrate_prac' build argument 'cmake_args' from command line to 'None'
[0.194s] Level 5:colcon.colcon_core.verb:set package 'intergrate_prac' build argument 'cmake_target' from command line to 'None'
[0.194s] Level 5:colcon.colcon_core.verb:set package 'intergrate_prac' build argument 'cmake_target_skip_unavailable' from command line to 'False'
[0.194s] Level 5:colcon.colcon_core.verb:set package 'intergrate_prac' build argument 'cmake_clean_cache' from command line to 'False'
[0.194s] Level 5:colcon.colcon_core.verb:set package 'intergrate_prac' build argument 'cmake_clean_first' from command line to 'False'
[0.194s] Level 5:colcon.colcon_core.verb:set package 'intergrate_prac' build argument 'cmake_force_configure' from command line to 'False'
[0.194s] Level 5:colcon.colcon_core.verb:set package 'intergrate_prac' build argument 'ament_cmake_args' from command line to 'None'
[0.194s] Level 5:colcon.colcon_core.verb:set package 'intergrate_prac' build argument 'catkin_cmake_args' from command line to 'None'
[0.194s] Level 5:colcon.colcon_core.verb:set package 'intergrate_prac' build argument 'catkin_skip_building_tests' from command line to 'False'
[0.194s] DEBUG:colcon.colcon_core.verb:Building package 'intergrate_prac' with the following arguments: {'ament_cmake_args': None, 'build_base': '/home/ssafy/ssafy_ws/build/intergrate_prac', 'catkin_cmake_args': None, 'catkin_skip_building_tests': False, 'cmake_args': None, 'cmake_clean_cache': False, 'cmake_clean_first': False, 'cmake_force_configure': False, 'cmake_target': None, 'cmake_target_skip_unavailable': False, 'install_base': '/home/ssafy/ssafy_ws/install/intergrate_prac', 'merge_install': False, 'path': '/home/ssafy/ssafy_ws/src/intergrate_prac', 'symlink_install': False, 'test_result_base': None}
[0.194s] Level 5:colcon.colcon_core.verb:set package 'my_robot_controller' build argument 'cmake_args' from command line to 'None'
[0.194s] Level 5:colcon.colcon_core.verb:set package 'my_robot_controller' build argument 'cmake_target' from command line to 'None'
[0.194s] Level 5:colcon.colcon_core.verb:set package 'my_robot_controller' build argument 'cmake_target_skip_unavailable' from command line to 'False'
[0.194s] Level 5:colcon.colcon_core.verb:set package 'my_robot_controller' build argument 'cmake_clean_cache' from command line to 'False'
[0.194s] Level 5:colcon.colcon_core.verb:set package 'my_robot_controller' build argument 'cmake_clean_first' from command line to 'False'
[0.194s] Level 5:colcon.colcon_core.verb:set package 'my_robot_controller' build argument 'cmake_force_configure' from command line to 'False'
[0.194s] Level 5:colcon.colcon_core.verb:set package 'my_robot_controller' build argument 'ament_cmake_args' from command line to 'None'
[0.194s] Level 5:colcon.colcon_core.verb:set package 'my_robot_controller' build argument 'catkin_cmake_args' from command line to 'None'
[0.194s] Level 5:colcon.colcon_core.verb:set package 'my_robot_controller' build argument 'catkin_skip_building_tests' from command line to 'False'
[0.194s] DEBUG:colcon.colcon_core.verb:Building package 'my_robot_controller' with the following arguments: {'ament_cmake_args': None, 'build_base': '/home/ssafy/ssafy_ws/build/my_robot_controller', 'catkin_cmake_args': None, 'catkin_skip_building_tests': False, 'cmake_args': None, 'cmake_clean_cache': False, 'cmake_clean_first': False, 'cmake_force_configure': False, 'cmake_target': None, 'cmake_target_skip_unavailable': False, 'install_base': '/home/ssafy/ssafy_ws/install/my_robot_controller', 'merge_install': False, 'path': '/home/ssafy/ssafy_ws/src/my_robot_controller', 'symlink_install': False, 'test_result_base': None}
[0.194s] Level 5:colcon.colcon_core.verb:set package 'sensor_sub_pkg' build argument 'cmake_args' from command line to 'None'
[0.194s] Level 5:colcon.colcon_core.verb:set package 'sensor_sub_pkg' build argument 'cmake_target' from command line to 'None'
[0.194s] Level 5:colcon.colcon_core.verb:set package 'sensor_sub_pkg' build argument 'cmake_target_skip_unavailable' from command line to 'False'
[0.194s] Level 5:colcon.colcon_core.verb:set package 'sensor_sub_pkg' build argument 'cmake_clean_cache' from command line to 'False'
[0.194s] Level 5:colcon.colcon_core.verb:set package 'sensor_sub_pkg' build argument 'cmake_clean_first' from command line to 'False'
[0.194s] Level 5:colcon.colcon_core.verb:set package 'sensor_sub_pkg' build argument 'cmake_force_configure' from command line to 'False'
[0.194s] Level 5:colcon.colcon_core.verb:set package 'sensor_sub_pkg' build argument 'ament_cmake_args' from command line to 'None'
[0.194s] Level 5:colcon.colcon_core.verb:set package 'sensor_sub_pkg' build argument 'catkin_cmake_args' from command line to 'None'
[0.194s] Level 5:colcon.colcon_core.verb:set package 'sensor_sub_pkg' build argument 'catkin_skip_building_tests' from command line to 'False'
[0.194s] DEBUG:colcon.colcon_core.verb:Building package 'sensor_sub_pkg' with the following arguments: {'ament_cmake_args': None, 'build_base': '/home/ssafy/ssafy_ws/build/sensor_sub_pkg', 'catkin_cmake_args': None, 'catkin_skip_building_tests': False, 'cmake_args': None, 'cmake_clean_cache': False, 'cmake_clean_first': False, 'cmake_force_configure': False, 'cmake_target': None, 'cmake_target_skip_unavailable': False, 'install_base': '/home/ssafy/ssafy_ws/install/sensor_sub_pkg', 'merge_install': False, 'path': '/home/ssafy/ssafy_ws/src/sensor_sub_pkg', 'symlink_install': False, 'test_result_base': None}
[0.195s] Level 5:colcon.colcon_core.verb:set package 'simple_car_tf' build argument 'cmake_args' from command line to 'None'
[0.195s] Level 5:colcon.colcon_core.verb:set package 'simple_car_tf' build argument 'cmake_target' from command line to 'None'
[0.195s] Level 5:colcon.colcon_core.verb:set package 'simple_car_tf' build argument 'cmake_target_skip_unavailable' from command line to 'False'
[0.195s] Level 5:colcon.colcon_core.verb:set package 'simple_car_tf' build argument 'cmake_clean_cache' from command line to 'False'
[0.195s] Level 5:colcon.colcon_core.verb:set package 'simple_car_tf' build argument 'cmake_clean_first' from command line to 'False'
[0.195s] Level 5:colcon.colcon_core.verb:set package 'simple_car_tf' build argument 'cmake_force_configure' from command line to 'False'
[0.195s] Level 5:colcon.colcon_core.verb:set package 'simple_car_tf' build argument 'ament_cmake_args' from command line to 'None'
[0.195s] Level 5:colcon.colcon_core.verb:set package 'simple_car_tf' build argument 'catkin_cmake_args' from command line to 'None'
[0.195s] Level 5:colcon.colcon_core.verb:set package 'simple_car_tf' build argument 'catkin_skip_building_tests' from command line to 'False'
[0.195s] DEBUG:colcon.colcon_core.verb:Building package 'simple_car_tf' with the following arguments: {'ament_cmake_args': None, 'build_base': '/home/ssafy/ssafy_ws/build/simple_car_tf', 'catkin_cmake_args': None, 'catkin_skip_building_tests': False, 'cmake_args': None, 'cmake_clean_cache': False, 'cmake_clean_first': False, 'cmake_force_configure': False, 'cmake_target': None, 'cmake_target_skip_unavailable': False, 'install_base': '/home/ssafy/ssafy_ws/install/simple_car_tf', 'merge_install': False, 'path': '/home/ssafy/ssafy_ws/src/simple_car_tf', 'symlink_install': False, 'test_result_base': None}
[0.195s] Level 5:colcon.colcon_core.verb:set package 'slam_control' build argument 'cmake_args' from command line to 'None'
[0.195s] Level 5:colcon.colcon_core.verb:set package 'slam_control' build argument 'cmake_target' from command line to 'None'
[0.195s] Level 5:colcon.colcon_core.verb:set package 'slam_control' build argument 'cmake_target_skip_unavailable' from command line to 'False'
[0.195s] Level 5:colcon.colcon_core.verb:set package 'slam_control' build argument 'cmake_clean_cache' from command line to 'False'
[0.195s] Level 5:colcon.colcon_core.verb:set package 'slam_control' build argument 'cmake_clean_first' from command line to 'False'
[0.195s] Level 5:colcon.colcon_core.verb:set package 'slam_control' build argument 'cmake_force_configure' from command line to 'False'
[0.195s] Level 5:colcon.colcon_core.verb:set package 'slam_control' build argument 'ament_cmake_args' from command line to 'None'
[0.195s] Level 5:colcon.colcon_core.verb:set package 'slam_control' build argument 'catkin_cmake_args' from command line to 'None'
[0.195s] Level 5:colcon.colcon_core.verb:set package 'slam_control' build argument 'catkin_skip_building_tests' from command line to 'False'
[0.195s] DEBUG:colcon.colcon_core.verb:Building package 'slam_control' with the following arguments: {'ament_cmake_args': None, 'build_base': '/home/ssafy/ssafy_ws/build/slam_control', 'catkin_cmake_args': None, 'catkin_skip_building_tests': False, 'cmake_args': None, 'cmake_clean_cache': False, 'cmake_clean_first': False, 'cmake_force_configure': False, 'cmake_target': None, 'cmake_target_skip_unavailable': False, 'install_base': '/home/ssafy/ssafy_ws/install/slam_control', 'merge_install': False, 'path': '/home/ssafy/ssafy_ws/src/slam_control', 'symlink_install': False, 'test_result_base': None}
[0.195s] Level 5:colcon.colcon_core.verb:set package 'yolo' build argument 'cmake_args' from command line to 'None'
[0.195s] Level 5:colcon.colcon_core.verb:set package 'yolo' build argument 'cmake_target' from command line to 'None'
[0.195s] Level 5:colcon.colcon_core.verb:set package 'yolo' build argument 'cmake_target_skip_unavailable' from command line to 'False'
[0.195s] Level 5:colcon.colcon_core.verb:set package 'yolo' build argument 'cmake_clean_cache' from command line to 'False'
[0.195s] Level 5:colcon.colcon_core.verb:set package 'yolo' build argument 'cmake_clean_first' from command line to 'False'
[0.195s] Level 5:colcon.colcon_core.verb:set package 'yolo' build argument 'cmake_force_configure' from command line to 'False'
[0.195s] Level 5:colcon.colcon_core.verb:set package 'yolo' build argument 'ament_cmake_args' from command line to 'None'
[0.195s] Level 5:colcon.colcon_core.verb:set package 'yolo' build argument 'catkin_cmake_args' from command line to 'None'
[0.195s] Level 5:colcon.colcon_core.verb:set package 'yolo' build argument 'catkin_skip_building_tests' from command line to 'False'
[0.195s] DEBUG:colcon.colcon_core.verb:Building package 'yolo' with the following arguments: {'ament_cmake_args': None, 'build_base': '/home/ssafy/ssafy_ws/build/yolo', 'catkin_cmake_args': None, 'catkin_skip_building_tests': False, 'cmake_args': None, 'cmake_clean_cache': False, 'cmake_clean_first': False, 'cmake_force_configure': False, 'cmake_target': None, 'cmake_target_skip_unavailable': False, 'install_base': '/home/ssafy/ssafy_ws/install/yolo', 'merge_install': False, 'path': '/home/ssafy/ssafy_ws/src/yolo', 'symlink_install': False, 'test_result_base': None}
[0.195s] INFO:colcon.colcon_core.executor:Executing jobs using 'parallel' executor
[0.197s] DEBUG:colcon.colcon_parallel_executor.executor.parallel:run_until_complete
[0.197s] INFO:colcon.colcon_ros.task.ament_python.build:Building ROS package in '/home/ssafy/ssafy_ws/src/dobot_control' with build type 'ament_python'
[0.197s] Level 1:colcon.colcon_core.shell:create_environment_hook('dobot_control', 'ament_prefix_path')
[0.200s] INFO:colcon.colcon_core.plugin_system:Skipping extension 'colcon_core.shell.bat': Not used on non-Windows systems
[0.200s] INFO:colcon.colcon_core.shell:Creating environment hook '/home/ssafy/ssafy_ws/install/dobot_control/share/dobot_control/hook/ament_prefix_path.ps1'
[0.200s] INFO:colcon.colcon_core.shell:Creating environment descriptor '/home/ssafy/ssafy_ws/install/dobot_control/share/dobot_control/hook/ament_prefix_path.dsv'
[0.201s] INFO:colcon.colcon_core.shell:Creating environment hook '/home/ssafy/ssafy_ws/install/dobot_control/share/dobot_control/hook/ament_prefix_path.sh'
[0.201s] INFO:colcon.colcon_core.shell:Skip shell extension 'powershell' for command environment: Not usable outside of PowerShell
[0.201s] DEBUG:colcon.colcon_core.shell:Skip shell extension 'dsv' for command environment
[0.205s] INFO:colcon.colcon_ros.task.ament_python.build:Building ROS package in '/home/ssafy/ssafy_ws/src/intergrate_prac' with build type 'ament_python'
[0.205s] Level 1:colcon.colcon_core.shell:create_environment_hook('intergrate_prac', 'ament_prefix_path')
[0.205s] INFO:colcon.colcon_core.shell:Creating environment hook '/home/ssafy/ssafy_ws/install/intergrate_prac/share/intergrate_prac/hook/ament_prefix_path.ps1'
[0.205s] INFO:colcon.colcon_core.shell:Creating environment descriptor '/home/ssafy/ssafy_ws/install/intergrate_prac/share/intergrate_prac/hook/ament_prefix_path.dsv'
[0.205s] INFO:colcon.colcon_core.shell:Creating environment hook '/home/ssafy/ssafy_ws/install/intergrate_prac/share/intergrate_prac/hook/ament_prefix_path.sh'
[0.206s] INFO:colcon.colcon_core.shell:Skip shell extension 'powershell' for command environment: Not usable outside of PowerShell
[0.206s] DEBUG:colcon.colcon_core.shell:Skip shell extension 'dsv' for command environment
[0.208s] INFO:colcon.colcon_ros.task.ament_python.build:Building ROS package in '/home/ssafy/ssafy_ws/src/my_robot_controller' with build type 'ament_python'
[0.208s] Level 1:colcon.colcon_core.shell:create_environment_hook('my_robot_controller', 'ament_prefix_path')
[0.208s] INFO:colcon.colcon_core.shell:Creating environment hook '/home/ssafy/ssafy_ws/install/my_robot_controller/share/my_robot_controller/hook/ament_prefix_path.ps1'
[0.209s] INFO:colcon.colcon_core.shell:Creating environment descriptor '/home/ssafy/ssafy_ws/install/my_robot_controller/share/my_robot_controller/hook/ament_prefix_path.dsv'
[0.209s] INFO:colcon.colcon_core.shell:Creating environment hook '/home/ssafy/ssafy_ws/install/my_robot_controller/share/my_robot_controller/hook/ament_prefix_path.sh'
[0.209s] INFO:colcon.colcon_core.shell:Skip shell extension 'powershell' for command environment: Not usable outside of PowerShell
[0.209s] DEBUG:colcon.colcon_core.shell:Skip shell extension 'dsv' for command environment
[0.212s] INFO:colcon.colcon_ros.task.ament_python.build:Building ROS package in '/home/ssafy/ssafy_ws/src/sensor_sub_pkg' with build type 'ament_python'
[0.212s] Level 1:colcon.colcon_core.shell:create_environment_hook('sensor_sub_pkg', 'ament_prefix_path')
[0.212s] INFO:colcon.colcon_core.shell:Creating environment hook '/home/ssafy/ssafy_ws/install/sensor_sub_pkg/share/sensor_sub_pkg/hook/ament_prefix_path.ps1'
[0.213s] INFO:colcon.colcon_core.shell:Creating environment descriptor '/home/ssafy/ssafy_ws/install/sensor_sub_pkg/share/sensor_sub_pkg/hook/ament_prefix_path.dsv'
[0.213s] INFO:colcon.colcon_core.shell:Creating environment hook '/home/ssafy/ssafy_ws/install/sensor_sub_pkg/share/sensor_sub_pkg/hook/ament_prefix_path.sh'
[0.213s] INFO:colcon.colcon_core.shell:Skip shell extension 'powershell' for command environment: Not usable outside of PowerShell
[0.213s] DEBUG:colcon.colcon_core.shell:Skip shell extension 'dsv' for command environment
[0.216s] INFO:colcon.colcon_ros.task.ament_python.build:Building ROS package in '/home/ssafy/ssafy_ws/src/simple_car_tf' with build type 'ament_python'
[0.216s] Level 1:colcon.colcon_core.shell:create_environment_hook('simple_car_tf', 'ament_prefix_path')
[0.216s] INFO:colcon.colcon_core.shell:Creating environment hook '/home/ssafy/ssafy_ws/install/simple_car_tf/share/simple_car_tf/hook/ament_prefix_path.ps1'
[0.217s] INFO:colcon.colcon_core.shell:Creating environment descriptor '/home/ssafy/ssafy_ws/install/simple_car_tf/share/simple_car_tf/hook/ament_prefix_path.dsv'
[0.217s] INFO:colcon.colcon_core.shell:Creating environment hook '/home/ssafy/ssafy_ws/install/simple_car_tf/share/simple_car_tf/hook/ament_prefix_path.sh'
[0.217s] INFO:colcon.colcon_core.shell:Skip shell extension 'powershell' for command environment: Not usable outside of PowerShell
[0.217s] DEBUG:colcon.colcon_core.shell:Skip shell extension 'dsv' for command environment
[0.220s] INFO:colcon.colcon_ros.task.ament_python.build:Building ROS package in '/home/ssafy/ssafy_ws/src/slam_control' with build type 'ament_python'
[0.220s] Level 1:colcon.colcon_core.shell:create_environment_hook('slam_control', 'ament_prefix_path')
[0.220s] INFO:colcon.colcon_core.shell:Creating environment hook '/home/ssafy/ssafy_ws/install/slam_control/share/slam_control/hook/ament_prefix_path.ps1'
[0.220s] INFO:colcon.colcon_core.shell:Creating environment descriptor '/home/ssafy/ssafy_ws/install/slam_control/share/slam_control/hook/ament_prefix_path.dsv'
[0.220s] INFO:colcon.colcon_core.shell:Creating environment hook '/home/ssafy/ssafy_ws/install/slam_control/share/slam_control/hook/ament_prefix_path.sh'
[0.221s] INFO:colcon.colcon_core.shell:Skip shell extension 'powershell' for command environment: Not usable outside of PowerShell
[0.221s] DEBUG:colcon.colcon_core.shell:Skip shell extension 'dsv' for command environment
[0.223s] INFO:colcon.colcon_ros.task.ament_python.build:Building ROS package in '/home/ssafy/ssafy_ws/src/yolo' with build type 'ament_python'
[0.223s] Level 1:colcon.colcon_core.shell:create_environment_hook('yolo', 'ament_prefix_path')
[0.223s] INFO:colcon.colcon_core.shell:Creating environment hook '/home/ssafy/ssafy_ws/install/yolo/share/yolo/hook/ament_prefix_path.ps1'
[0.224s] INFO:colcon.colcon_core.shell:Creating environment descriptor '/home/ssafy/ssafy_ws/install/yolo/share/yolo/hook/ament_prefix_path.dsv'
[0.224s] INFO:colcon.colcon_core.shell:Creating environment hook '/home/ssafy/ssafy_ws/install/yolo/share/yolo/hook/ament_prefix_path.sh'
[0.224s] INFO:colcon.colcon_core.shell:Skip shell extension 'powershell' for command environment: Not usable outside of PowerShell
[0.224s] DEBUG:colcon.colcon_core.shell:Skip shell extension 'dsv' for command environment
[0.367s] INFO:colcon.colcon_core.task.python.build:Building Python package in '/home/ssafy/ssafy_ws/src/dobot_control'
[0.367s] INFO:colcon.colcon_core.shell:Skip shell extension 'powershell' for command environment: Not usable outside of PowerShell
[0.367s] DEBUG:colcon.colcon_core.shell:Skip shell extension 'dsv' for command environment
[0.509s] INFO:colcon.colcon_core.task.python.build:Building Python package in '/home/ssafy/ssafy_ws/src/intergrate_prac'
[0.509s] INFO:colcon.colcon_core.shell:Skip shell extension 'powershell' for command environment: Not usable outside of PowerShell
[0.509s] DEBUG:colcon.colcon_core.shell:Skip shell extension 'dsv' for command environment
[0.650s] INFO:colcon.colcon_core.task.python.build:Building Python package in '/home/ssafy/ssafy_ws/src/my_robot_controller'
[0.651s] INFO:colcon.colcon_core.shell:Skip shell extension 'powershell' for command environment: Not usable outside of PowerShell
[0.651s] DEBUG:colcon.colcon_core.shell:Skip shell extension 'dsv' for command environment
[0.794s] INFO:colcon.colcon_core.task.python.build:Building Python package in '/home/ssafy/ssafy_ws/src/sensor_sub_pkg'
[0.794s] INFO:colcon.colcon_core.shell:Skip shell extension 'powershell' for command environment: Not usable outside of PowerShell
[0.794s] DEBUG:colcon.colcon_core.shell:Skip shell extension 'dsv' for command environment
[0.921s] INFO:colcon.colcon_core.task.python.build:Building Python package in '/home/ssafy/ssafy_ws/src/simple_car_tf'
[0.921s] INFO:colcon.colcon_core.shell:Skip shell extension 'powershell' for command environment: Not usable outside of PowerShell
[0.922s] DEBUG:colcon.colcon_core.shell:Skip shell extension 'dsv' for command environment
[1.060s] INFO:colcon.colcon_core.task.python.build:Building Python package in '/home/ssafy/ssafy_ws/src/slam_control'
[1.060s] INFO:colcon.colcon_core.shell:Skip shell extension 'powershell' for command environment: Not usable outside of PowerShell
[1.060s] DEBUG:colcon.colcon_core.shell:Skip shell extension 'dsv' for command environment
[1.200s] INFO:colcon.colcon_core.task.python.build:Building Python package in '/home/ssafy/ssafy_ws/src/yolo'
[1.200s] INFO:colcon.colcon_core.shell:Skip shell extension 'powershell' for command environment: Not usable outside of PowerShell
[1.200s] DEBUG:colcon.colcon_core.shell:Skip shell extension 'dsv' for command environment
[1.642s] DEBUG:colcon.colcon_core.event_handler.log_command:Invoking command in '/home/ssafy/ssafy_ws/src/dobot_control': PYTHONPATH=/home/ssafy/ssafy_ws/build/dobot_control/prefix_override:/usr/lib/python3/dist-packages/colcon_core/task/python/colcon_distutils_commands:/home/ssafy/ssafy_ws/install/dobot_control/lib/python3.10/site-packages:${PYTHONPATH} /usr/bin/python3 -W ignore:setup.py install is deprecated -W ignore:easy_install command is deprecated setup.py egg_info --egg-base ../../build/dobot_control build --build-base /home/ssafy/ssafy_ws/build/dobot_control/build install --record /home/ssafy/ssafy_ws/build/dobot_control/install.log --single-version-externally-managed install_data
[1.645s] DEBUG:colcon.colcon_core.event_handler.log_command:Invoking command in '/home/ssafy/ssafy_ws/src/intergrate_prac': PYTHONPATH=/home/ssafy/ssafy_ws/build/intergrate_prac/prefix_override:/usr/lib/python3/dist-packages/colcon_core/task/python/colcon_distutils_commands:/home/ssafy/ssafy_ws/install/intergrate_prac/lib/python3.10/site-packages:${PYTHONPATH} /usr/bin/python3 -W ignore:setup.py install is deprecated -W ignore:easy_install command is deprecated setup.py egg_info --egg-base ../../build/intergrate_prac build --build-base /home/ssafy/ssafy_ws/build/intergrate_prac/build install --record /home/ssafy/ssafy_ws/build/intergrate_prac/install.log --single-version-externally-managed install_data
[1.648s] DEBUG:colcon.colcon_core.event_handler.log_command:Invoking command in '/home/ssafy/ssafy_ws/src/sensor_sub_pkg': PYTHONPATH=/home/ssafy/ssafy_ws/build/sensor_sub_pkg/prefix_override:/usr/lib/python3/dist-packages/colcon_core/task/python/colcon_distutils_commands:/home/ssafy/ssafy_ws/install/sensor_sub_pkg/lib/python3.10/site-packages:${PYTHONPATH} /usr/bin/python3 -W ignore:setup.py install is deprecated -W ignore:easy_install command is deprecated setup.py egg_info --egg-base ../../build/sensor_sub_pkg build --build-base /home/ssafy/ssafy_ws/build/sensor_sub_pkg/build install --record /home/ssafy/ssafy_ws/build/sensor_sub_pkg/install.log --single-version-externally-managed install_data
[1.655s] DEBUG:colcon.colcon_core.event_handler.log_command:Invoking command in '/home/ssafy/ssafy_ws/src/simple_car_tf': PYTHONPATH=/home/ssafy/ssafy_ws/build/simple_car_tf/prefix_override:/usr/lib/python3/dist-packages/colcon_core/task/python/colcon_distutils_commands:/home/ssafy/ssafy_ws/install/simple_car_tf/lib/python3.10/site-packages:${PYTHONPATH} /usr/bin/python3 -W ignore:setup.py install is deprecated -W ignore:easy_install command is deprecated setup.py egg_info --egg-base ../../build/simple_car_tf build --build-base /home/ssafy/ssafy_ws/build/simple_car_tf/build install --record /home/ssafy/ssafy_ws/build/simple_car_tf/install.log --single-version-externally-managed install_data
[1.676s] DEBUG:colcon.colcon_core.event_handler.log_command:Invoking command in '/home/ssafy/ssafy_ws/src/yolo': PYTHONPATH=/home/ssafy/ssafy_ws/build/yolo/prefix_override:/usr/lib/python3/dist-packages/colcon_core/task/python/colcon_distutils_commands:/home/ssafy/ssafy_ws/install/yolo/lib/python3.10/site-packages:${PYTHONPATH} /usr/bin/python3 -W ignore:setup.py install is deprecated -W ignore:easy_install command is deprecated setup.py egg_info --egg-base ../../build/yolo build --build-base /home/ssafy/ssafy_ws/build/yolo/build install --record /home/ssafy/ssafy_ws/build/yolo/install.log --single-version-externally-managed install_data
[1.691s] DEBUG:colcon.colcon_core.event_handler.log_command:Invoking command in '/home/ssafy/ssafy_ws/src/slam_control': PYTHONPATH=/home/ssafy/ssafy_ws/build/slam_control/prefix_override:/usr/lib/python3/dist-packages/colcon_core/task/python/colcon_distutils_commands:/home/ssafy/ssafy_ws/install/slam_control/lib/python3.10/site-packages:${PYTHONPATH} /usr/bin/python3 -W ignore:setup.py install is deprecated -W ignore:easy_install command is deprecated setup.py egg_info --egg-base ../../build/slam_control build --build-base /home/ssafy/ssafy_ws/build/slam_control/build install --record /home/ssafy/ssafy_ws/build/slam_control/install.log --single-version-externally-managed install_data
[1.726s] DEBUG:colcon.colcon_core.event_handler.log_command:Invoking command in '/home/ssafy/ssafy_ws/src/my_robot_controller': PYTHONPATH=/home/ssafy/ssafy_ws/build/my_robot_controller/prefix_override:/usr/lib/python3/dist-packages/colcon_core/task/python/colcon_distutils_commands:/home/ssafy/ssafy_ws/install/my_robot_controller/lib/python3.10/site-packages:${PYTHONPATH} /usr/bin/python3 -W ignore:setup.py install is deprecated -W ignore:easy_install command is deprecated setup.py egg_info --egg-base ../../build/my_robot_controller build --build-base /home/ssafy/ssafy_ws/build/my_robot_controller/build install --record /home/ssafy/ssafy_ws/build/my_robot_controller/install.log --single-version-externally-managed install_data
[2.046s] DEBUG:colcon.colcon_core.event_handler.log_command:Invoked command in '/home/ssafy/ssafy_ws/src/simple_car_tf' returned '0': PYTHONPATH=/home/ssafy/ssafy_ws/build/simple_car_tf/prefix_override:/usr/lib/python3/dist-packages/colcon_core/task/python/colcon_distutils_commands:/home/ssafy/ssafy_ws/install/simple_car_tf/lib/python3.10/site-packages:${PYTHONPATH} /usr/bin/python3 -W ignore:setup.py install is deprecated -W ignore:easy_install command is deprecated setup.py egg_info --egg-base ../../build/simple_car_tf build --build-base /home/ssafy/ssafy_ws/build/simple_car_tf/build install --record /home/ssafy/ssafy_ws/build/simple_car_tf/install.log --single-version-externally-managed install_data
[2.052s] Level 1:colcon.colcon_core.environment:checking '/home/ssafy/ssafy_ws/install/simple_car_tf' for CMake module files
[2.053s] Level 1:colcon.colcon_core.environment:checking '/home/ssafy/ssafy_ws/install/simple_car_tf' for CMake config files
[2.053s] Level 1:colcon.colcon_core.environment:checking '/home/ssafy/ssafy_ws/install/simple_car_tf/lib'
[2.054s] Level 1:colcon.colcon_core.environment:checking '/home/ssafy/ssafy_ws/install/simple_car_tf/bin'
[2.054s] Level 1:colcon.colcon_core.environment:checking '/home/ssafy/ssafy_ws/install/simple_car_tf/lib/pkgconfig/simple_car_tf.pc'
[2.054s] Level 1:colcon.colcon_core.environment:checking '/home/ssafy/ssafy_ws/install/simple_car_tf/lib/python3.10/site-packages'
[2.054s] Level 1:colcon.colcon_core.shell:create_environment_hook('simple_car_tf', 'pythonpath')
[2.054s] INFO:colcon.colcon_core.shell:Creating environment hook '/home/ssafy/ssafy_ws/install/simple_car_tf/share/simple_car_tf/hook/pythonpath.ps1'
[2.055s] INFO:colcon.colcon_core.shell:Creating environment descriptor '/home/ssafy/ssafy_ws/install/simple_car_tf/share/simple_car_tf/hook/pythonpath.dsv'
[2.055s] INFO:colcon.colcon_core.shell:Creating environment hook '/home/ssafy/ssafy_ws/install/simple_car_tf/share/simple_car_tf/hook/pythonpath.sh'
[2.056s] Level 1:colcon.colcon_core.environment:checking '/home/ssafy/ssafy_ws/install/simple_car_tf/bin'
[2.056s] Level 1:colcon.colcon_core.environment:create_environment_scripts_only(simple_car_tf)
[2.057s] INFO:colcon.colcon_core.shell:Creating package script '/home/ssafy/ssafy_ws/install/simple_car_tf/share/simple_car_tf/package.ps1'
[2.058s] INFO:colcon.colcon_core.shell:Creating package descriptor '/home/ssafy/ssafy_ws/install/simple_car_tf/share/simple_car_tf/package.dsv'
[2.059s] INFO:colcon.colcon_core.shell:Creating package script '/home/ssafy/ssafy_ws/install/simple_car_tf/share/simple_car_tf/package.sh'
[2.060s] INFO:colcon.colcon_core.shell:Creating package script '/home/ssafy/ssafy_ws/install/simple_car_tf/share/simple_car_tf/package.bash'
[2.061s] INFO:colcon.colcon_core.shell:Creating package script '/home/ssafy/ssafy_ws/install/simple_car_tf/share/simple_car_tf/package.zsh'
[2.062s] Level 1:colcon.colcon_core.environment:create_file_with_runtime_dependencies(/home/ssafy/ssafy_ws/install/simple_car_tf/share/colcon-core/packages/simple_car_tf)
[2.063s] Level 1:colcon.colcon_core.environment:checking '/home/ssafy/ssafy_ws/install/intergrate_prac' for CMake module files
[2.064s] DEBUG:colcon.colcon_core.event_handler.log_command:Invoked command in '/home/ssafy/ssafy_ws/src/intergrate_prac' returned '0': PYTHONPATH=/home/ssafy/ssafy_ws/build/intergrate_prac/prefix_override:/usr/lib/python3/dist-packages/colcon_core/task/python/colcon_distutils_commands:/home/ssafy/ssafy_ws/install/intergrate_prac/lib/python3.10/site-packages:${PYTHONPATH} /usr/bin/python3 -W ignore:setup.py install is deprecated -W ignore:easy_install command is deprecated setup.py egg_info --egg-base ../../build/intergrate_prac build --build-base /home/ssafy/ssafy_ws/build/intergrate_prac/build install --record /home/ssafy/ssafy_ws/build/intergrate_prac/install.log --single-version-externally-managed install_data
[2.064s] Level 1:colcon.colcon_core.environment:checking '/home/ssafy/ssafy_ws/install/intergrate_prac' for CMake config files
[2.065s] Level 1:colcon.colcon_core.environment:checking '/home/ssafy/ssafy_ws/install/intergrate_prac/lib'
[2.065s] Level 1:colcon.colcon_core.environment:checking '/home/ssafy/ssafy_ws/install/intergrate_prac/bin'
[2.065s] Level 1:colcon.colcon_core.environment:checking '/home/ssafy/ssafy_ws/install/intergrate_prac/lib/pkgconfig/intergrate_prac.pc'
[2.066s] Level 1:colcon.colcon_core.environment:checking '/home/ssafy/ssafy_ws/install/intergrate_prac/lib/python3.10/site-packages'
[2.066s] Level 1:colcon.colcon_core.shell:create_environment_hook('intergrate_prac', 'pythonpath')
[2.066s] INFO:colcon.colcon_core.shell:Creating environment hook '/home/ssafy/ssafy_ws/install/intergrate_prac/share/intergrate_prac/hook/pythonpath.ps1'
[2.067s] INFO:colcon.colcon_core.shell:Creating environment descriptor '/home/ssafy/ssafy_ws/install/intergrate_prac/share/intergrate_prac/hook/pythonpath.dsv'
[2.067s] INFO:colcon.colcon_core.shell:Creating environment hook '/home/ssafy/ssafy_ws/install/intergrate_prac/share/intergrate_prac/hook/pythonpath.sh'
[2.067s] Level 1:colcon.colcon_core.environment:checking '/home/ssafy/ssafy_ws/install/intergrate_prac/bin'
[2.067s] Level 1:colcon.colcon_core.environment:create_environment_scripts_only(intergrate_prac)
[2.068s] INFO:colcon.colcon_core.shell:Creating package script '/home/ssafy/ssafy_ws/install/intergrate_prac/share/intergrate_prac/package.ps1'
[2.068s] INFO:colcon.colcon_core.shell:Creating package descriptor '/home/ssafy/ssafy_ws/install/intergrate_prac/share/intergrate_prac/package.dsv'
[2.068s] INFO:colcon.colcon_core.shell:Creating package script '/home/ssafy/ssafy_ws/install/intergrate_prac/share/intergrate_prac/package.sh'
[2.069s] INFO:colcon.colcon_core.shell:Creating package script '/home/ssafy/ssafy_ws/install/intergrate_prac/share/intergrate_prac/package.bash'
[2.069s] INFO:colcon.colcon_core.shell:Creating package script '/home/ssafy/ssafy_ws/install/intergrate_prac/share/intergrate_prac/package.zsh'
[2.069s] Level 1:colcon.colcon_core.environment:create_file_with_runtime_dependencies(/home/ssafy/ssafy_ws/install/intergrate_prac/share/colcon-core/packages/intergrate_prac)
[2.069s] Level 1:colcon.colcon_core.environment:checking '/home/ssafy/ssafy_ws/install/dobot_control' for CMake module files
[2.070s] DEBUG:colcon.colcon_core.event_handler.log_command:Invoked command in '/home/ssafy/ssafy_ws/src/dobot_control' returned '0': PYTHONPATH=/home/ssafy/ssafy_ws/build/dobot_control/prefix_override:/usr/lib/python3/dist-packages/colcon_core/task/python/colcon_distutils_commands:/home/ssafy/ssafy_ws/install/dobot_control/lib/python3.10/site-packages:${PYTHONPATH} /usr/bin/python3 -W ignore:setup.py install is deprecated -W ignore:easy_install command is deprecated setup.py egg_info --egg-base ../../build/dobot_control build --build-base /home/ssafy/ssafy_ws/build/dobot_control/build install --record /home/ssafy/ssafy_ws/build/dobot_control/install.log --single-version-externally-managed install_data
[2.070s] Level 1:colcon.colcon_core.environment:checking '/home/ssafy/ssafy_ws/install/dobot_control' for CMake config files
[2.071s] Level 1:colcon.colcon_core.environment:checking '/home/ssafy/ssafy_ws/install/dobot_control/lib'
[2.071s] Level 1:colcon.colcon_core.environment:checking '/home/ssafy/ssafy_ws/install/dobot_control/bin'
[2.071s] Level 1:colcon.colcon_core.environment:checking '/home/ssafy/ssafy_ws/install/dobot_control/lib/pkgconfig/dobot_control.pc'
[2.071s] Level 1:colcon.colcon_core.environment:checking '/home/ssafy/ssafy_ws/install/dobot_control/lib/python3.10/site-packages'
[2.071s] Level 1:colcon.colcon_core.shell:create_environment_hook('dobot_control', 'pythonpath')
[2.071s] INFO:colcon.colcon_core.shell:Creating environment hook '/home/ssafy/ssafy_ws/install/dobot_control/share/dobot_control/hook/pythonpath.ps1'
[2.071s] INFO:colcon.colcon_core.shell:Creating environment descriptor '/home/ssafy/ssafy_ws/install/dobot_control/share/dobot_control/hook/pythonpath.dsv'
[2.072s] INFO:colcon.colcon_core.shell:Creating environment hook '/home/ssafy/ssafy_ws/install/dobot_control/share/dobot_control/hook/pythonpath.sh'
[2.072s] Level 1:colcon.colcon_core.environment:checking '/home/ssafy/ssafy_ws/install/dobot_control/bin'
[2.072s] Level 1:colcon.colcon_core.environment:create_environment_scripts_only(dobot_control)
[2.072s] INFO:colcon.colcon_core.shell:Creating package script '/home/ssafy/ssafy_ws/install/dobot_control/share/dobot_control/package.ps1'
[2.073s] INFO:colcon.colcon_core.shell:Creating package descriptor '/home/ssafy/ssafy_ws/install/dobot_control/share/dobot_control/package.dsv'
[2.073s] INFO:colcon.colcon_core.shell:Creating package script '/home/ssafy/ssafy_ws/install/dobot_control/share/dobot_control/package.sh'
[2.073s] INFO:colcon.colcon_core.shell:Creating package script '/home/ssafy/ssafy_ws/install/dobot_control/share/dobot_control/package.bash'
[2.073s] INFO:colcon.colcon_core.shell:Creating package script '/home/ssafy/ssafy_ws/install/dobot_control/share/dobot_control/package.zsh'
[2.074s] Level 1:colcon.colcon_core.environment:create_file_with_runtime_dependencies(/home/ssafy/ssafy_ws/install/dobot_control/share/colcon-core/packages/dobot_control)
[2.075s] Level 1:colcon.colcon_core.environment:checking '/home/ssafy/ssafy_ws/install/yolo' for CMake module files
[2.075s] DEBUG:colcon.colcon_core.event_handler.log_command:Invoked command in '/home/ssafy/ssafy_ws/src/yolo' returned '0': PYTHONPATH=/home/ssafy/ssafy_ws/build/yolo/prefix_override:/usr/lib/python3/dist-packages/colcon_core/task/python/colcon_distutils_commands:/home/ssafy/ssafy_ws/install/yolo/lib/python3.10/site-packages:${PYTHONPATH} /usr/bin/python3 -W ignore:setup.py install is deprecated -W ignore:easy_install command is deprecated setup.py egg_info --egg-base ../../build/yolo build --build-base /home/ssafy/ssafy_ws/build/yolo/build install --record /home/ssafy/ssafy_ws/build/yolo/install.log --single-version-externally-managed install_data
[2.076s] Level 1:colcon.colcon_core.environment:checking '/home/ssafy/ssafy_ws/install/yolo' for CMake config files
[2.076s] Level 1:colcon.colcon_core.environment:checking '/home/ssafy/ssafy_ws/install/yolo/lib'
[2.076s] Level 1:colcon.colcon_core.environment:checking '/home/ssafy/ssafy_ws/install/yolo/bin'
[2.076s] Level 1:colcon.colcon_core.environment:checking '/home/ssafy/ssafy_ws/install/yolo/lib/pkgconfig/yolo.pc'
[2.077s] Level 1:colcon.colcon_core.environment:checking '/home/ssafy/ssafy_ws/install/yolo/lib/python3.10/site-packages'
[2.077s] Level 1:colcon.colcon_core.shell:create_environment_hook('yolo', 'pythonpath')
[2.077s] INFO:colcon.colcon_core.shell:Creating environment hook '/home/ssafy/ssafy_ws/install/yolo/share/yolo/hook/pythonpath.ps1'
[2.078s] INFO:colcon.colcon_core.shell:Creating environment descriptor '/home/ssafy/ssafy_ws/install/yolo/share/yolo/hook/pythonpath.dsv'
[2.078s] INFO:colcon.colcon_core.shell:Creating environment hook '/home/ssafy/ssafy_ws/install/yolo/share/yolo/hook/pythonpath.sh'
[2.079s] Level 1:colcon.colcon_core.environment:checking '/home/ssafy/ssafy_ws/install/yolo/bin'
[2.079s] Level 1:colcon.colcon_core.environment:create_environment_scripts_only(yolo)
[2.079s] INFO:colcon.colcon_core.shell:Creating package script '/home/ssafy/ssafy_ws/install/yolo/share/yolo/package.ps1'
[2.080s] INFO:colcon.colcon_core.shell:Creating package descriptor '/home/ssafy/ssafy_ws/install/yolo/share/yolo/package.dsv'
[2.080s] INFO:colcon.colcon_core.shell:Creating package script '/home/ssafy/ssafy_ws/install/yolo/share/yolo/package.sh'
[2.081s] INFO:colcon.colcon_core.shell:Creating package script '/home/ssafy/ssafy_ws/install/yolo/share/yolo/package.bash'
[2.081s] INFO:colcon.colcon_core.shell:Creating package script '/home/ssafy/ssafy_ws/install/yolo/share/yolo/package.zsh'
[2.081s] Level 1:colcon.colcon_core.environment:create_file_with_runtime_dependencies(/home/ssafy/ssafy_ws/install/yolo/share/colcon-core/packages/yolo)
[2.105s] Level 1:colcon.colcon_core.environment:checking '/home/ssafy/ssafy_ws/install/sensor_sub_pkg' for CMake module files
[2.106s] DEBUG:colcon.colcon_core.event_handler.log_command:Invoked command in '/home/ssafy/ssafy_ws/src/sensor_sub_pkg' returned '0': PYTHONPATH=/home/ssafy/ssafy_ws/build/sensor_sub_pkg/prefix_override:/usr/lib/python3/dist-packages/colcon_core/task/python/colcon_distutils_commands:/home/ssafy/ssafy_ws/install/sensor_sub_pkg/lib/python3.10/site-packages:${PYTHONPATH} /usr/bin/python3 -W ignore:setup.py install is deprecated -W ignore:easy_install command is deprecated setup.py egg_info --egg-base ../../build/sensor_sub_pkg build --build-base /home/ssafy/ssafy_ws/build/sensor_sub_pkg/build install --record /home/ssafy/ssafy_ws/build/sensor_sub_pkg/install.log --single-version-externally-managed install_data
[2.106s] Level 1:colcon.colcon_core.environment:checking '/home/ssafy/ssafy_ws/install/sensor_sub_pkg' for CMake config files
[2.107s] Level 1:colcon.colcon_core.environment:checking '/home/ssafy/ssafy_ws/install/sensor_sub_pkg/lib'
[2.107s] Level 1:colcon.colcon_core.environment:checking '/home/ssafy/ssafy_ws/install/sensor_sub_pkg/bin'
[2.107s] Level 1:colcon.colcon_core.environment:checking '/home/ssafy/ssafy_ws/install/sensor_sub_pkg/lib/pkgconfig/sensor_sub_pkg.pc'
[2.107s] Level 1:colcon.colcon_core.environment:checking '/home/ssafy/ssafy_ws/install/sensor_sub_pkg/lib/python3.10/site-packages'
[2.107s] Level 1:colcon.colcon_core.shell:create_environment_hook('sensor_sub_pkg', 'pythonpath')
[2.107s] INFO:colcon.colcon_core.shell:Creating environment hook '/home/ssafy/ssafy_ws/install/sensor_sub_pkg/share/sensor_sub_pkg/hook/pythonpath.ps1'
[2.107s] INFO:colcon.colcon_core.shell:Creating environment descriptor '/home/ssafy/ssafy_ws/install/sensor_sub_pkg/share/sensor_sub_pkg/hook/pythonpath.dsv'
[2.108s] INFO:colcon.colcon_core.shell:Creating environment hook '/home/ssafy/ssafy_ws/install/sensor_sub_pkg/share/sensor_sub_pkg/hook/pythonpath.sh'
[2.108s] Level 1:colcon.colcon_core.environment:checking '/home/ssafy/ssafy_ws/install/sensor_sub_pkg/bin'
[2.108s] Level 1:colcon.colcon_core.environment:create_environment_scripts_only(sensor_sub_pkg)
[2.108s] INFO:colcon.colcon_core.shell:Creating package script '/home/ssafy/ssafy_ws/install/sensor_sub_pkg/share/sensor_sub_pkg/package.ps1'
[2.109s] INFO:colcon.colcon_core.shell:Creating package descriptor '/home/ssafy/ssafy_ws/install/sensor_sub_pkg/share/sensor_sub_pkg/package.dsv'
[2.109s] INFO:colcon.colcon_core.shell:Creating package script '/home/ssafy/ssafy_ws/install/sensor_sub_pkg/share/sensor_sub_pkg/package.sh'
[2.109s] INFO:colcon.colcon_core.shell:Creating package script '/home/ssafy/ssafy_ws/install/sensor_sub_pkg/share/sensor_sub_pkg/package.bash'
[2.109s] INFO:colcon.colcon_core.shell:Creating package script '/home/ssafy/ssafy_ws/install/sensor_sub_pkg/share/sensor_sub_pkg/package.zsh'
[2.110s] Level 1:colcon.colcon_core.environment:create_file_with_runtime_dependencies(/home/ssafy/ssafy_ws/install/sensor_sub_pkg/share/colcon-core/packages/sensor_sub_pkg)
[2.136s] Level 1:colcon.colcon_core.environment:checking '/home/ssafy/ssafy_ws/install/slam_control' for CMake module files
[2.137s] DEBUG:colcon.colcon_core.event_handler.log_command:Invoked command in '/home/ssafy/ssafy_ws/src/slam_control' returned '0': PYTHONPATH=/home/ssafy/ssafy_ws/build/slam_control/prefix_override:/usr/lib/python3/dist-packages/colcon_core/task/python/colcon_distutils_commands:/home/ssafy/ssafy_ws/install/slam_control/lib/python3.10/site-packages:${PYTHONPATH} /usr/bin/python3 -W ignore:setup.py install is deprecated -W ignore:easy_install command is deprecated setup.py egg_info --egg-base ../../build/slam_control build --build-base /home/ssafy/ssafy_ws/build/slam_control/build install --record /home/ssafy/ssafy_ws/build/slam_control/install.log --single-version-externally-managed install_data
[2.137s] Level 1:colcon.colcon_core.environment:checking '/home/ssafy/ssafy_ws/install/slam_control' for CMake config files
[2.138s] Level 1:colcon.colcon_core.environment:checking '/home/ssafy/ssafy_ws/install/slam_control/lib'
[2.138s] Level 1:colcon.colcon_core.environment:checking '/home/ssafy/ssafy_ws/install/slam_control/bin'
[2.138s] Level 1:colcon.colcon_core.environment:checking '/home/ssafy/ssafy_ws/install/slam_control/lib/pkgconfig/slam_control.pc'
[2.139s] Level 1:colcon.colcon_core.environment:checking '/home/ssafy/ssafy_ws/install/slam_control/lib/python3.10/site-packages'
[2.139s] Level 1:colcon.colcon_core.shell:create_environment_hook('slam_control', 'pythonpath')
[2.139s] INFO:colcon.colcon_core.shell:Creating environment hook '/home/ssafy/ssafy_ws/install/slam_control/share/slam_control/hook/pythonpath.ps1'
[2.139s] INFO:colcon.colcon_core.shell:Creating environment descriptor '/home/ssafy/ssafy_ws/install/slam_control/share/slam_control/hook/pythonpath.dsv'
[2.140s] INFO:colcon.colcon_core.shell:Creating environment hook '/home/ssafy/ssafy_ws/install/slam_control/share/slam_control/hook/pythonpath.sh'
[2.140s] Level 1:colcon.colcon_core.environment:checking '/home/ssafy/ssafy_ws/install/slam_control/bin'
[2.140s] Level 1:colcon.colcon_core.environment:create_environment_scripts_only(slam_control)
[2.141s] INFO:colcon.colcon_core.shell:Creating package script '/home/ssafy/ssafy_ws/install/slam_control/share/slam_control/package.ps1'
[2.141s] INFO:colcon.colcon_core.shell:Creating package descriptor '/home/ssafy/ssafy_ws/install/slam_control/share/slam_control/package.dsv'
[2.141s] INFO:colcon.colcon_core.shell:Creating package script '/home/ssafy/ssafy_ws/install/slam_control/share/slam_control/package.sh'
[2.141s] INFO:colcon.colcon_core.shell:Creating package script '/home/ssafy/ssafy_ws/install/slam_control/share/slam_control/package.bash'
[2.142s] INFO:colcon.colcon_core.shell:Creating package script '/home/ssafy/ssafy_ws/install/slam_control/share/slam_control/package.zsh'
[2.142s] Level 1:colcon.colcon_core.environment:create_file_with_runtime_dependencies(/home/ssafy/ssafy_ws/install/slam_control/share/colcon-core/packages/slam_control)
[2.181s] Level 1:colcon.colcon_core.environment:checking '/home/ssafy/ssafy_ws/install/my_robot_controller' for CMake module files
[2.182s] DEBUG:colcon.colcon_core.event_handler.log_command:Invoked command in '/home/ssafy/ssafy_ws/src/my_robot_controller' returned '0': PYTHONPATH=/home/ssafy/ssafy_ws/build/my_robot_controller/prefix_override:/usr/lib/python3/dist-packages/colcon_core/task/python/colcon_distutils_commands:/home/ssafy/ssafy_ws/install/my_robot_controller/lib/python3.10/site-packages:${PYTHONPATH} /usr/bin/python3 -W ignore:setup.py install is deprecated -W ignore:easy_install command is deprecated setup.py egg_info --egg-base ../../build/my_robot_controller build --build-base /home/ssafy/ssafy_ws/build/my_robot_controller/build install --record /home/ssafy/ssafy_ws/build/my_robot_controller/install.log --single-version-externally-managed install_data
[2.182s] Level 1:colcon.colcon_core.environment:checking '/home/ssafy/ssafy_ws/install/my_robot_controller' for CMake config files
[2.183s] Level 1:colcon.colcon_core.environment:checking '/home/ssafy/ssafy_ws/install/my_robot_controller/lib'
[2.183s] Level 1:colcon.colcon_core.environment:checking '/home/ssafy/ssafy_ws/install/my_robot_controller/bin'
[2.183s] Level 1:colcon.colcon_core.environment:checking '/home/ssafy/ssafy_ws/install/my_robot_controller/lib/pkgconfig/my_robot_controller.pc'
[2.183s] Level 1:colcon.colcon_core.environment:checking '/home/ssafy/ssafy_ws/install/my_robot_controller/lib/python3.10/site-packages'
[2.183s] Level 1:colcon.colcon_core.shell:create_environment_hook('my_robot_controller', 'pythonpath')
[2.183s] INFO:colcon.colcon_core.shell:Creating environment hook '/home/ssafy/ssafy_ws/install/my_robot_controller/share/my_robot_controller/hook/pythonpath.ps1'
[2.184s] INFO:colcon.colcon_core.shell:Creating environment descriptor '/home/ssafy/ssafy_ws/install/my_robot_controller/share/my_robot_controller/hook/pythonpath.dsv'
[2.184s] INFO:colcon.colcon_core.shell:Creating environment hook '/home/ssafy/ssafy_ws/install/my_robot_controller/share/my_robot_controller/hook/pythonpath.sh'
[2.184s] Level 1:colcon.colcon_core.environment:checking '/home/ssafy/ssafy_ws/install/my_robot_controller/bin'
[2.184s] Level 1:colcon.colcon_core.environment:create_environment_scripts_only(my_robot_controller)
[2.185s] INFO:colcon.colcon_core.shell:Creating package script '/home/ssafy/ssafy_ws/install/my_robot_controller/share/my_robot_controller/package.ps1'
[2.185s] INFO:colcon.colcon_core.shell:Creating package descriptor '/home/ssafy/ssafy_ws/install/my_robot_controller/share/my_robot_controller/package.dsv'
[2.185s] INFO:colcon.colcon_core.shell:Creating package script '/home/ssafy/ssafy_ws/install/my_robot_controller/share/my_robot_controller/package.sh'
[2.185s] INFO:colcon.colcon_core.shell:Creating package script '/home/ssafy/ssafy_ws/install/my_robot_controller/share/my_robot_controller/package.bash'
[2.185s] INFO:colcon.colcon_core.shell:Creating package script '/home/ssafy/ssafy_ws/install/my_robot_controller/share/my_robot_controller/package.zsh'
[2.186s] Level 1:colcon.colcon_core.environment:create_file_with_runtime_dependencies(/home/ssafy/ssafy_ws/install/my_robot_controller/share/colcon-core/packages/my_robot_controller)
[2.186s] DEBUG:colcon.colcon_parallel_executor.executor.parallel:closing loop
[2.186s] DEBUG:colcon.colcon_parallel_executor.executor.parallel:loop closed
[2.186s] DEBUG:colcon.colcon_parallel_executor.executor.parallel:run_until_complete finished with '0'
[2.186s] DEBUG:colcon.colcon_core.event_reactor:joining thread
[2.190s] INFO:colcon.colcon_core.plugin_system:Skipping extension 'colcon_notification.desktop_notification.terminal_notifier': Not used on non-Darwin systems
[2.190s] INFO:colcon.colcon_core.plugin_system:Skipping extension 'colcon_notification.desktop_notification.win32': Not used on non-Windows systems
[2.190s] INFO:colcon.colcon_notification.desktop_notification:Sending desktop notification using 'notify2'
[2.199s] DEBUG:colcon.colcon_core.event_reactor:joined thread
[2.199s] INFO:colcon.colcon_core.shell:Creating prefix script '/home/ssafy/ssafy_ws/install/local_setup.ps1'
[2.200s] INFO:colcon.colcon_core.shell:Creating prefix util module '/home/ssafy/ssafy_ws/install/_local_setup_util_ps1.py'
[2.201s] INFO:colcon.colcon_core.shell:Creating prefix chain script '/home/ssafy/ssafy_ws/install/setup.ps1'
[2.202s] INFO:colcon.colcon_core.shell:Creating prefix script '/home/ssafy/ssafy_ws/install/local_setup.sh'
[2.202s] INFO:colcon.colcon_core.shell:Creating prefix util module '/home/ssafy/ssafy_ws/install/_local_setup_util_sh.py'
[2.203s] INFO:colcon.colcon_core.shell:Creating prefix chain script '/home/ssafy/ssafy_ws/install/setup.sh'
[2.204s] INFO:colcon.colcon_core.shell:Creating prefix script '/home/ssafy/ssafy_ws/install/local_setup.bash'
[2.204s] INFO:colcon.colcon_core.shell:Creating prefix chain script '/home/ssafy/ssafy_ws/install/setup.bash'
[2.205s] INFO:colcon.colcon_core.shell:Creating prefix script '/home/ssafy/ssafy_ws/install/local_setup.zsh'
[2.205s] INFO:colcon.colcon_core.shell:Creating prefix chain script '/home/ssafy/ssafy_ws/install/setup.zsh'
