[1.828s] Invoking command in '/home/ssafy/ssafy_ws/src/slam_control': PYTHONPATH=/home/ssafy/ssafy_ws/build/slam_control/prefix_override:/usr/lib/python3/dist-packages/colcon_core/task/python/colcon_distutils_commands:/home/ssafy/ssafy_ws/install/slam_control/lib/python3.10/site-packages:${PYTHONPATH} /usr/bin/python3 -W ignore:setup.py install is deprecated -W ignore:easy_install command is deprecated setup.py egg_info --egg-base ../../build/slam_control build --build-base /home/ssafy/ssafy_ws/build/slam_control/build install --record /home/ssafy/ssafy_ws/build/slam_control/install.log --single-version-externally-managed install_data
[2.037s] running egg_info
[2.049s] writing ../../build/slam_control/slam_control.egg-info/PKG-INFO
[2.049s] writing dependency_links to ../../build/slam_control/slam_control.egg-info/dependency_links.txt
[2.049s] writing requirements to ../../build/slam_control/slam_control.egg-info/requires.txt
[2.050s] writing top-level names to ../../build/slam_control/slam_control.egg-info/top_level.txt
[2.074s] reading manifest file '../../build/slam_control/slam_control.egg-info/SOURCES.txt'
[2.075s] writing manifest file '../../build/slam_control/slam_control.egg-info/SOURCES.txt'
[2.075s] running build
[2.075s] running build_py
[2.076s] running install
[2.080s] running install_lib
[2.093s] running install_data
[2.093s] copying resource/slam_control -> /home/ssafy/ssafy_ws/install/slam_control/share/ament_index/resource_index/packages
[2.093s] copying package.xml -> /home/ssafy/ssafy_ws/install/slam_control/share/slam_control
[2.093s] running install_egg_info
[2.107s] removing '/home/ssafy/ssafy_ws/install/slam_control/lib/python3.10/site-packages/slam_control-0.0.0-py3.10.egg-info' (and everything under it)
[2.107s] Copying ../../build/slam_control/slam_control.egg-info to /home/ssafy/ssafy_ws/install/slam_control/lib/python3.10/site-packages/slam_control-0.0.0-py3.10.egg-info
[2.108s] running install_scripts
[2.218s] writing list of installed files to '/home/ssafy/ssafy_ws/build/slam_control/install.log'
[2.260s] Invoked command in '/home/ssafy/ssafy_ws/src/slam_control' returned '0': PYTHONPATH=/home/ssafy/ssafy_ws/build/slam_control/prefix_override:/usr/lib/python3/dist-packages/colcon_core/task/python/colcon_distutils_commands:/home/ssafy/ssafy_ws/install/slam_control/lib/python3.10/site-packages:${PYTHONPATH} /usr/bin/python3 -W ignore:setup.py install is deprecated -W ignore:easy_install command is deprecated setup.py egg_info --egg-base ../../build/slam_control build --build-base /home/ssafy/ssafy_ws/build/slam_control/build install --record /home/ssafy/ssafy_ws/build/slam_control/install.log --single-version-externally-managed install_data
