[0.018s] Invoking command in '/home/ssafy/turtlebot3_ws/build/turtlebot3_description': CMAKE_PREFIX_PATH=/home/ssafy/ssafy_ws/install/simple_car_tf:/opt/ros/humble /usr/bin/cmake /home/ssafy/turtlebot3_ws/src/turtlebot3/turtlebot3_description -DAMENT_CMAKE_SYMLINK_INSTALL=1 -DCMAKE_INSTALL_PREFIX=/home/ssafy/turtlebot3_ws/install/turtlebot3_description
[0.098s] -- The C compiler identification is GNU 11.4.0
[0.146s] -- The CXX compiler identification is GNU 11.4.0
[0.153s] -- Detecting C compiler ABI info
[0.205s] -- Detecting C compiler ABI info - done
[0.212s] -- Check for working C compiler: /usr/bin/cc - skipped
[0.212s] -- Detecting C compile features
[0.212s] -- Detecting C compile features - done
[0.214s] -- Detecting CXX compiler ABI info
[0.273s] -- Detecting CXX compiler ABI info - done
[0.282s] -- Check for working CXX compiler: /usr/bin/c++ - skipped
[0.282s] -- Detecting CXX compile features
[0.283s] -- Detecting CXX compile features - done
[0.286s] -- Found ament_cmake: 1.3.12 (/opt/ros/humble/share/ament_cmake/cmake)
[0.425s] -- Found Python3: /usr/bin/python3 (found version "3.10.12") found components: Interpreter 
[0.476s] -- Override CMake install command with custom implementation using symlinks instead of copying resources
[0.493s] -- Found urdf: 2.6.1 (/opt/ros/humble/share/urdf/cmake)
[0.581s] -- Configuring done
[0.584s] -- Generating done
[0.586s] -- Build files have been written to: /home/ssafy/turtlebot3_ws/build/turtlebot3_description
[0.590s] Invoked command in '/home/ssafy/turtlebot3_ws/build/turtlebot3_description' returned '0': CMAKE_PREFIX_PATH=/home/ssafy/ssafy_ws/install/simple_car_tf:/opt/ros/humble /usr/bin/cmake /home/ssafy/turtlebot3_ws/src/turtlebot3/turtlebot3_description -DAMENT_CMAKE_SYMLINK_INSTALL=1 -DCMAKE_INSTALL_PREFIX=/home/ssafy/turtlebot3_ws/install/turtlebot3_description
[0.591s] Invoking command in '/home/ssafy/turtlebot3_ws/build/turtlebot3_description': CMAKE_PREFIX_PATH=/home/ssafy/ssafy_ws/install/simple_car_tf:/opt/ros/humble /usr/bin/cmake --build /home/ssafy/turtlebot3_ws/build/turtlebot3_description -- -j20 -l20
[0.620s] Invoked command in '/home/ssafy/turtlebot3_ws/build/turtlebot3_description' returned '0': CMAKE_PREFIX_PATH=/home/ssafy/ssafy_ws/install/simple_car_tf:/opt/ros/humble /usr/bin/cmake --build /home/ssafy/turtlebot3_ws/build/turtlebot3_description -- -j20 -l20
[0.622s] Invoking command in '/home/ssafy/turtlebot3_ws/build/turtlebot3_description': CMAKE_PREFIX_PATH=/home/ssafy/ssafy_ws/install/simple_car_tf:/opt/ros/humble /usr/bin/cmake --install /home/ssafy/turtlebot3_ws/build/turtlebot3_description
[0.630s] -- Install configuration: ""
[0.630s] -- Execute custom install script
[0.632s] -- Symlinking: /home/ssafy/turtlebot3_ws/install/turtlebot3_description/share/turtlebot3_description/meshes/bases/burger_base.stl
[0.641s] -- Symlinking: /home/ssafy/turtlebot3_ws/install/turtlebot3_description/share/turtlebot3_description/meshes/bases/waffle_base.stl
[0.648s] -- Symlinking: /home/ssafy/turtlebot3_ws/install/turtlebot3_description/share/turtlebot3_description/meshes/bases/waffle_pi_base.stl
[0.657s] -- Symlinking: /home/ssafy/turtlebot3_ws/install/turtlebot3_description/share/turtlebot3_description/meshes/sensors/astra.dae
[0.665s] -- Symlinking: /home/ssafy/turtlebot3_ws/install/turtlebot3_description/share/turtlebot3_description/meshes/sensors/astra.jpg
[0.674s] -- Symlinking: /home/ssafy/turtlebot3_ws/install/turtlebot3_description/share/turtlebot3_description/meshes/sensors/lds.stl
[0.680s] -- Symlinking: /home/ssafy/turtlebot3_ws/install/turtlebot3_description/share/turtlebot3_description/meshes/sensors/r200.dae
[0.688s] -- Symlinking: /home/ssafy/turtlebot3_ws/install/turtlebot3_description/share/turtlebot3_description/meshes/sensors/r200.jpg
[0.697s] -- Symlinking: /home/ssafy/turtlebot3_ws/install/turtlebot3_description/share/turtlebot3_description/meshes/wheels/left_tire.stl
[0.706s] -- Symlinking: /home/ssafy/turtlebot3_ws/install/turtlebot3_description/share/turtlebot3_description/meshes/wheels/right_tire.stl
[0.716s] -- Symlinking: /home/ssafy/turtlebot3_ws/install/turtlebot3_description/share/turtlebot3_description/rviz/model.rviz
[0.727s] -- Symlinking: /home/ssafy/turtlebot3_ws/install/turtlebot3_description/share/turtlebot3_description/urdf/common_properties.urdf
[0.734s] -- Symlinking: /home/ssafy/turtlebot3_ws/install/turtlebot3_description/share/turtlebot3_description/urdf/turtlebot3_burger.urdf
[0.743s] -- Symlinking: /home/ssafy/turtlebot3_ws/install/turtlebot3_description/share/turtlebot3_description/urdf/turtlebot3_waffle.urdf
[0.752s] -- Symlinking: /home/ssafy/turtlebot3_ws/install/turtlebot3_description/share/turtlebot3_description/urdf/turtlebot3_waffle_pi.urdf
[0.763s] -- Symlinking: /home/ssafy/turtlebot3_ws/install/turtlebot3_description/share/ament_index/resource_index/package_run_dependencies/turtlebot3_description
[0.772s] -- Symlinking: /home/ssafy/turtlebot3_ws/install/turtlebot3_description/share/ament_index/resource_index/parent_prefix_path/turtlebot3_description
[0.782s] -- Symlinking: /home/ssafy/turtlebot3_ws/install/turtlebot3_description/share/turtlebot3_description/environment/ament_prefix_path.sh
[0.793s] -- Symlinking: /home/ssafy/turtlebot3_ws/install/turtlebot3_description/share/turtlebot3_description/environment/ament_prefix_path.dsv
[0.799s] -- Symlinking: /home/ssafy/turtlebot3_ws/install/turtlebot3_description/share/turtlebot3_description/environment/path.sh
[0.807s] -- Symlinking: /home/ssafy/turtlebot3_ws/install/turtlebot3_description/share/turtlebot3_description/environment/path.dsv
[0.817s] -- Symlinking: /home/ssafy/turtlebot3_ws/install/turtlebot3_description/share/turtlebot3_description/local_setup.bash
[0.827s] -- Symlinking: /home/ssafy/turtlebot3_ws/install/turtlebot3_description/share/turtlebot3_description/local_setup.sh
[0.837s] -- Symlinking: /home/ssafy/turtlebot3_ws/install/turtlebot3_description/share/turtlebot3_description/local_setup.zsh
[0.843s] -- Symlinking: /home/ssafy/turtlebot3_ws/install/turtlebot3_description/share/turtlebot3_description/local_setup.dsv
[0.850s] -- Symlinking: /home/ssafy/turtlebot3_ws/install/turtlebot3_description/share/turtlebot3_description/package.dsv
[0.857s] -- Symlinking: /home/ssafy/turtlebot3_ws/install/turtlebot3_description/share/ament_index/resource_index/packages/turtlebot3_description
[0.863s] -- Symlinking: /home/ssafy/turtlebot3_ws/install/turtlebot3_description/share/turtlebot3_description/cmake/turtlebot3_descriptionConfig.cmake
[0.872s] -- Symlinking: /home/ssafy/turtlebot3_ws/install/turtlebot3_description/share/turtlebot3_description/cmake/turtlebot3_descriptionConfig-version.cmake
[0.879s] -- Symlinking: /home/ssafy/turtlebot3_ws/install/turtlebot3_description/share/turtlebot3_description/package.xml
[0.886s] Invoked command in '/home/ssafy/turtlebot3_ws/build/turtlebot3_description' returned '0': CMAKE_PREFIX_PATH=/home/ssafy/ssafy_ws/install/simple_car_tf:/opt/ros/humble /usr/bin/cmake --install /home/ssafy/turtlebot3_ws/build/turtlebot3_description
