[0.084s] DEBUG:colcon:Command line arguments: ['/usr/bin/colcon', 'build']
[0.084s] DEBUG:colcon:Parsed command line arguments: Namespace(log_base=None, log_level=None, verb_name='build', build_base='build', install_base='install', merge_install=False, symlink_install=False, test_result_base=None, continue_on_error=False, executor='parallel', parallel_workers=20, event_handlers=None, ignore_user_meta=False, metas=['./colcon.meta'], base_paths=['.'], packages_ignore=None, packages_ignore_regex=None, paths=None, packages_up_to=None, packages_up_to_regex=None, packages_above=None, packages_above_and_dependencies=None, packages_above_depth=None, packages_select_by_dep=None, packages_skip_by_dep=None, packages_skip_up_to=None, packages_select_build_failed=False, packages_skip_build_finished=False, packages_select_test_failures=False, packages_skip_test_passed=False, packages_select=None, packages_skip=None, packages_select_regex=None, packages_skip_regex=None, packages_start=None, packages_end=None, allow_overriding=[], cmake_args=None, cmake_target=None, cmake_target_skip_unavailable=False, cmake_clean_cache=False, cmake_clean_first=False, cmake_force_configure=False, ament_cmake_args=None, catkin_cmake_args=None, catkin_skip_building_tests=False, mixin_files=None, mixin=None, verb_parser=<colcon_mixin.mixin.mixin_argument.MixinArgumentDecorator object at 0x77a635343eb0>, verb_extension=<colcon_core.verb.build.BuildVerb object at 0x77a635470d60>, main=<bound method BuildVerb.main of <colcon_core.verb.build.BuildVerb object at 0x77a635470d60>>, mixin_verb=('build',))
[0.216s] Level 1:colcon.colcon_core.package_discovery:discover_packages(colcon_meta) check parameters
[0.216s] Level 1:colcon.colcon_core.package_discovery:discover_packages(recursive) check parameters
[0.216s] Level 1:colcon.colcon_core.package_discovery:discover_packages(ignore) check parameters
[0.216s] Level 1:colcon.colcon_core.package_discovery:discover_packages(path) check parameters
[0.216s] Level 1:colcon.colcon_core.package_discovery:discover_packages(colcon_meta) discover
[0.216s] Level 1:colcon.colcon_core.package_discovery:discover_packages(recursive) discover
[0.216s] INFO:colcon.colcon_core.package_discovery:Crawling recursively for packages in '/home/ssafy/ssafy_ws'
[0.216s] Level 1:colcon.colcon_core.package_identification:_identify(.) by extensions ['ignore', 'ignore_ament_install']
[0.216s] Level 1:colcon.colcon_core.package_identification:_identify(.) by extension 'ignore'
[0.216s] Level 1:colcon.colcon_core.package_identification:_identify(.) by extension 'ignore_ament_install'
[0.216s] Level 1:colcon.colcon_core.package_identification:_identify(.) by extensions ['colcon_pkg']
[0.216s] Level 1:colcon.colcon_core.package_identification:_identify(.) by extension 'colcon_pkg'
[0.216s] Level 1:colcon.colcon_core.package_identification:_identify(.) by extensions ['colcon_meta']
[0.216s] Level 1:colcon.colcon_core.package_identification:_identify(.) by extension 'colcon_meta'
[0.216s] Level 1:colcon.colcon_core.package_identification:_identify(.) by extensions ['ros']
[0.216s] Level 1:colcon.colcon_core.package_identification:_identify(.) by extension 'ros'
[0.222s] Level 1:colcon.colcon_core.package_identification:_identify(.) by extensions ['cmake', 'python']
[0.222s] Level 1:colcon.colcon_core.package_identification:_identify(.) by extension 'cmake'
[0.223s] Level 1:colcon.colcon_core.package_identification:_identify(.) by extension 'python'
[0.223s] Level 1:colcon.colcon_core.package_identification:_identify(.) by extensions ['python_setup_py']
[0.223s] Level 1:colcon.colcon_core.package_identification:_identify(.) by extension 'python_setup_py'
[0.223s] Level 1:colcon.colcon_core.package_identification:_identify(build) by extensions ['ignore', 'ignore_ament_install']
[0.223s] Level 1:colcon.colcon_core.package_identification:_identify(build) by extension 'ignore'
[0.223s] Level 1:colcon.colcon_core.package_identification:_identify(build) ignored
[0.223s] Level 1:colcon.colcon_core.package_identification:_identify(install) by extensions ['ignore', 'ignore_ament_install']
[0.223s] Level 1:colcon.colcon_core.package_identification:_identify(install) by extension 'ignore'
[0.223s] Level 1:colcon.colcon_core.package_identification:_identify(install) ignored
[0.223s] Level 1:colcon.colcon_core.package_identification:_identify(log) by extensions ['ignore', 'ignore_ament_install']
[0.223s] Level 1:colcon.colcon_core.package_identification:_identify(log) by extension 'ignore'
[0.223s] Level 1:colcon.colcon_core.package_identification:_identify(log) ignored
[0.223s] Level 1:colcon.colcon_core.package_identification:_identify(src) by extensions ['ignore', 'ignore_ament_install']
[0.223s] Level 1:colcon.colcon_core.package_identification:_identify(src) by extension 'ignore'
[0.223s] Level 1:colcon.colcon_core.package_identification:_identify(src) by extension 'ignore_ament_install'
[0.223s] Level 1:colcon.colcon_core.package_identification:_identify(src) by extensions ['colcon_pkg']
[0.223s] Level 1:colcon.colcon_core.package_identification:_identify(src) by extension 'colcon_pkg'
[0.223s] Level 1:colcon.colcon_core.package_identification:_identify(src) by extensions ['colcon_meta']
[0.223s] Level 1:colcon.colcon_core.package_identification:_identify(src) by extension 'colcon_meta'
[0.223s] Level 1:colcon.colcon_core.package_identification:_identify(src) by extensions ['ros']
[0.223s] Level 1:colcon.colcon_core.package_identification:_identify(src) by extension 'ros'
[0.223s] Level 1:colcon.colcon_core.package_identification:_identify(src) by extensions ['cmake', 'python']
[0.223s] Level 1:colcon.colcon_core.package_identification:_identify(src) by extension 'cmake'
[0.223s] Level 1:colcon.colcon_core.package_identification:_identify(src) by extension 'python'
[0.223s] Level 1:colcon.colcon_core.package_identification:_identify(src) by extensions ['python_setup_py']
[0.223s] Level 1:colcon.colcon_core.package_identification:_identify(src) by extension 'python_setup_py'
[0.223s] Level 1:colcon.colcon_core.package_identification:_identify(src/my_robot_controller) by extensions ['ignore', 'ignore_ament_install']
[0.223s] Level 1:colcon.colcon_core.package_identification:_identify(src/my_robot_controller) by extension 'ignore'
[0.223s] Level 1:colcon.colcon_core.package_identification:_identify(src/my_robot_controller) by extension 'ignore_ament_install'
[0.223s] Level 1:colcon.colcon_core.package_identification:_identify(src/my_robot_controller) by extensions ['colcon_pkg']
[0.224s] Level 1:colcon.colcon_core.package_identification:_identify(src/my_robot_controller) by extension 'colcon_pkg'
[0.224s] Level 1:colcon.colcon_core.package_identification:_identify(src/my_robot_controller) by extensions ['colcon_meta']
[0.224s] Level 1:colcon.colcon_core.package_identification:_identify(src/my_robot_controller) by extension 'colcon_meta'
[0.224s] Level 1:colcon.colcon_core.package_identification:_identify(src/my_robot_controller) by extensions ['ros']
[0.224s] Level 1:colcon.colcon_core.package_identification:_identify(src/my_robot_controller) by extension 'ros'
[0.226s] DEBUG:colcon.colcon_core.package_identification:Package 'src/my_robot_controller' with type 'ros.ament_python' and name 'my_robot_controller'
[0.226s] Level 1:colcon.colcon_core.package_identification:_identify(src/simple_car_tf) by extensions ['ignore', 'ignore_ament_install']
[0.226s] Level 1:colcon.colcon_core.package_identification:_identify(src/simple_car_tf) by extension 'ignore'
[0.226s] Level 1:colcon.colcon_core.package_identification:_identify(src/simple_car_tf) by extension 'ignore_ament_install'
[0.226s] Level 1:colcon.colcon_core.package_identification:_identify(src/simple_car_tf) by extensions ['colcon_pkg']
[0.226s] Level 1:colcon.colcon_core.package_identification:_identify(src/simple_car_tf) by extension 'colcon_pkg'
[0.226s] Level 1:colcon.colcon_core.package_identification:_identify(src/simple_car_tf) by extensions ['colcon_meta']
[0.226s] Level 1:colcon.colcon_core.package_identification:_identify(src/simple_car_tf) by extension 'colcon_meta'
[0.226s] Level 1:colcon.colcon_core.package_identification:_identify(src/simple_car_tf) by extensions ['ros']
[0.226s] Level 1:colcon.colcon_core.package_identification:_identify(src/simple_car_tf) by extension 'ros'
[0.226s] DEBUG:colcon.colcon_core.package_identification:Package 'src/simple_car_tf' with type 'ros.ament_python' and name 'simple_car_tf'
[0.226s] Level 1:colcon.colcon_core.package_discovery:discover_packages(recursive) using defaults
[0.227s] Level 1:colcon.colcon_core.package_discovery:discover_packages(ignore) discover
[0.227s] Level 1:colcon.colcon_core.package_discovery:discover_packages(ignore) using defaults
[0.227s] Level 1:colcon.colcon_core.package_discovery:discover_packages(path) discover
[0.227s] Level 1:colcon.colcon_core.package_discovery:discover_packages(path) using defaults
[0.247s] Level 1:colcon.colcon_core.package_discovery:discover_packages(prefix_path) check parameters
[0.247s] Level 1:colcon.colcon_core.package_discovery:discover_packages(prefix_path) discover
[0.249s] DEBUG:colcon.colcon_installed_package_information.package_discovery:Found 16 installed packages in /home/ssafy/turtlebot3_ws/install
[0.249s] DEBUG:colcon.colcon_installed_package_information.package_discovery:Found 1 installed packages in /home/ssafy/ssafy_ws/install
[0.250s] DEBUG:colcon.colcon_installed_package_information.package_discovery:Found 380 installed packages in /opt/ros/humble
[0.251s] Level 1:colcon.colcon_core.package_discovery:discover_packages(prefix_path) using defaults
[0.280s] Level 5:colcon.colcon_core.verb:set package 'my_robot_controller' build argument 'cmake_args' from command line to 'None'
[0.280s] Level 5:colcon.colcon_core.verb:set package 'my_robot_controller' build argument 'cmake_target' from command line to 'None'
[0.280s] Level 5:colcon.colcon_core.verb:set package 'my_robot_controller' build argument 'cmake_target_skip_unavailable' from command line to 'False'
[0.280s] Level 5:colcon.colcon_core.verb:set package 'my_robot_controller' build argument 'cmake_clean_cache' from command line to 'False'
[0.280s] Level 5:colcon.colcon_core.verb:set package 'my_robot_controller' build argument 'cmake_clean_first' from command line to 'False'
[0.280s] Level 5:colcon.colcon_core.verb:set package 'my_robot_controller' build argument 'cmake_force_configure' from command line to 'False'
[0.280s] Level 5:colcon.colcon_core.verb:set package 'my_robot_controller' build argument 'ament_cmake_args' from command line to 'None'
[0.280s] Level 5:colcon.colcon_core.verb:set package 'my_robot_controller' build argument 'catkin_cmake_args' from command line to 'None'
[0.280s] Level 5:colcon.colcon_core.verb:set package 'my_robot_controller' build argument 'catkin_skip_building_tests' from command line to 'False'
[0.280s] DEBUG:colcon.colcon_core.verb:Building package 'my_robot_controller' with the following arguments: {'ament_cmake_args': None, 'build_base': '/home/ssafy/ssafy_ws/build/my_robot_controller', 'catkin_cmake_args': None, 'catkin_skip_building_tests': False, 'cmake_args': None, 'cmake_clean_cache': False, 'cmake_clean_first': False, 'cmake_force_configure': False, 'cmake_target': None, 'cmake_target_skip_unavailable': False, 'install_base': '/home/ssafy/ssafy_ws/install/my_robot_controller', 'merge_install': False, 'path': '/home/ssafy/ssafy_ws/src/my_robot_controller', 'symlink_install': False, 'test_result_base': None}
[0.280s] Level 5:colcon.colcon_core.verb:set package 'simple_car_tf' build argument 'cmake_args' from command line to 'None'
[0.280s] Level 5:colcon.colcon_core.verb:set package 'simple_car_tf' build argument 'cmake_target' from command line to 'None'
[0.280s] Level 5:colcon.colcon_core.verb:set package 'simple_car_tf' build argument 'cmake_target_skip_unavailable' from command line to 'False'
[0.280s] Level 5:colcon.colcon_core.verb:set package 'simple_car_tf' build argument 'cmake_clean_cache' from command line to 'False'
[0.280s] Level 5:colcon.colcon_core.verb:set package 'simple_car_tf' build argument 'cmake_clean_first' from command line to 'False'
[0.280s] Level 5:colcon.colcon_core.verb:set package 'simple_car_tf' build argument 'cmake_force_configure' from command line to 'False'
[0.280s] Level 5:colcon.colcon_core.verb:set package 'simple_car_tf' build argument 'ament_cmake_args' from command line to 'None'
[0.280s] Level 5:colcon.colcon_core.verb:set package 'simple_car_tf' build argument 'catkin_cmake_args' from command line to 'None'
[0.280s] Level 5:colcon.colcon_core.verb:set package 'simple_car_tf' build argument 'catkin_skip_building_tests' from command line to 'False'
[0.280s] DEBUG:colcon.colcon_core.verb:Building package 'simple_car_tf' with the following arguments: {'ament_cmake_args': None, 'build_base': '/home/ssafy/ssafy_ws/build/simple_car_tf', 'catkin_cmake_args': None, 'catkin_skip_building_tests': False, 'cmake_args': None, 'cmake_clean_cache': False, 'cmake_clean_first': False, 'cmake_force_configure': False, 'cmake_target': None, 'cmake_target_skip_unavailable': False, 'install_base': '/home/ssafy/ssafy_ws/install/simple_car_tf', 'merge_install': False, 'path': '/home/ssafy/ssafy_ws/src/simple_car_tf', 'symlink_install': False, 'test_result_base': None}
[0.280s] INFO:colcon.colcon_core.executor:Executing jobs using 'parallel' executor
[0.282s] DEBUG:colcon.colcon_parallel_executor.executor.parallel:run_until_complete
[0.282s] INFO:colcon.colcon_ros.task.ament_python.build:Building ROS package in '/home/ssafy/ssafy_ws/src/my_robot_controller' with build type 'ament_python'
[0.282s] Level 1:colcon.colcon_core.shell:create_environment_hook('my_robot_controller', 'ament_prefix_path')
[0.285s] INFO:colcon.colcon_core.plugin_system:Skipping extension 'colcon_core.shell.bat': Not used on non-Windows systems
[0.285s] INFO:colcon.colcon_core.shell:Creating environment hook '/home/ssafy/ssafy_ws/install/my_robot_controller/share/my_robot_controller/hook/ament_prefix_path.ps1'
[0.286s] INFO:colcon.colcon_core.shell:Creating environment descriptor '/home/ssafy/ssafy_ws/install/my_robot_controller/share/my_robot_controller/hook/ament_prefix_path.dsv'
[0.286s] INFO:colcon.colcon_core.shell:Creating environment hook '/home/ssafy/ssafy_ws/install/my_robot_controller/share/my_robot_controller/hook/ament_prefix_path.sh'
[0.287s] INFO:colcon.colcon_core.shell:Skip shell extension 'powershell' for command environment: Not usable outside of PowerShell
[0.287s] DEBUG:colcon.colcon_core.shell:Skip shell extension 'dsv' for command environment
[0.289s] INFO:colcon.colcon_ros.task.ament_python.build:Building ROS package in '/home/ssafy/ssafy_ws/src/simple_car_tf' with build type 'ament_python'
[0.289s] Level 1:colcon.colcon_core.shell:create_environment_hook('simple_car_tf', 'ament_prefix_path')
[0.290s] INFO:colcon.colcon_core.shell:Creating environment hook '/home/ssafy/ssafy_ws/install/simple_car_tf/share/simple_car_tf/hook/ament_prefix_path.ps1'
[0.290s] INFO:colcon.colcon_core.shell:Creating environment descriptor '/home/ssafy/ssafy_ws/install/simple_car_tf/share/simple_car_tf/hook/ament_prefix_path.dsv'
[0.290s] INFO:colcon.colcon_core.shell:Creating environment hook '/home/ssafy/ssafy_ws/install/simple_car_tf/share/simple_car_tf/hook/ament_prefix_path.sh'
[0.290s] INFO:colcon.colcon_core.shell:Skip shell extension 'powershell' for command environment: Not usable outside of PowerShell
[0.290s] DEBUG:colcon.colcon_core.shell:Skip shell extension 'dsv' for command environment
[0.457s] INFO:colcon.colcon_core.task.python.build:Building Python package in '/home/ssafy/ssafy_ws/src/my_robot_controller'
[0.458s] INFO:colcon.colcon_core.shell:Skip shell extension 'powershell' for command environment: Not usable outside of PowerShell
[0.458s] DEBUG:colcon.colcon_core.shell:Skip shell extension 'dsv' for command environment
[0.613s] INFO:colcon.colcon_core.task.python.build:Building Python package in '/home/ssafy/ssafy_ws/src/simple_car_tf'
[0.614s] INFO:colcon.colcon_core.shell:Skip shell extension 'powershell' for command environment: Not usable outside of PowerShell
[0.614s] DEBUG:colcon.colcon_core.shell:Skip shell extension 'dsv' for command environment
[0.870s] DEBUG:colcon.colcon_core.event_handler.log_command:Invoking command in '/home/ssafy/ssafy_ws/src/my_robot_controller': PYTHONPATH=/home/ssafy/ssafy_ws/build/my_robot_controller/prefix_override:/usr/lib/python3/dist-packages/colcon_core/task/python/colcon_distutils_commands:/home/ssafy/ssafy_ws/install/my_robot_controller/lib/python3.10/site-packages:${PYTHONPATH} /usr/bin/python3 -W ignore:setup.py install is deprecated -W ignore:easy_install command is deprecated setup.py egg_info --egg-base ../../build/my_robot_controller build --build-base /home/ssafy/ssafy_ws/build/my_robot_controller/build install --record /home/ssafy/ssafy_ws/build/my_robot_controller/install.log --single-version-externally-managed install_data
[0.871s] DEBUG:colcon.colcon_core.event_handler.log_command:Invoking command in '/home/ssafy/ssafy_ws/src/simple_car_tf': PYTHONPATH=/home/ssafy/ssafy_ws/build/simple_car_tf/prefix_override:/usr/lib/python3/dist-packages/colcon_core/task/python/colcon_distutils_commands:/home/ssafy/ssafy_ws/install/simple_car_tf/lib/python3.10/site-packages:${PYTHONPATH} /usr/bin/python3 -W ignore:setup.py install is deprecated -W ignore:easy_install command is deprecated setup.py egg_info --egg-base ../../build/simple_car_tf build --build-base /home/ssafy/ssafy_ws/build/simple_car_tf/build install --record /home/ssafy/ssafy_ws/build/simple_car_tf/install.log --single-version-externally-managed install_data
[1.043s] DEBUG:colcon.colcon_core.event_handler.log_command:Invoked command in '/home/ssafy/ssafy_ws/src/my_robot_controller' returned '0': PYTHONPATH=/home/ssafy/ssafy_ws/build/my_robot_controller/prefix_override:/usr/lib/python3/dist-packages/colcon_core/task/python/colcon_distutils_commands:/home/ssafy/ssafy_ws/install/my_robot_controller/lib/python3.10/site-packages:${PYTHONPATH} /usr/bin/python3 -W ignore:setup.py install is deprecated -W ignore:easy_install command is deprecated setup.py egg_info --egg-base ../../build/my_robot_controller build --build-base /home/ssafy/ssafy_ws/build/my_robot_controller/build install --record /home/ssafy/ssafy_ws/build/my_robot_controller/install.log --single-version-externally-managed install_data
[1.047s] Level 1:colcon.colcon_core.environment:checking '/home/ssafy/ssafy_ws/install/my_robot_controller' for CMake module files
[1.047s] Level 1:colcon.colcon_core.environment:checking '/home/ssafy/ssafy_ws/install/my_robot_controller' for CMake config files
[1.048s] Level 1:colcon.colcon_core.environment:checking '/home/ssafy/ssafy_ws/install/my_robot_controller/lib'
[1.048s] Level 1:colcon.colcon_core.environment:checking '/home/ssafy/ssafy_ws/install/my_robot_controller/bin'
[1.048s] Level 1:colcon.colcon_core.environment:checking '/home/ssafy/ssafy_ws/install/my_robot_controller/lib/pkgconfig/my_robot_controller.pc'
[1.048s] Level 1:colcon.colcon_core.environment:checking '/home/ssafy/ssafy_ws/install/my_robot_controller/lib/python3.10/site-packages'
[1.048s] Level 1:colcon.colcon_core.shell:create_environment_hook('my_robot_controller', 'pythonpath')
[1.049s] INFO:colcon.colcon_core.shell:Creating environment hook '/home/ssafy/ssafy_ws/install/my_robot_controller/share/my_robot_controller/hook/pythonpath.ps1'
[1.049s] INFO:colcon.colcon_core.shell:Creating environment descriptor '/home/ssafy/ssafy_ws/install/my_robot_controller/share/my_robot_controller/hook/pythonpath.dsv'
[1.050s] INFO:colcon.colcon_core.shell:Creating environment hook '/home/ssafy/ssafy_ws/install/my_robot_controller/share/my_robot_controller/hook/pythonpath.sh'
[1.050s] Level 1:colcon.colcon_core.environment:checking '/home/ssafy/ssafy_ws/install/my_robot_controller/bin'
[1.050s] Level 1:colcon.colcon_core.environment:create_environment_scripts_only(my_robot_controller)
[1.050s] INFO:colcon.colcon_core.shell:Creating package script '/home/ssafy/ssafy_ws/install/my_robot_controller/share/my_robot_controller/package.ps1'
[1.051s] INFO:colcon.colcon_core.shell:Creating package descriptor '/home/ssafy/ssafy_ws/install/my_robot_controller/share/my_robot_controller/package.dsv'
[1.052s] INFO:colcon.colcon_core.shell:Creating package script '/home/ssafy/ssafy_ws/install/my_robot_controller/share/my_robot_controller/package.sh'
[1.052s] INFO:colcon.colcon_core.shell:Creating package script '/home/ssafy/ssafy_ws/install/my_robot_controller/share/my_robot_controller/package.bash'
[1.053s] INFO:colcon.colcon_core.shell:Creating package script '/home/ssafy/ssafy_ws/install/my_robot_controller/share/my_robot_controller/package.zsh'
[1.054s] Level 1:colcon.colcon_core.environment:create_file_with_runtime_dependencies(/home/ssafy/ssafy_ws/install/my_robot_controller/share/colcon-core/packages/my_robot_controller)
[1.055s] Level 1:colcon.colcon_core.environment:checking '/home/ssafy/ssafy_ws/install/simple_car_tf' for CMake module files
[1.055s] DEBUG:colcon.colcon_core.event_handler.log_command:Invoked command in '/home/ssafy/ssafy_ws/src/simple_car_tf' returned '0': PYTHONPATH=/home/ssafy/ssafy_ws/build/simple_car_tf/prefix_override:/usr/lib/python3/dist-packages/colcon_core/task/python/colcon_distutils_commands:/home/ssafy/ssafy_ws/install/simple_car_tf/lib/python3.10/site-packages:${PYTHONPATH} /usr/bin/python3 -W ignore:setup.py install is deprecated -W ignore:easy_install command is deprecated setup.py egg_info --egg-base ../../build/simple_car_tf build --build-base /home/ssafy/ssafy_ws/build/simple_car_tf/build install --record /home/ssafy/ssafy_ws/build/simple_car_tf/install.log --single-version-externally-managed install_data
[1.056s] Level 1:colcon.colcon_core.environment:checking '/home/ssafy/ssafy_ws/install/simple_car_tf' for CMake config files
[1.056s] Level 1:colcon.colcon_core.environment:checking '/home/ssafy/ssafy_ws/install/simple_car_tf/lib'
[1.056s] Level 1:colcon.colcon_core.environment:checking '/home/ssafy/ssafy_ws/install/simple_car_tf/bin'
[1.056s] Level 1:colcon.colcon_core.environment:checking '/home/ssafy/ssafy_ws/install/simple_car_tf/lib/pkgconfig/simple_car_tf.pc'
[1.056s] Level 1:colcon.colcon_core.environment:checking '/home/ssafy/ssafy_ws/install/simple_car_tf/lib/python3.10/site-packages'
[1.056s] Level 1:colcon.colcon_core.shell:create_environment_hook('simple_car_tf', 'pythonpath')
[1.057s] INFO:colcon.colcon_core.shell:Creating environment hook '/home/ssafy/ssafy_ws/install/simple_car_tf/share/simple_car_tf/hook/pythonpath.ps1'
[1.057s] INFO:colcon.colcon_core.shell:Creating environment descriptor '/home/ssafy/ssafy_ws/install/simple_car_tf/share/simple_car_tf/hook/pythonpath.dsv'
[1.057s] INFO:colcon.colcon_core.shell:Creating environment hook '/home/ssafy/ssafy_ws/install/simple_car_tf/share/simple_car_tf/hook/pythonpath.sh'
[1.058s] Level 1:colcon.colcon_core.environment:checking '/home/ssafy/ssafy_ws/install/simple_car_tf/bin'
[1.058s] Level 1:colcon.colcon_core.environment:create_environment_scripts_only(simple_car_tf)
[1.058s] INFO:colcon.colcon_core.shell:Creating package script '/home/ssafy/ssafy_ws/install/simple_car_tf/share/simple_car_tf/package.ps1'
[1.058s] INFO:colcon.colcon_core.shell:Creating package descriptor '/home/ssafy/ssafy_ws/install/simple_car_tf/share/simple_car_tf/package.dsv'
[1.058s] INFO:colcon.colcon_core.shell:Creating package script '/home/ssafy/ssafy_ws/install/simple_car_tf/share/simple_car_tf/package.sh'
[1.058s] INFO:colcon.colcon_core.shell:Creating package script '/home/ssafy/ssafy_ws/install/simple_car_tf/share/simple_car_tf/package.bash'
[1.059s] INFO:colcon.colcon_core.shell:Creating package script '/home/ssafy/ssafy_ws/install/simple_car_tf/share/simple_car_tf/package.zsh'
[1.059s] Level 1:colcon.colcon_core.environment:create_file_with_runtime_dependencies(/home/ssafy/ssafy_ws/install/simple_car_tf/share/colcon-core/packages/simple_car_tf)
[1.059s] DEBUG:colcon.colcon_parallel_executor.executor.parallel:closing loop
[1.059s] DEBUG:colcon.colcon_parallel_executor.executor.parallel:loop closed
[1.059s] DEBUG:colcon.colcon_parallel_executor.executor.parallel:run_until_complete finished with '0'
[1.059s] DEBUG:colcon.colcon_core.event_reactor:joining thread
[1.062s] INFO:colcon.colcon_core.plugin_system:Skipping extension 'colcon_notification.desktop_notification.terminal_notifier': Not used on non-Darwin systems
[1.062s] INFO:colcon.colcon_core.plugin_system:Skipping extension 'colcon_notification.desktop_notification.win32': Not used on non-Windows systems
[1.062s] INFO:colcon.colcon_notification.desktop_notification:Sending desktop notification using 'notify2'
[1.072s] DEBUG:colcon.colcon_core.event_reactor:joined thread
[1.073s] INFO:colcon.colcon_core.shell:Creating prefix script '/home/ssafy/ssafy_ws/install/local_setup.ps1'
[1.074s] INFO:colcon.colcon_core.shell:Creating prefix util module '/home/ssafy/ssafy_ws/install/_local_setup_util_ps1.py'
[1.075s] INFO:colcon.colcon_core.shell:Creating prefix chain script '/home/ssafy/ssafy_ws/install/setup.ps1'
[1.076s] INFO:colcon.colcon_core.shell:Creating prefix script '/home/ssafy/ssafy_ws/install/local_setup.sh'
[1.076s] INFO:colcon.colcon_core.shell:Creating prefix util module '/home/ssafy/ssafy_ws/install/_local_setup_util_sh.py'
[1.077s] INFO:colcon.colcon_core.shell:Creating prefix chain script '/home/ssafy/ssafy_ws/install/setup.sh'
[1.078s] INFO:colcon.colcon_core.shell:Creating prefix script '/home/ssafy/ssafy_ws/install/local_setup.bash'
[1.078s] INFO:colcon.colcon_core.shell:Creating prefix chain script '/home/ssafy/ssafy_ws/install/setup.bash'
[1.079s] INFO:colcon.colcon_core.shell:Creating prefix script '/home/ssafy/ssafy_ws/install/local_setup.zsh'
[1.079s] INFO:colcon.colcon_core.shell:Creating prefix chain script '/home/ssafy/ssafy_ws/install/setup.zsh'
