running egg_info
creating ../../build/naver_clova/naver_clova.egg-info
writing ../../build/naver_clova/naver_clova.egg-info/PKG-INFO
writing dependency_links to ../../build/naver_clova/naver_clova.egg-info/dependency_links.txt
writing requirements to ../../build/naver_clova/naver_clova.egg-info/requires.txt
writing top-level names to ../../build/naver_clova/naver_clova.egg-info/top_level.txt
writing manifest file '../../build/naver_clova/naver_clova.egg-info/SOURCES.txt'
reading manifest file '../../build/naver_clova/naver_clova.egg-info/SOURCES.txt'
writing manifest file '../../build/naver_clova/naver_clova.egg-info/SOURCES.txt'
running build
running build_py
creating /home/ssafy/ssafy_ws/build/naver_clova/build
creating /home/ssafy/ssafy_ws/build/naver_clova/build/lib
creating /home/ssafy/ssafy_ws/build/naver_clova/build/lib/naver_clova
copying naver_clova/__init__.py -> /home/ssafy/ssafy_ws/build/naver_clova/build/lib/naver_clova
running install
running install_lib
creating /home/ssafy/ssafy_ws/install/naver_clova/lib/python3.10/site-packages/naver_clova
copying /home/ssafy/ssafy_ws/build/naver_clova/build/lib/naver_clova/__init__.py -> /home/ssafy/ssafy_ws/install/naver_clova/lib/python3.10/site-packages/naver_clova
byte-compiling /home/ssafy/ssafy_ws/install/naver_clova/lib/python3.10/site-packages/naver_clova/__init__.py to __init__.cpython-310.pyc
running install_data
creating /home/ssafy/ssafy_ws/install/naver_clova/share/ament_index
creating /home/ssafy/ssafy_ws/install/naver_clova/share/ament_index/resource_index
creating /home/ssafy/ssafy_ws/install/naver_clova/share/ament_index/resource_index/packages
copying resource/naver_clova -> /home/ssafy/ssafy_ws/install/naver_clova/share/ament_index/resource_index/packages
copying package.xml -> /home/ssafy/ssafy_ws/install/naver_clova/share/naver_clova
running install_egg_info
Copying ../../build/naver_clova/naver_clova.egg-info to /home/ssafy/ssafy_ws/install/naver_clova/lib/python3.10/site-packages/naver_clova-0.0.0-py3.10.egg-info
running install_scripts
writing list of installed files to '/home/ssafy/ssafy_ws/build/naver_clova/install.log'
