[1.195s] Invoking command in '/home/ssafy/ssafy_ws/src/dobot_control': PYTHONPATH=/home/ssafy/ssafy_ws/build/dobot_control/prefix_override:/usr/lib/python3/dist-packages/colcon_core/task/python/colcon_distutils_commands:/home/ssafy/ssafy_ws/install/dobot_control/lib/python3.10/site-packages:${PYTHONPATH} /usr/bin/python3 -W ignore:setup.py install is deprecated -W ignore:easy_install command is deprecated setup.py egg_info --egg-base ../../build/dobot_control build --build-base /home/ssafy/ssafy_ws/build/dobot_control/build install --record /home/ssafy/ssafy_ws/build/dobot_control/install.log --single-version-externally-managed install_data
[1.397s] running egg_info
[1.398s] writing ../../build/dobot_control/dobot_control.egg-info/PKG-INFO
[1.398s] writing dependency_links to ../../build/dobot_control/dobot_control.egg-info/dependency_links.txt
[1.398s] writing entry points to ../../build/dobot_control/dobot_control.egg-info/entry_points.txt
[1.398s] writing requirements to ../../build/dobot_control/dobot_control.egg-info/requires.txt
[1.398s] writing top-level names to ../../build/dobot_control/dobot_control.egg-info/top_level.txt
[1.399s] reading manifest file '../../build/dobot_control/dobot_control.egg-info/SOURCES.txt'
[1.400s] writing manifest file '../../build/dobot_control/dobot_control.egg-info/SOURCES.txt'
[1.400s] running build
[1.400s] running build_py
[1.400s] running install
[1.401s] running install_lib
[1.401s] running install_data
[1.402s] running install_egg_info
[1.403s] removing '/home/ssafy/ssafy_ws/install/dobot_control/lib/python3.10/site-packages/dobot_control-0.0.0-py3.10.egg-info' (and everything under it)
[1.403s] Copying ../../build/dobot_control/dobot_control.egg-info to /home/ssafy/ssafy_ws/install/dobot_control/lib/python3.10/site-packages/dobot_control-0.0.0-py3.10.egg-info
[1.404s] running install_scripts
[1.420s] Installing ptp_move script to /home/ssafy/ssafy_ws/install/dobot_control/lib/dobot_control
[1.420s] Installing suction_cup_control script to /home/ssafy/ssafy_ws/install/dobot_control/lib/dobot_control
[1.420s] writing list of installed files to '/home/ssafy/ssafy_ws/build/dobot_control/install.log'
[1.455s] Invoked command in '/home/ssafy/ssafy_ws/src/dobot_control' returned '0': PYTHONPATH=/home/ssafy/ssafy_ws/build/dobot_control/prefix_override:/usr/lib/python3/dist-packages/colcon_core/task/python/colcon_distutils_commands:/home/ssafy/ssafy_ws/install/dobot_control/lib/python3.10/site-packages:${PYTHONPATH} /usr/bin/python3 -W ignore:setup.py install is deprecated -W ignore:easy_install command is deprecated setup.py egg_info --egg-base ../../build/dobot_control build --build-base /home/ssafy/ssafy_ws/build/dobot_control/build install --record /home/ssafy/ssafy_ws/build/dobot_control/install.log --single-version-externally-managed install_data
