/home/ssafy/ssafy_ws/install/dobot_control/lib/python3.10/site-packages/dobot_control/dobot_homing_service.py
/home/ssafy/ssafy_ws/install/dobot_control/lib/python3.10/site-packages/dobot_control/suction_cup_control.py
/home/ssafy/ssafy_ws/install/dobot_control/lib/python3.10/site-packages/dobot_control/pick_and_place.py
/home/ssafy/ssafy_ws/install/dobot_control/lib/python3.10/site-packages/dobot_control/ptp_move.py
/home/ssafy/ssafy_ws/install/dobot_control/lib/python3.10/site-packages/dobot_control/__init__.py
/home/ssafy/ssafy_ws/install/dobot_control/lib/python3.10/site-packages/dobot_control/__pycache__/dobot_homing_service.cpython-310.pyc
/home/ssafy/ssafy_ws/install/dobot_control/lib/python3.10/site-packages/dobot_control/__pycache__/suction_cup_control.cpython-310.pyc
/home/ssafy/ssafy_ws/install/dobot_control/lib/python3.10/site-packages/dobot_control/__pycache__/pick_and_place.cpython-310.pyc
/home/ssafy/ssafy_ws/install/dobot_control/lib/python3.10/site-packages/dobot_control/__pycache__/ptp_move.cpython-310.pyc
/home/ssafy/ssafy_ws/install/dobot_control/lib/python3.10/site-packages/dobot_control/__pycache__/__init__.cpython-310.pyc
/home/ssafy/ssafy_ws/install/dobot_control/share/ament_index/resource_index/packages/dobot_control
/home/ssafy/ssafy_ws/install/dobot_control/share/dobot_control/package.xml
/home/ssafy/ssafy_ws/install/dobot_control/lib/python3.10/site-packages/dobot_control-0.0.0-py3.10.egg-info/zip-safe
/home/ssafy/ssafy_ws/install/dobot_control/lib/python3.10/site-packages/dobot_control-0.0.0-py3.10.egg-info/PKG-INFO
/home/ssafy/ssafy_ws/install/dobot_control/lib/python3.10/site-packages/dobot_control-0.0.0-py3.10.egg-info/entry_points.txt
/home/ssafy/ssafy_ws/install/dobot_control/lib/python3.10/site-packages/dobot_control-0.0.0-py3.10.egg-info/dependency_links.txt
/home/ssafy/ssafy_ws/install/dobot_control/lib/python3.10/site-packages/dobot_control-0.0.0-py3.10.egg-info/requires.txt
/home/ssafy/ssafy_ws/install/dobot_control/lib/python3.10/site-packages/dobot_control-0.0.0-py3.10.egg-info/SOURCES.txt
/home/ssafy/ssafy_ws/install/dobot_control/lib/python3.10/site-packages/dobot_control-0.0.0-py3.10.egg-info/top_level.txt
/home/ssafy/ssafy_ws/install/dobot_control/lib/dobot_control/ptp_move
/home/ssafy/ssafy_ws/install/dobot_control/lib/dobot_control/suction_cup_control
