/home/ssafy/ssafy_ws/install/practice/lib/python3.10/site-packages/practice/yolov5.py
/home/ssafy/ssafy_ws/install/practice/lib/python3.10/site-packages/practice/4014_1.py
/home/ssafy/ssafy_ws/install/practice/lib/python3.10/site-packages/practice/4008.py
/home/ssafy/ssafy_ws/install/practice/lib/python3.10/site-packages/practice/4014_2.py
/home/ssafy/ssafy_ws/install/practice/lib/python3.10/site-packages/practice/4014_3.py
/home/ssafy/ssafy_ws/install/practice/lib/python3.10/site-packages/practice/4007.py
/home/ssafy/ssafy_ws/install/practice/lib/python3.10/site-packages/practice/__init__.py
/home/ssafy/ssafy_ws/install/practice/lib/python3.10/site-packages/practice/__pycache__/yolov5.cpython-310.pyc
/home/ssafy/ssafy_ws/install/practice/lib/python3.10/site-packages/practice/__pycache__/4014_1.cpython-310.pyc
/home/ssafy/ssafy_ws/install/practice/lib/python3.10/site-packages/practice/__pycache__/4008.cpython-310.pyc
/home/ssafy/ssafy_ws/install/practice/lib/python3.10/site-packages/practice/__pycache__/4014_2.cpython-310.pyc
/home/ssafy/ssafy_ws/install/practice/lib/python3.10/site-packages/practice/__pycache__/4014_3.cpython-310.pyc
/home/ssafy/ssafy_ws/install/practice/lib/python3.10/site-packages/practice/__pycache__/4007.cpython-310.pyc
/home/ssafy/ssafy_ws/install/practice/lib/python3.10/site-packages/practice/__pycache__/__init__.cpython-310.pyc
/home/ssafy/ssafy_ws/install/practice/share/ament_index/resource_index/packages/practice
/home/ssafy/ssafy_ws/install/practice/share/practice/package.xml
/home/ssafy/ssafy_ws/install/practice/lib/python3.10/site-packages/practice-0.0.0-py3.10.egg-info/zip-safe
/home/ssafy/ssafy_ws/install/practice/lib/python3.10/site-packages/practice-0.0.0-py3.10.egg-info/PKG-INFO
/home/ssafy/ssafy_ws/install/practice/lib/python3.10/site-packages/practice-0.0.0-py3.10.egg-info/entry_points.txt
/home/ssafy/ssafy_ws/install/practice/lib/python3.10/site-packages/practice-0.0.0-py3.10.egg-info/dependency_links.txt
/home/ssafy/ssafy_ws/install/practice/lib/python3.10/site-packages/practice-0.0.0-py3.10.egg-info/requires.txt
/home/ssafy/ssafy_ws/install/practice/lib/python3.10/site-packages/practice-0.0.0-py3.10.egg-info/SOURCES.txt
/home/ssafy/ssafy_ws/install/practice/lib/python3.10/site-packages/practice-0.0.0-py3.10.egg-info/top_level.txt
/home/ssafy/ssafy_ws/install/practice/lib/practice/4007
/home/ssafy/ssafy_ws/install/practice/lib/practice/4008
/home/ssafy/ssafy_ws/install/practice/lib/practice/4014_1
/home/ssafy/ssafy_ws/install/practice/lib/practice/4014_2
/home/ssafy/ssafy_ws/install/practice/lib/practice/4014_3
/home/ssafy/ssafy_ws/install/practice/lib/practice/yolov5
