[1.485s] Invoking command in '/home/ssafy/ssafy_ws/src/yolo': PYTHONPATH=/home/ssafy/ssafy_ws/build/yolo/prefix_override:/usr/lib/python3/dist-packages/colcon_core/task/python/colcon_distutils_commands:/home/ssafy/ssafy_ws/install/yolo/lib/python3.10/site-packages:${PYTHONPATH} /usr/bin/python3 -W ignore:setup.py install is deprecated -W ignore:easy_install command is deprecated setup.py egg_info --egg-base ../../build/yolo build --build-base /home/ssafy/ssafy_ws/build/yolo/build install --record /home/ssafy/ssafy_ws/build/yolo/install.log --single-version-externally-managed install_data
[1.678s] running egg_info
[1.689s] writing ../../build/yolo/yolo.egg-info/PKG-INFO
[1.690s] writing dependency_links to ../../build/yolo/yolo.egg-info/dependency_links.txt
[1.690s] writing entry points to ../../build/yolo/yolo.egg-info/entry_points.txt
[1.690s] writing requirements to ../../build/yolo/yolo.egg-info/requires.txt
[1.691s] writing top-level names to ../../build/yolo/yolo.egg-info/top_level.txt
[1.713s] reading manifest file '../../build/yolo/yolo.egg-info/SOURCES.txt'
[1.714s] writing manifest file '../../build/yolo/yolo.egg-info/SOURCES.txt'
[1.714s] running build
[1.714s] running build_py
[1.715s] copying yolo/websocket_client.py -> /home/ssafy/ssafy_ws/build/yolo/build/lib/yolo
[1.715s] copying yolo/yolo_prac.py -> /home/ssafy/ssafy_ws/build/yolo/build/lib/yolo
[1.715s] copying yolo/yolo.py -> /home/ssafy/ssafy_ws/build/yolo/build/lib/yolo
[1.715s] copying yolo/pick_and_place.py -> /home/ssafy/ssafy_ws/build/yolo/build/lib/yolo
[1.715s] copying yolo/getDistance.py -> /home/ssafy/ssafy_ws/build/yolo/build/lib/yolo
[1.715s] copying yolo/yolo_prac2.py -> /home/ssafy/ssafy_ws/build/yolo/build/lib/yolo
[1.715s] copying yolo/get_3DPosition.py -> /home/ssafy/ssafy_ws/build/yolo/build/lib/yolo
[1.715s] copying yolo/__init__.py -> /home/ssafy/ssafy_ws/build/yolo/build/lib/yolo
[1.716s] running install
[1.720s] running install_lib
[1.732s] running install_data
[1.732s] copying resource/yolo -> /home/ssafy/ssafy_ws/install/yolo/share/ament_index/resource_index/packages
[1.732s] copying package.xml -> /home/ssafy/ssafy_ws/install/yolo/share/yolo
[1.733s] running install_egg_info
[1.745s] removing '/home/ssafy/ssafy_ws/install/yolo/lib/python3.10/site-packages/yolo-0.0.0-py3.10.egg-info' (and everything under it)
[1.745s] Copying ../../build/yolo/yolo.egg-info to /home/ssafy/ssafy_ws/install/yolo/lib/python3.10/site-packages/yolo-0.0.0-py3.10.egg-info
[1.745s] running install_scripts
[1.851s] Installing getDistance script to /home/ssafy/ssafy_ws/install/yolo/lib/yolo
[1.851s] Installing websocket_client script to /home/ssafy/ssafy_ws/install/yolo/lib/yolo
[1.851s] Installing yolo script to /home/ssafy/ssafy_ws/install/yolo/lib/yolo
[1.852s] Installing yolo_prac script to /home/ssafy/ssafy_ws/install/yolo/lib/yolo
[1.852s] writing list of installed files to '/home/ssafy/ssafy_ws/build/yolo/install.log'
[1.890s] Invoked command in '/home/ssafy/ssafy_ws/src/yolo' returned '0': PYTHONPATH=/home/ssafy/ssafy_ws/build/yolo/prefix_override:/usr/lib/python3/dist-packages/colcon_core/task/python/colcon_distutils_commands:/home/ssafy/ssafy_ws/install/yolo/lib/python3.10/site-packages:${PYTHONPATH} /usr/bin/python3 -W ignore:setup.py install is deprecated -W ignore:easy_install command is deprecated setup.py egg_info --egg-base ../../build/yolo build --build-base /home/ssafy/ssafy_ws/build/yolo/build install --record /home/ssafy/ssafy_ws/build/yolo/install.log --single-version-externally-managed install_data
