running egg_info
writing ../../build/practice/practice.egg-info/PKG-INFO
writing dependency_links to ../../build/practice/practice.egg-info/dependency_links.txt
writing requirements to ../../build/practice/practice.egg-info/requires.txt
writing top-level names to ../../build/practice/practice.egg-info/top_level.txt
reading manifest file '../../build/practice/practice.egg-info/SOURCES.txt'
writing manifest file '../../build/practice/practice.egg-info/SOURCES.txt'
running build
running build_py
copying practice/yolov5.py -> /home/ssafy/ssafy_ws/build/practice/build/lib/practice
copying practice/4014_1.py -> /home/ssafy/ssafy_ws/build/practice/build/lib/practice
copying practice/4008.py -> /home/ssafy/ssafy_ws/build/practice/build/lib/practice
copying practice/4014_2.py -> /home/ssafy/ssafy_ws/build/practice/build/lib/practice
copying practice/4014_3.py -> /home/ssafy/ssafy_ws/build/practice/build/lib/practice
copying practice/4007.py -> /home/ssafy/ssafy_ws/build/practice/build/lib/practice
copying practice/__init__.py -> /home/ssafy/ssafy_ws/build/practice/build/lib/practice
running install
running install_lib
copying /home/ssafy/ssafy_ws/build/practice/build/lib/practice/yolov5.py -> /home/ssafy/ssafy_ws/install/practice/lib/python3.10/site-packages/practice
copying /home/ssafy/ssafy_ws/build/practice/build/lib/practice/4014_1.py -> /home/ssafy/ssafy_ws/install/practice/lib/python3.10/site-packages/practice
copying /home/ssafy/ssafy_ws/build/practice/build/lib/practice/4008.py -> /home/ssafy/ssafy_ws/install/practice/lib/python3.10/site-packages/practice
copying /home/ssafy/ssafy_ws/build/practice/build/lib/practice/4014_2.py -> /home/ssafy/ssafy_ws/install/practice/lib/python3.10/site-packages/practice
copying /home/ssafy/ssafy_ws/build/practice/build/lib/practice/4014_3.py -> /home/ssafy/ssafy_ws/install/practice/lib/python3.10/site-packages/practice
copying /home/ssafy/ssafy_ws/build/practice/build/lib/practice/4007.py -> /home/ssafy/ssafy_ws/install/practice/lib/python3.10/site-packages/practice
byte-compiling /home/ssafy/ssafy_ws/install/practice/lib/python3.10/site-packages/practice/yolov5.py to yolov5.cpython-310.pyc
byte-compiling /home/ssafy/ssafy_ws/install/practice/lib/python3.10/site-packages/practice/4014_1.py to 4014_1.cpython-310.pyc
byte-compiling /home/ssafy/ssafy_ws/install/practice/lib/python3.10/site-packages/practice/4008.py to 4008.cpython-310.pyc
byte-compiling /home/ssafy/ssafy_ws/install/practice/lib/python3.10/site-packages/practice/4014_2.py to 4014_2.cpython-310.pyc
byte-compiling /home/ssafy/ssafy_ws/install/practice/lib/python3.10/site-packages/practice/4014_3.py to 4014_3.cpython-310.pyc
byte-compiling /home/ssafy/ssafy_ws/install/practice/lib/python3.10/site-packages/practice/4007.py to 4007.cpython-310.pyc
running install_data
copying resource/practice -> /home/ssafy/ssafy_ws/install/practice/share/ament_index/resource_index/packages
copying package.xml -> /home/ssafy/ssafy_ws/install/practice/share/practice
running install_egg_info
removing '/home/ssafy/ssafy_ws/install/practice/lib/python3.10/site-packages/practice-0.0.0-py3.10.egg-info' (and everything under it)
Copying ../../build/practice/practice.egg-info to /home/ssafy/ssafy_ws/install/practice/lib/python3.10/site-packages/practice-0.0.0-py3.10.egg-info
running install_scripts
writing list of installed files to '/home/ssafy/ssafy_ws/build/practice/install.log'
