[0.070s] DEBUG:colcon:Command line arguments: ['/usr/bin/colcon', 'build']
[0.070s] DEBUG:colcon:Parsed command line arguments: Namespace(log_base=None, log_level=None, verb_name='build', build_base='build', install_base='install', merge_install=False, symlink_install=False, test_result_base=None, continue_on_error=False, executor='parallel', parallel_workers=20, event_handlers=None, ignore_user_meta=False, metas=['./colcon.meta'], base_paths=['.'], packages_ignore=None, packages_ignore_regex=None, paths=None, packages_up_to=None, packages_up_to_regex=None, packages_above=None, packages_above_and_dependencies=None, packages_above_depth=None, packages_select_by_dep=None, packages_skip_by_dep=None, packages_skip_up_to=None, packages_select_build_failed=False, packages_skip_build_finished=False, packages_select_test_failures=False, packages_skip_test_passed=False, packages_select=None, packages_skip=None, packages_select_regex=None, packages_skip_regex=None, packages_start=None, packages_end=None, allow_overriding=[], cmake_args=None, cmake_target=None, cmake_target_skip_unavailable=False, cmake_clean_cache=False, cmake_clean_first=False, cmake_force_configure=False, ament_cmake_args=None, catkin_cmake_args=None, catkin_skip_building_tests=False, mixin_files=None, mixin=None, verb_parser=<colcon_mixin.mixin.mixin_argument.MixinArgumentDecorator object at 0x73b506cb5a80>, verb_extension=<colcon_core.verb.build.BuildVerb object at 0x73b506dbe860>, main=<bound method BuildVerb.main of <colcon_core.verb.build.BuildVerb object at 0x73b506dbe860>>, mixin_verb=('build',))
[0.092s] Level 1:colcon.colcon_core.package_discovery:discover_packages(colcon_meta) check parameters
[0.092s] Level 1:colcon.colcon_core.package_discovery:discover_packages(recursive) check parameters
[0.092s] Level 1:colcon.colcon_core.package_discovery:discover_packages(ignore) check parameters
[0.092s] Level 1:colcon.colcon_core.package_discovery:discover_packages(path) check parameters
[0.092s] Level 1:colcon.colcon_core.package_discovery:discover_packages(colcon_meta) discover
[0.092s] Level 1:colcon.colcon_core.package_discovery:discover_packages(recursive) discover
[0.092s] INFO:colcon.colcon_core.package_discovery:Crawling recursively for packages in '/home/ssafy/ssafy_ws'
[0.092s] Level 1:colcon.colcon_core.package_identification:_identify(.) by extensions ['ignore', 'ignore_ament_install']
[0.092s] Level 1:colcon.colcon_core.package_identification:_identify(.) by extension 'ignore'
[0.092s] Level 1:colcon.colcon_core.package_identification:_identify(.) by extension 'ignore_ament_install'
[0.092s] Level 1:colcon.colcon_core.package_identification:_identify(.) by extensions ['colcon_pkg']
[0.092s] Level 1:colcon.colcon_core.package_identification:_identify(.) by extension 'colcon_pkg'
[0.092s] Level 1:colcon.colcon_core.package_identification:_identify(.) by extensions ['colcon_meta']
[0.092s] Level 1:colcon.colcon_core.package_identification:_identify(.) by extension 'colcon_meta'
[0.092s] Level 1:colcon.colcon_core.package_identification:_identify(.) by extensions ['ros']
[0.092s] Level 1:colcon.colcon_core.package_identification:_identify(.) by extension 'ros'
[0.100s] Level 1:colcon.colcon_core.package_identification:_identify(.) by extensions ['cmake', 'python']
[0.101s] Level 1:colcon.colcon_core.package_identification:_identify(.) by extension 'cmake'
[0.101s] Level 1:colcon.colcon_core.package_identification:_identify(.) by extension 'python'
[0.101s] Level 1:colcon.colcon_core.package_identification:_identify(.) by extensions ['python_setup_py']
[0.101s] Level 1:colcon.colcon_core.package_identification:_identify(.) by extension 'python_setup_py'
[0.101s] Level 1:colcon.colcon_core.package_identification:_identify(build) by extensions ['ignore', 'ignore_ament_install']
[0.101s] Level 1:colcon.colcon_core.package_identification:_identify(build) by extension 'ignore'
[0.101s] Level 1:colcon.colcon_core.package_identification:_identify(build) ignored
[0.101s] Level 1:colcon.colcon_core.package_identification:_identify(install) by extensions ['ignore', 'ignore_ament_install']
[0.101s] Level 1:colcon.colcon_core.package_identification:_identify(install) by extension 'ignore'
[0.101s] Level 1:colcon.colcon_core.package_identification:_identify(install) ignored
[0.101s] Level 1:colcon.colcon_core.package_identification:_identify(log) by extensions ['ignore', 'ignore_ament_install']
[0.101s] Level 1:colcon.colcon_core.package_identification:_identify(log) by extension 'ignore'
[0.101s] Level 1:colcon.colcon_core.package_identification:_identify(log) ignored
[0.101s] Level 1:colcon.colcon_core.package_identification:_identify(src) by extensions ['ignore', 'ignore_ament_install']
[0.101s] Level 1:colcon.colcon_core.package_identification:_identify(src) by extension 'ignore'
[0.101s] Level 1:colcon.colcon_core.package_identification:_identify(src) by extension 'ignore_ament_install'
[0.101s] Level 1:colcon.colcon_core.package_identification:_identify(src) by extensions ['colcon_pkg']
[0.101s] Level 1:colcon.colcon_core.package_identification:_identify(src) by extension 'colcon_pkg'
[0.101s] Level 1:colcon.colcon_core.package_identification:_identify(src) by extensions ['colcon_meta']
[0.101s] Level 1:colcon.colcon_core.package_identification:_identify(src) by extension 'colcon_meta'
[0.101s] Level 1:colcon.colcon_core.package_identification:_identify(src) by extensions ['ros']
[0.101s] Level 1:colcon.colcon_core.package_identification:_identify(src) by extension 'ros'
[0.101s] Level 1:colcon.colcon_core.package_identification:_identify(src) by extensions ['cmake', 'python']
[0.101s] Level 1:colcon.colcon_core.package_identification:_identify(src) by extension 'cmake'
[0.101s] Level 1:colcon.colcon_core.package_identification:_identify(src) by extension 'python'
[0.101s] Level 1:colcon.colcon_core.package_identification:_identify(src) by extensions ['python_setup_py']
[0.101s] Level 1:colcon.colcon_core.package_identification:_identify(src) by extension 'python_setup_py'
[0.101s] Level 1:colcon.colcon_core.package_identification:_identify(src/dobot_control) by extensions ['ignore', 'ignore_ament_install']
[0.101s] Level 1:colcon.colcon_core.package_identification:_identify(src/dobot_control) by extension 'ignore'
[0.101s] Level 1:colcon.colcon_core.package_identification:_identify(src/dobot_control) by extension 'ignore_ament_install'
[0.101s] Level 1:colcon.colcon_core.package_identification:_identify(src/dobot_control) by extensions ['colcon_pkg']
[0.101s] Level 1:colcon.colcon_core.package_identification:_identify(src/dobot_control) by extension 'colcon_pkg'
[0.101s] Level 1:colcon.colcon_core.package_identification:_identify(src/dobot_control) by extensions ['colcon_meta']
[0.101s] Level 1:colcon.colcon_core.package_identification:_identify(src/dobot_control) by extension 'colcon_meta'
[0.101s] Level 1:colcon.colcon_core.package_identification:_identify(src/dobot_control) by extensions ['ros']
[0.101s] Level 1:colcon.colcon_core.package_identification:_identify(src/dobot_control) by extension 'ros'
[0.103s] DEBUG:colcon.colcon_core.package_identification:Package 'src/dobot_control' with type 'ros.ament_python' and name 'dobot_control'
[0.103s] Level 1:colcon.colcon_core.package_identification:_identify(src/intergrate_prac) by extensions ['ignore', 'ignore_ament_install']
[0.103s] Level 1:colcon.colcon_core.package_identification:_identify(src/intergrate_prac) by extension 'ignore'
[0.103s] Level 1:colcon.colcon_core.package_identification:_identify(src/intergrate_prac) by extension 'ignore_ament_install'
[0.103s] Level 1:colcon.colcon_core.package_identification:_identify(src/intergrate_prac) by extensions ['colcon_pkg']
[0.103s] Level 1:colcon.colcon_core.package_identification:_identify(src/intergrate_prac) by extension 'colcon_pkg'
[0.103s] Level 1:colcon.colcon_core.package_identification:_identify(src/intergrate_prac) by extensions ['colcon_meta']
[0.103s] Level 1:colcon.colcon_core.package_identification:_identify(src/intergrate_prac) by extension 'colcon_meta'
[0.103s] Level 1:colcon.colcon_core.package_identification:_identify(src/intergrate_prac) by extensions ['ros']
[0.103s] Level 1:colcon.colcon_core.package_identification:_identify(src/intergrate_prac) by extension 'ros'
[0.103s] DEBUG:colcon.colcon_core.package_identification:Package 'src/intergrate_prac' with type 'ros.ament_python' and name 'intergrate_prac'
[0.103s] Level 1:colcon.colcon_core.package_identification:_identify(src/my_robot_controller) by extensions ['ignore', 'ignore_ament_install']
[0.103s] Level 1:colcon.colcon_core.package_identification:_identify(src/my_robot_controller) by extension 'ignore'
[0.103s] Level 1:colcon.colcon_core.package_identification:_identify(src/my_robot_controller) by extension 'ignore_ament_install'
[0.103s] Level 1:colcon.colcon_core.package_identification:_identify(src/my_robot_controller) by extensions ['colcon_pkg']
[0.103s] Level 1:colcon.colcon_core.package_identification:_identify(src/my_robot_controller) by extension 'colcon_pkg'
[0.103s] Level 1:colcon.colcon_core.package_identification:_identify(src/my_robot_controller) by extensions ['colcon_meta']
[0.103s] Level 1:colcon.colcon_core.package_identification:_identify(src/my_robot_controller) by extension 'colcon_meta'
[0.103s] Level 1:colcon.colcon_core.package_identification:_identify(src/my_robot_controller) by extensions ['ros']
[0.103s] Level 1:colcon.colcon_core.package_identification:_identify(src/my_robot_controller) by extension 'ros'
[0.103s] DEBUG:colcon.colcon_core.package_identification:Package 'src/my_robot_controller' with type 'ros.ament_python' and name 'my_robot_controller'
[0.103s] Level 1:colcon.colcon_core.package_identification:_identify(src/naver_clova) by extensions ['ignore', 'ignore_ament_install']
[0.103s] Level 1:colcon.colcon_core.package_identification:_identify(src/naver_clova) by extension 'ignore'
[0.104s] Level 1:colcon.colcon_core.package_identification:_identify(src/naver_clova) by extension 'ignore_ament_install'
[0.104s] Level 1:colcon.colcon_core.package_identification:_identify(src/naver_clova) by extensions ['colcon_pkg']
[0.104s] Level 1:colcon.colcon_core.package_identification:_identify(src/naver_clova) by extension 'colcon_pkg'
[0.104s] Level 1:colcon.colcon_core.package_identification:_identify(src/naver_clova) by extensions ['colcon_meta']
[0.104s] Level 1:colcon.colcon_core.package_identification:_identify(src/naver_clova) by extension 'colcon_meta'
[0.104s] Level 1:colcon.colcon_core.package_identification:_identify(src/naver_clova) by extensions ['ros']
[0.104s] Level 1:colcon.colcon_core.package_identification:_identify(src/naver_clova) by extension 'ros'
[0.104s] DEBUG:colcon.colcon_core.package_identification:Package 'src/naver_clova' with type 'ros.ament_python' and name 'naver_clova'
[0.104s] Level 1:colcon.colcon_core.package_identification:_identify(src/practice) by extensions ['ignore', 'ignore_ament_install']
[0.104s] Level 1:colcon.colcon_core.package_identification:_identify(src/practice) by extension 'ignore'
[0.104s] Level 1:colcon.colcon_core.package_identification:_identify(src/practice) by extension 'ignore_ament_install'
[0.104s] Level 1:colcon.colcon_core.package_identification:_identify(src/practice) by extensions ['colcon_pkg']
[0.104s] Level 1:colcon.colcon_core.package_identification:_identify(src/practice) by extension 'colcon_pkg'
[0.104s] Level 1:colcon.colcon_core.package_identification:_identify(src/practice) by extensions ['colcon_meta']
[0.104s] Level 1:colcon.colcon_core.package_identification:_identify(src/practice) by extension 'colcon_meta'
[0.104s] Level 1:colcon.colcon_core.package_identification:_identify(src/practice) by extensions ['ros']
[0.104s] Level 1:colcon.colcon_core.package_identification:_identify(src/practice) by extension 'ros'
[0.104s] DEBUG:colcon.colcon_core.package_identification:Package 'src/practice' with type 'ros.ament_python' and name 'practice'
[0.104s] Level 1:colcon.colcon_core.package_identification:_identify(src/sensor_sub_pkg) by extensions ['ignore', 'ignore_ament_install']
[0.104s] Level 1:colcon.colcon_core.package_identification:_identify(src/sensor_sub_pkg) by extension 'ignore'
[0.104s] Level 1:colcon.colcon_core.package_identification:_identify(src/sensor_sub_pkg) by extension 'ignore_ament_install'
[0.104s] Level 1:colcon.colcon_core.package_identification:_identify(src/sensor_sub_pkg) by extensions ['colcon_pkg']
[0.104s] Level 1:colcon.colcon_core.package_identification:_identify(src/sensor_sub_pkg) by extension 'colcon_pkg'
[0.104s] Level 1:colcon.colcon_core.package_identification:_identify(src/sensor_sub_pkg) by extensions ['colcon_meta']
[0.104s] Level 1:colcon.colcon_core.package_identification:_identify(src/sensor_sub_pkg) by extension 'colcon_meta'
[0.104s] Level 1:colcon.colcon_core.package_identification:_identify(src/sensor_sub_pkg) by extensions ['ros']
[0.104s] Level 1:colcon.colcon_core.package_identification:_identify(src/sensor_sub_pkg) by extension 'ros'
[0.105s] DEBUG:colcon.colcon_core.package_identification:Package 'src/sensor_sub_pkg' with type 'ros.ament_python' and name 'sensor_sub_pkg'
[0.105s] Level 1:colcon.colcon_core.package_identification:_identify(src/simple_car_tf) by extensions ['ignore', 'ignore_ament_install']
[0.105s] Level 1:colcon.colcon_core.package_identification:_identify(src/simple_car_tf) by extension 'ignore'
[0.105s] Level 1:colcon.colcon_core.package_identification:_identify(src/simple_car_tf) by extension 'ignore_ament_install'
[0.105s] Level 1:colcon.colcon_core.package_identification:_identify(src/simple_car_tf) by extensions ['colcon_pkg']
[0.105s] Level 1:colcon.colcon_core.package_identification:_identify(src/simple_car_tf) by extension 'colcon_pkg'
[0.105s] Level 1:colcon.colcon_core.package_identification:_identify(src/simple_car_tf) by extensions ['colcon_meta']
[0.105s] Level 1:colcon.colcon_core.package_identification:_identify(src/simple_car_tf) by extension 'colcon_meta'
[0.105s] Level 1:colcon.colcon_core.package_identification:_identify(src/simple_car_tf) by extensions ['ros']
[0.105s] Level 1:colcon.colcon_core.package_identification:_identify(src/simple_car_tf) by extension 'ros'
[0.105s] DEBUG:colcon.colcon_core.package_identification:Package 'src/simple_car_tf' with type 'ros.ament_python' and name 'simple_car_tf'
[0.105s] Level 1:colcon.colcon_core.package_identification:_identify(src/slam_control) by extensions ['ignore', 'ignore_ament_install']
[0.105s] Level 1:colcon.colcon_core.package_identification:_identify(src/slam_control) by extension 'ignore'
[0.105s] Level 1:colcon.colcon_core.package_identification:_identify(src/slam_control) by extension 'ignore_ament_install'
[0.105s] Level 1:colcon.colcon_core.package_identification:_identify(src/slam_control) by extensions ['colcon_pkg']
[0.105s] Level 1:colcon.colcon_core.package_identification:_identify(src/slam_control) by extension 'colcon_pkg'
[0.105s] Level 1:colcon.colcon_core.package_identification:_identify(src/slam_control) by extensions ['colcon_meta']
[0.105s] Level 1:colcon.colcon_core.package_identification:_identify(src/slam_control) by extension 'colcon_meta'
[0.105s] Level 1:colcon.colcon_core.package_identification:_identify(src/slam_control) by extensions ['ros']
[0.105s] Level 1:colcon.colcon_core.package_identification:_identify(src/slam_control) by extension 'ros'
[0.106s] DEBUG:colcon.colcon_core.package_identification:Package 'src/slam_control' with type 'ros.ament_python' and name 'slam_control'
[0.106s] Level 1:colcon.colcon_core.package_identification:_identify(src/urdf_practice) by extensions ['ignore', 'ignore_ament_install']
[0.106s] Level 1:colcon.colcon_core.package_identification:_identify(src/urdf_practice) by extension 'ignore'
[0.106s] Level 1:colcon.colcon_core.package_identification:_identify(src/urdf_practice) by extension 'ignore_ament_install'
[0.106s] Level 1:colcon.colcon_core.package_identification:_identify(src/urdf_practice) by extensions ['colcon_pkg']
[0.106s] Level 1:colcon.colcon_core.package_identification:_identify(src/urdf_practice) by extension 'colcon_pkg'
[0.106s] Level 1:colcon.colcon_core.package_identification:_identify(src/urdf_practice) by extensions ['colcon_meta']
[0.106s] Level 1:colcon.colcon_core.package_identification:_identify(src/urdf_practice) by extension 'colcon_meta'
[0.106s] Level 1:colcon.colcon_core.package_identification:_identify(src/urdf_practice) by extensions ['ros']
[0.106s] Level 1:colcon.colcon_core.package_identification:_identify(src/urdf_practice) by extension 'ros'
[0.106s] DEBUG:colcon.colcon_core.package_identification:Package 'src/urdf_practice' with type 'ros.ament_python' and name 'urdf_practice'
[0.106s] Level 1:colcon.colcon_core.package_identification:_identify(src/yolo) by extensions ['ignore', 'ignore_ament_install']
[0.106s] Level 1:colcon.colcon_core.package_identification:_identify(src/yolo) by extension 'ignore'
[0.106s] Level 1:colcon.colcon_core.package_identification:_identify(src/yolo) by extension 'ignore_ament_install'
[0.106s] Level 1:colcon.colcon_core.package_identification:_identify(src/yolo) by extensions ['colcon_pkg']
[0.106s] Level 1:colcon.colcon_core.package_identification:_identify(src/yolo) by extension 'colcon_pkg'
[0.106s] Level 1:colcon.colcon_core.package_identification:_identify(src/yolo) by extensions ['colcon_meta']
[0.106s] Level 1:colcon.colcon_core.package_identification:_identify(src/yolo) by extension 'colcon_meta'
[0.106s] Level 1:colcon.colcon_core.package_identification:_identify(src/yolo) by extensions ['ros']
[0.106s] Level 1:colcon.colcon_core.package_identification:_identify(src/yolo) by extension 'ros'
[0.106s] DEBUG:colcon.colcon_core.package_identification:Package 'src/yolo' with type 'ros.ament_python' and name 'yolo'
[0.106s] Level 1:colcon.colcon_core.package_discovery:discover_packages(recursive) using defaults
[0.106s] Level 1:colcon.colcon_core.package_discovery:discover_packages(ignore) discover
[0.106s] Level 1:colcon.colcon_core.package_discovery:discover_packages(ignore) using defaults
[0.106s] Level 1:colcon.colcon_core.package_discovery:discover_packages(path) discover
[0.106s] Level 1:colcon.colcon_core.package_discovery:discover_packages(path) using defaults
[0.118s] Level 1:colcon.colcon_core.package_discovery:discover_packages(prefix_path) check parameters
[0.118s] Level 1:colcon.colcon_core.package_discovery:discover_packages(prefix_path) discover
[0.120s] DEBUG:colcon.colcon_installed_package_information.package_discovery:Found 14 installed packages in /home/ssafy/magician_ros2_control_system_ws/install
[0.120s] DEBUG:colcon.colcon_installed_package_information.package_discovery:Found 16 installed packages in /home/ssafy/turtlebot3_ws/install
[0.121s] DEBUG:colcon.colcon_installed_package_information.package_discovery:Found 10 installed packages in /home/ssafy/ssafy_ws/install
[0.121s] DEBUG:colcon.colcon_installed_package_information.package_discovery:Found 389 installed packages in /opt/ros/humble
[0.122s] Level 1:colcon.colcon_core.package_discovery:discover_packages(prefix_path) using defaults
[0.148s] Level 5:colcon.colcon_core.verb:set package 'dobot_control' build argument 'cmake_args' from command line to 'None'
[0.148s] Level 5:colcon.colcon_core.verb:set package 'dobot_control' build argument 'cmake_target' from command line to 'None'
[0.148s] Level 5:colcon.colcon_core.verb:set package 'dobot_control' build argument 'cmake_target_skip_unavailable' from command line to 'False'
[0.148s] Level 5:colcon.colcon_core.verb:set package 'dobot_control' build argument 'cmake_clean_cache' from command line to 'False'
[0.148s] Level 5:colcon.colcon_core.verb:set package 'dobot_control' build argument 'cmake_clean_first' from command line to 'False'
[0.148s] Level 5:colcon.colcon_core.verb:set package 'dobot_control' build argument 'cmake_force_configure' from command line to 'False'
[0.148s] Level 5:colcon.colcon_core.verb:set package 'dobot_control' build argument 'ament_cmake_args' from command line to 'None'
[0.148s] Level 5:colcon.colcon_core.verb:set package 'dobot_control' build argument 'catkin_cmake_args' from command line to 'None'
[0.148s] Level 5:colcon.colcon_core.verb:set package 'dobot_control' build argument 'catkin_skip_building_tests' from command line to 'False'
[0.148s] DEBUG:colcon.colcon_core.verb:Building package 'dobot_control' with the following arguments: {'ament_cmake_args': None, 'build_base': '/home/ssafy/ssafy_ws/build/dobot_control', 'catkin_cmake_args': None, 'catkin_skip_building_tests': False, 'cmake_args': None, 'cmake_clean_cache': False, 'cmake_clean_first': False, 'cmake_force_configure': False, 'cmake_target': None, 'cmake_target_skip_unavailable': False, 'install_base': '/home/ssafy/ssafy_ws/install/dobot_control', 'merge_install': False, 'path': '/home/ssafy/ssafy_ws/src/dobot_control', 'symlink_install': False, 'test_result_base': None}
[0.148s] Level 5:colcon.colcon_core.verb:set package 'intergrate_prac' build argument 'cmake_args' from command line to 'None'
[0.148s] Level 5:colcon.colcon_core.verb:set package 'intergrate_prac' build argument 'cmake_target' from command line to 'None'
[0.148s] Level 5:colcon.colcon_core.verb:set package 'intergrate_prac' build argument 'cmake_target_skip_unavailable' from command line to 'False'
[0.148s] Level 5:colcon.colcon_core.verb:set package 'intergrate_prac' build argument 'cmake_clean_cache' from command line to 'False'
[0.148s] Level 5:colcon.colcon_core.verb:set package 'intergrate_prac' build argument 'cmake_clean_first' from command line to 'False'
[0.148s] Level 5:colcon.colcon_core.verb:set package 'intergrate_prac' build argument 'cmake_force_configure' from command line to 'False'
[0.148s] Level 5:colcon.colcon_core.verb:set package 'intergrate_prac' build argument 'ament_cmake_args' from command line to 'None'
[0.148s] Level 5:colcon.colcon_core.verb:set package 'intergrate_prac' build argument 'catkin_cmake_args' from command line to 'None'
[0.148s] Level 5:colcon.colcon_core.verb:set package 'intergrate_prac' build argument 'catkin_skip_building_tests' from command line to 'False'
[0.148s] DEBUG:colcon.colcon_core.verb:Building package 'intergrate_prac' with the following arguments: {'ament_cmake_args': None, 'build_base': '/home/ssafy/ssafy_ws/build/intergrate_prac', 'catkin_cmake_args': None, 'catkin_skip_building_tests': False, 'cmake_args': None, 'cmake_clean_cache': False, 'cmake_clean_first': False, 'cmake_force_configure': False, 'cmake_target': None, 'cmake_target_skip_unavailable': False, 'install_base': '/home/ssafy/ssafy_ws/install/intergrate_prac', 'merge_install': False, 'path': '/home/ssafy/ssafy_ws/src/intergrate_prac', 'symlink_install': False, 'test_result_base': None}
[0.148s] Level 5:colcon.colcon_core.verb:set package 'my_robot_controller' build argument 'cmake_args' from command line to 'None'
[0.148s] Level 5:colcon.colcon_core.verb:set package 'my_robot_controller' build argument 'cmake_target' from command line to 'None'
[0.148s] Level 5:colcon.colcon_core.verb:set package 'my_robot_controller' build argument 'cmake_target_skip_unavailable' from command line to 'False'
[0.148s] Level 5:colcon.colcon_core.verb:set package 'my_robot_controller' build argument 'cmake_clean_cache' from command line to 'False'
[0.148s] Level 5:colcon.colcon_core.verb:set package 'my_robot_controller' build argument 'cmake_clean_first' from command line to 'False'
[0.148s] Level 5:colcon.colcon_core.verb:set package 'my_robot_controller' build argument 'cmake_force_configure' from command line to 'False'
[0.148s] Level 5:colcon.colcon_core.verb:set package 'my_robot_controller' build argument 'ament_cmake_args' from command line to 'None'
[0.148s] Level 5:colcon.colcon_core.verb:set package 'my_robot_controller' build argument 'catkin_cmake_args' from command line to 'None'
[0.148s] Level 5:colcon.colcon_core.verb:set package 'my_robot_controller' build argument 'catkin_skip_building_tests' from command line to 'False'
[0.148s] DEBUG:colcon.colcon_core.verb:Building package 'my_robot_controller' with the following arguments: {'ament_cmake_args': None, 'build_base': '/home/ssafy/ssafy_ws/build/my_robot_controller', 'catkin_cmake_args': None, 'catkin_skip_building_tests': False, 'cmake_args': None, 'cmake_clean_cache': False, 'cmake_clean_first': False, 'cmake_force_configure': False, 'cmake_target': None, 'cmake_target_skip_unavailable': False, 'install_base': '/home/ssafy/ssafy_ws/install/my_robot_controller', 'merge_install': False, 'path': '/home/ssafy/ssafy_ws/src/my_robot_controller', 'symlink_install': False, 'test_result_base': None}
[0.149s] Level 5:colcon.colcon_core.verb:set package 'naver_clova' build argument 'cmake_args' from command line to 'None'
[0.149s] Level 5:colcon.colcon_core.verb:set package 'naver_clova' build argument 'cmake_target' from command line to 'None'
[0.149s] Level 5:colcon.colcon_core.verb:set package 'naver_clova' build argument 'cmake_target_skip_unavailable' from command line to 'False'
[0.149s] Level 5:colcon.colcon_core.verb:set package 'naver_clova' build argument 'cmake_clean_cache' from command line to 'False'
[0.149s] Level 5:colcon.colcon_core.verb:set package 'naver_clova' build argument 'cmake_clean_first' from command line to 'False'
[0.149s] Level 5:colcon.colcon_core.verb:set package 'naver_clova' build argument 'cmake_force_configure' from command line to 'False'
[0.149s] Level 5:colcon.colcon_core.verb:set package 'naver_clova' build argument 'ament_cmake_args' from command line to 'None'
[0.149s] Level 5:colcon.colcon_core.verb:set package 'naver_clova' build argument 'catkin_cmake_args' from command line to 'None'
[0.149s] Level 5:colcon.colcon_core.verb:set package 'naver_clova' build argument 'catkin_skip_building_tests' from command line to 'False'
[0.149s] DEBUG:colcon.colcon_core.verb:Building package 'naver_clova' with the following arguments: {'ament_cmake_args': None, 'build_base': '/home/ssafy/ssafy_ws/build/naver_clova', 'catkin_cmake_args': None, 'catkin_skip_building_tests': False, 'cmake_args': None, 'cmake_clean_cache': False, 'cmake_clean_first': False, 'cmake_force_configure': False, 'cmake_target': None, 'cmake_target_skip_unavailable': False, 'install_base': '/home/ssafy/ssafy_ws/install/naver_clova', 'merge_install': False, 'path': '/home/ssafy/ssafy_ws/src/naver_clova', 'symlink_install': False, 'test_result_base': None}
[0.149s] Level 5:colcon.colcon_core.verb:set package 'practice' build argument 'cmake_args' from command line to 'None'
[0.149s] Level 5:colcon.colcon_core.verb:set package 'practice' build argument 'cmake_target' from command line to 'None'
[0.149s] Level 5:colcon.colcon_core.verb:set package 'practice' build argument 'cmake_target_skip_unavailable' from command line to 'False'
[0.149s] Level 5:colcon.colcon_core.verb:set package 'practice' build argument 'cmake_clean_cache' from command line to 'False'
[0.149s] Level 5:colcon.colcon_core.verb:set package 'practice' build argument 'cmake_clean_first' from command line to 'False'
[0.149s] Level 5:colcon.colcon_core.verb:set package 'practice' build argument 'cmake_force_configure' from command line to 'False'
[0.149s] Level 5:colcon.colcon_core.verb:set package 'practice' build argument 'ament_cmake_args' from command line to 'None'
[0.149s] Level 5:colcon.colcon_core.verb:set package 'practice' build argument 'catkin_cmake_args' from command line to 'None'
[0.149s] Level 5:colcon.colcon_core.verb:set package 'practice' build argument 'catkin_skip_building_tests' from command line to 'False'
[0.149s] DEBUG:colcon.colcon_core.verb:Building package 'practice' with the following arguments: {'ament_cmake_args': None, 'build_base': '/home/ssafy/ssafy_ws/build/practice', 'catkin_cmake_args': None, 'catkin_skip_building_tests': False, 'cmake_args': None, 'cmake_clean_cache': False, 'cmake_clean_first': False, 'cmake_force_configure': False, 'cmake_target': None, 'cmake_target_skip_unavailable': False, 'install_base': '/home/ssafy/ssafy_ws/install/practice', 'merge_install': False, 'path': '/home/ssafy/ssafy_ws/src/practice', 'symlink_install': False, 'test_result_base': None}
[0.149s] Level 5:colcon.colcon_core.verb:set package 'sensor_sub_pkg' build argument 'cmake_args' from command line to 'None'
[0.149s] Level 5:colcon.colcon_core.verb:set package 'sensor_sub_pkg' build argument 'cmake_target' from command line to 'None'
[0.149s] Level 5:colcon.colcon_core.verb:set package 'sensor_sub_pkg' build argument 'cmake_target_skip_unavailable' from command line to 'False'
[0.149s] Level 5:colcon.colcon_core.verb:set package 'sensor_sub_pkg' build argument 'cmake_clean_cache' from command line to 'False'
[0.149s] Level 5:colcon.colcon_core.verb:set package 'sensor_sub_pkg' build argument 'cmake_clean_first' from command line to 'False'
[0.149s] Level 5:colcon.colcon_core.verb:set package 'sensor_sub_pkg' build argument 'cmake_force_configure' from command line to 'False'
[0.149s] Level 5:colcon.colcon_core.verb:set package 'sensor_sub_pkg' build argument 'ament_cmake_args' from command line to 'None'
[0.149s] Level 5:colcon.colcon_core.verb:set package 'sensor_sub_pkg' build argument 'catkin_cmake_args' from command line to 'None'
[0.149s] Level 5:colcon.colcon_core.verb:set package 'sensor_sub_pkg' build argument 'catkin_skip_building_tests' from command line to 'False'
[0.149s] DEBUG:colcon.colcon_core.verb:Building package 'sensor_sub_pkg' with the following arguments: {'ament_cmake_args': None, 'build_base': '/home/ssafy/ssafy_ws/build/sensor_sub_pkg', 'catkin_cmake_args': None, 'catkin_skip_building_tests': False, 'cmake_args': None, 'cmake_clean_cache': False, 'cmake_clean_first': False, 'cmake_force_configure': False, 'cmake_target': None, 'cmake_target_skip_unavailable': False, 'install_base': '/home/ssafy/ssafy_ws/install/sensor_sub_pkg', 'merge_install': False, 'path': '/home/ssafy/ssafy_ws/src/sensor_sub_pkg', 'symlink_install': False, 'test_result_base': None}
[0.149s] Level 5:colcon.colcon_core.verb:set package 'simple_car_tf' build argument 'cmake_args' from command line to 'None'
[0.150s] Level 5:colcon.colcon_core.verb:set package 'simple_car_tf' build argument 'cmake_target' from command line to 'None'
[0.150s] Level 5:colcon.colcon_core.verb:set package 'simple_car_tf' build argument 'cmake_target_skip_unavailable' from command line to 'False'
[0.150s] Level 5:colcon.colcon_core.verb:set package 'simple_car_tf' build argument 'cmake_clean_cache' from command line to 'False'
[0.150s] Level 5:colcon.colcon_core.verb:set package 'simple_car_tf' build argument 'cmake_clean_first' from command line to 'False'
[0.150s] Level 5:colcon.colcon_core.verb:set package 'simple_car_tf' build argument 'cmake_force_configure' from command line to 'False'
[0.150s] Level 5:colcon.colcon_core.verb:set package 'simple_car_tf' build argument 'ament_cmake_args' from command line to 'None'
[0.150s] Level 5:colcon.colcon_core.verb:set package 'simple_car_tf' build argument 'catkin_cmake_args' from command line to 'None'
[0.150s] Level 5:colcon.colcon_core.verb:set package 'simple_car_tf' build argument 'catkin_skip_building_tests' from command line to 'False'
[0.150s] DEBUG:colcon.colcon_core.verb:Building package 'simple_car_tf' with the following arguments: {'ament_cmake_args': None, 'build_base': '/home/ssafy/ssafy_ws/build/simple_car_tf', 'catkin_cmake_args': None, 'catkin_skip_building_tests': False, 'cmake_args': None, 'cmake_clean_cache': False, 'cmake_clean_first': False, 'cmake_force_configure': False, 'cmake_target': None, 'cmake_target_skip_unavailable': False, 'install_base': '/home/ssafy/ssafy_ws/install/simple_car_tf', 'merge_install': False, 'path': '/home/ssafy/ssafy_ws/src/simple_car_tf', 'symlink_install': False, 'test_result_base': None}
[0.150s] Level 5:colcon.colcon_core.verb:set package 'slam_control' build argument 'cmake_args' from command line to 'None'
[0.150s] Level 5:colcon.colcon_core.verb:set package 'slam_control' build argument 'cmake_target' from command line to 'None'
[0.150s] Level 5:colcon.colcon_core.verb:set package 'slam_control' build argument 'cmake_target_skip_unavailable' from command line to 'False'
[0.150s] Level 5:colcon.colcon_core.verb:set package 'slam_control' build argument 'cmake_clean_cache' from command line to 'False'
[0.150s] Level 5:colcon.colcon_core.verb:set package 'slam_control' build argument 'cmake_clean_first' from command line to 'False'
[0.150s] Level 5:colcon.colcon_core.verb:set package 'slam_control' build argument 'cmake_force_configure' from command line to 'False'
[0.150s] Level 5:colcon.colcon_core.verb:set package 'slam_control' build argument 'ament_cmake_args' from command line to 'None'
[0.150s] Level 5:colcon.colcon_core.verb:set package 'slam_control' build argument 'catkin_cmake_args' from command line to 'None'
[0.150s] Level 5:colcon.colcon_core.verb:set package 'slam_control' build argument 'catkin_skip_building_tests' from command line to 'False'
[0.150s] DEBUG:colcon.colcon_core.verb:Building package 'slam_control' with the following arguments: {'ament_cmake_args': None, 'build_base': '/home/ssafy/ssafy_ws/build/slam_control', 'catkin_cmake_args': None, 'catkin_skip_building_tests': False, 'cmake_args': None, 'cmake_clean_cache': False, 'cmake_clean_first': False, 'cmake_force_configure': False, 'cmake_target': None, 'cmake_target_skip_unavailable': False, 'install_base': '/home/ssafy/ssafy_ws/install/slam_control', 'merge_install': False, 'path': '/home/ssafy/ssafy_ws/src/slam_control', 'symlink_install': False, 'test_result_base': None}
[0.150s] Level 5:colcon.colcon_core.verb:set package 'urdf_practice' build argument 'cmake_args' from command line to 'None'
[0.150s] Level 5:colcon.colcon_core.verb:set package 'urdf_practice' build argument 'cmake_target' from command line to 'None'
[0.150s] Level 5:colcon.colcon_core.verb:set package 'urdf_practice' build argument 'cmake_target_skip_unavailable' from command line to 'False'
[0.150s] Level 5:colcon.colcon_core.verb:set package 'urdf_practice' build argument 'cmake_clean_cache' from command line to 'False'
[0.150s] Level 5:colcon.colcon_core.verb:set package 'urdf_practice' build argument 'cmake_clean_first' from command line to 'False'
[0.150s] Level 5:colcon.colcon_core.verb:set package 'urdf_practice' build argument 'cmake_force_configure' from command line to 'False'
[0.150s] Level 5:colcon.colcon_core.verb:set package 'urdf_practice' build argument 'ament_cmake_args' from command line to 'None'
[0.150s] Level 5:colcon.colcon_core.verb:set package 'urdf_practice' build argument 'catkin_cmake_args' from command line to 'None'
[0.150s] Level 5:colcon.colcon_core.verb:set package 'urdf_practice' build argument 'catkin_skip_building_tests' from command line to 'False'
[0.150s] DEBUG:colcon.colcon_core.verb:Building package 'urdf_practice' with the following arguments: {'ament_cmake_args': None, 'build_base': '/home/ssafy/ssafy_ws/build/urdf_practice', 'catkin_cmake_args': None, 'catkin_skip_building_tests': False, 'cmake_args': None, 'cmake_clean_cache': False, 'cmake_clean_first': False, 'cmake_force_configure': False, 'cmake_target': None, 'cmake_target_skip_unavailable': False, 'install_base': '/home/ssafy/ssafy_ws/install/urdf_practice', 'merge_install': False, 'path': '/home/ssafy/ssafy_ws/src/urdf_practice', 'symlink_install': False, 'test_result_base': None}
[0.150s] Level 5:colcon.colcon_core.verb:set package 'yolo' build argument 'cmake_args' from command line to 'None'
[0.150s] Level 5:colcon.colcon_core.verb:set package 'yolo' build argument 'cmake_target' from command line to 'None'
[0.150s] Level 5:colcon.colcon_core.verb:set package 'yolo' build argument 'cmake_target_skip_unavailable' from command line to 'False'
[0.150s] Level 5:colcon.colcon_core.verb:set package 'yolo' build argument 'cmake_clean_cache' from command line to 'False'
[0.150s] Level 5:colcon.colcon_core.verb:set package 'yolo' build argument 'cmake_clean_first' from command line to 'False'
[0.150s] Level 5:colcon.colcon_core.verb:set package 'yolo' build argument 'cmake_force_configure' from command line to 'False'
[0.150s] Level 5:colcon.colcon_core.verb:set package 'yolo' build argument 'ament_cmake_args' from command line to 'None'
[0.150s] Level 5:colcon.colcon_core.verb:set package 'yolo' build argument 'catkin_cmake_args' from command line to 'None'
[0.150s] Level 5:colcon.colcon_core.verb:set package 'yolo' build argument 'catkin_skip_building_tests' from command line to 'False'
[0.150s] DEBUG:colcon.colcon_core.verb:Building package 'yolo' with the following arguments: {'ament_cmake_args': None, 'build_base': '/home/ssafy/ssafy_ws/build/yolo', 'catkin_cmake_args': None, 'catkin_skip_building_tests': False, 'cmake_args': None, 'cmake_clean_cache': False, 'cmake_clean_first': False, 'cmake_force_configure': False, 'cmake_target': None, 'cmake_target_skip_unavailable': False, 'install_base': '/home/ssafy/ssafy_ws/install/yolo', 'merge_install': False, 'path': '/home/ssafy/ssafy_ws/src/yolo', 'symlink_install': False, 'test_result_base': None}
[0.151s] INFO:colcon.colcon_core.executor:Executing jobs using 'parallel' executor
[0.151s] DEBUG:colcon.colcon_parallel_executor.executor.parallel:run_until_complete
[0.151s] INFO:colcon.colcon_ros.task.ament_python.build:Building ROS package in '/home/ssafy/ssafy_ws/src/dobot_control' with build type 'ament_python'
[0.151s] Level 1:colcon.colcon_core.shell:create_environment_hook('dobot_control', 'ament_prefix_path')
[0.153s] INFO:colcon.colcon_core.plugin_system:Skipping extension 'colcon_core.shell.bat': Not used on non-Windows systems
[0.153s] INFO:colcon.colcon_core.shell:Creating environment hook '/home/ssafy/ssafy_ws/install/dobot_control/share/dobot_control/hook/ament_prefix_path.ps1'
[0.153s] INFO:colcon.colcon_core.shell:Creating environment descriptor '/home/ssafy/ssafy_ws/install/dobot_control/share/dobot_control/hook/ament_prefix_path.dsv'
[0.154s] INFO:colcon.colcon_core.shell:Creating environment hook '/home/ssafy/ssafy_ws/install/dobot_control/share/dobot_control/hook/ament_prefix_path.sh'
[0.154s] INFO:colcon.colcon_core.shell:Skip shell extension 'powershell' for command environment: Not usable outside of PowerShell
[0.154s] DEBUG:colcon.colcon_core.shell:Skip shell extension 'dsv' for command environment
[0.157s] INFO:colcon.colcon_ros.task.ament_python.build:Building ROS package in '/home/ssafy/ssafy_ws/src/intergrate_prac' with build type 'ament_python'
[0.157s] Level 1:colcon.colcon_core.shell:create_environment_hook('intergrate_prac', 'ament_prefix_path')
[0.158s] INFO:colcon.colcon_core.shell:Creating environment hook '/home/ssafy/ssafy_ws/install/intergrate_prac/share/intergrate_prac/hook/ament_prefix_path.ps1'
[0.158s] INFO:colcon.colcon_core.shell:Creating environment descriptor '/home/ssafy/ssafy_ws/install/intergrate_prac/share/intergrate_prac/hook/ament_prefix_path.dsv'
[0.158s] INFO:colcon.colcon_core.shell:Creating environment hook '/home/ssafy/ssafy_ws/install/intergrate_prac/share/intergrate_prac/hook/ament_prefix_path.sh'
[0.158s] INFO:colcon.colcon_core.shell:Skip shell extension 'powershell' for command environment: Not usable outside of PowerShell
[0.158s] DEBUG:colcon.colcon_core.shell:Skip shell extension 'dsv' for command environment
[0.161s] INFO:colcon.colcon_ros.task.ament_python.build:Building ROS package in '/home/ssafy/ssafy_ws/src/my_robot_controller' with build type 'ament_python'
[0.161s] Level 1:colcon.colcon_core.shell:create_environment_hook('my_robot_controller', 'ament_prefix_path')
[0.161s] INFO:colcon.colcon_core.shell:Creating environment hook '/home/ssafy/ssafy_ws/install/my_robot_controller/share/my_robot_controller/hook/ament_prefix_path.ps1'
[0.163s] INFO:colcon.colcon_core.shell:Creating environment descriptor '/home/ssafy/ssafy_ws/install/my_robot_controller/share/my_robot_controller/hook/ament_prefix_path.dsv'
[0.163s] INFO:colcon.colcon_core.shell:Creating environment hook '/home/ssafy/ssafy_ws/install/my_robot_controller/share/my_robot_controller/hook/ament_prefix_path.sh'
[0.163s] INFO:colcon.colcon_core.shell:Skip shell extension 'powershell' for command environment: Not usable outside of PowerShell
[0.163s] DEBUG:colcon.colcon_core.shell:Skip shell extension 'dsv' for command environment
[0.172s] INFO:colcon.colcon_ros.task.ament_python.build:Building ROS package in '/home/ssafy/ssafy_ws/src/naver_clova' with build type 'ament_python'
[0.172s] Level 1:colcon.colcon_core.shell:create_environment_hook('naver_clova', 'ament_prefix_path')
[0.172s] INFO:colcon.colcon_core.shell:Creating environment hook '/home/ssafy/ssafy_ws/install/naver_clova/share/naver_clova/hook/ament_prefix_path.ps1'
[0.173s] INFO:colcon.colcon_core.shell:Creating environment descriptor '/home/ssafy/ssafy_ws/install/naver_clova/share/naver_clova/hook/ament_prefix_path.dsv'
[0.173s] INFO:colcon.colcon_core.shell:Creating environment hook '/home/ssafy/ssafy_ws/install/naver_clova/share/naver_clova/hook/ament_prefix_path.sh'
[0.173s] INFO:colcon.colcon_core.shell:Skip shell extension 'powershell' for command environment: Not usable outside of PowerShell
[0.173s] DEBUG:colcon.colcon_core.shell:Skip shell extension 'dsv' for command environment
[0.176s] INFO:colcon.colcon_ros.task.ament_python.build:Building ROS package in '/home/ssafy/ssafy_ws/src/practice' with build type 'ament_python'
[0.176s] Level 1:colcon.colcon_core.shell:create_environment_hook('practice', 'ament_prefix_path')
[0.176s] INFO:colcon.colcon_core.shell:Creating environment hook '/home/ssafy/ssafy_ws/install/practice/share/practice/hook/ament_prefix_path.ps1'
[0.176s] INFO:colcon.colcon_core.shell:Creating environment descriptor '/home/ssafy/ssafy_ws/install/practice/share/practice/hook/ament_prefix_path.dsv'
[0.176s] INFO:colcon.colcon_core.shell:Creating environment hook '/home/ssafy/ssafy_ws/install/practice/share/practice/hook/ament_prefix_path.sh'
[0.177s] INFO:colcon.colcon_core.shell:Skip shell extension 'powershell' for command environment: Not usable outside of PowerShell
[0.177s] DEBUG:colcon.colcon_core.shell:Skip shell extension 'dsv' for command environment
[0.179s] INFO:colcon.colcon_ros.task.ament_python.build:Building ROS package in '/home/ssafy/ssafy_ws/src/sensor_sub_pkg' with build type 'ament_python'
[0.179s] Level 1:colcon.colcon_core.shell:create_environment_hook('sensor_sub_pkg', 'ament_prefix_path')
[0.179s] INFO:colcon.colcon_core.shell:Creating environment hook '/home/ssafy/ssafy_ws/install/sensor_sub_pkg/share/sensor_sub_pkg/hook/ament_prefix_path.ps1'
[0.180s] INFO:colcon.colcon_core.shell:Creating environment descriptor '/home/ssafy/ssafy_ws/install/sensor_sub_pkg/share/sensor_sub_pkg/hook/ament_prefix_path.dsv'
[0.180s] INFO:colcon.colcon_core.shell:Creating environment hook '/home/ssafy/ssafy_ws/install/sensor_sub_pkg/share/sensor_sub_pkg/hook/ament_prefix_path.sh'
[0.180s] INFO:colcon.colcon_core.shell:Skip shell extension 'powershell' for command environment: Not usable outside of PowerShell
[0.180s] DEBUG:colcon.colcon_core.shell:Skip shell extension 'dsv' for command environment
[0.183s] INFO:colcon.colcon_ros.task.ament_python.build:Building ROS package in '/home/ssafy/ssafy_ws/src/simple_car_tf' with build type 'ament_python'
[0.183s] Level 1:colcon.colcon_core.shell:create_environment_hook('simple_car_tf', 'ament_prefix_path')
[0.183s] INFO:colcon.colcon_core.shell:Creating environment hook '/home/ssafy/ssafy_ws/install/simple_car_tf/share/simple_car_tf/hook/ament_prefix_path.ps1'
[0.183s] INFO:colcon.colcon_core.shell:Creating environment descriptor '/home/ssafy/ssafy_ws/install/simple_car_tf/share/simple_car_tf/hook/ament_prefix_path.dsv'
[0.183s] INFO:colcon.colcon_core.shell:Creating environment hook '/home/ssafy/ssafy_ws/install/simple_car_tf/share/simple_car_tf/hook/ament_prefix_path.sh'
[0.184s] INFO:colcon.colcon_core.shell:Skip shell extension 'powershell' for command environment: Not usable outside of PowerShell
[0.184s] DEBUG:colcon.colcon_core.shell:Skip shell extension 'dsv' for command environment
[0.186s] INFO:colcon.colcon_ros.task.ament_python.build:Building ROS package in '/home/ssafy/ssafy_ws/src/slam_control' with build type 'ament_python'
[0.186s] Level 1:colcon.colcon_core.shell:create_environment_hook('slam_control', 'ament_prefix_path')
[0.186s] INFO:colcon.colcon_core.shell:Creating environment hook '/home/ssafy/ssafy_ws/install/slam_control/share/slam_control/hook/ament_prefix_path.ps1'
[0.187s] INFO:colcon.colcon_core.shell:Creating environment descriptor '/home/ssafy/ssafy_ws/install/slam_control/share/slam_control/hook/ament_prefix_path.dsv'
[0.187s] INFO:colcon.colcon_core.shell:Creating environment hook '/home/ssafy/ssafy_ws/install/slam_control/share/slam_control/hook/ament_prefix_path.sh'
[0.187s] INFO:colcon.colcon_core.shell:Skip shell extension 'powershell' for command environment: Not usable outside of PowerShell
[0.187s] DEBUG:colcon.colcon_core.shell:Skip shell extension 'dsv' for command environment
[0.190s] INFO:colcon.colcon_ros.task.ament_python.build:Building ROS package in '/home/ssafy/ssafy_ws/src/urdf_practice' with build type 'ament_python'
[0.190s] Level 1:colcon.colcon_core.shell:create_environment_hook('urdf_practice', 'ament_prefix_path')
[0.190s] INFO:colcon.colcon_core.shell:Creating environment hook '/home/ssafy/ssafy_ws/install/urdf_practice/share/urdf_practice/hook/ament_prefix_path.ps1'
[0.191s] INFO:colcon.colcon_core.shell:Creating environment descriptor '/home/ssafy/ssafy_ws/install/urdf_practice/share/urdf_practice/hook/ament_prefix_path.dsv'
[0.191s] INFO:colcon.colcon_core.shell:Creating environment hook '/home/ssafy/ssafy_ws/install/urdf_practice/share/urdf_practice/hook/ament_prefix_path.sh'
[0.191s] INFO:colcon.colcon_core.shell:Skip shell extension 'powershell' for command environment: Not usable outside of PowerShell
[0.192s] DEBUG:colcon.colcon_core.shell:Skip shell extension 'dsv' for command environment
[0.195s] INFO:colcon.colcon_ros.task.ament_python.build:Building ROS package in '/home/ssafy/ssafy_ws/src/yolo' with build type 'ament_python'
[0.195s] Level 1:colcon.colcon_core.shell:create_environment_hook('yolo', 'ament_prefix_path')
[0.195s] INFO:colcon.colcon_core.shell:Creating environment hook '/home/ssafy/ssafy_ws/install/yolo/share/yolo/hook/ament_prefix_path.ps1'
[0.195s] INFO:colcon.colcon_core.shell:Creating environment descriptor '/home/ssafy/ssafy_ws/install/yolo/share/yolo/hook/ament_prefix_path.dsv'
[0.195s] INFO:colcon.colcon_core.shell:Creating environment hook '/home/ssafy/ssafy_ws/install/yolo/share/yolo/hook/ament_prefix_path.sh'
[0.196s] INFO:colcon.colcon_core.shell:Skip shell extension 'powershell' for command environment: Not usable outside of PowerShell
[0.196s] DEBUG:colcon.colcon_core.shell:Skip shell extension 'dsv' for command environment
[0.334s] INFO:colcon.colcon_core.task.python.build:Building Python package in '/home/ssafy/ssafy_ws/src/dobot_control'
[0.334s] INFO:colcon.colcon_core.shell:Skip shell extension 'powershell' for command environment: Not usable outside of PowerShell
[0.334s] DEBUG:colcon.colcon_core.shell:Skip shell extension 'dsv' for command environment
[0.472s] INFO:colcon.colcon_core.task.python.build:Building Python package in '/home/ssafy/ssafy_ws/src/intergrate_prac'
[0.472s] INFO:colcon.colcon_core.shell:Skip shell extension 'powershell' for command environment: Not usable outside of PowerShell
[0.472s] DEBUG:colcon.colcon_core.shell:Skip shell extension 'dsv' for command environment
[0.608s] INFO:colcon.colcon_core.task.python.build:Building Python package in '/home/ssafy/ssafy_ws/src/my_robot_controller'
[0.609s] INFO:colcon.colcon_core.shell:Skip shell extension 'powershell' for command environment: Not usable outside of PowerShell
[0.609s] DEBUG:colcon.colcon_core.shell:Skip shell extension 'dsv' for command environment
[0.747s] INFO:colcon.colcon_core.task.python.build:Building Python package in '/home/ssafy/ssafy_ws/src/naver_clova'
[0.747s] INFO:colcon.colcon_core.shell:Skip shell extension 'powershell' for command environment: Not usable outside of PowerShell
[0.747s] DEBUG:colcon.colcon_core.shell:Skip shell extension 'dsv' for command environment
[0.896s] INFO:colcon.colcon_core.task.python.build:Building Python package in '/home/ssafy/ssafy_ws/src/practice'
[0.896s] INFO:colcon.colcon_core.shell:Skip shell extension 'powershell' for command environment: Not usable outside of PowerShell
[0.896s] DEBUG:colcon.colcon_core.shell:Skip shell extension 'dsv' for command environment
[1.044s] INFO:colcon.colcon_core.task.python.build:Building Python package in '/home/ssafy/ssafy_ws/src/sensor_sub_pkg'
[1.044s] INFO:colcon.colcon_core.shell:Skip shell extension 'powershell' for command environment: Not usable outside of PowerShell
[1.045s] DEBUG:colcon.colcon_core.shell:Skip shell extension 'dsv' for command environment
[1.181s] INFO:colcon.colcon_core.task.python.build:Building Python package in '/home/ssafy/ssafy_ws/src/simple_car_tf'
[1.182s] INFO:colcon.colcon_core.shell:Skip shell extension 'powershell' for command environment: Not usable outside of PowerShell
[1.182s] DEBUG:colcon.colcon_core.shell:Skip shell extension 'dsv' for command environment
[1.318s] INFO:colcon.colcon_core.task.python.build:Building Python package in '/home/ssafy/ssafy_ws/src/slam_control'
[1.318s] INFO:colcon.colcon_core.shell:Skip shell extension 'powershell' for command environment: Not usable outside of PowerShell
[1.318s] DEBUG:colcon.colcon_core.shell:Skip shell extension 'dsv' for command environment
[1.460s] INFO:colcon.colcon_core.task.python.build:Building Python package in '/home/ssafy/ssafy_ws/src/urdf_practice'
[1.464s] INFO:colcon.colcon_core.shell:Skip shell extension 'powershell' for command environment: Not usable outside of PowerShell
[1.464s] DEBUG:colcon.colcon_core.shell:Skip shell extension 'dsv' for command environment
[1.609s] INFO:colcon.colcon_core.task.python.build:Building Python package in '/home/ssafy/ssafy_ws/src/yolo'
[1.609s] INFO:colcon.colcon_core.shell:Skip shell extension 'powershell' for command environment: Not usable outside of PowerShell
[1.609s] DEBUG:colcon.colcon_core.shell:Skip shell extension 'dsv' for command environment
[2.064s] DEBUG:colcon.colcon_core.event_handler.log_command:Invoking command in '/home/ssafy/ssafy_ws/src/simple_car_tf': PYTHONPATH=/home/ssafy/ssafy_ws/build/simple_car_tf/prefix_override:/usr/lib/python3/dist-packages/colcon_core/task/python/colcon_distutils_commands:/home/ssafy/ssafy_ws/install/simple_car_tf/lib/python3.10/site-packages:${PYTHONPATH} /usr/bin/python3 -W ignore:setup.py install is deprecated -W ignore:easy_install command is deprecated setup.py egg_info --egg-base ../../build/simple_car_tf build --build-base /home/ssafy/ssafy_ws/build/simple_car_tf/build install --record /home/ssafy/ssafy_ws/build/simple_car_tf/install.log --single-version-externally-managed install_data
[2.070s] DEBUG:colcon.colcon_core.event_handler.log_command:Invoking command in '/home/ssafy/ssafy_ws/src/my_robot_controller': PYTHONPATH=/home/ssafy/ssafy_ws/build/my_robot_controller/prefix_override:/usr/lib/python3/dist-packages/colcon_core/task/python/colcon_distutils_commands:/home/ssafy/ssafy_ws/install/my_robot_controller/lib/python3.10/site-packages:${PYTHONPATH} /usr/bin/python3 -W ignore:setup.py install is deprecated -W ignore:easy_install command is deprecated setup.py egg_info --egg-base ../../build/my_robot_controller build --build-base /home/ssafy/ssafy_ws/build/my_robot_controller/build install --record /home/ssafy/ssafy_ws/build/my_robot_controller/install.log --single-version-externally-managed install_data
[2.073s] DEBUG:colcon.colcon_core.event_handler.log_command:Invoking command in '/home/ssafy/ssafy_ws/src/intergrate_prac': PYTHONPATH=/home/ssafy/ssafy_ws/build/intergrate_prac/prefix_override:/usr/lib/python3/dist-packages/colcon_core/task/python/colcon_distutils_commands:/home/ssafy/ssafy_ws/install/intergrate_prac/lib/python3.10/site-packages:${PYTHONPATH} /usr/bin/python3 -W ignore:setup.py install is deprecated -W ignore:easy_install command is deprecated setup.py egg_info --egg-base ../../build/intergrate_prac build --build-base /home/ssafy/ssafy_ws/build/intergrate_prac/build install --record /home/ssafy/ssafy_ws/build/intergrate_prac/install.log --single-version-externally-managed install_data
[2.076s] DEBUG:colcon.colcon_core.event_handler.log_command:Invoking command in '/home/ssafy/ssafy_ws/src/yolo': PYTHONPATH=/home/ssafy/ssafy_ws/build/yolo/prefix_override:/usr/lib/python3/dist-packages/colcon_core/task/python/colcon_distutils_commands:/home/ssafy/ssafy_ws/install/yolo/lib/python3.10/site-packages:${PYTHONPATH} /usr/bin/python3 -W ignore:setup.py install is deprecated -W ignore:easy_install command is deprecated setup.py egg_info --egg-base ../../build/yolo build --build-base /home/ssafy/ssafy_ws/build/yolo/build install --record /home/ssafy/ssafy_ws/build/yolo/install.log --single-version-externally-managed install_data
[2.100s] DEBUG:colcon.colcon_core.event_handler.log_command:Invoking command in '/home/ssafy/ssafy_ws/src/slam_control': PYTHONPATH=/home/ssafy/ssafy_ws/build/slam_control/prefix_override:/usr/lib/python3/dist-packages/colcon_core/task/python/colcon_distutils_commands:/home/ssafy/ssafy_ws/install/slam_control/lib/python3.10/site-packages:${PYTHONPATH} /usr/bin/python3 -W ignore:setup.py install is deprecated -W ignore:easy_install command is deprecated setup.py egg_info --egg-base ../../build/slam_control build --build-base /home/ssafy/ssafy_ws/build/slam_control/build install --record /home/ssafy/ssafy_ws/build/slam_control/install.log --single-version-externally-managed install_data
[2.101s] DEBUG:colcon.colcon_core.event_handler.log_command:Invoking command in '/home/ssafy/ssafy_ws/src/practice': PYTHONPATH=/home/ssafy/ssafy_ws/build/practice/prefix_override:/usr/lib/python3/dist-packages/colcon_core/task/python/colcon_distutils_commands:/home/ssafy/ssafy_ws/install/practice/lib/python3.10/site-packages:${PYTHONPATH} /usr/bin/python3 -W ignore:setup.py install is deprecated -W ignore:easy_install command is deprecated setup.py egg_info --egg-base ../../build/practice build --build-base /home/ssafy/ssafy_ws/build/practice/build install --record /home/ssafy/ssafy_ws/build/practice/install.log --single-version-externally-managed install_data
[2.225s] DEBUG:colcon.colcon_core.event_handler.log_command:Invoking command in '/home/ssafy/ssafy_ws/src/sensor_sub_pkg': PYTHONPATH=/home/ssafy/ssafy_ws/build/sensor_sub_pkg/prefix_override:/usr/lib/python3/dist-packages/colcon_core/task/python/colcon_distutils_commands:/home/ssafy/ssafy_ws/install/sensor_sub_pkg/lib/python3.10/site-packages:${PYTHONPATH} /usr/bin/python3 -W ignore:setup.py install is deprecated -W ignore:easy_install command is deprecated setup.py egg_info --egg-base ../../build/sensor_sub_pkg build --build-base /home/ssafy/ssafy_ws/build/sensor_sub_pkg/build install --record /home/ssafy/ssafy_ws/build/sensor_sub_pkg/install.log --single-version-externally-managed install_data
[2.301s] DEBUG:colcon.colcon_core.event_handler.log_command:Invoking command in '/home/ssafy/ssafy_ws/src/urdf_practice': PYTHONPATH=/home/ssafy/ssafy_ws/build/urdf_practice/prefix_override:/usr/lib/python3/dist-packages/colcon_core/task/python/colcon_distutils_commands:/home/ssafy/ssafy_ws/install/urdf_practice/lib/python3.10/site-packages:${PYTHONPATH} /usr/bin/python3 -W ignore:setup.py install is deprecated -W ignore:easy_install command is deprecated setup.py egg_info --egg-base ../../build/urdf_practice build --build-base /home/ssafy/ssafy_ws/build/urdf_practice/build install --record /home/ssafy/ssafy_ws/build/urdf_practice/install.log --single-version-externally-managed install_data
[2.485s] DEBUG:colcon.colcon_core.event_handler.log_command:Invoking command in '/home/ssafy/ssafy_ws/src/naver_clova': PYTHONPATH=/home/ssafy/ssafy_ws/build/naver_clova/prefix_override:/usr/lib/python3/dist-packages/colcon_core/task/python/colcon_distutils_commands:/home/ssafy/ssafy_ws/install/naver_clova/lib/python3.10/site-packages:${PYTHONPATH} /usr/bin/python3 -W ignore:setup.py install is deprecated -W ignore:easy_install command is deprecated setup.py egg_info --egg-base ../../build/naver_clova build --build-base /home/ssafy/ssafy_ws/build/naver_clova/build install --record /home/ssafy/ssafy_ws/build/naver_clova/install.log --single-version-externally-managed install_data
[2.500s] DEBUG:colcon.colcon_core.event_handler.log_command:Invoked command in '/home/ssafy/ssafy_ws/src/simple_car_tf' returned '0': PYTHONPATH=/home/ssafy/ssafy_ws/build/simple_car_tf/prefix_override:/usr/lib/python3/dist-packages/colcon_core/task/python/colcon_distutils_commands:/home/ssafy/ssafy_ws/install/simple_car_tf/lib/python3.10/site-packages:${PYTHONPATH} /usr/bin/python3 -W ignore:setup.py install is deprecated -W ignore:easy_install command is deprecated setup.py egg_info --egg-base ../../build/simple_car_tf build --build-base /home/ssafy/ssafy_ws/build/simple_car_tf/build install --record /home/ssafy/ssafy_ws/build/simple_car_tf/install.log --single-version-externally-managed install_data
[2.504s] Level 1:colcon.colcon_core.environment:checking '/home/ssafy/ssafy_ws/install/simple_car_tf' for CMake module files
[2.504s] Level 1:colcon.colcon_core.environment:checking '/home/ssafy/ssafy_ws/install/simple_car_tf' for CMake config files
[2.505s] Level 1:colcon.colcon_core.environment:checking '/home/ssafy/ssafy_ws/install/simple_car_tf/lib'
[2.506s] Level 1:colcon.colcon_core.environment:checking '/home/ssafy/ssafy_ws/install/simple_car_tf/bin'
[2.506s] Level 1:colcon.colcon_core.environment:checking '/home/ssafy/ssafy_ws/install/simple_car_tf/lib/pkgconfig/simple_car_tf.pc'
[2.506s] Level 1:colcon.colcon_core.environment:checking '/home/ssafy/ssafy_ws/install/simple_car_tf/lib/python3.10/site-packages'
[2.506s] Level 1:colcon.colcon_core.shell:create_environment_hook('simple_car_tf', 'pythonpath')
[2.507s] INFO:colcon.colcon_core.shell:Creating environment hook '/home/ssafy/ssafy_ws/install/simple_car_tf/share/simple_car_tf/hook/pythonpath.ps1'
[2.509s] INFO:colcon.colcon_core.shell:Creating environment descriptor '/home/ssafy/ssafy_ws/install/simple_car_tf/share/simple_car_tf/hook/pythonpath.dsv'
[2.509s] INFO:colcon.colcon_core.shell:Creating environment hook '/home/ssafy/ssafy_ws/install/simple_car_tf/share/simple_car_tf/hook/pythonpath.sh'
[2.510s] Level 1:colcon.colcon_core.environment:checking '/home/ssafy/ssafy_ws/install/simple_car_tf/bin'
[2.510s] Level 1:colcon.colcon_core.environment:create_environment_scripts_only(simple_car_tf)
[2.511s] INFO:colcon.colcon_core.shell:Creating package script '/home/ssafy/ssafy_ws/install/simple_car_tf/share/simple_car_tf/package.ps1'
[2.512s] INFO:colcon.colcon_core.shell:Creating package descriptor '/home/ssafy/ssafy_ws/install/simple_car_tf/share/simple_car_tf/package.dsv'
[2.513s] INFO:colcon.colcon_core.shell:Creating package script '/home/ssafy/ssafy_ws/install/simple_car_tf/share/simple_car_tf/package.sh'
[2.514s] INFO:colcon.colcon_core.shell:Creating package script '/home/ssafy/ssafy_ws/install/simple_car_tf/share/simple_car_tf/package.bash'
[2.515s] INFO:colcon.colcon_core.shell:Creating package script '/home/ssafy/ssafy_ws/install/simple_car_tf/share/simple_car_tf/package.zsh'
[2.516s] Level 1:colcon.colcon_core.environment:create_file_with_runtime_dependencies(/home/ssafy/ssafy_ws/install/simple_car_tf/share/colcon-core/packages/simple_car_tf)
[2.520s] Level 1:colcon.colcon_core.environment:checking '/home/ssafy/ssafy_ws/install/my_robot_controller' for CMake module files
[2.521s] Level 1:colcon.colcon_core.environment:checking '/home/ssafy/ssafy_ws/install/my_robot_controller' for CMake config files
[2.521s] DEBUG:colcon.colcon_core.event_handler.log_command:Invoking command in '/home/ssafy/ssafy_ws/src/dobot_control': PYTHONPATH=/home/ssafy/ssafy_ws/build/dobot_control/prefix_override:/usr/lib/python3/dist-packages/colcon_core/task/python/colcon_distutils_commands:/home/ssafy/ssafy_ws/install/dobot_control/lib/python3.10/site-packages:${PYTHONPATH} /usr/bin/python3 -W ignore:setup.py install is deprecated -W ignore:easy_install command is deprecated setup.py egg_info --egg-base ../../build/dobot_control build --build-base /home/ssafy/ssafy_ws/build/dobot_control/build install --record /home/ssafy/ssafy_ws/build/dobot_control/install.log --single-version-externally-managed install_data
[2.522s] DEBUG:colcon.colcon_core.event_handler.log_command:Invoked command in '/home/ssafy/ssafy_ws/src/my_robot_controller' returned '0': PYTHONPATH=/home/ssafy/ssafy_ws/build/my_robot_controller/prefix_override:/usr/lib/python3/dist-packages/colcon_core/task/python/colcon_distutils_commands:/home/ssafy/ssafy_ws/install/my_robot_controller/lib/python3.10/site-packages:${PYTHONPATH} /usr/bin/python3 -W ignore:setup.py install is deprecated -W ignore:easy_install command is deprecated setup.py egg_info --egg-base ../../build/my_robot_controller build --build-base /home/ssafy/ssafy_ws/build/my_robot_controller/build install --record /home/ssafy/ssafy_ws/build/my_robot_controller/install.log --single-version-externally-managed install_data
[2.523s] Level 1:colcon.colcon_core.environment:checking '/home/ssafy/ssafy_ws/install/my_robot_controller/lib'
[2.523s] Level 1:colcon.colcon_core.environment:checking '/home/ssafy/ssafy_ws/install/my_robot_controller/bin'
[2.523s] Level 1:colcon.colcon_core.environment:checking '/home/ssafy/ssafy_ws/install/my_robot_controller/lib/pkgconfig/my_robot_controller.pc'
[2.523s] Level 1:colcon.colcon_core.environment:checking '/home/ssafy/ssafy_ws/install/my_robot_controller/lib/python3.10/site-packages'
[2.523s] Level 1:colcon.colcon_core.shell:create_environment_hook('my_robot_controller', 'pythonpath')
[2.523s] INFO:colcon.colcon_core.shell:Creating environment hook '/home/ssafy/ssafy_ws/install/my_robot_controller/share/my_robot_controller/hook/pythonpath.ps1'
[2.524s] INFO:colcon.colcon_core.shell:Creating environment descriptor '/home/ssafy/ssafy_ws/install/my_robot_controller/share/my_robot_controller/hook/pythonpath.dsv'
[2.524s] INFO:colcon.colcon_core.shell:Creating environment hook '/home/ssafy/ssafy_ws/install/my_robot_controller/share/my_robot_controller/hook/pythonpath.sh'
[2.524s] Level 1:colcon.colcon_core.environment:checking '/home/ssafy/ssafy_ws/install/my_robot_controller/bin'
[2.524s] Level 1:colcon.colcon_core.environment:create_environment_scripts_only(my_robot_controller)
[2.525s] INFO:colcon.colcon_core.shell:Creating package script '/home/ssafy/ssafy_ws/install/my_robot_controller/share/my_robot_controller/package.ps1'
[2.525s] INFO:colcon.colcon_core.shell:Creating package descriptor '/home/ssafy/ssafy_ws/install/my_robot_controller/share/my_robot_controller/package.dsv'
[2.526s] INFO:colcon.colcon_core.shell:Creating package script '/home/ssafy/ssafy_ws/install/my_robot_controller/share/my_robot_controller/package.sh'
[2.526s] INFO:colcon.colcon_core.shell:Creating package script '/home/ssafy/ssafy_ws/install/my_robot_controller/share/my_robot_controller/package.bash'
[2.526s] INFO:colcon.colcon_core.shell:Creating package script '/home/ssafy/ssafy_ws/install/my_robot_controller/share/my_robot_controller/package.zsh'
[2.527s] Level 1:colcon.colcon_core.environment:create_file_with_runtime_dependencies(/home/ssafy/ssafy_ws/install/my_robot_controller/share/colcon-core/packages/my_robot_controller)
[2.528s] Level 1:colcon.colcon_core.environment:checking '/home/ssafy/ssafy_ws/install/slam_control' for CMake module files
[2.529s] Level 1:colcon.colcon_core.environment:checking '/home/ssafy/ssafy_ws/install/slam_control' for CMake config files
[2.529s] DEBUG:colcon.colcon_core.event_handler.log_command:Invoked command in '/home/ssafy/ssafy_ws/src/slam_control' returned '0': PYTHONPATH=/home/ssafy/ssafy_ws/build/slam_control/prefix_override:/usr/lib/python3/dist-packages/colcon_core/task/python/colcon_distutils_commands:/home/ssafy/ssafy_ws/install/slam_control/lib/python3.10/site-packages:${PYTHONPATH} /usr/bin/python3 -W ignore:setup.py install is deprecated -W ignore:easy_install command is deprecated setup.py egg_info --egg-base ../../build/slam_control build --build-base /home/ssafy/ssafy_ws/build/slam_control/build install --record /home/ssafy/ssafy_ws/build/slam_control/install.log --single-version-externally-managed install_data
[2.530s] Level 1:colcon.colcon_core.environment:checking '/home/ssafy/ssafy_ws/install/slam_control/lib'
[2.530s] Level 1:colcon.colcon_core.environment:checking '/home/ssafy/ssafy_ws/install/slam_control/bin'
[2.530s] Level 1:colcon.colcon_core.environment:checking '/home/ssafy/ssafy_ws/install/slam_control/lib/pkgconfig/slam_control.pc'
[2.530s] Level 1:colcon.colcon_core.environment:checking '/home/ssafy/ssafy_ws/install/slam_control/lib/python3.10/site-packages'
[2.530s] Level 1:colcon.colcon_core.shell:create_environment_hook('slam_control', 'pythonpath')
[2.531s] INFO:colcon.colcon_core.shell:Creating environment hook '/home/ssafy/ssafy_ws/install/slam_control/share/slam_control/hook/pythonpath.ps1'
[2.532s] INFO:colcon.colcon_core.shell:Creating environment descriptor '/home/ssafy/ssafy_ws/install/slam_control/share/slam_control/hook/pythonpath.dsv'
[2.532s] INFO:colcon.colcon_core.shell:Creating environment hook '/home/ssafy/ssafy_ws/install/slam_control/share/slam_control/hook/pythonpath.sh'
[2.533s] Level 1:colcon.colcon_core.environment:checking '/home/ssafy/ssafy_ws/install/slam_control/bin'
[2.533s] Level 1:colcon.colcon_core.environment:create_environment_scripts_only(slam_control)
[2.534s] INFO:colcon.colcon_core.shell:Creating package script '/home/ssafy/ssafy_ws/install/slam_control/share/slam_control/package.ps1'
[2.535s] INFO:colcon.colcon_core.shell:Creating package descriptor '/home/ssafy/ssafy_ws/install/slam_control/share/slam_control/package.dsv'
[2.536s] INFO:colcon.colcon_core.shell:Creating package script '/home/ssafy/ssafy_ws/install/slam_control/share/slam_control/package.sh'
[2.536s] INFO:colcon.colcon_core.shell:Creating package script '/home/ssafy/ssafy_ws/install/slam_control/share/slam_control/package.bash'
[2.536s] INFO:colcon.colcon_core.shell:Creating package script '/home/ssafy/ssafy_ws/install/slam_control/share/slam_control/package.zsh'
[2.536s] Level 1:colcon.colcon_core.environment:create_file_with_runtime_dependencies(/home/ssafy/ssafy_ws/install/slam_control/share/colcon-core/packages/slam_control)
[2.574s] Level 1:colcon.colcon_core.environment:checking '/home/ssafy/ssafy_ws/install/practice' for CMake module files
[2.575s] DEBUG:colcon.colcon_core.event_handler.log_command:Invoked command in '/home/ssafy/ssafy_ws/src/practice' returned '0': PYTHONPATH=/home/ssafy/ssafy_ws/build/practice/prefix_override:/usr/lib/python3/dist-packages/colcon_core/task/python/colcon_distutils_commands:/home/ssafy/ssafy_ws/install/practice/lib/python3.10/site-packages:${PYTHONPATH} /usr/bin/python3 -W ignore:setup.py install is deprecated -W ignore:easy_install command is deprecated setup.py egg_info --egg-base ../../build/practice build --build-base /home/ssafy/ssafy_ws/build/practice/build install --record /home/ssafy/ssafy_ws/build/practice/install.log --single-version-externally-managed install_data
[2.575s] Level 1:colcon.colcon_core.environment:checking '/home/ssafy/ssafy_ws/install/practice' for CMake config files
[2.576s] Level 1:colcon.colcon_core.environment:checking '/home/ssafy/ssafy_ws/install/practice/lib'
[2.576s] Level 1:colcon.colcon_core.environment:checking '/home/ssafy/ssafy_ws/install/practice/bin'
[2.576s] Level 1:colcon.colcon_core.environment:checking '/home/ssafy/ssafy_ws/install/practice/lib/pkgconfig/practice.pc'
[2.576s] Level 1:colcon.colcon_core.environment:checking '/home/ssafy/ssafy_ws/install/practice/lib/python3.10/site-packages'
[2.576s] Level 1:colcon.colcon_core.shell:create_environment_hook('practice', 'pythonpath')
[2.576s] INFO:colcon.colcon_core.shell:Creating environment hook '/home/ssafy/ssafy_ws/install/practice/share/practice/hook/pythonpath.ps1'
[2.577s] INFO:colcon.colcon_core.shell:Creating environment descriptor '/home/ssafy/ssafy_ws/install/practice/share/practice/hook/pythonpath.dsv'
[2.577s] INFO:colcon.colcon_core.shell:Creating environment hook '/home/ssafy/ssafy_ws/install/practice/share/practice/hook/pythonpath.sh'
[2.578s] Level 1:colcon.colcon_core.environment:checking '/home/ssafy/ssafy_ws/install/practice/bin'
[2.578s] Level 1:colcon.colcon_core.environment:create_environment_scripts_only(practice)
[2.579s] INFO:colcon.colcon_core.shell:Creating package script '/home/ssafy/ssafy_ws/install/practice/share/practice/package.ps1'
[2.580s] INFO:colcon.colcon_core.shell:Creating package descriptor '/home/ssafy/ssafy_ws/install/practice/share/practice/package.dsv'
[2.581s] INFO:colcon.colcon_core.shell:Creating package script '/home/ssafy/ssafy_ws/install/practice/share/practice/package.sh'
[2.582s] INFO:colcon.colcon_core.shell:Creating package script '/home/ssafy/ssafy_ws/install/practice/share/practice/package.bash'
[2.582s] INFO:colcon.colcon_core.shell:Creating package script '/home/ssafy/ssafy_ws/install/practice/share/practice/package.zsh'
[2.583s] Level 1:colcon.colcon_core.environment:create_file_with_runtime_dependencies(/home/ssafy/ssafy_ws/install/practice/share/colcon-core/packages/practice)
[2.668s] Level 1:colcon.colcon_core.environment:checking '/home/ssafy/ssafy_ws/install/sensor_sub_pkg' for CMake module files
[2.669s] DEBUG:colcon.colcon_core.event_handler.log_command:Invoked command in '/home/ssafy/ssafy_ws/src/sensor_sub_pkg' returned '0': PYTHONPATH=/home/ssafy/ssafy_ws/build/sensor_sub_pkg/prefix_override:/usr/lib/python3/dist-packages/colcon_core/task/python/colcon_distutils_commands:/home/ssafy/ssafy_ws/install/sensor_sub_pkg/lib/python3.10/site-packages:${PYTHONPATH} /usr/bin/python3 -W ignore:setup.py install is deprecated -W ignore:easy_install command is deprecated setup.py egg_info --egg-base ../../build/sensor_sub_pkg build --build-base /home/ssafy/ssafy_ws/build/sensor_sub_pkg/build install --record /home/ssafy/ssafy_ws/build/sensor_sub_pkg/install.log --single-version-externally-managed install_data
[2.669s] Level 1:colcon.colcon_core.environment:checking '/home/ssafy/ssafy_ws/install/sensor_sub_pkg' for CMake config files
[2.670s] Level 1:colcon.colcon_core.environment:checking '/home/ssafy/ssafy_ws/install/sensor_sub_pkg/lib'
[2.670s] Level 1:colcon.colcon_core.environment:checking '/home/ssafy/ssafy_ws/install/sensor_sub_pkg/bin'
[2.670s] Level 1:colcon.colcon_core.environment:checking '/home/ssafy/ssafy_ws/install/sensor_sub_pkg/lib/pkgconfig/sensor_sub_pkg.pc'
[2.670s] Level 1:colcon.colcon_core.environment:checking '/home/ssafy/ssafy_ws/install/sensor_sub_pkg/lib/python3.10/site-packages'
[2.670s] Level 1:colcon.colcon_core.shell:create_environment_hook('sensor_sub_pkg', 'pythonpath')
[2.671s] INFO:colcon.colcon_core.shell:Creating environment hook '/home/ssafy/ssafy_ws/install/sensor_sub_pkg/share/sensor_sub_pkg/hook/pythonpath.ps1'
[2.671s] INFO:colcon.colcon_core.shell:Creating environment descriptor '/home/ssafy/ssafy_ws/install/sensor_sub_pkg/share/sensor_sub_pkg/hook/pythonpath.dsv'
[2.672s] INFO:colcon.colcon_core.shell:Creating environment hook '/home/ssafy/ssafy_ws/install/sensor_sub_pkg/share/sensor_sub_pkg/hook/pythonpath.sh'
[2.673s] Level 1:colcon.colcon_core.environment:checking '/home/ssafy/ssafy_ws/install/sensor_sub_pkg/bin'
[2.673s] Level 1:colcon.colcon_core.environment:create_environment_scripts_only(sensor_sub_pkg)
[2.673s] INFO:colcon.colcon_core.shell:Creating package script '/home/ssafy/ssafy_ws/install/sensor_sub_pkg/share/sensor_sub_pkg/package.ps1'
[2.674s] INFO:colcon.colcon_core.shell:Creating package descriptor '/home/ssafy/ssafy_ws/install/sensor_sub_pkg/share/sensor_sub_pkg/package.dsv'
[2.674s] INFO:colcon.colcon_core.shell:Creating package script '/home/ssafy/ssafy_ws/install/sensor_sub_pkg/share/sensor_sub_pkg/package.sh'
[2.675s] INFO:colcon.colcon_core.shell:Creating package script '/home/ssafy/ssafy_ws/install/sensor_sub_pkg/share/sensor_sub_pkg/package.bash'
[2.675s] INFO:colcon.colcon_core.shell:Creating package script '/home/ssafy/ssafy_ws/install/sensor_sub_pkg/share/sensor_sub_pkg/package.zsh'
[2.675s] Level 1:colcon.colcon_core.environment:create_file_with_runtime_dependencies(/home/ssafy/ssafy_ws/install/sensor_sub_pkg/share/colcon-core/packages/sensor_sub_pkg)
[2.677s] Level 1:colcon.colcon_core.environment:checking '/home/ssafy/ssafy_ws/install/yolo' for CMake module files
[2.677s] Level 1:colcon.colcon_core.environment:checking '/home/ssafy/ssafy_ws/install/yolo' for CMake config files
[2.678s] DEBUG:colcon.colcon_core.event_handler.log_command:Invoked command in '/home/ssafy/ssafy_ws/src/yolo' returned '0': PYTHONPATH=/home/ssafy/ssafy_ws/build/yolo/prefix_override:/usr/lib/python3/dist-packages/colcon_core/task/python/colcon_distutils_commands:/home/ssafy/ssafy_ws/install/yolo/lib/python3.10/site-packages:${PYTHONPATH} /usr/bin/python3 -W ignore:setup.py install is deprecated -W ignore:easy_install command is deprecated setup.py egg_info --egg-base ../../build/yolo build --build-base /home/ssafy/ssafy_ws/build/yolo/build install --record /home/ssafy/ssafy_ws/build/yolo/install.log --single-version-externally-managed install_data
[2.678s] Level 1:colcon.colcon_core.environment:checking '/home/ssafy/ssafy_ws/install/yolo/lib'
[2.678s] Level 1:colcon.colcon_core.environment:checking '/home/ssafy/ssafy_ws/install/yolo/bin'
[2.678s] Level 1:colcon.colcon_core.environment:checking '/home/ssafy/ssafy_ws/install/yolo/lib/pkgconfig/yolo.pc'
[2.679s] Level 1:colcon.colcon_core.environment:checking '/home/ssafy/ssafy_ws/install/yolo/lib/python3.10/site-packages'
[2.679s] Level 1:colcon.colcon_core.shell:create_environment_hook('yolo', 'pythonpath')
[2.679s] INFO:colcon.colcon_core.shell:Creating environment hook '/home/ssafy/ssafy_ws/install/yolo/share/yolo/hook/pythonpath.ps1'
[2.679s] INFO:colcon.colcon_core.shell:Creating environment descriptor '/home/ssafy/ssafy_ws/install/yolo/share/yolo/hook/pythonpath.dsv'
[2.680s] INFO:colcon.colcon_core.shell:Creating environment hook '/home/ssafy/ssafy_ws/install/yolo/share/yolo/hook/pythonpath.sh'
[2.680s] Level 1:colcon.colcon_core.environment:checking '/home/ssafy/ssafy_ws/install/yolo/bin'
[2.680s] Level 1:colcon.colcon_core.environment:create_environment_scripts_only(yolo)
[2.681s] INFO:colcon.colcon_core.shell:Creating package script '/home/ssafy/ssafy_ws/install/yolo/share/yolo/package.ps1'
[2.681s] INFO:colcon.colcon_core.shell:Creating package descriptor '/home/ssafy/ssafy_ws/install/yolo/share/yolo/package.dsv'
[2.682s] INFO:colcon.colcon_core.shell:Creating package script '/home/ssafy/ssafy_ws/install/yolo/share/yolo/package.sh'
[2.682s] INFO:colcon.colcon_core.shell:Creating package script '/home/ssafy/ssafy_ws/install/yolo/share/yolo/package.bash'
[2.683s] INFO:colcon.colcon_core.shell:Creating package script '/home/ssafy/ssafy_ws/install/yolo/share/yolo/package.zsh'
[2.683s] Level 1:colcon.colcon_core.environment:create_file_with_runtime_dependencies(/home/ssafy/ssafy_ws/install/yolo/share/colcon-core/packages/yolo)
[2.711s] Level 1:colcon.colcon_core.environment:checking '/home/ssafy/ssafy_ws/install/intergrate_prac' for CMake module files
[2.712s] DEBUG:colcon.colcon_core.event_handler.log_command:Invoked command in '/home/ssafy/ssafy_ws/src/intergrate_prac' returned '0': PYTHONPATH=/home/ssafy/ssafy_ws/build/intergrate_prac/prefix_override:/usr/lib/python3/dist-packages/colcon_core/task/python/colcon_distutils_commands:/home/ssafy/ssafy_ws/install/intergrate_prac/lib/python3.10/site-packages:${PYTHONPATH} /usr/bin/python3 -W ignore:setup.py install is deprecated -W ignore:easy_install command is deprecated setup.py egg_info --egg-base ../../build/intergrate_prac build --build-base /home/ssafy/ssafy_ws/build/intergrate_prac/build install --record /home/ssafy/ssafy_ws/build/intergrate_prac/install.log --single-version-externally-managed install_data
[2.712s] Level 1:colcon.colcon_core.environment:checking '/home/ssafy/ssafy_ws/install/intergrate_prac' for CMake config files
[2.713s] Level 1:colcon.colcon_core.environment:checking '/home/ssafy/ssafy_ws/install/intergrate_prac/lib'
[2.713s] Level 1:colcon.colcon_core.environment:checking '/home/ssafy/ssafy_ws/install/intergrate_prac/bin'
[2.713s] Level 1:colcon.colcon_core.environment:checking '/home/ssafy/ssafy_ws/install/intergrate_prac/lib/pkgconfig/intergrate_prac.pc'
[2.713s] Level 1:colcon.colcon_core.environment:checking '/home/ssafy/ssafy_ws/install/intergrate_prac/lib/python3.10/site-packages'
[2.713s] Level 1:colcon.colcon_core.shell:create_environment_hook('intergrate_prac', 'pythonpath')
[2.714s] INFO:colcon.colcon_core.shell:Creating environment hook '/home/ssafy/ssafy_ws/install/intergrate_prac/share/intergrate_prac/hook/pythonpath.ps1'
[2.714s] INFO:colcon.colcon_core.shell:Creating environment descriptor '/home/ssafy/ssafy_ws/install/intergrate_prac/share/intergrate_prac/hook/pythonpath.dsv'
[2.715s] INFO:colcon.colcon_core.shell:Creating environment hook '/home/ssafy/ssafy_ws/install/intergrate_prac/share/intergrate_prac/hook/pythonpath.sh'
[2.716s] Level 1:colcon.colcon_core.environment:checking '/home/ssafy/ssafy_ws/install/intergrate_prac/bin'
[2.716s] Level 1:colcon.colcon_core.environment:create_environment_scripts_only(intergrate_prac)
[2.716s] INFO:colcon.colcon_core.shell:Creating package script '/home/ssafy/ssafy_ws/install/intergrate_prac/share/intergrate_prac/package.ps1'
[2.717s] INFO:colcon.colcon_core.shell:Creating package descriptor '/home/ssafy/ssafy_ws/install/intergrate_prac/share/intergrate_prac/package.dsv'
[2.717s] INFO:colcon.colcon_core.shell:Creating package script '/home/ssafy/ssafy_ws/install/intergrate_prac/share/intergrate_prac/package.sh'
[2.718s] INFO:colcon.colcon_core.shell:Creating package script '/home/ssafy/ssafy_ws/install/intergrate_prac/share/intergrate_prac/package.bash'
[2.718s] INFO:colcon.colcon_core.shell:Creating package script '/home/ssafy/ssafy_ws/install/intergrate_prac/share/intergrate_prac/package.zsh'
[2.719s] Level 1:colcon.colcon_core.environment:create_file_with_runtime_dependencies(/home/ssafy/ssafy_ws/install/intergrate_prac/share/colcon-core/packages/intergrate_prac)
[2.748s] Level 1:colcon.colcon_core.environment:checking '/home/ssafy/ssafy_ws/install/urdf_practice' for CMake module files
[2.749s] DEBUG:colcon.colcon_core.event_handler.log_command:Invoked command in '/home/ssafy/ssafy_ws/src/urdf_practice' returned '0': PYTHONPATH=/home/ssafy/ssafy_ws/build/urdf_practice/prefix_override:/usr/lib/python3/dist-packages/colcon_core/task/python/colcon_distutils_commands:/home/ssafy/ssafy_ws/install/urdf_practice/lib/python3.10/site-packages:${PYTHONPATH} /usr/bin/python3 -W ignore:setup.py install is deprecated -W ignore:easy_install command is deprecated setup.py egg_info --egg-base ../../build/urdf_practice build --build-base /home/ssafy/ssafy_ws/build/urdf_practice/build install --record /home/ssafy/ssafy_ws/build/urdf_practice/install.log --single-version-externally-managed install_data
[2.749s] Level 1:colcon.colcon_core.environment:checking '/home/ssafy/ssafy_ws/install/urdf_practice' for CMake config files
[2.750s] Level 1:colcon.colcon_core.environment:checking '/home/ssafy/ssafy_ws/install/urdf_practice/lib'
[2.750s] Level 1:colcon.colcon_core.environment:checking '/home/ssafy/ssafy_ws/install/urdf_practice/bin'
[2.750s] Level 1:colcon.colcon_core.environment:checking '/home/ssafy/ssafy_ws/install/urdf_practice/lib/pkgconfig/urdf_practice.pc'
[2.750s] Level 1:colcon.colcon_core.environment:checking '/home/ssafy/ssafy_ws/install/urdf_practice/lib/python3.10/site-packages'
[2.750s] Level 1:colcon.colcon_core.shell:create_environment_hook('urdf_practice', 'pythonpath')
[2.751s] INFO:colcon.colcon_core.shell:Creating environment hook '/home/ssafy/ssafy_ws/install/urdf_practice/share/urdf_practice/hook/pythonpath.ps1'
[2.751s] INFO:colcon.colcon_core.shell:Creating environment descriptor '/home/ssafy/ssafy_ws/install/urdf_practice/share/urdf_practice/hook/pythonpath.dsv'
[2.752s] INFO:colcon.colcon_core.shell:Creating environment hook '/home/ssafy/ssafy_ws/install/urdf_practice/share/urdf_practice/hook/pythonpath.sh'
[2.753s] Level 1:colcon.colcon_core.environment:checking '/home/ssafy/ssafy_ws/install/urdf_practice/bin'
[2.753s] Level 1:colcon.colcon_core.environment:create_environment_scripts_only(urdf_practice)
[2.753s] INFO:colcon.colcon_core.shell:Creating package script '/home/ssafy/ssafy_ws/install/urdf_practice/share/urdf_practice/package.ps1'
[2.754s] INFO:colcon.colcon_core.shell:Creating package descriptor '/home/ssafy/ssafy_ws/install/urdf_practice/share/urdf_practice/package.dsv'
[2.755s] INFO:colcon.colcon_core.shell:Creating package script '/home/ssafy/ssafy_ws/install/urdf_practice/share/urdf_practice/package.sh'
[2.755s] INFO:colcon.colcon_core.shell:Creating package script '/home/ssafy/ssafy_ws/install/urdf_practice/share/urdf_practice/package.bash'
[2.756s] INFO:colcon.colcon_core.shell:Creating package script '/home/ssafy/ssafy_ws/install/urdf_practice/share/urdf_practice/package.zsh'
[2.756s] Level 1:colcon.colcon_core.environment:create_file_with_runtime_dependencies(/home/ssafy/ssafy_ws/install/urdf_practice/share/colcon-core/packages/urdf_practice)
[2.918s] Level 1:colcon.colcon_core.environment:checking '/home/ssafy/ssafy_ws/install/dobot_control' for CMake module files
[2.918s] DEBUG:colcon.colcon_core.event_handler.log_command:Invoked command in '/home/ssafy/ssafy_ws/src/dobot_control' returned '0': PYTHONPATH=/home/ssafy/ssafy_ws/build/dobot_control/prefix_override:/usr/lib/python3/dist-packages/colcon_core/task/python/colcon_distutils_commands:/home/ssafy/ssafy_ws/install/dobot_control/lib/python3.10/site-packages:${PYTHONPATH} /usr/bin/python3 -W ignore:setup.py install is deprecated -W ignore:easy_install command is deprecated setup.py egg_info --egg-base ../../build/dobot_control build --build-base /home/ssafy/ssafy_ws/build/dobot_control/build install --record /home/ssafy/ssafy_ws/build/dobot_control/install.log --single-version-externally-managed install_data
[2.919s] Level 1:colcon.colcon_core.environment:checking '/home/ssafy/ssafy_ws/install/dobot_control' for CMake config files
[2.919s] Level 1:colcon.colcon_core.environment:checking '/home/ssafy/ssafy_ws/install/dobot_control/lib'
[2.919s] Level 1:colcon.colcon_core.environment:checking '/home/ssafy/ssafy_ws/install/dobot_control/bin'
[2.919s] Level 1:colcon.colcon_core.environment:checking '/home/ssafy/ssafy_ws/install/dobot_control/lib/pkgconfig/dobot_control.pc'
[2.919s] Level 1:colcon.colcon_core.environment:checking '/home/ssafy/ssafy_ws/install/dobot_control/lib/python3.10/site-packages'
[2.919s] Level 1:colcon.colcon_core.shell:create_environment_hook('dobot_control', 'pythonpath')
[2.919s] INFO:colcon.colcon_core.shell:Creating environment hook '/home/ssafy/ssafy_ws/install/dobot_control/share/dobot_control/hook/pythonpath.ps1'
[2.920s] INFO:colcon.colcon_core.shell:Creating environment descriptor '/home/ssafy/ssafy_ws/install/dobot_control/share/dobot_control/hook/pythonpath.dsv'
[2.920s] INFO:colcon.colcon_core.shell:Creating environment hook '/home/ssafy/ssafy_ws/install/dobot_control/share/dobot_control/hook/pythonpath.sh'
[2.920s] Level 1:colcon.colcon_core.environment:checking '/home/ssafy/ssafy_ws/install/dobot_control/bin'
[2.920s] Level 1:colcon.colcon_core.environment:create_environment_scripts_only(dobot_control)
[2.920s] INFO:colcon.colcon_core.shell:Creating package script '/home/ssafy/ssafy_ws/install/dobot_control/share/dobot_control/package.ps1'
[2.921s] INFO:colcon.colcon_core.shell:Creating package descriptor '/home/ssafy/ssafy_ws/install/dobot_control/share/dobot_control/package.dsv'
[2.921s] INFO:colcon.colcon_core.shell:Creating package script '/home/ssafy/ssafy_ws/install/dobot_control/share/dobot_control/package.sh'
[2.921s] INFO:colcon.colcon_core.shell:Creating package script '/home/ssafy/ssafy_ws/install/dobot_control/share/dobot_control/package.bash'
[2.921s] INFO:colcon.colcon_core.shell:Creating package script '/home/ssafy/ssafy_ws/install/dobot_control/share/dobot_control/package.zsh'
[2.921s] Level 1:colcon.colcon_core.environment:create_file_with_runtime_dependencies(/home/ssafy/ssafy_ws/install/dobot_control/share/colcon-core/packages/dobot_control)
[2.922s] Level 1:colcon.colcon_core.environment:checking '/home/ssafy/ssafy_ws/install/naver_clova' for CMake module files
[2.922s] DEBUG:colcon.colcon_core.event_handler.log_command:Invoked command in '/home/ssafy/ssafy_ws/src/naver_clova' returned '0': PYTHONPATH=/home/ssafy/ssafy_ws/build/naver_clova/prefix_override:/usr/lib/python3/dist-packages/colcon_core/task/python/colcon_distutils_commands:/home/ssafy/ssafy_ws/install/naver_clova/lib/python3.10/site-packages:${PYTHONPATH} /usr/bin/python3 -W ignore:setup.py install is deprecated -W ignore:easy_install command is deprecated setup.py egg_info --egg-base ../../build/naver_clova build --build-base /home/ssafy/ssafy_ws/build/naver_clova/build install --record /home/ssafy/ssafy_ws/build/naver_clova/install.log --single-version-externally-managed install_data
[2.922s] Level 1:colcon.colcon_core.environment:checking '/home/ssafy/ssafy_ws/install/naver_clova' for CMake config files
[2.923s] Level 1:colcon.colcon_core.environment:checking '/home/ssafy/ssafy_ws/install/naver_clova/lib'
[2.923s] Level 1:colcon.colcon_core.environment:checking '/home/ssafy/ssafy_ws/install/naver_clova/bin'
[2.923s] Level 1:colcon.colcon_core.environment:checking '/home/ssafy/ssafy_ws/install/naver_clova/lib/pkgconfig/naver_clova.pc'
[2.923s] Level 1:colcon.colcon_core.environment:checking '/home/ssafy/ssafy_ws/install/naver_clova/lib/python3.10/site-packages'
[2.923s] Level 1:colcon.colcon_core.shell:create_environment_hook('naver_clova', 'pythonpath')
[2.923s] INFO:colcon.colcon_core.shell:Creating environment hook '/home/ssafy/ssafy_ws/install/naver_clova/share/naver_clova/hook/pythonpath.ps1'
[2.923s] INFO:colcon.colcon_core.shell:Creating environment descriptor '/home/ssafy/ssafy_ws/install/naver_clova/share/naver_clova/hook/pythonpath.dsv'
[2.923s] INFO:colcon.colcon_core.shell:Creating environment hook '/home/ssafy/ssafy_ws/install/naver_clova/share/naver_clova/hook/pythonpath.sh'
[2.924s] Level 1:colcon.colcon_core.environment:checking '/home/ssafy/ssafy_ws/install/naver_clova/bin'
[2.924s] Level 1:colcon.colcon_core.environment:create_environment_scripts_only(naver_clova)
[2.924s] INFO:colcon.colcon_core.shell:Creating package script '/home/ssafy/ssafy_ws/install/naver_clova/share/naver_clova/package.ps1'
[2.924s] INFO:colcon.colcon_core.shell:Creating package descriptor '/home/ssafy/ssafy_ws/install/naver_clova/share/naver_clova/package.dsv'
[2.924s] INFO:colcon.colcon_core.shell:Creating package script '/home/ssafy/ssafy_ws/install/naver_clova/share/naver_clova/package.sh'
[2.925s] INFO:colcon.colcon_core.shell:Creating package script '/home/ssafy/ssafy_ws/install/naver_clova/share/naver_clova/package.bash'
[2.925s] INFO:colcon.colcon_core.shell:Creating package script '/home/ssafy/ssafy_ws/install/naver_clova/share/naver_clova/package.zsh'
[2.925s] Level 1:colcon.colcon_core.environment:create_file_with_runtime_dependencies(/home/ssafy/ssafy_ws/install/naver_clova/share/colcon-core/packages/naver_clova)
[2.925s] DEBUG:colcon.colcon_parallel_executor.executor.parallel:closing loop
[2.925s] DEBUG:colcon.colcon_parallel_executor.executor.parallel:loop closed
[2.925s] DEBUG:colcon.colcon_parallel_executor.executor.parallel:run_until_complete finished with '0'
[2.926s] DEBUG:colcon.colcon_core.event_reactor:joining thread
[2.930s] INFO:colcon.colcon_core.plugin_system:Skipping extension 'colcon_notification.desktop_notification.terminal_notifier': Not used on non-Darwin systems
[2.930s] INFO:colcon.colcon_core.plugin_system:Skipping extension 'colcon_notification.desktop_notification.win32': Not used on non-Windows systems
[2.930s] INFO:colcon.colcon_notification.desktop_notification:Sending desktop notification using 'notify2'
[2.937s] DEBUG:colcon.colcon_core.event_reactor:joined thread
[2.937s] INFO:colcon.colcon_core.shell:Creating prefix script '/home/ssafy/ssafy_ws/install/local_setup.ps1'
[2.937s] INFO:colcon.colcon_core.shell:Creating prefix util module '/home/ssafy/ssafy_ws/install/_local_setup_util_ps1.py'
[2.938s] INFO:colcon.colcon_core.shell:Creating prefix chain script '/home/ssafy/ssafy_ws/install/setup.ps1'
[2.939s] INFO:colcon.colcon_core.shell:Creating prefix script '/home/ssafy/ssafy_ws/install/local_setup.sh'
[2.940s] INFO:colcon.colcon_core.shell:Creating prefix util module '/home/ssafy/ssafy_ws/install/_local_setup_util_sh.py'
[2.940s] INFO:colcon.colcon_core.shell:Creating prefix chain script '/home/ssafy/ssafy_ws/install/setup.sh'
[2.942s] INFO:colcon.colcon_core.shell:Creating prefix script '/home/ssafy/ssafy_ws/install/local_setup.bash'
[2.942s] INFO:colcon.colcon_core.shell:Creating prefix chain script '/home/ssafy/ssafy_ws/install/setup.bash'
[2.943s] INFO:colcon.colcon_core.shell:Creating prefix script '/home/ssafy/ssafy_ws/install/local_setup.zsh'
[2.943s] INFO:colcon.colcon_core.shell:Creating prefix chain script '/home/ssafy/ssafy_ws/install/setup.zsh'
