running egg_info
creating ../../build/urdf_practice/urdf_practice.egg-info
writing ../../build/urdf_practice/urdf_practice.egg-info/PKG-INFO
writing dependency_links to ../../build/urdf_practice/urdf_practice.egg-info/dependency_links.txt
writing requirements to ../../build/urdf_practice/urdf_practice.egg-info/requires.txt
writing top-level names to ../../build/urdf_practice/urdf_practice.egg-info/top_level.txt
writing manifest file '../../build/urdf_practice/urdf_practice.egg-info/SOURCES.txt'
reading manifest file '../../build/urdf_practice/urdf_practice.egg-info/SOURCES.txt'
writing manifest file '../../build/urdf_practice/urdf_practice.egg-info/SOURCES.txt'
running build
running build_py
creating /home/ssafy/ssafy_ws/build/urdf_practice/build
creating /home/ssafy/ssafy_ws/build/urdf_practice/build/lib
creating /home/ssafy/ssafy_ws/build/urdf_practice/build/lib/urdf_practice
copying urdf_practice/__init__.py -> /home/ssafy/ssafy_ws/build/urdf_practice/build/lib/urdf_practice
running install
running install_lib
creating /home/ssafy/ssafy_ws/install/urdf_practice/lib/python3.10/site-packages/urdf_practice
copying /home/ssafy/ssafy_ws/build/urdf_practice/build/lib/urdf_practice/__init__.py -> /home/ssafy/ssafy_ws/install/urdf_practice/lib/python3.10/site-packages/urdf_practice
byte-compiling /home/ssafy/ssafy_ws/install/urdf_practice/lib/python3.10/site-packages/urdf_practice/__init__.py to __init__.cpython-310.pyc
running install_data
creating /home/ssafy/ssafy_ws/install/urdf_practice/share/ament_index
creating /home/ssafy/ssafy_ws/install/urdf_practice/share/ament_index/resource_index
creating /home/ssafy/ssafy_ws/install/urdf_practice/share/ament_index/resource_index/packages
copying resource/urdf_practice -> /home/ssafy/ssafy_ws/install/urdf_practice/share/ament_index/resource_index/packages
copying package.xml -> /home/ssafy/ssafy_ws/install/urdf_practice/share/urdf_practice
running install_egg_info
Copying ../../build/urdf_practice/urdf_practice.egg-info to /home/ssafy/ssafy_ws/install/urdf_practice/lib/python3.10/site-packages/urdf_practice-0.0.0-py3.10.egg-info
running install_scripts
writing list of installed files to '/home/ssafy/ssafy_ws/build/urdf_practice/install.log'
