[1.703s] Invoking command in '/home/ssafy/ssafy_ws/src/urdf_practice': PYTHONPATH=/home/ssafy/ssafy_ws/build/urdf_practice/prefix_override:/usr/lib/python3/dist-packages/colcon_core/task/python/colcon_distutils_commands:/home/ssafy/ssafy_ws/install/urdf_practice/lib/python3.10/site-packages:${PYTHONPATH} /usr/bin/python3 -W ignore:setup.py install is deprecated -W ignore:easy_install command is deprecated setup.py egg_info --egg-base ../../build/urdf_practice build --build-base /home/ssafy/ssafy_ws/build/urdf_practice/build install --record /home/ssafy/ssafy_ws/build/urdf_practice/install.log --single-version-externally-managed install_data
[1.917s] running egg_info
[1.917s] creating ../../build/urdf_practice/urdf_practice.egg-info
[1.929s] writing ../../build/urdf_practice/urdf_practice.egg-info/PKG-INFO
[1.929s] writing dependency_links to ../../build/urdf_practice/urdf_practice.egg-info/dependency_links.txt
[1.929s] writing requirements to ../../build/urdf_practice/urdf_practice.egg-info/requires.txt
[1.929s] writing top-level names to ../../build/urdf_practice/urdf_practice.egg-info/top_level.txt
[1.929s] writing manifest file '../../build/urdf_practice/urdf_practice.egg-info/SOURCES.txt'
[1.954s] reading manifest file '../../build/urdf_practice/urdf_practice.egg-info/SOURCES.txt'
[1.955s] writing manifest file '../../build/urdf_practice/urdf_practice.egg-info/SOURCES.txt'
[1.955s] running build
[1.955s] running build_py
[1.955s] creating /home/ssafy/ssafy_ws/build/urdf_practice/build
[1.955s] creating /home/ssafy/ssafy_ws/build/urdf_practice/build/lib
[1.955s] creating /home/ssafy/ssafy_ws/build/urdf_practice/build/lib/urdf_practice
[1.955s] copying urdf_practice/__init__.py -> /home/ssafy/ssafy_ws/build/urdf_practice/build/lib/urdf_practice
[1.955s] running install
[1.960s] running install_lib
[1.972s] creating /home/ssafy/ssafy_ws/install/urdf_practice/lib/python3.10/site-packages/urdf_practice
[1.972s] copying /home/ssafy/ssafy_ws/build/urdf_practice/build/lib/urdf_practice/__init__.py -> /home/ssafy/ssafy_ws/install/urdf_practice/lib/python3.10/site-packages/urdf_practice
[1.973s] byte-compiling /home/ssafy/ssafy_ws/install/urdf_practice/lib/python3.10/site-packages/urdf_practice/__init__.py to __init__.cpython-310.pyc
[1.973s] running install_data
[1.973s] creating /home/ssafy/ssafy_ws/install/urdf_practice/share/ament_index
[1.973s] creating /home/ssafy/ssafy_ws/install/urdf_practice/share/ament_index/resource_index
[1.973s] creating /home/ssafy/ssafy_ws/install/urdf_practice/share/ament_index/resource_index/packages
[1.973s] copying resource/urdf_practice -> /home/ssafy/ssafy_ws/install/urdf_practice/share/ament_index/resource_index/packages
[1.973s] copying package.xml -> /home/ssafy/ssafy_ws/install/urdf_practice/share/urdf_practice
[1.973s] running install_egg_info
[1.986s] Copying ../../build/urdf_practice/urdf_practice.egg-info to /home/ssafy/ssafy_ws/install/urdf_practice/lib/python3.10/site-packages/urdf_practice-0.0.0-py3.10.egg-info
[1.987s] running install_scripts
[2.097s] writing list of installed files to '/home/ssafy/ssafy_ws/build/urdf_practice/install.log'
[2.122s] Invoked command in '/home/ssafy/ssafy_ws/src/urdf_practice' returned '0': PYTHONPATH=/home/ssafy/ssafy_ws/build/urdf_practice/prefix_override:/usr/lib/python3/dist-packages/colcon_core/task/python/colcon_distutils_commands:/home/ssafy/ssafy_ws/install/urdf_practice/lib/python3.10/site-packages:${PYTHONPATH} /usr/bin/python3 -W ignore:setup.py install is deprecated -W ignore:easy_install command is deprecated setup.py egg_info --egg-base ../../build/urdf_practice build --build-base /home/ssafy/ssafy_ws/build/urdf_practice/build install --record /home/ssafy/ssafy_ws/build/urdf_practice/install.log --single-version-externally-managed install_data
