[1.756s] Invoking command in '/home/ssafy/ssafy_ws/src/dobot_control': PYTHONPATH=/home/ssafy/ssafy_ws/build/dobot_control/prefix_override:/usr/lib/python3/dist-packages/colcon_core/task/python/colcon_distutils_commands:/home/ssafy/ssafy_ws/install/dobot_control/lib/python3.10/site-packages:${PYTHONPATH} /usr/bin/python3 -W ignore:setup.py install is deprecated -W ignore:easy_install command is deprecated setup.py egg_info --egg-base ../../build/dobot_control build --build-base /home/ssafy/ssafy_ws/build/dobot_control/build install --record /home/ssafy/ssafy_ws/build/dobot_control/install.log --single-version-externally-managed install_data
[1.962s] running egg_info
[1.974s] writing ../../build/dobot_control/dobot_control.egg-info/PKG-INFO
[1.974s] writing dependency_links to ../../build/dobot_control/dobot_control.egg-info/dependency_links.txt
[1.974s] writing entry points to ../../build/dobot_control/dobot_control.egg-info/entry_points.txt
[1.975s] writing requirements to ../../build/dobot_control/dobot_control.egg-info/requires.txt
[1.975s] writing top-level names to ../../build/dobot_control/dobot_control.egg-info/top_level.txt
[1.995s] reading manifest file '../../build/dobot_control/dobot_control.egg-info/SOURCES.txt'
[1.995s] writing manifest file '../../build/dobot_control/dobot_control.egg-info/SOURCES.txt'
[1.995s] running build
[1.995s] running build_py
[1.996s] copying dobot_control/dobot_homing_service.py -> /home/ssafy/ssafy_ws/build/dobot_control/build/lib/dobot_control
[1.996s] copying dobot_control/suction_cup_control.py -> /home/ssafy/ssafy_ws/build/dobot_control/build/lib/dobot_control
[1.996s] copying dobot_control/pick_and_place.py -> /home/ssafy/ssafy_ws/build/dobot_control/build/lib/dobot_control
[1.996s] copying dobot_control/ptp_move.py -> /home/ssafy/ssafy_ws/build/dobot_control/build/lib/dobot_control
[1.997s] running install
[2.000s] running install_lib
[2.009s] copying /home/ssafy/ssafy_ws/build/dobot_control/build/lib/dobot_control/dobot_homing_service.py -> /home/ssafy/ssafy_ws/install/dobot_control/lib/python3.10/site-packages/dobot_control
[2.009s] copying /home/ssafy/ssafy_ws/build/dobot_control/build/lib/dobot_control/suction_cup_control.py -> /home/ssafy/ssafy_ws/install/dobot_control/lib/python3.10/site-packages/dobot_control
[2.010s] copying /home/ssafy/ssafy_ws/build/dobot_control/build/lib/dobot_control/pick_and_place.py -> /home/ssafy/ssafy_ws/install/dobot_control/lib/python3.10/site-packages/dobot_control
[2.010s] copying /home/ssafy/ssafy_ws/build/dobot_control/build/lib/dobot_control/ptp_move.py -> /home/ssafy/ssafy_ws/install/dobot_control/lib/python3.10/site-packages/dobot_control
[2.010s] byte-compiling /home/ssafy/ssafy_ws/install/dobot_control/lib/python3.10/site-packages/dobot_control/dobot_homing_service.py to dobot_homing_service.cpython-310.pyc
[2.010s] byte-compiling /home/ssafy/ssafy_ws/install/dobot_control/lib/python3.10/site-packages/dobot_control/pick_and_place.py to pick_and_place.cpython-310.pyc
[2.010s] byte-compiling /home/ssafy/ssafy_ws/install/dobot_control/lib/python3.10/site-packages/dobot_control/ptp_move.py to ptp_move.cpython-310.pyc
[2.011s] running install_data
[2.011s] copying resource/dobot_control -> /home/ssafy/ssafy_ws/install/dobot_control/share/ament_index/resource_index/packages
[2.011s] copying package.xml -> /home/ssafy/ssafy_ws/install/dobot_control/share/dobot_control
[2.011s] running install_egg_info
[2.021s] removing '/home/ssafy/ssafy_ws/install/dobot_control/lib/python3.10/site-packages/dobot_control-0.0.0-py3.10.egg-info' (and everything under it)
[2.021s] Copying ../../build/dobot_control/dobot_control.egg-info to /home/ssafy/ssafy_ws/install/dobot_control/lib/python3.10/site-packages/dobot_control-0.0.0-py3.10.egg-info
[2.021s] running install_scripts
[2.107s] Installing ptp_move script to /home/ssafy/ssafy_ws/install/dobot_control/lib/dobot_control
[2.108s] Installing suction_cup_control script to /home/ssafy/ssafy_ws/install/dobot_control/lib/dobot_control
[2.108s] writing list of installed files to '/home/ssafy/ssafy_ws/build/dobot_control/install.log'
[2.123s] Invoked command in '/home/ssafy/ssafy_ws/src/dobot_control' returned '0': PYTHONPATH=/home/ssafy/ssafy_ws/build/dobot_control/prefix_override:/usr/lib/python3/dist-packages/colcon_core/task/python/colcon_distutils_commands:/home/ssafy/ssafy_ws/install/dobot_control/lib/python3.10/site-packages:${PYTHONPATH} /usr/bin/python3 -W ignore:setup.py install is deprecated -W ignore:easy_install command is deprecated setup.py egg_info --egg-base ../../build/dobot_control build --build-base /home/ssafy/ssafy_ws/build/dobot_control/build install --record /home/ssafy/ssafy_ws/build/dobot_control/install.log --single-version-externally-managed install_data
