[0.514s] Invoking command in '/home/ssafy/turtle_ws/src/turtle_spawner': PYTHONPATH=/home/ssafy/turtle_ws/build/turtle_spawner/prefix_override:/usr/lib/python3/dist-packages/colcon_core/task/python/colcon_distutils_commands:/home/ssafy/turtle_ws/install/turtle_spawner/lib/python3.10/site-packages:${PYTHONPATH} /usr/bin/python3 -W ignore:setup.py install is deprecated -W ignore:easy_install command is deprecated setup.py egg_info --egg-base ../../build/turtle_spawner build --build-base /home/ssafy/turtle_ws/build/turtle_spawner/build install --record /home/ssafy/turtle_ws/build/turtle_spawner/install.log --single-version-externally-managed install_data
[0.659s] running egg_info
[0.660s] writing ../../build/turtle_spawner/turtle_spawner.egg-info/PKG-INFO
[0.660s] writing dependency_links to ../../build/turtle_spawner/turtle_spawner.egg-info/dependency_links.txt
[0.660s] writing entry points to ../../build/turtle_spawner/turtle_spawner.egg-info/entry_points.txt
[0.660s] writing requirements to ../../build/turtle_spawner/turtle_spawner.egg-info/requires.txt
[0.660s] writing top-level names to ../../build/turtle_spawner/turtle_spawner.egg-info/top_level.txt
[0.660s] reading manifest file '../../build/turtle_spawner/turtle_spawner.egg-info/SOURCES.txt'
[0.661s] writing manifest file '../../build/turtle_spawner/turtle_spawner.egg-info/SOURCES.txt'
[0.661s] running build
[0.661s] running build_py
[0.661s] copying turtle_spawner/spawn_turtle.py -> /home/ssafy/turtle_ws/build/turtle_spawner/build/lib/turtle_spawner
[0.661s] running install
[0.661s] running install_lib
[0.662s] copying /home/ssafy/turtle_ws/build/turtle_spawner/build/lib/turtle_spawner/spawn_turtle.py -> /home/ssafy/turtle_ws/install/turtle_spawner/lib/python3.10/site-packages/turtle_spawner
[0.662s] byte-compiling /home/ssafy/turtle_ws/install/turtle_spawner/lib/python3.10/site-packages/turtle_spawner/spawn_turtle.py to spawn_turtle.cpython-310.pyc
[0.662s] running install_data
[0.662s] running install_egg_info
[0.664s] removing '/home/ssafy/turtle_ws/install/turtle_spawner/lib/python3.10/site-packages/turtle_spawner-0.0.0-py3.10.egg-info' (and everything under it)
[0.664s] Copying ../../build/turtle_spawner/turtle_spawner.egg-info to /home/ssafy/turtle_ws/install/turtle_spawner/lib/python3.10/site-packages/turtle_spawner-0.0.0-py3.10.egg-info
[0.664s] running install_scripts
[0.677s] writing list of installed files to '/home/ssafy/turtle_ws/build/turtle_spawner/install.log'
[0.693s] Invoked command in '/home/ssafy/turtle_ws/src/turtle_spawner' returned '0': PYTHONPATH=/home/ssafy/turtle_ws/build/turtle_spawner/prefix_override:/usr/lib/python3/dist-packages/colcon_core/task/python/colcon_distutils_commands:/home/ssafy/turtle_ws/install/turtle_spawner/lib/python3.10/site-packages:${PYTHONPATH} /usr/bin/python3 -W ignore:setup.py install is deprecated -W ignore:easy_install command is deprecated setup.py egg_info --egg-base ../../build/turtle_spawner build --build-base /home/ssafy/turtle_ws/build/turtle_spawner/build install --record /home/ssafy/turtle_ws/build/turtle_spawner/install.log --single-version-externally-managed install_data
