[1.445s] Invoking command in '/home/ssafy/ssafy_ws/src/dobot_control': PYTHONPATH=/home/ssafy/ssafy_ws/build/dobot_control/prefix_override:/usr/lib/python3/dist-packages/colcon_core/task/python/colcon_distutils_commands:/home/ssafy/ssafy_ws/install/dobot_control/lib/python3.10/site-packages:${PYTHONPATH} /usr/bin/python3 -W ignore:setup.py install is deprecated -W ignore:easy_install command is deprecated setup.py egg_info --egg-base ../../build/dobot_control build --build-base /home/ssafy/ssafy_ws/build/dobot_control/build install --record /home/ssafy/ssafy_ws/build/dobot_control/install.log --single-version-externally-managed install_data
[1.646s] running egg_info
[1.657s] writing ../../build/dobot_control/dobot_control.egg-info/PKG-INFO
[1.668s] writing dependency_links to ../../build/dobot_control/dobot_control.egg-info/dependency_links.txt
[1.668s] writing entry points to ../../build/dobot_control/dobot_control.egg-info/entry_points.txt
[1.668s] writing requirements to ../../build/dobot_control/dobot_control.egg-info/requires.txt
[1.669s] writing top-level names to ../../build/dobot_control/dobot_control.egg-info/top_level.txt
[1.690s] reading manifest file '../../build/dobot_control/dobot_control.egg-info/SOURCES.txt'
[1.691s] writing manifest file '../../build/dobot_control/dobot_control.egg-info/SOURCES.txt'
[1.691s] running build
[1.691s] running build_py
[1.692s] copying dobot_control/suction_cup_control.py -> /home/ssafy/ssafy_ws/build/dobot_control/build/lib/dobot_control
[1.692s] copying dobot_control/ptp_move.py -> /home/ssafy/ssafy_ws/build/dobot_control/build/lib/dobot_control
[1.692s] copying dobot_control/__init__.py -> /home/ssafy/ssafy_ws/build/dobot_control/build/lib/dobot_control
[1.692s] running install
[1.696s] running install_lib
[1.709s] running install_data
[1.709s] copying resource/dobot_control -> /home/ssafy/ssafy_ws/install/dobot_control/share/ament_index/resource_index/packages
[1.709s] copying package.xml -> /home/ssafy/ssafy_ws/install/dobot_control/share/dobot_control
[1.710s] running install_egg_info
[1.721s] removing '/home/ssafy/ssafy_ws/install/dobot_control/lib/python3.10/site-packages/dobot_control-0.0.0-py3.10.egg-info' (and everything under it)
[1.722s] Copying ../../build/dobot_control/dobot_control.egg-info to /home/ssafy/ssafy_ws/install/dobot_control/lib/python3.10/site-packages/dobot_control-0.0.0-py3.10.egg-info
[1.722s] running install_scripts
[1.824s] Installing ptp_move script to /home/ssafy/ssafy_ws/install/dobot_control/lib/dobot_control
[1.824s] Installing suction_cup_control script to /home/ssafy/ssafy_ws/install/dobot_control/lib/dobot_control
[1.824s] writing list of installed files to '/home/ssafy/ssafy_ws/build/dobot_control/install.log'
[1.873s] Invoked command in '/home/ssafy/ssafy_ws/src/dobot_control' returned '0': PYTHONPATH=/home/ssafy/ssafy_ws/build/dobot_control/prefix_override:/usr/lib/python3/dist-packages/colcon_core/task/python/colcon_distutils_commands:/home/ssafy/ssafy_ws/install/dobot_control/lib/python3.10/site-packages:${PYTHONPATH} /usr/bin/python3 -W ignore:setup.py install is deprecated -W ignore:easy_install command is deprecated setup.py egg_info --egg-base ../../build/dobot_control build --build-base /home/ssafy/ssafy_ws/build/dobot_control/build install --record /home/ssafy/ssafy_ws/build/dobot_control/install.log --single-version-externally-managed install_data
