[1.823s] Invoking command in '/home/ssafy/ssafy_ws/src/dobot_control': PYTHONPATH=/home/ssafy/ssafy_ws/build/dobot_control/prefix_override:/usr/lib/python3/dist-packages/colcon_core/task/python/colcon_distutils_commands:/home/ssafy/ssafy_ws/install/dobot_control/lib/python3.10/site-packages:${PYTHONPATH} /usr/bin/python3 -W ignore:setup.py install is deprecated -W ignore:easy_install command is deprecated setup.py egg_info --egg-base ../../build/dobot_control build --build-base /home/ssafy/ssafy_ws/build/dobot_control/build install --record /home/ssafy/ssafy_ws/build/dobot_control/install.log --single-version-externally-managed install_data
[2.035s] running egg_info
[2.047s] writing ../../build/dobot_control/dobot_control.egg-info/PKG-INFO
[2.048s] writing dependency_links to ../../build/dobot_control/dobot_control.egg-info/dependency_links.txt
[2.048s] writing entry points to ../../build/dobot_control/dobot_control.egg-info/entry_points.txt
[2.048s] writing requirements to ../../build/dobot_control/dobot_control.egg-info/requires.txt
[2.048s] writing top-level names to ../../build/dobot_control/dobot_control.egg-info/top_level.txt
[2.073s] reading manifest file '../../build/dobot_control/dobot_control.egg-info/SOURCES.txt'
[2.074s] writing manifest file '../../build/dobot_control/dobot_control.egg-info/SOURCES.txt'
[2.074s] running build
[2.074s] running build_py
[2.075s] running install
[2.079s] running install_lib
[2.092s] running install_data
[2.092s] copying resource/dobot_control -> /home/ssafy/ssafy_ws/install/dobot_control/share/ament_index/resource_index/packages
[2.093s] copying package.xml -> /home/ssafy/ssafy_ws/install/dobot_control/share/dobot_control
[2.093s] running install_egg_info
[2.105s] removing '/home/ssafy/ssafy_ws/install/dobot_control/lib/python3.10/site-packages/dobot_control-0.0.0-py3.10.egg-info' (and everything under it)
[2.106s] Copying ../../build/dobot_control/dobot_control.egg-info to /home/ssafy/ssafy_ws/install/dobot_control/lib/python3.10/site-packages/dobot_control-0.0.0-py3.10.egg-info
[2.106s] running install_scripts
[2.219s] Installing ptp_move script to /home/ssafy/ssafy_ws/install/dobot_control/lib/dobot_control
[2.219s] Installing suction_cup_control script to /home/ssafy/ssafy_ws/install/dobot_control/lib/dobot_control
[2.219s] writing list of installed files to '/home/ssafy/ssafy_ws/build/dobot_control/install.log'
[2.243s] Invoked command in '/home/ssafy/ssafy_ws/src/dobot_control' returned '0': PYTHONPATH=/home/ssafy/ssafy_ws/build/dobot_control/prefix_override:/usr/lib/python3/dist-packages/colcon_core/task/python/colcon_distutils_commands:/home/ssafy/ssafy_ws/install/dobot_control/lib/python3.10/site-packages:${PYTHONPATH} /usr/bin/python3 -W ignore:setup.py install is deprecated -W ignore:easy_install command is deprecated setup.py egg_info --egg-base ../../build/dobot_control build --build-base /home/ssafy/ssafy_ws/build/dobot_control/build install --record /home/ssafy/ssafy_ws/build/dobot_control/install.log --single-version-externally-managed install_data
