[0.540s] Invoking command in '/home/ssafy/turtle_ws/src/turtle_controller': PYTHONPATH=/home/ssafy/turtle_ws/build/turtle_controller/prefix_override:/usr/lib/python3/dist-packages/colcon_core/task/python/colcon_distutils_commands:/home/ssafy/turtle_ws/install/turtle_controller/lib/python3.10/site-packages:${PYTHONPATH} /usr/bin/python3 -W ignore:setup.py install is deprecated -W ignore:easy_install command is deprecated setup.py egg_info --egg-base ../../build/turtle_controller build --build-base /home/ssafy/turtle_ws/build/turtle_controller/build install --record /home/ssafy/turtle_ws/build/turtle_controller/install.log --single-version-externally-managed install_data
[0.681s] running egg_info
[0.682s] writing ../../build/turtle_controller/turtle_controller.egg-info/PKG-INFO
[0.682s] writing dependency_links to ../../build/turtle_controller/turtle_controller.egg-info/dependency_links.txt
[0.682s] writing entry points to ../../build/turtle_controller/turtle_controller.egg-info/entry_points.txt
[0.682s] writing requirements to ../../build/turtle_controller/turtle_controller.egg-info/requires.txt
[0.682s] writing top-level names to ../../build/turtle_controller/turtle_controller.egg-info/top_level.txt
[0.683s] reading manifest file '../../build/turtle_controller/turtle_controller.egg-info/SOURCES.txt'
[0.683s] writing manifest file '../../build/turtle_controller/turtle_controller.egg-info/SOURCES.txt'
[0.684s] running build
[0.684s] running build_py
[0.684s] running install
[0.684s] running install_lib
[0.684s] running install_data
[0.684s] running install_egg_info
[0.686s] removing '/home/ssafy/turtle_ws/install/turtle_controller/lib/python3.10/site-packages/turtle_controller-0.0.0-py3.10.egg-info' (and everything under it)
[0.686s] Copying ../../build/turtle_controller/turtle_controller.egg-info to /home/ssafy/turtle_ws/install/turtle_controller/lib/python3.10/site-packages/turtle_controller-0.0.0-py3.10.egg-info
[0.687s] running install_scripts
[0.699s] Installing turtle_controller script to /home/ssafy/turtle_ws/install/turtle_controller/lib/turtle_controller
[0.699s] writing list of installed files to '/home/ssafy/turtle_ws/build/turtle_controller/install.log'
[0.720s] Invoked command in '/home/ssafy/turtle_ws/src/turtle_controller' returned '0': PYTHONPATH=/home/ssafy/turtle_ws/build/turtle_controller/prefix_override:/usr/lib/python3/dist-packages/colcon_core/task/python/colcon_distutils_commands:/home/ssafy/turtle_ws/install/turtle_controller/lib/python3.10/site-packages:${PYTHONPATH} /usr/bin/python3 -W ignore:setup.py install is deprecated -W ignore:easy_install command is deprecated setup.py egg_info --egg-base ../../build/turtle_controller build --build-base /home/ssafy/turtle_ws/build/turtle_controller/build install --record /home/ssafy/turtle_ws/build/turtle_controller/install.log --single-version-externally-managed install_data
