[0.028s] Invoking command in '/home/ssafy/turtlebot3_ws/build/turtlebot3_gazebo': CMAKE_PREFIX_PATH=${CMAKE_PREFIX_PATH}:/home/ssafy/magician_ros2_control_system_ws/install/dobot_visualization_tools:/home/ssafy/magician_ros2_control_system_ws/install/dobot_state_updater:/home/ssafy/magician_ros2_control_system_ws/install/dobot_motion:/home/ssafy/magician_ros2_control_system_ws/install/dobot_kinematics:/home/ssafy/magician_ros2_control_system_ws/install/dobot_homing:/home/ssafy/magician_ros2_control_system_ws/install/dobot_end_effector:/home/ssafy/magician_ros2_control_system_ws/install/dobot_diagnostics:/home/ssafy/magician_ros2_control_system_ws/install/dobot_demos:/home/ssafy/magician_ros2_control_system_ws/install/dobot_control_panel:/home/ssafy/magician_ros2_control_system_ws/install/dobot_bringup:/home/ssafy/turtlebot3_ws/install/turtlebot3_teleop:/home/ssafy/turtlebot3_ws/install/turtlebot3_example:/home/ssafy/ssafy_ws/install/slam_control:/home/ssafy/ssafy_ws/install/simple_car_tf:/home/ssafy/ssafy_ws/install/sensor_sub_pkg:/home/ssafy/ssafy_ws/install/my_robot_controller:/home/ssafy/ssafy_ws/install/intergrate_prac:/home/ssafy/ssafy_ws/install/dobot_control:/opt/ros/humble /usr/bin/cmake /home/ssafy/turtlebot3_ws/src/turtlebot3_simulations/turtlebot3_gazebo -DCMAKE_INSTALL_PREFIX=/home/ssafy/turtlebot3_ws/install/turtlebot3_gazebo
[0.038s] -- Found ament_cmake: 1.3.12 (/opt/ros/humble/share/ament_cmake/cmake)
[0.166s] -- Override CMake install command with custom implementation using symlinks instead of copying resources
[0.177s] [33mCMake Warning (dev) at /usr/share/cmake-3.22/Modules/FindPackageHandleStandardArgs.cmake:438 (message):
[0.177s]   The package name passed to `find_package_handle_standard_args` (PkgConfig)
[0.177s]   does not match the name of the calling package (gazebo).  This can lead to
[0.177s]   problems in calling code that expects `find_package` result variables
[0.177s]   (e.g., `_FOUND`) to follow a certain pattern.
[0.177s] Call Stack (most recent call first):
[0.177s]   /usr/share/cmake-3.22/Modules/FindPkgConfig.cmake:99 (find_package_handle_standard_args)
[0.177s]   /usr/lib/x86_64-linux-gnu/cmake/gazebo/gazebo-config.cmake:72 (include)
[0.177s]   CMakeLists.txt:23 (find_package)
[0.177s] This warning is for project developers.  Use -Wno-dev to suppress it.
[0.177s] [0m
[0.210s] -- Found DART: /usr/include (Required is at least version "6.6") found components: dart 
[0.245s] -- Found Protobuf: /usr/lib/x86_64-linux-gnu/libprotobuf.so (found version "3.12.4") 
[0.247s] -- Looking for ignition-math6 -- found version 6.15.1
[0.253s] -- Searching for dependencies of ignition-math6
[0.254s] -- Looking for OGRE...
[0.260s] -- Found Ogre Ghadamon (1.9.0)
[0.260s] -- Found OGRE: optimized;/usr/lib/x86_64-linux-gnu/libOgreMain.so;debug;/usr/lib/x86_64-linux-gnu/libOgreMain.so
[0.270s] -- Looking for OGRE_Paging...
[0.270s] -- Found OGRE_Paging: optimized;/usr/lib/x86_64-linux-gnu/libOgrePaging.so;debug;/usr/lib/x86_64-linux-gnu/libOgrePaging.so
[0.270s] -- Looking for OGRE_Terrain...
[0.270s] -- Found OGRE_Terrain: optimized;/usr/lib/x86_64-linux-gnu/libOgreTerrain.so;debug;/usr/lib/x86_64-linux-gnu/libOgreTerrain.so
[0.270s] -- Looking for OGRE_Property...
[0.270s] -- Found OGRE_Property: optimized;/usr/lib/x86_64-linux-gnu/libOgreProperty.so;debug;/usr/lib/x86_64-linux-gnu/libOgreProperty.so
[0.270s] -- Looking for OGRE_RTShaderSystem...
[0.271s] -- Found OGRE_RTShaderSystem: optimized;/usr/lib/x86_64-linux-gnu/libOgreRTShaderSystem.so;debug;/usr/lib/x86_64-linux-gnu/libOgreRTShaderSystem.so
[0.271s] -- Looking for OGRE_Volume...
[0.271s] -- Found OGRE_Volume: optimized;/usr/lib/x86_64-linux-gnu/libOgreVolume.so;debug;/usr/lib/x86_64-linux-gnu/libOgreVolume.so
[0.271s] -- Looking for OGRE_Overlay...
[0.271s] -- Found OGRE_Overlay: optimized;/usr/lib/x86_64-linux-gnu/libOgreOverlay.so;debug;/usr/lib/x86_64-linux-gnu/libOgreOverlay.so
[0.407s] -- Looking for ignition-math6 -- found version 6.15.1
[0.408s] -- Looking for ignition-transport8 -- found version 8.2.1
[0.408s] -- Searching for dependencies of ignition-transport8
[0.426s] -- Found Protobuf: /usr/lib/x86_64-linux-gnu/libprotobuf.so (found suitable version "3.12.4", minimum required is "3") 
[0.436s] -- Config-file not installed for ZeroMQ -- checking for pkg-config
[0.440s] -- Checking for module 'libzmq >= 4'
[0.455s] --   Found libzmq , version 4.3.4
[0.488s] -- Checking for module 'uuid'
[0.499s] --   Found uuid, version 2.37.2
[0.529s] -- Looking for ignition-msgs5 -- found version 5.8.1
[0.529s] -- Searching for dependencies of ignition-msgs5
[0.547s] -- Looking for ignition-math6 -- found version 6.15.1
[0.553s] -- Checking for module 'tinyxml2'
[0.567s] --   Found tinyxml2, version 9.0.0
[0.596s] -- Looking for ignition-msgs5 -- found version 5.8.1
[0.596s] -- Looking for ignition-common3 -- found version 3.14.0
[0.597s] -- Searching for dependencies of ignition-common3
[0.597s] -- Looking for dlfcn.h - found
[0.597s] -- Looking for libdl - found
[0.609s] -- Searching for <ignition-common3> component [graphics]
[0.609s] -- Looking for ignition-common3-graphics -- found version 3.14.0
[0.609s] -- Searching for dependencies of ignition-common3-graphics
[0.610s] -- Looking for ignition-math6 -- found version 6.15.1
[0.611s] -- Looking for ignition-fuel_tools4 -- found version 4.4.0
[0.611s] -- Searching for dependencies of ignition-fuel_tools4
[0.644s] -- Checking for module 'jsoncpp'
[0.660s] --   Found jsoncpp, version 1.9.5
[0.692s] -- Checking for module 'libzip'
[0.707s] --   Found libzip, version 1.7.3
[0.738s] -- Looking for ignition-common3 -- found version 3.14.0
[0.738s] -- Looking for ignition-math6 -- found version 6.15.1
[0.739s] -- Looking for ignition-msgs5 -- found version 5.8.1
[0.742s] -- Found gazebo_ros_pkgs: 3.9.0 (/opt/ros/humble/share/gazebo_ros_pkgs/cmake)
[0.742s] -- Found geometry_msgs: 4.9.0 (/opt/ros/humble/share/geometry_msgs/cmake)
[0.758s] -- Found rosidl_generator_c: 3.1.7 (/opt/ros/humble/share/rosidl_generator_c/cmake)
[0.759s] -- Found rosidl_adapter: 3.1.7 (/opt/ros/humble/share/rosidl_adapter/cmake)
[0.764s] -- Found rosidl_generator_cpp: 3.1.7 (/opt/ros/humble/share/rosidl_generator_cpp/cmake)
[0.773s] -- Using all available rosidl_typesupport_c: rosidl_typesupport_fastrtps_c;rosidl_typesupport_introspection_c
[0.783s] -- Using all available rosidl_typesupport_cpp: rosidl_typesupport_fastrtps_cpp;rosidl_typesupport_introspection_cpp
[0.811s] -- Found nav_msgs: 4.9.0 (/opt/ros/humble/share/nav_msgs/cmake)
[0.827s] -- Found rclcpp: 16.0.15 (/opt/ros/humble/share/rclcpp/cmake)
[0.866s] -- Found rmw_implementation_cmake: 6.1.2 (/opt/ros/humble/share/rmw_implementation_cmake/cmake)
[0.869s] -- Found rmw_fastrtps_cpp: 6.2.9 (/opt/ros/humble/share/rmw_fastrtps_cpp/cmake)
[0.973s] -- Using RMW implementation 'rmw_fastrtps_cpp' as default
[1.010s] -- Found sensor_msgs: 4.9.0 (/opt/ros/humble/share/sensor_msgs/cmake)
[1.027s] -- Found tf2: 0.25.16 (/opt/ros/humble/share/tf2/cmake)
[1.099s] -- Configuring done
[1.137s] -- Generating done
[1.146s] -- Build files have been written to: /home/ssafy/turtlebot3_ws/build/turtlebot3_gazebo
[1.155s] Invoked command in '/home/ssafy/turtlebot3_ws/build/turtlebot3_gazebo' returned '0': CMAKE_PREFIX_PATH=${CMAKE_PREFIX_PATH}:/home/ssafy/magician_ros2_control_system_ws/install/dobot_visualization_tools:/home/ssafy/magician_ros2_control_system_ws/install/dobot_state_updater:/home/ssafy/magician_ros2_control_system_ws/install/dobot_motion:/home/ssafy/magician_ros2_control_system_ws/install/dobot_kinematics:/home/ssafy/magician_ros2_control_system_ws/install/dobot_homing:/home/ssafy/magician_ros2_control_system_ws/install/dobot_end_effector:/home/ssafy/magician_ros2_control_system_ws/install/dobot_diagnostics:/home/ssafy/magician_ros2_control_system_ws/install/dobot_demos:/home/ssafy/magician_ros2_control_system_ws/install/dobot_control_panel:/home/ssafy/magician_ros2_control_system_ws/install/dobot_bringup:/home/ssafy/turtlebot3_ws/install/turtlebot3_teleop:/home/ssafy/turtlebot3_ws/install/turtlebot3_example:/home/ssafy/ssafy_ws/install/slam_control:/home/ssafy/ssafy_ws/install/simple_car_tf:/home/ssafy/ssafy_ws/install/sensor_sub_pkg:/home/ssafy/ssafy_ws/install/my_robot_controller:/home/ssafy/ssafy_ws/install/intergrate_prac:/home/ssafy/ssafy_ws/install/dobot_control:/opt/ros/humble /usr/bin/cmake /home/ssafy/turtlebot3_ws/src/turtlebot3_simulations/turtlebot3_gazebo -DCMAKE_INSTALL_PREFIX=/home/ssafy/turtlebot3_ws/install/turtlebot3_gazebo
[1.157s] Invoking command in '/home/ssafy/turtlebot3_ws/build/turtlebot3_gazebo': CMAKE_PREFIX_PATH=${CMAKE_PREFIX_PATH}:/home/ssafy/magician_ros2_control_system_ws/install/dobot_visualization_tools:/home/ssafy/magician_ros2_control_system_ws/install/dobot_state_updater:/home/ssafy/magician_ros2_control_system_ws/install/dobot_motion:/home/ssafy/magician_ros2_control_system_ws/install/dobot_kinematics:/home/ssafy/magician_ros2_control_system_ws/install/dobot_homing:/home/ssafy/magician_ros2_control_system_ws/install/dobot_end_effector:/home/ssafy/magician_ros2_control_system_ws/install/dobot_diagnostics:/home/ssafy/magician_ros2_control_system_ws/install/dobot_demos:/home/ssafy/magician_ros2_control_system_ws/install/dobot_control_panel:/home/ssafy/magician_ros2_control_system_ws/install/dobot_bringup:/home/ssafy/turtlebot3_ws/install/turtlebot3_teleop:/home/ssafy/turtlebot3_ws/install/turtlebot3_example:/home/ssafy/ssafy_ws/install/slam_control:/home/ssafy/ssafy_ws/install/simple_car_tf:/home/ssafy/ssafy_ws/install/sensor_sub_pkg:/home/ssafy/ssafy_ws/install/my_robot_controller:/home/ssafy/ssafy_ws/install/intergrate_prac:/home/ssafy/ssafy_ws/install/dobot_control:/opt/ros/humble /usr/bin/cmake --build /home/ssafy/turtlebot3_ws/build/turtlebot3_gazebo -- -j20 -l20
[1.195s] [35m[1mConsolidate compiler generated dependencies of target turtlebot3_drive[0m
[1.196s] [35m[1mConsolidate compiler generated dependencies of target traffic_bar_plugin[0m
[1.196s] [35m[1mConsolidate compiler generated dependencies of target obstacles[0m
[1.197s] [35m[1mConsolidate compiler generated dependencies of target obstacle2[0m
[1.197s] [35m[1mConsolidate compiler generated dependencies of target traffic_light_plugin[0m
[1.198s] [35m[1mConsolidate compiler generated dependencies of target obstacle1[0m
[1.218s] [ 16%] Built target turtlebot3_drive
[1.246s] [ 50%] Built target obstacles
[1.246s] [ 50%] Built target traffic_bar_plugin
[1.247s] [ 75%] Built target traffic_light_plugin
[1.247s] [ 83%] Built target obstacle1
[1.248s] [100%] Built target obstacle2
[1.259s] Invoked command in '/home/ssafy/turtlebot3_ws/build/turtlebot3_gazebo' returned '0': CMAKE_PREFIX_PATH=${CMAKE_PREFIX_PATH}:/home/ssafy/magician_ros2_control_system_ws/install/dobot_visualization_tools:/home/ssafy/magician_ros2_control_system_ws/install/dobot_state_updater:/home/ssafy/magician_ros2_control_system_ws/install/dobot_motion:/home/ssafy/magician_ros2_control_system_ws/install/dobot_kinematics:/home/ssafy/magician_ros2_control_system_ws/install/dobot_homing:/home/ssafy/magician_ros2_control_system_ws/install/dobot_end_effector:/home/ssafy/magician_ros2_control_system_ws/install/dobot_diagnostics:/home/ssafy/magician_ros2_control_system_ws/install/dobot_demos:/home/ssafy/magician_ros2_control_system_ws/install/dobot_control_panel:/home/ssafy/magician_ros2_control_system_ws/install/dobot_bringup:/home/ssafy/turtlebot3_ws/install/turtlebot3_teleop:/home/ssafy/turtlebot3_ws/install/turtlebot3_example:/home/ssafy/ssafy_ws/install/slam_control:/home/ssafy/ssafy_ws/install/simple_car_tf:/home/ssafy/ssafy_ws/install/sensor_sub_pkg:/home/ssafy/ssafy_ws/install/my_robot_controller:/home/ssafy/ssafy_ws/install/intergrate_prac:/home/ssafy/ssafy_ws/install/dobot_control:/opt/ros/humble /usr/bin/cmake --build /home/ssafy/turtlebot3_ws/build/turtlebot3_gazebo -- -j20 -l20
[1.261s] Invoking command in '/home/ssafy/turtlebot3_ws/build/turtlebot3_gazebo': CMAKE_PREFIX_PATH=${CMAKE_PREFIX_PATH}:/home/ssafy/magician_ros2_control_system_ws/install/dobot_visualization_tools:/home/ssafy/magician_ros2_control_system_ws/install/dobot_state_updater:/home/ssafy/magician_ros2_control_system_ws/install/dobot_motion:/home/ssafy/magician_ros2_control_system_ws/install/dobot_kinematics:/home/ssafy/magician_ros2_control_system_ws/install/dobot_homing:/home/ssafy/magician_ros2_control_system_ws/install/dobot_end_effector:/home/ssafy/magician_ros2_control_system_ws/install/dobot_diagnostics:/home/ssafy/magician_ros2_control_system_ws/install/dobot_demos:/home/ssafy/magician_ros2_control_system_ws/install/dobot_control_panel:/home/ssafy/magician_ros2_control_system_ws/install/dobot_bringup:/home/ssafy/turtlebot3_ws/install/turtlebot3_teleop:/home/ssafy/turtlebot3_ws/install/turtlebot3_example:/home/ssafy/ssafy_ws/install/slam_control:/home/ssafy/ssafy_ws/install/simple_car_tf:/home/ssafy/ssafy_ws/install/sensor_sub_pkg:/home/ssafy/ssafy_ws/install/my_robot_controller:/home/ssafy/ssafy_ws/install/intergrate_prac:/home/ssafy/ssafy_ws/install/dobot_control:/opt/ros/humble /usr/bin/cmake --install /home/ssafy/turtlebot3_ws/build/turtlebot3_gazebo
[1.267s] -- Install configuration: ""
[1.267s] -- Execute custom install script
[1.267s] -- Up-to-date symlink: /home/ssafy/turtlebot3_ws/install/turtlebot3_gazebo/lib/turtlebot3_gazebo/turtlebot3_drive
[1.267s] -- Up-to-date symlink: /home/ssafy/turtlebot3_ws/install/turtlebot3_gazebo/share/turtlebot3_gazebo//launch/empty_world.launch.py
[1.267s] -- Up-to-date symlink: /home/ssafy/turtlebot3_ws/install/turtlebot3_gazebo/share/turtlebot3_gazebo//launch/multi_robot.launch.py
[1.268s] -- Up-to-date symlink: /home/ssafy/turtlebot3_ws/install/turtlebot3_gazebo/share/turtlebot3_gazebo//launch/multi_spawn_turtlebot3.launch.py
[1.268s] -- Symlinking: /home/ssafy/turtlebot3_ws/install/turtlebot3_gazebo/share/turtlebot3_gazebo//launch/my_world.launch.py
[1.274s] -- Up-to-date symlink: /home/ssafy/turtlebot3_ws/install/turtlebot3_gazebo/share/turtlebot3_gazebo//launch/robot_state_publisher.launch.py
[1.274s] -- Up-to-date symlink: /home/ssafy/turtlebot3_ws/install/turtlebot3_gazebo/share/turtlebot3_gazebo//launch/spawn_turtlebot3.launch.py
[1.274s] -- Up-to-date symlink: /home/ssafy/turtlebot3_ws/install/turtlebot3_gazebo/share/turtlebot3_gazebo//launch/turtlebot3_autorace_2020.launch.py
[1.274s] -- Up-to-date symlink: /home/ssafy/turtlebot3_ws/install/turtlebot3_gazebo/share/turtlebot3_gazebo//launch/turtlebot3_dqn_stage1.launch.py
[1.274s] -- Up-to-date symlink: /home/ssafy/turtlebot3_ws/install/turtlebot3_gazebo/share/turtlebot3_gazebo//launch/turtlebot3_dqn_stage2.launch.py
[1.274s] -- Up-to-date symlink: /home/ssafy/turtlebot3_ws/install/turtlebot3_gazebo/share/turtlebot3_gazebo//launch/turtlebot3_dqn_stage3.launch.py
[1.274s] -- Up-to-date symlink: /home/ssafy/turtlebot3_ws/install/turtlebot3_gazebo/share/turtlebot3_gazebo//launch/turtlebot3_dqn_stage4.launch.py
[1.274s] -- Up-to-date symlink: /home/ssafy/turtlebot3_ws/install/turtlebot3_gazebo/share/turtlebot3_gazebo//launch/turtlebot3_house.launch.py
[1.274s] -- Up-to-date symlink: /home/ssafy/turtlebot3_ws/install/turtlebot3_gazebo/share/turtlebot3_gazebo//launch/turtlebot3_world.launch.py
[1.275s] -- Up-to-date symlink: /home/ssafy/turtlebot3_ws/install/turtlebot3_gazebo/share/turtlebot3_gazebo//models/turtlebot3_autorace_2020/checker/materials/checker.png
[1.275s] -- Up-to-date symlink: /home/ssafy/turtlebot3_ws/install/turtlebot3_gazebo/share/turtlebot3_gazebo//models/turtlebot3_autorace_2020/checker/materials/scripts/checker.material
[1.275s] -- Up-to-date symlink: /home/ssafy/turtlebot3_ws/install/turtlebot3_gazebo/share/turtlebot3_gazebo//models/turtlebot3_autorace_2020/checker/materials/textures/checker.png
[1.275s] -- Up-to-date symlink: /home/ssafy/turtlebot3_ws/install/turtlebot3_gazebo/share/turtlebot3_gazebo//models/turtlebot3_autorace_2020/checker/model.config
[1.275s] -- Up-to-date symlink: /home/ssafy/turtlebot3_ws/install/turtlebot3_gazebo/share/turtlebot3_gazebo//models/turtlebot3_autorace_2020/checker/model.sdf
[1.275s] -- Up-to-date symlink: /home/ssafy/turtlebot3_ws/install/turtlebot3_gazebo/share/turtlebot3_gazebo//models/turtlebot3_autorace_2020/course/materials/scripts/course.material
[1.275s] -- Up-to-date symlink: /home/ssafy/turtlebot3_ws/install/turtlebot3_gazebo/share/turtlebot3_gazebo//models/turtlebot3_autorace_2020/course/materials/textures/course.png
[1.275s] -- Up-to-date symlink: /home/ssafy/turtlebot3_ws/install/turtlebot3_gazebo/share/turtlebot3_gazebo//models/turtlebot3_autorace_2020/course/model.config
[1.275s] -- Up-to-date symlink: /home/ssafy/turtlebot3_ws/install/turtlebot3_gazebo/share/turtlebot3_gazebo//models/turtlebot3_autorace_2020/course/model.sdf
[1.275s] -- Up-to-date symlink: /home/ssafy/turtlebot3_ws/install/turtlebot3_gazebo/share/turtlebot3_gazebo//models/turtlebot3_autorace_2020/traffic_bar/materials/scripts/traffic_bar.material
[1.275s] -- Up-to-date symlink: /home/ssafy/turtlebot3_ws/install/turtlebot3_gazebo/share/turtlebot3_gazebo//models/turtlebot3_autorace_2020/traffic_bar/materials/textures/traffic_bar.png
[1.276s] -- Up-to-date symlink: /home/ssafy/turtlebot3_ws/install/turtlebot3_gazebo/share/turtlebot3_gazebo//models/turtlebot3_autorace_2020/traffic_bar/model.config
[1.276s] -- Up-to-date symlink: /home/ssafy/turtlebot3_ws/install/turtlebot3_gazebo/share/turtlebot3_gazebo//models/turtlebot3_autorace_2020/traffic_bar/model.sdf
[1.276s] -- Up-to-date symlink: /home/ssafy/turtlebot3_ws/install/turtlebot3_gazebo/share/turtlebot3_gazebo//models/turtlebot3_autorace_2020/traffic_construction/materials/scripts/traffic_construction.material
[1.276s] -- Up-to-date symlink: /home/ssafy/turtlebot3_ws/install/turtlebot3_gazebo/share/turtlebot3_gazebo//models/turtlebot3_autorace_2020/traffic_construction/materials/textures/traffic_construction.png
[1.276s] -- Up-to-date symlink: /home/ssafy/turtlebot3_ws/install/turtlebot3_gazebo/share/turtlebot3_gazebo//models/turtlebot3_autorace_2020/traffic_construction/model.config
[1.276s] -- Up-to-date symlink: /home/ssafy/turtlebot3_ws/install/turtlebot3_gazebo/share/turtlebot3_gazebo//models/turtlebot3_autorace_2020/traffic_construction/model.sdf
[1.276s] -- Up-to-date symlink: /home/ssafy/turtlebot3_ws/install/turtlebot3_gazebo/share/turtlebot3_gazebo//models/turtlebot3_autorace_2020/traffic_intersection/materials/scripts/traffic_intersection.material
[1.276s] -- Up-to-date symlink: /home/ssafy/turtlebot3_ws/install/turtlebot3_gazebo/share/turtlebot3_gazebo//models/turtlebot3_autorace_2020/traffic_intersection/materials/textures/traffic_intersection.png
[1.276s] -- Up-to-date symlink: /home/ssafy/turtlebot3_ws/install/turtlebot3_gazebo/share/turtlebot3_gazebo//models/turtlebot3_autorace_2020/traffic_intersection/model.config
[1.276s] -- Up-to-date symlink: /home/ssafy/turtlebot3_ws/install/turtlebot3_gazebo/share/turtlebot3_gazebo//models/turtlebot3_autorace_2020/traffic_intersection/model.sdf
[1.276s] -- Up-to-date symlink: /home/ssafy/turtlebot3_ws/install/turtlebot3_gazebo/share/turtlebot3_gazebo//models/turtlebot3_autorace_2020/traffic_left/materials/scripts/traffic_is_left.material
[1.276s] -- Up-to-date symlink: /home/ssafy/turtlebot3_ws/install/turtlebot3_gazebo/share/turtlebot3_gazebo//models/turtlebot3_autorace_2020/traffic_left/materials/textures/traffic_left.png
[1.276s] -- Up-to-date symlink: /home/ssafy/turtlebot3_ws/install/turtlebot3_gazebo/share/turtlebot3_gazebo//models/turtlebot3_autorace_2020/traffic_left/model.config
[1.276s] -- Up-to-date symlink: /home/ssafy/turtlebot3_ws/install/turtlebot3_gazebo/share/turtlebot3_gazebo//models/turtlebot3_autorace_2020/traffic_left/model.sdf
[1.276s] -- Up-to-date symlink: /home/ssafy/turtlebot3_ws/install/turtlebot3_gazebo/share/turtlebot3_gazebo//models/turtlebot3_autorace_2020/traffic_light/materials/scripts/traffic_light.material
[1.276s] -- Up-to-date symlink: /home/ssafy/turtlebot3_ws/install/turtlebot3_gazebo/share/turtlebot3_gazebo//models/turtlebot3_autorace_2020/traffic_light/materials/textures/traffic_light.png
[1.276s] -- Up-to-date symlink: /home/ssafy/turtlebot3_ws/install/turtlebot3_gazebo/share/turtlebot3_gazebo//models/turtlebot3_autorace_2020/traffic_light/materials/textures/traffic_light_green.png
[1.276s] -- Up-to-date symlink: /home/ssafy/turtlebot3_ws/install/turtlebot3_gazebo/share/turtlebot3_gazebo//models/turtlebot3_autorace_2020/traffic_light/materials/textures/traffic_light_red.png
[1.276s] -- Up-to-date symlink: /home/ssafy/turtlebot3_ws/install/turtlebot3_gazebo/share/turtlebot3_gazebo//models/turtlebot3_autorace_2020/traffic_light/materials/textures/traffic_light_yellow.png
[1.276s] -- Up-to-date symlink: /home/ssafy/turtlebot3_ws/install/turtlebot3_gazebo/share/turtlebot3_gazebo//models/turtlebot3_autorace_2020/traffic_light/model.config
[1.277s] -- Up-to-date symlink: /home/ssafy/turtlebot3_ws/install/turtlebot3_gazebo/share/turtlebot3_gazebo//models/turtlebot3_autorace_2020/traffic_light/model.sdf
[1.277s] -- Up-to-date symlink: /home/ssafy/turtlebot3_ws/install/turtlebot3_gazebo/share/turtlebot3_gazebo//models/turtlebot3_autorace_2020/traffic_noentry/materials/scripts/traffic_noentry.material
[1.277s] -- Up-to-date symlink: /home/ssafy/turtlebot3_ws/install/turtlebot3_gazebo/share/turtlebot3_gazebo//models/turtlebot3_autorace_2020/traffic_noentry/materials/textures/traffic_noentry.png
[1.277s] -- Up-to-date symlink: /home/ssafy/turtlebot3_ws/install/turtlebot3_gazebo/share/turtlebot3_gazebo//models/turtlebot3_autorace_2020/traffic_noentry/model.config
[1.277s] -- Up-to-date symlink: /home/ssafy/turtlebot3_ws/install/turtlebot3_gazebo/share/turtlebot3_gazebo//models/turtlebot3_autorace_2020/traffic_noentry/model.sdf
[1.277s] -- Up-to-date symlink: /home/ssafy/turtlebot3_ws/install/turtlebot3_gazebo/share/turtlebot3_gazebo//models/turtlebot3_autorace_2020/traffic_parking/materials/scripts/traffic_parking.material
[1.277s] -- Up-to-date symlink: /home/ssafy/turtlebot3_ws/install/turtlebot3_gazebo/share/turtlebot3_gazebo//models/turtlebot3_autorace_2020/traffic_parking/materials/textures/traffic_parking.png
[1.277s] -- Up-to-date symlink: /home/ssafy/turtlebot3_ws/install/turtlebot3_gazebo/share/turtlebot3_gazebo//models/turtlebot3_autorace_2020/traffic_parking/model.config
[1.277s] -- Up-to-date symlink: /home/ssafy/turtlebot3_ws/install/turtlebot3_gazebo/share/turtlebot3_gazebo//models/turtlebot3_autorace_2020/traffic_parking/model.sdf
[1.277s] -- Up-to-date symlink: /home/ssafy/turtlebot3_ws/install/turtlebot3_gazebo/share/turtlebot3_gazebo//models/turtlebot3_autorace_2020/traffic_pl_left/materials/scripts/traffic_pl_left.material
[1.277s] -- Up-to-date symlink: /home/ssafy/turtlebot3_ws/install/turtlebot3_gazebo/share/turtlebot3_gazebo//models/turtlebot3_autorace_2020/traffic_pl_left/materials/textures/traffic_pl_left.png
[1.277s] -- Up-to-date symlink: /home/ssafy/turtlebot3_ws/install/turtlebot3_gazebo/share/turtlebot3_gazebo//models/turtlebot3_autorace_2020/traffic_pl_left/model.config
[1.277s] -- Up-to-date symlink: /home/ssafy/turtlebot3_ws/install/turtlebot3_gazebo/share/turtlebot3_gazebo//models/turtlebot3_autorace_2020/traffic_pl_left/model.sdf
[1.277s] -- Up-to-date symlink: /home/ssafy/turtlebot3_ws/install/turtlebot3_gazebo/share/turtlebot3_gazebo//models/turtlebot3_autorace_2020/traffic_right/materials/scripts/traffic_right.material
[1.277s] -- Up-to-date symlink: /home/ssafy/turtlebot3_ws/install/turtlebot3_gazebo/share/turtlebot3_gazebo//models/turtlebot3_autorace_2020/traffic_right/materials/textures/traffic_right.png
[1.277s] -- Up-to-date symlink: /home/ssafy/turtlebot3_ws/install/turtlebot3_gazebo/share/turtlebot3_gazebo//models/turtlebot3_autorace_2020/traffic_right/model.config
[1.277s] -- Up-to-date symlink: /home/ssafy/turtlebot3_ws/install/turtlebot3_gazebo/share/turtlebot3_gazebo//models/turtlebot3_autorace_2020/traffic_right/model.sdf
[1.277s] -- Up-to-date symlink: /home/ssafy/turtlebot3_ws/install/turtlebot3_gazebo/share/turtlebot3_gazebo//models/turtlebot3_autorace_2020/traffic_stop/materials/scripts/traffic_stop.material
[1.277s] -- Up-to-date symlink: /home/ssafy/turtlebot3_ws/install/turtlebot3_gazebo/share/turtlebot3_gazebo//models/turtlebot3_autorace_2020/traffic_stop/materials/textures/traffic_stop.png
[1.277s] -- Up-to-date symlink: /home/ssafy/turtlebot3_ws/install/turtlebot3_gazebo/share/turtlebot3_gazebo//models/turtlebot3_autorace_2020/traffic_stop/model.config
[1.277s] -- Up-to-date symlink: /home/ssafy/turtlebot3_ws/install/turtlebot3_gazebo/share/turtlebot3_gazebo//models/turtlebot3_autorace_2020/traffic_stop/model.sdf
[1.278s] -- Up-to-date symlink: /home/ssafy/turtlebot3_ws/install/turtlebot3_gazebo/share/turtlebot3_gazebo//models/turtlebot3_autorace_2020/traffic_tunnel/materials/scripts/tunnel.material
[1.278s] -- Up-to-date symlink: /home/ssafy/turtlebot3_ws/install/turtlebot3_gazebo/share/turtlebot3_gazebo//models/turtlebot3_autorace_2020/traffic_tunnel/materials/textures/tunnel.png
[1.278s] -- Up-to-date symlink: /home/ssafy/turtlebot3_ws/install/turtlebot3_gazebo/share/turtlebot3_gazebo//models/turtlebot3_autorace_2020/traffic_tunnel/model.config
[1.278s] -- Up-to-date symlink: /home/ssafy/turtlebot3_ws/install/turtlebot3_gazebo/share/turtlebot3_gazebo//models/turtlebot3_autorace_2020/traffic_tunnel/model.sdf
[1.278s] -- Up-to-date symlink: /home/ssafy/turtlebot3_ws/install/turtlebot3_gazebo/share/turtlebot3_gazebo//models/turtlebot3_burger/model-1_4.sdf
[1.278s] -- Up-to-date symlink: /home/ssafy/turtlebot3_ws/install/turtlebot3_gazebo/share/turtlebot3_gazebo//models/turtlebot3_burger/model.config
[1.278s] -- Up-to-date symlink: /home/ssafy/turtlebot3_ws/install/turtlebot3_gazebo/share/turtlebot3_gazebo//models/turtlebot3_burger/model.sdf
[1.278s] -- Up-to-date symlink: /home/ssafy/turtlebot3_ws/install/turtlebot3_gazebo/share/turtlebot3_gazebo//models/turtlebot3_burger_cam/model-1_4.sdf
[1.278s] -- Up-to-date symlink: /home/ssafy/turtlebot3_ws/install/turtlebot3_gazebo/share/turtlebot3_gazebo//models/turtlebot3_burger_cam/model.config
[1.278s] -- Up-to-date symlink: /home/ssafy/turtlebot3_ws/install/turtlebot3_gazebo/share/turtlebot3_gazebo//models/turtlebot3_burger_cam/model.sdf
[1.278s] -- Up-to-date symlink: /home/ssafy/turtlebot3_ws/install/turtlebot3_gazebo/share/turtlebot3_gazebo//models/turtlebot3_common/meshes/bases/burger_base.stl
[1.278s] -- Up-to-date symlink: /home/ssafy/turtlebot3_ws/install/turtlebot3_gazebo/share/turtlebot3_gazebo//models/turtlebot3_common/meshes/bases/waffle_base.stl
[1.278s] -- Up-to-date symlink: /home/ssafy/turtlebot3_ws/install/turtlebot3_gazebo/share/turtlebot3_gazebo//models/turtlebot3_common/meshes/bases/waffle_pi_base.stl
[1.278s] -- Up-to-date symlink: /home/ssafy/turtlebot3_ws/install/turtlebot3_gazebo/share/turtlebot3_gazebo//models/turtlebot3_common/meshes/burger_base.dae
[1.278s] -- Up-to-date symlink: /home/ssafy/turtlebot3_ws/install/turtlebot3_gazebo/share/turtlebot3_gazebo//models/turtlebot3_common/meshes/lds.dae
[1.278s] -- Up-to-date symlink: /home/ssafy/turtlebot3_ws/install/turtlebot3_gazebo/share/turtlebot3_gazebo//models/turtlebot3_common/meshes/r200.dae
[1.278s] -- Up-to-date symlink: /home/ssafy/turtlebot3_ws/install/turtlebot3_gazebo/share/turtlebot3_gazebo//models/turtlebot3_common/meshes/sensors/astra.dae
[1.278s] -- Up-to-date symlink: /home/ssafy/turtlebot3_ws/install/turtlebot3_gazebo/share/turtlebot3_gazebo//models/turtlebot3_common/meshes/sensors/astra.jpg
[1.278s] -- Up-to-date symlink: /home/ssafy/turtlebot3_ws/install/turtlebot3_gazebo/share/turtlebot3_gazebo//models/turtlebot3_common/meshes/sensors/lds.stl
[1.278s] -- Up-to-date symlink: /home/ssafy/turtlebot3_ws/install/turtlebot3_gazebo/share/turtlebot3_gazebo//models/turtlebot3_common/meshes/sensors/r200.dae
[1.278s] -- Up-to-date symlink: /home/ssafy/turtlebot3_ws/install/turtlebot3_gazebo/share/turtlebot3_gazebo//models/turtlebot3_common/meshes/sensors/r200.jpg
[1.279s] -- Up-to-date symlink: /home/ssafy/turtlebot3_ws/install/turtlebot3_gazebo/share/turtlebot3_gazebo//models/turtlebot3_common/meshes/tire.dae
[1.279s] -- Up-to-date symlink: /home/ssafy/turtlebot3_ws/install/turtlebot3_gazebo/share/turtlebot3_gazebo//models/turtlebot3_common/meshes/waffle_base.dae
[1.279s] -- Up-to-date symlink: /home/ssafy/turtlebot3_ws/install/turtlebot3_gazebo/share/turtlebot3_gazebo//models/turtlebot3_common/meshes/waffle_pi_base.dae
[1.279s] -- Up-to-date symlink: /home/ssafy/turtlebot3_ws/install/turtlebot3_gazebo/share/turtlebot3_gazebo//models/turtlebot3_common/meshes/wheels/left_tire.stl
[1.279s] -- Up-to-date symlink: /home/ssafy/turtlebot3_ws/install/turtlebot3_gazebo/share/turtlebot3_gazebo//models/turtlebot3_common/meshes/wheels/right_tire.stl
[1.279s] -- Up-to-date symlink: /home/ssafy/turtlebot3_ws/install/turtlebot3_gazebo/share/turtlebot3_gazebo//models/turtlebot3_common/model.config
[1.279s] -- Up-to-date symlink: /home/ssafy/turtlebot3_ws/install/turtlebot3_gazebo/share/turtlebot3_gazebo//models/turtlebot3_dqn_world/goal_box/model.config
[1.279s] -- Up-to-date symlink: /home/ssafy/turtlebot3_ws/install/turtlebot3_gazebo/share/turtlebot3_gazebo//models/turtlebot3_dqn_world/goal_box/model.sdf
[1.279s] -- Up-to-date symlink: /home/ssafy/turtlebot3_ws/install/turtlebot3_gazebo/share/turtlebot3_gazebo//models/turtlebot3_dqn_world/inner_walls/model.config
[1.279s] -- Up-to-date symlink: /home/ssafy/turtlebot3_ws/install/turtlebot3_gazebo/share/turtlebot3_gazebo//models/turtlebot3_dqn_world/inner_walls/model.sdf
[1.279s] -- Up-to-date symlink: /home/ssafy/turtlebot3_ws/install/turtlebot3_gazebo/share/turtlebot3_gazebo//models/turtlebot3_dqn_world/model.config
[1.279s] -- Up-to-date symlink: /home/ssafy/turtlebot3_ws/install/turtlebot3_gazebo/share/turtlebot3_gazebo//models/turtlebot3_dqn_world/model.sdf
[1.279s] -- Up-to-date symlink: /home/ssafy/turtlebot3_ws/install/turtlebot3_gazebo/share/turtlebot3_gazebo//models/turtlebot3_dqn_world/obstacle1/model.config
[1.279s] -- Up-to-date symlink: /home/ssafy/turtlebot3_ws/install/turtlebot3_gazebo/share/turtlebot3_gazebo//models/turtlebot3_dqn_world/obstacle1/model.sdf
[1.279s] -- Up-to-date symlink: /home/ssafy/turtlebot3_ws/install/turtlebot3_gazebo/share/turtlebot3_gazebo//models/turtlebot3_dqn_world/obstacle2/model.config
[1.279s] -- Up-to-date symlink: /home/ssafy/turtlebot3_ws/install/turtlebot3_gazebo/share/turtlebot3_gazebo//models/turtlebot3_dqn_world/obstacle2/model.sdf
[1.279s] -- Up-to-date symlink: /home/ssafy/turtlebot3_ws/install/turtlebot3_gazebo/share/turtlebot3_gazebo//models/turtlebot3_dqn_world/obstacles/model.config
[1.279s] -- Up-to-date symlink: /home/ssafy/turtlebot3_ws/install/turtlebot3_gazebo/share/turtlebot3_gazebo//models/turtlebot3_dqn_world/obstacles/model.sdf
[1.279s] -- Up-to-date symlink: /home/ssafy/turtlebot3_ws/install/turtlebot3_gazebo/share/turtlebot3_gazebo//models/turtlebot3_house/model.config
[1.279s] -- Up-to-date symlink: /home/ssafy/turtlebot3_ws/install/turtlebot3_gazebo/share/turtlebot3_gazebo//models/turtlebot3_house/model.sdf
[1.279s] -- Up-to-date symlink: /home/ssafy/turtlebot3_ws/install/turtlebot3_gazebo/share/turtlebot3_gazebo//models/turtlebot3_waffle/model-1_4.sdf
[1.279s] -- Up-to-date symlink: /home/ssafy/turtlebot3_ws/install/turtlebot3_gazebo/share/turtlebot3_gazebo//models/turtlebot3_waffle/model.config
[1.280s] -- Up-to-date symlink: /home/ssafy/turtlebot3_ws/install/turtlebot3_gazebo/share/turtlebot3_gazebo//models/turtlebot3_waffle/model.sdf
[1.280s] -- Up-to-date symlink: /home/ssafy/turtlebot3_ws/install/turtlebot3_gazebo/share/turtlebot3_gazebo//models/turtlebot3_waffle_pi/model-1_4_.sdf
[1.280s] -- Up-to-date symlink: /home/ssafy/turtlebot3_ws/install/turtlebot3_gazebo/share/turtlebot3_gazebo//models/turtlebot3_waffle_pi/model.config
[1.280s] -- Up-to-date symlink: /home/ssafy/turtlebot3_ws/install/turtlebot3_gazebo/share/turtlebot3_gazebo//models/turtlebot3_waffle_pi/model.sdf
[1.280s] -- Up-to-date symlink: /home/ssafy/turtlebot3_ws/install/turtlebot3_gazebo/share/turtlebot3_gazebo//models/turtlebot3_world/meshes/hexagon.dae
[1.280s] -- Up-to-date symlink: /home/ssafy/turtlebot3_ws/install/turtlebot3_gazebo/share/turtlebot3_gazebo//models/turtlebot3_world/meshes/wall.dae
[1.280s] -- Up-to-date symlink: /home/ssafy/turtlebot3_ws/install/turtlebot3_gazebo/share/turtlebot3_gazebo//models/turtlebot3_world/model-1_4.sdf
[1.280s] -- Up-to-date symlink: /home/ssafy/turtlebot3_ws/install/turtlebot3_gazebo/share/turtlebot3_gazebo//models/turtlebot3_world/model.config
[1.280s] -- Up-to-date symlink: /home/ssafy/turtlebot3_ws/install/turtlebot3_gazebo/share/turtlebot3_gazebo//models/turtlebot3_world/model.sdf
[1.280s] -- Up-to-date symlink: /home/ssafy/turtlebot3_ws/install/turtlebot3_gazebo/share/turtlebot3_gazebo//rviz/tb3_gazebo.rviz
[1.280s] -- Up-to-date symlink: /home/ssafy/turtlebot3_ws/install/turtlebot3_gazebo/share/turtlebot3_gazebo//urdf/common_properties.urdf
[1.280s] -- Up-to-date symlink: /home/ssafy/turtlebot3_ws/install/turtlebot3_gazebo/share/turtlebot3_gazebo//urdf/turtlebot3_burger.urdf
[1.280s] -- Up-to-date symlink: /home/ssafy/turtlebot3_ws/install/turtlebot3_gazebo/share/turtlebot3_gazebo//urdf/turtlebot3_burger_cam.urdf
[1.280s] -- Up-to-date symlink: /home/ssafy/turtlebot3_ws/install/turtlebot3_gazebo/share/turtlebot3_gazebo//urdf/turtlebot3_waffle.urdf
[1.280s] -- Up-to-date symlink: /home/ssafy/turtlebot3_ws/install/turtlebot3_gazebo/share/turtlebot3_gazebo//urdf/turtlebot3_waffle_pi.urdf
[1.281s] -- Up-to-date symlink: /home/ssafy/turtlebot3_ws/install/turtlebot3_gazebo/share/turtlebot3_gazebo//worlds/empty_world.world
[1.281s] -- Symlinking: /home/ssafy/turtlebot3_ws/install/turtlebot3_gazebo/share/turtlebot3_gazebo//worlds/my_world.world/model.config
[1.289s] -- Symlinking: /home/ssafy/turtlebot3_ws/install/turtlebot3_gazebo/share/turtlebot3_gazebo//worlds/my_world.world/model.sdf
[1.295s] -- Symlinking: /home/ssafy/turtlebot3_ws/install/turtlebot3_gazebo/share/turtlebot3_gazebo//worlds/my_world2.world
[1.304s] -- Up-to-date symlink: /home/ssafy/turtlebot3_ws/install/turtlebot3_gazebo/share/turtlebot3_gazebo//worlds/turtlebot3_autorace_2020.world
[1.304s] -- Up-to-date symlink: /home/ssafy/turtlebot3_ws/install/turtlebot3_gazebo/share/turtlebot3_gazebo//worlds/turtlebot3_dqn_stage1.world
[1.304s] -- Up-to-date symlink: /home/ssafy/turtlebot3_ws/install/turtlebot3_gazebo/share/turtlebot3_gazebo//worlds/turtlebot3_dqn_stage2.world
[1.304s] -- Up-to-date symlink: /home/ssafy/turtlebot3_ws/install/turtlebot3_gazebo/share/turtlebot3_gazebo//worlds/turtlebot3_dqn_stage3.world
[1.304s] -- Up-to-date symlink: /home/ssafy/turtlebot3_ws/install/turtlebot3_gazebo/share/turtlebot3_gazebo//worlds/turtlebot3_dqn_stage4.world
[1.304s] -- Up-to-date symlink: /home/ssafy/turtlebot3_ws/install/turtlebot3_gazebo/share/turtlebot3_gazebo//worlds/turtlebot3_house.world
[1.304s] -- Up-to-date symlink: /home/ssafy/turtlebot3_ws/install/turtlebot3_gazebo/share/turtlebot3_gazebo//worlds/turtlebot3_world.world
[1.305s] -- Up-to-date symlink: /home/ssafy/turtlebot3_ws/install/turtlebot3_gazebo/include//turtlebot3_gazebo/obstacle1.hpp
[1.305s] -- Up-to-date symlink: /home/ssafy/turtlebot3_ws/install/turtlebot3_gazebo/include//turtlebot3_gazebo/obstacle2.hpp
[1.305s] -- Up-to-date symlink: /home/ssafy/turtlebot3_ws/install/turtlebot3_gazebo/include//turtlebot3_gazebo/obstacles.hpp
[1.305s] -- Up-to-date symlink: /home/ssafy/turtlebot3_ws/install/turtlebot3_gazebo/include//turtlebot3_gazebo/traffic_bar_plugin.hpp
[1.305s] -- Up-to-date symlink: /home/ssafy/turtlebot3_ws/install/turtlebot3_gazebo/include//turtlebot3_gazebo/traffic_light_plugin.hpp
[1.305s] -- Up-to-date symlink: /home/ssafy/turtlebot3_ws/install/turtlebot3_gazebo/include//turtlebot3_gazebo/turtlebot3_drive.hpp
[1.305s] -- Up-to-date symlink: /home/ssafy/turtlebot3_ws/install/turtlebot3_gazebo/share/ament_index/resource_index/package_run_dependencies/turtlebot3_gazebo
[1.306s] -- Up-to-date symlink: /home/ssafy/turtlebot3_ws/install/turtlebot3_gazebo/share/ament_index/resource_index/parent_prefix_path/turtlebot3_gazebo
[1.306s] -- Up-to-date symlink: /home/ssafy/turtlebot3_ws/install/turtlebot3_gazebo/share/turtlebot3_gazebo/environment/ament_prefix_path.sh
[1.306s] -- Up-to-date symlink: /home/ssafy/turtlebot3_ws/install/turtlebot3_gazebo/share/turtlebot3_gazebo/environment/ament_prefix_path.dsv
[1.306s] -- Up-to-date symlink: /home/ssafy/turtlebot3_ws/install/turtlebot3_gazebo/share/turtlebot3_gazebo/environment/path.sh
[1.306s] -- Up-to-date symlink: /home/ssafy/turtlebot3_ws/install/turtlebot3_gazebo/share/turtlebot3_gazebo/environment/path.dsv
[1.306s] -- Up-to-date symlink: /home/ssafy/turtlebot3_ws/install/turtlebot3_gazebo/share/turtlebot3_gazebo/local_setup.bash
[1.306s] -- Up-to-date symlink: /home/ssafy/turtlebot3_ws/install/turtlebot3_gazebo/share/turtlebot3_gazebo/local_setup.sh
[1.306s] -- Up-to-date symlink: /home/ssafy/turtlebot3_ws/install/turtlebot3_gazebo/share/turtlebot3_gazebo/local_setup.zsh
[1.306s] -- Up-to-date symlink: /home/ssafy/turtlebot3_ws/install/turtlebot3_gazebo/share/turtlebot3_gazebo/local_setup.dsv
[1.306s] -- Symlinking: /home/ssafy/turtlebot3_ws/install/turtlebot3_gazebo/share/turtlebot3_gazebo/package.dsv
[1.313s] -- Up-to-date symlink: /home/ssafy/turtlebot3_ws/install/turtlebot3_gazebo/share/ament_index/resource_index/packages/turtlebot3_gazebo
[1.313s] -- Up-to-date symlink: /home/ssafy/turtlebot3_ws/install/turtlebot3_gazebo/share/turtlebot3_gazebo/cmake/ament_cmake_export_include_directories-extras.cmake
[1.313s] -- Up-to-date symlink: /home/ssafy/turtlebot3_ws/install/turtlebot3_gazebo/share/turtlebot3_gazebo/cmake/ament_cmake_export_dependencies-extras.cmake
[1.313s] -- Up-to-date symlink: /home/ssafy/turtlebot3_ws/install/turtlebot3_gazebo/share/turtlebot3_gazebo/cmake/turtlebot3_gazeboConfig.cmake
[1.313s] -- Up-to-date symlink: /home/ssafy/turtlebot3_ws/install/turtlebot3_gazebo/share/turtlebot3_gazebo/cmake/turtlebot3_gazeboConfig-version.cmake
[1.313s] -- Up-to-date symlink: /home/ssafy/turtlebot3_ws/install/turtlebot3_gazebo/share/turtlebot3_gazebo/package.xml
[1.315s] Invoked command in '/home/ssafy/turtlebot3_ws/build/turtlebot3_gazebo' returned '0': CMAKE_PREFIX_PATH=${CMAKE_PREFIX_PATH}:/home/ssafy/magician_ros2_control_system_ws/install/dobot_visualization_tools:/home/ssafy/magician_ros2_control_system_ws/install/dobot_state_updater:/home/ssafy/magician_ros2_control_system_ws/install/dobot_motion:/home/ssafy/magician_ros2_control_system_ws/install/dobot_kinematics:/home/ssafy/magician_ros2_control_system_ws/install/dobot_homing:/home/ssafy/magician_ros2_control_system_ws/install/dobot_end_effector:/home/ssafy/magician_ros2_control_system_ws/install/dobot_diagnostics:/home/ssafy/magician_ros2_control_system_ws/install/dobot_demos:/home/ssafy/magician_ros2_control_system_ws/install/dobot_control_panel:/home/ssafy/magician_ros2_control_system_ws/install/dobot_bringup:/home/ssafy/turtlebot3_ws/install/turtlebot3_teleop:/home/ssafy/turtlebot3_ws/install/turtlebot3_example:/home/ssafy/ssafy_ws/install/slam_control:/home/ssafy/ssafy_ws/install/simple_car_tf:/home/ssafy/ssafy_ws/install/sensor_sub_pkg:/home/ssafy/ssafy_ws/install/my_robot_controller:/home/ssafy/ssafy_ws/install/intergrate_prac:/home/ssafy/ssafy_ws/install/dobot_control:/opt/ros/humble /usr/bin/cmake --install /home/ssafy/turtlebot3_ws/build/turtlebot3_gazebo
