running egg_info
creating ../../build/yolo/yolo.egg-info
writing ../../build/yolo/yolo.egg-info/PKG-INFO
writing dependency_links to ../../build/yolo/yolo.egg-info/dependency_links.txt
writing requirements to ../../build/yolo/yolo.egg-info/requires.txt
writing top-level names to ../../build/yolo/yolo.egg-info/top_level.txt
writing manifest file '../../build/yolo/yolo.egg-info/SOURCES.txt'
reading manifest file '../../build/yolo/yolo.egg-info/SOURCES.txt'
writing manifest file '../../build/yolo/yolo.egg-info/SOURCES.txt'
running build
running build_py
creating /home/ssafy/ssafy_ws/build/yolo/build
creating /home/ssafy/ssafy_ws/build/yolo/build/lib
creating /home/ssafy/ssafy_ws/build/yolo/build/lib/yolo
copying yolo/__init__.py -> /home/ssafy/ssafy_ws/build/yolo/build/lib/yolo
running install
running install_lib
creating /home/ssafy/ssafy_ws/install/yolo/lib/python3.10/site-packages/yolo
copying /home/ssafy/ssafy_ws/build/yolo/build/lib/yolo/__init__.py -> /home/ssafy/ssafy_ws/install/yolo/lib/python3.10/site-packages/yolo
byte-compiling /home/ssafy/ssafy_ws/install/yolo/lib/python3.10/site-packages/yolo/__init__.py to __init__.cpython-310.pyc
running install_data
creating /home/ssafy/ssafy_ws/install/yolo/share/ament_index
creating /home/ssafy/ssafy_ws/install/yolo/share/ament_index/resource_index
creating /home/ssafy/ssafy_ws/install/yolo/share/ament_index/resource_index/packages
copying resource/yolo -> /home/ssafy/ssafy_ws/install/yolo/share/ament_index/resource_index/packages
copying package.xml -> /home/ssafy/ssafy_ws/install/yolo/share/yolo
running install_egg_info
Copying ../../build/yolo/yolo.egg-info to /home/ssafy/ssafy_ws/install/yolo/lib/python3.10/site-packages/yolo-0.0.0-py3.10.egg-info
running install_scripts
writing list of installed files to '/home/ssafy/ssafy_ws/build/yolo/install.log'
