[1.452s] Invoking command in '/home/ssafy/ssafy_ws/src/yolo': PYTHONPATH=/home/ssafy/ssafy_ws/build/yolo/prefix_override:/usr/lib/python3/dist-packages/colcon_core/task/python/colcon_distutils_commands:/home/ssafy/ssafy_ws/install/yolo/lib/python3.10/site-packages:${PYTHONPATH} /usr/bin/python3 -W ignore:setup.py install is deprecated -W ignore:easy_install command is deprecated setup.py egg_info --egg-base ../../build/yolo build --build-base /home/ssafy/ssafy_ws/build/yolo/build install --record /home/ssafy/ssafy_ws/build/yolo/install.log --single-version-externally-managed install_data
[1.653s] running egg_info
[1.653s] creating ../../build/yolo/yolo.egg-info
[1.663s] writing ../../build/yolo/yolo.egg-info/PKG-INFO
[1.663s] writing dependency_links to ../../build/yolo/yolo.egg-info/dependency_links.txt
[1.664s] writing requirements to ../../build/yolo/yolo.egg-info/requires.txt
[1.664s] writing top-level names to ../../build/yolo/yolo.egg-info/top_level.txt
[1.664s] writing manifest file '../../build/yolo/yolo.egg-info/SOURCES.txt'
[1.687s] reading manifest file '../../build/yolo/yolo.egg-info/SOURCES.txt'
[1.688s] writing manifest file '../../build/yolo/yolo.egg-info/SOURCES.txt'
[1.688s] running build
[1.688s] running build_py
[1.689s] creating /home/ssafy/ssafy_ws/build/yolo/build
[1.689s] creating /home/ssafy/ssafy_ws/build/yolo/build/lib
[1.689s] creating /home/ssafy/ssafy_ws/build/yolo/build/lib/yolo
[1.689s] copying yolo/__init__.py -> /home/ssafy/ssafy_ws/build/yolo/build/lib/yolo
[1.689s] running install
[1.693s] running install_lib
[1.704s] creating /home/ssafy/ssafy_ws/install/yolo/lib/python3.10/site-packages/yolo
[1.704s] copying /home/ssafy/ssafy_ws/build/yolo/build/lib/yolo/__init__.py -> /home/ssafy/ssafy_ws/install/yolo/lib/python3.10/site-packages/yolo
[1.705s] byte-compiling /home/ssafy/ssafy_ws/install/yolo/lib/python3.10/site-packages/yolo/__init__.py to __init__.cpython-310.pyc
[1.705s] running install_data
[1.705s] creating /home/ssafy/ssafy_ws/install/yolo/share/ament_index
[1.705s] creating /home/ssafy/ssafy_ws/install/yolo/share/ament_index/resource_index
[1.705s] creating /home/ssafy/ssafy_ws/install/yolo/share/ament_index/resource_index/packages
[1.705s] copying resource/yolo -> /home/ssafy/ssafy_ws/install/yolo/share/ament_index/resource_index/packages
[1.705s] copying package.xml -> /home/ssafy/ssafy_ws/install/yolo/share/yolo
[1.705s] running install_egg_info
[1.718s] Copying ../../build/yolo/yolo.egg-info to /home/ssafy/ssafy_ws/install/yolo/lib/python3.10/site-packages/yolo-0.0.0-py3.10.egg-info
[1.719s] running install_scripts
[1.823s] writing list of installed files to '/home/ssafy/ssafy_ws/build/yolo/install.log'
[1.852s] Invoked command in '/home/ssafy/ssafy_ws/src/yolo' returned '0': PYTHONPATH=/home/ssafy/ssafy_ws/build/yolo/prefix_override:/usr/lib/python3/dist-packages/colcon_core/task/python/colcon_distutils_commands:/home/ssafy/ssafy_ws/install/yolo/lib/python3.10/site-packages:${PYTHONPATH} /usr/bin/python3 -W ignore:setup.py install is deprecated -W ignore:easy_install command is deprecated setup.py egg_info --egg-base ../../build/yolo build --build-base /home/ssafy/ssafy_ws/build/yolo/build install --record /home/ssafy/ssafy_ws/build/yolo/install.log --single-version-externally-managed install_data
