/home/ssafy/ssafy_ws/install/naver_clova/lib/python3.10/site-packages/naver_clova/speech_to_text.py
/home/ssafy/ssafy_ws/install/naver_clova/lib/python3.10/site-packages/naver_clova/clova_voice.py
/home/ssafy/ssafy_ws/install/naver_clova/lib/python3.10/site-packages/naver_clova/tts.py
/home/ssafy/ssafy_ws/install/naver_clova/lib/python3.10/site-packages/naver_clova/clova_voice2.py
/home/ssafy/ssafy_ws/install/naver_clova/lib/python3.10/site-packages/naver_clova/__init__.py
/home/ssafy/ssafy_ws/install/naver_clova/lib/python3.10/site-packages/naver_clova/speech_recognizer.py
/home/ssafy/ssafy_ws/install/naver_clova/lib/python3.10/site-packages/naver_clova/__pycache__/speech_to_text.cpython-310.pyc
/home/ssafy/ssafy_ws/install/naver_clova/lib/python3.10/site-packages/naver_clova/__pycache__/clova_voice.cpython-310.pyc
/home/ssafy/ssafy_ws/install/naver_clova/lib/python3.10/site-packages/naver_clova/__pycache__/tts.cpython-310.pyc
/home/ssafy/ssafy_ws/install/naver_clova/lib/python3.10/site-packages/naver_clova/__pycache__/clova_voice2.cpython-310.pyc
/home/ssafy/ssafy_ws/install/naver_clova/lib/python3.10/site-packages/naver_clova/__pycache__/__init__.cpython-310.pyc
/home/ssafy/ssafy_ws/install/naver_clova/lib/python3.10/site-packages/naver_clova/__pycache__/speech_recognizer.cpython-310.pyc
/home/ssafy/ssafy_ws/install/naver_clova/share/ament_index/resource_index/packages/naver_clova
/home/ssafy/ssafy_ws/install/naver_clova/share/naver_clova/package.xml
/home/ssafy/ssafy_ws/install/naver_clova/lib/python3.10/site-packages/naver_clova-0.0.0-py3.10.egg-info/zip-safe
/home/ssafy/ssafy_ws/install/naver_clova/lib/python3.10/site-packages/naver_clova-0.0.0-py3.10.egg-info/PKG-INFO
/home/ssafy/ssafy_ws/install/naver_clova/lib/python3.10/site-packages/naver_clova-0.0.0-py3.10.egg-info/dependency_links.txt
/home/ssafy/ssafy_ws/install/naver_clova/lib/python3.10/site-packages/naver_clova-0.0.0-py3.10.egg-info/requires.txt
/home/ssafy/ssafy_ws/install/naver_clova/lib/python3.10/site-packages/naver_clova-0.0.0-py3.10.egg-info/SOURCES.txt
/home/ssafy/ssafy_ws/install/naver_clova/lib/python3.10/site-packages/naver_clova-0.0.0-py3.10.egg-info/top_level.txt
