/home/ssafy/ssafy_ws/install/sensor_sub_pkg/lib/python3.10/site-packages/sensor_sub_pkg/odom_subscriber.py
/home/ssafy/ssafy_ws/install/sensor_sub_pkg/lib/python3.10/site-packages/sensor_sub_pkg/imu_subscriber.py
/home/ssafy/ssafy_ws/install/sensor_sub_pkg/lib/python3.10/site-packages/sensor_sub_pkg/laser_subscriber.py
/home/ssafy/ssafy_ws/install/sensor_sub_pkg/lib/python3.10/site-packages/sensor_sub_pkg/__init__.py
/home/ssafy/ssafy_ws/install/sensor_sub_pkg/lib/python3.10/site-packages/sensor_sub_pkg/__pycache__/odom_subscriber.cpython-310.pyc
/home/ssafy/ssafy_ws/install/sensor_sub_pkg/lib/python3.10/site-packages/sensor_sub_pkg/__pycache__/imu_subscriber.cpython-310.pyc
/home/ssafy/ssafy_ws/install/sensor_sub_pkg/lib/python3.10/site-packages/sensor_sub_pkg/__pycache__/laser_subscriber.cpython-310.pyc
/home/ssafy/ssafy_ws/install/sensor_sub_pkg/lib/python3.10/site-packages/sensor_sub_pkg/__pycache__/__init__.cpython-310.pyc
/home/ssafy/ssafy_ws/install/sensor_sub_pkg/share/ament_index/resource_index/packages/sensor_sub_pkg
/home/ssafy/ssafy_ws/install/sensor_sub_pkg/share/sensor_sub_pkg/package.xml
/home/ssafy/ssafy_ws/install/sensor_sub_pkg/lib/python3.10/site-packages/sensor_sub_pkg-0.0.0-py3.10.egg-info/zip-safe
/home/ssafy/ssafy_ws/install/sensor_sub_pkg/lib/python3.10/site-packages/sensor_sub_pkg-0.0.0-py3.10.egg-info/PKG-INFO
/home/ssafy/ssafy_ws/install/sensor_sub_pkg/lib/python3.10/site-packages/sensor_sub_pkg-0.0.0-py3.10.egg-info/entry_points.txt
/home/ssafy/ssafy_ws/install/sensor_sub_pkg/lib/python3.10/site-packages/sensor_sub_pkg-0.0.0-py3.10.egg-info/dependency_links.txt
/home/ssafy/ssafy_ws/install/sensor_sub_pkg/lib/python3.10/site-packages/sensor_sub_pkg-0.0.0-py3.10.egg-info/requires.txt
/home/ssafy/ssafy_ws/install/sensor_sub_pkg/lib/python3.10/site-packages/sensor_sub_pkg-0.0.0-py3.10.egg-info/SOURCES.txt
/home/ssafy/ssafy_ws/install/sensor_sub_pkg/lib/python3.10/site-packages/sensor_sub_pkg-0.0.0-py3.10.egg-info/top_level.txt
/home/ssafy/ssafy_ws/install/sensor_sub_pkg/lib/sensor_sub_pkg/imu_sub
/home/ssafy/ssafy_ws/install/sensor_sub_pkg/lib/sensor_sub_pkg/laser_sub
/home/ssafy/ssafy_ws/install/sensor_sub_pkg/lib/sensor_sub_pkg/odom_sub
