[1.671s] Invoking command in '/home/ssafy/ssafy_ws/src/sensor_sub_pkg': PYTHONPATH=/home/ssafy/ssafy_ws/build/sensor_sub_pkg/prefix_override:/usr/lib/python3/dist-packages/colcon_core/task/python/colcon_distutils_commands:/home/ssafy/ssafy_ws/install/sensor_sub_pkg/lib/python3.10/site-packages:${PYTHONPATH} /usr/bin/python3 -W ignore:setup.py install is deprecated -W ignore:easy_install command is deprecated setup.py egg_info --egg-base ../../build/sensor_sub_pkg build --build-base /home/ssafy/ssafy_ws/build/sensor_sub_pkg/build install --record /home/ssafy/ssafy_ws/build/sensor_sub_pkg/install.log --single-version-externally-managed install_data
[1.888s] running egg_info
[1.899s] writing ../../build/sensor_sub_pkg/sensor_sub_pkg.egg-info/PKG-INFO
[1.900s] writing dependency_links to ../../build/sensor_sub_pkg/sensor_sub_pkg.egg-info/dependency_links.txt
[1.900s] writing entry points to ../../build/sensor_sub_pkg/sensor_sub_pkg.egg-info/entry_points.txt
[1.900s] writing requirements to ../../build/sensor_sub_pkg/sensor_sub_pkg.egg-info/requires.txt
[1.900s] writing top-level names to ../../build/sensor_sub_pkg/sensor_sub_pkg.egg-info/top_level.txt
[1.923s] reading manifest file '../../build/sensor_sub_pkg/sensor_sub_pkg.egg-info/SOURCES.txt'
[1.923s] writing manifest file '../../build/sensor_sub_pkg/sensor_sub_pkg.egg-info/SOURCES.txt'
[1.924s] running build
[1.924s] running build_py
[1.924s] copying sensor_sub_pkg/odom_subscriber.py -> /home/ssafy/ssafy_ws/build/sensor_sub_pkg/build/lib/sensor_sub_pkg
[1.924s] copying sensor_sub_pkg/imu_subscriber.py -> /home/ssafy/ssafy_ws/build/sensor_sub_pkg/build/lib/sensor_sub_pkg
[1.924s] copying sensor_sub_pkg/laser_subscriber.py -> /home/ssafy/ssafy_ws/build/sensor_sub_pkg/build/lib/sensor_sub_pkg
[1.924s] copying sensor_sub_pkg/__init__.py -> /home/ssafy/ssafy_ws/build/sensor_sub_pkg/build/lib/sensor_sub_pkg
[1.925s] running install
[1.929s] running install_lib
[1.941s] running install_data
[1.941s] copying resource/sensor_sub_pkg -> /home/ssafy/ssafy_ws/install/sensor_sub_pkg/share/ament_index/resource_index/packages
[1.942s] copying package.xml -> /home/ssafy/ssafy_ws/install/sensor_sub_pkg/share/sensor_sub_pkg
[1.942s] running install_egg_info
[1.955s] removing '/home/ssafy/ssafy_ws/install/sensor_sub_pkg/lib/python3.10/site-packages/sensor_sub_pkg-0.0.0-py3.10.egg-info' (and everything under it)
[1.955s] Copying ../../build/sensor_sub_pkg/sensor_sub_pkg.egg-info to /home/ssafy/ssafy_ws/install/sensor_sub_pkg/lib/python3.10/site-packages/sensor_sub_pkg-0.0.0-py3.10.egg-info
[1.955s] running install_scripts
[2.046s] Installing imu_sub script to /home/ssafy/ssafy_ws/install/sensor_sub_pkg/lib/sensor_sub_pkg
[2.046s] Installing laser_sub script to /home/ssafy/ssafy_ws/install/sensor_sub_pkg/lib/sensor_sub_pkg
[2.046s] Installing odom_sub script to /home/ssafy/ssafy_ws/install/sensor_sub_pkg/lib/sensor_sub_pkg
[2.046s] writing list of installed files to '/home/ssafy/ssafy_ws/build/sensor_sub_pkg/install.log'
[2.063s] Invoked command in '/home/ssafy/ssafy_ws/src/sensor_sub_pkg' returned '0': PYTHONPATH=/home/ssafy/ssafy_ws/build/sensor_sub_pkg/prefix_override:/usr/lib/python3/dist-packages/colcon_core/task/python/colcon_distutils_commands:/home/ssafy/ssafy_ws/install/sensor_sub_pkg/lib/python3.10/site-packages:${PYTHONPATH} /usr/bin/python3 -W ignore:setup.py install is deprecated -W ignore:easy_install command is deprecated setup.py egg_info --egg-base ../../build/sensor_sub_pkg build --build-base /home/ssafy/ssafy_ws/build/sensor_sub_pkg/build install --record /home/ssafy/ssafy_ws/build/sensor_sub_pkg/install.log --single-version-externally-managed install_data
