[0.369s] Invoking command in '/home/ssafy/ssafy_ws/src/simple_car_tf': PYTHONPATH=/home/ssafy/ssafy_ws/build/simple_car_tf/prefix_override:/usr/lib/python3/dist-packages/colcon_core/task/python/colcon_distutils_commands:/home/ssafy/ssafy_ws/install/simple_car_tf/lib/python3.10/site-packages:${PYTHONPATH} /usr/bin/python3 -W ignore:setup.py install is deprecated -W ignore:easy_install command is deprecated setup.py egg_info --egg-base ../../build/simple_car_tf build --build-base /home/ssafy/ssafy_ws/build/simple_car_tf/build install --record /home/ssafy/ssafy_ws/build/simple_car_tf/install.log --single-version-externally-managed install_data
[0.514s] running egg_info
[0.515s] writing ../../build/simple_car_tf/simple_car_tf.egg-info/PKG-INFO
[0.515s] writing dependency_links to ../../build/simple_car_tf/simple_car_tf.egg-info/dependency_links.txt
[0.515s] writing entry points to ../../build/simple_car_tf/simple_car_tf.egg-info/entry_points.txt
[0.515s] writing requirements to ../../build/simple_car_tf/simple_car_tf.egg-info/requires.txt
[0.515s] writing top-level names to ../../build/simple_car_tf/simple_car_tf.egg-info/top_level.txt
[0.517s] reading manifest file '../../build/simple_car_tf/simple_car_tf.egg-info/SOURCES.txt'
[0.517s] writing manifest file '../../build/simple_car_tf/simple_car_tf.egg-info/SOURCES.txt'
[0.517s] running build
[0.517s] running build_py
[0.517s] running install
[0.517s] running install_lib
[0.518s] running install_data
[0.518s] running install_egg_info
[0.519s] removing '/home/ssafy/ssafy_ws/install/simple_car_tf/lib/python3.10/site-packages/simple_car_tf-0.0.0-py3.10.egg-info' (and everything under it)
[0.519s] Copying ../../build/simple_car_tf/simple_car_tf.egg-info to /home/ssafy/ssafy_ws/install/simple_car_tf/lib/python3.10/site-packages/simple_car_tf-0.0.0-py3.10.egg-info
[0.520s] running install_scripts
[0.533s] Installing move_car script to /home/ssafy/ssafy_ws/install/simple_car_tf/lib/simple_car_tf
[0.534s] writing list of installed files to '/home/ssafy/ssafy_ws/build/simple_car_tf/install.log'
[0.549s] Invoked command in '/home/ssafy/ssafy_ws/src/simple_car_tf' returned '0': PYTHONPATH=/home/ssafy/ssafy_ws/build/simple_car_tf/prefix_override:/usr/lib/python3/dist-packages/colcon_core/task/python/colcon_distutils_commands:/home/ssafy/ssafy_ws/install/simple_car_tf/lib/python3.10/site-packages:${PYTHONPATH} /usr/bin/python3 -W ignore:setup.py install is deprecated -W ignore:easy_install command is deprecated setup.py egg_info --egg-base ../../build/simple_car_tf build --build-base /home/ssafy/ssafy_ws/build/simple_car_tf/build install --record /home/ssafy/ssafy_ws/build/simple_car_tf/install.log --single-version-externally-managed install_data
