[1.014s] Invoking command in '/home/ssafy/ssafy_ws/src/dobot_control': PYTHONPATH=/home/ssafy/ssafy_ws/build/dobot_control/prefix_override:/usr/lib/python3/dist-packages/colcon_core/task/python/colcon_distutils_commands:/home/ssafy/ssafy_ws/install/dobot_control/lib/python3.10/site-packages:${PYTHONPATH} /usr/bin/python3 -W ignore:setup.py install is deprecated -W ignore:easy_install command is deprecated setup.py egg_info --egg-base ../../build/dobot_control build --build-base /home/ssafy/ssafy_ws/build/dobot_control/build install --record /home/ssafy/ssafy_ws/build/dobot_control/install.log --single-version-externally-managed install_data
[1.193s] running egg_info
[1.193s] creating ../../build/dobot_control/dobot_control.egg-info
[1.193s] writing ../../build/dobot_control/dobot_control.egg-info/PKG-INFO
[1.193s] writing dependency_links to ../../build/dobot_control/dobot_control.egg-info/dependency_links.txt
[1.193s] writing entry points to ../../build/dobot_control/dobot_control.egg-info/entry_points.txt
[1.194s] writing requirements to ../../build/dobot_control/dobot_control.egg-info/requires.txt
[1.194s] writing top-level names to ../../build/dobot_control/dobot_control.egg-info/top_level.txt
[1.194s] writing manifest file '../../build/dobot_control/dobot_control.egg-info/SOURCES.txt'
[1.195s] reading manifest file '../../build/dobot_control/dobot_control.egg-info/SOURCES.txt'
[1.195s] writing manifest file '../../build/dobot_control/dobot_control.egg-info/SOURCES.txt'
[1.195s] running build
[1.195s] running build_py
[1.195s] creating /home/ssafy/ssafy_ws/build/dobot_control/build
[1.195s] creating /home/ssafy/ssafy_ws/build/dobot_control/build/lib
[1.195s] creating /home/ssafy/ssafy_ws/build/dobot_control/build/lib/dobot_control
[1.195s] copying dobot_control/__init__.py -> /home/ssafy/ssafy_ws/build/dobot_control/build/lib/dobot_control
[1.196s] running install
[1.196s] running install_lib
[1.196s] creating /home/ssafy/ssafy_ws/install/dobot_control/lib/python3.10/site-packages/dobot_control
[1.196s] copying /home/ssafy/ssafy_ws/build/dobot_control/build/lib/dobot_control/__init__.py -> /home/ssafy/ssafy_ws/install/dobot_control/lib/python3.10/site-packages/dobot_control
[1.197s] byte-compiling /home/ssafy/ssafy_ws/install/dobot_control/lib/python3.10/site-packages/dobot_control/__init__.py to __init__.cpython-310.pyc
[1.197s] running install_data
[1.197s] creating /home/ssafy/ssafy_ws/install/dobot_control/share/ament_index
[1.197s] creating /home/ssafy/ssafy_ws/install/dobot_control/share/ament_index/resource_index
[1.197s] creating /home/ssafy/ssafy_ws/install/dobot_control/share/ament_index/resource_index/packages
[1.197s] copying resource/dobot_control -> /home/ssafy/ssafy_ws/install/dobot_control/share/ament_index/resource_index/packages
[1.197s] copying package.xml -> /home/ssafy/ssafy_ws/install/dobot_control/share/dobot_control
[1.197s] running install_egg_info
[1.198s] Copying ../../build/dobot_control/dobot_control.egg-info to /home/ssafy/ssafy_ws/install/dobot_control/lib/python3.10/site-packages/dobot_control-0.0.0-py3.10.egg-info
[1.198s] running install_scripts
[1.212s] writing list of installed files to '/home/ssafy/ssafy_ws/build/dobot_control/install.log'
[1.227s] Invoked command in '/home/ssafy/ssafy_ws/src/dobot_control' returned '0': PYTHONPATH=/home/ssafy/ssafy_ws/build/dobot_control/prefix_override:/usr/lib/python3/dist-packages/colcon_core/task/python/colcon_distutils_commands:/home/ssafy/ssafy_ws/install/dobot_control/lib/python3.10/site-packages:${PYTHONPATH} /usr/bin/python3 -W ignore:setup.py install is deprecated -W ignore:easy_install command is deprecated setup.py egg_info --egg-base ../../build/dobot_control build --build-base /home/ssafy/ssafy_ws/build/dobot_control/build install --record /home/ssafy/ssafy_ws/build/dobot_control/install.log --single-version-externally-managed install_data
