running egg_info
writing ../../build/intergrate_prac/intergrate_prac.egg-info/PKG-INFO
writing dependency_links to ../../build/intergrate_prac/intergrate_prac.egg-info/dependency_links.txt
writing entry points to ../../build/intergrate_prac/intergrate_prac.egg-info/entry_points.txt
writing requirements to ../../build/intergrate_prac/intergrate_prac.egg-info/requires.txt
writing top-level names to ../../build/intergrate_prac/intergrate_prac.egg-info/top_level.txt
reading manifest file '../../build/intergrate_prac/intergrate_prac.egg-info/SOURCES.txt'
writing manifest file '../../build/intergrate_prac/intergrate_prac.egg-info/SOURCES.txt'
running build
running build_py
copying intergrate_prac/image_subscriber.py -> /home/ssafy/ssafy_ws/build/intergrate_prac/build/lib/intergrate_prac
copying intergrate_prac/face_recognize.py -> /home/ssafy/ssafy_ws/build/intergrate_prac/build/lib/intergrate_prac
running install
running install_lib
copying /home/ssafy/ssafy_ws/build/intergrate_prac/build/lib/intergrate_prac/image_subscriber.py -> /home/ssafy/ssafy_ws/install/intergrate_prac/lib/python3.10/site-packages/intergrate_prac
copying /home/ssafy/ssafy_ws/build/intergrate_prac/build/lib/intergrate_prac/face_recognize.py -> /home/ssafy/ssafy_ws/install/intergrate_prac/lib/python3.10/site-packages/intergrate_prac
byte-compiling /home/ssafy/ssafy_ws/install/intergrate_prac/lib/python3.10/site-packages/intergrate_prac/image_subscriber.py to image_subscriber.cpython-310.pyc
byte-compiling /home/ssafy/ssafy_ws/install/intergrate_prac/lib/python3.10/site-packages/intergrate_prac/face_recognize.py to face_recognize.cpython-310.pyc
running install_data
copying launch/visualization.launch.py -> /home/ssafy/ssafy_ws/install/intergrate_prac/share/intergrate_prac/launch
running install_egg_info
removing '/home/ssafy/ssafy_ws/install/intergrate_prac/lib/python3.10/site-packages/intergrate_prac-0.0.0-py3.10.egg-info' (and everything under it)
Copying ../../build/intergrate_prac/intergrate_prac.egg-info to /home/ssafy/ssafy_ws/install/intergrate_prac/lib/python3.10/site-packages/intergrate_prac-0.0.0-py3.10.egg-info
running install_scripts
Installing image_subscriber script to /home/ssafy/ssafy_ws/install/intergrate_prac/lib/intergrate_prac
writing list of installed files to '/home/ssafy/ssafy_ws/build/intergrate_prac/install.log'
