[1.844s] Invoking command in '/home/ssafy/ssafy_ws/src/my_robot_controller': PYTHONPATH=/home/ssafy/ssafy_ws/build/my_robot_controller/prefix_override:/usr/lib/python3/dist-packages/colcon_core/task/python/colcon_distutils_commands:/home/ssafy/ssafy_ws/install/my_robot_controller/lib/python3.10/site-packages:${PYTHONPATH} /usr/bin/python3 -W ignore:setup.py install is deprecated -W ignore:easy_install command is deprecated setup.py egg_info --egg-base ../../build/my_robot_controller build --build-base /home/ssafy/ssafy_ws/build/my_robot_controller/build install --record /home/ssafy/ssafy_ws/build/my_robot_controller/install.log --single-version-externally-managed install_data
[2.131s] running egg_info
[2.143s] writing ../../build/my_robot_controller/my_robot_controller.egg-info/PKG-INFO
[2.144s] writing dependency_links to ../../build/my_robot_controller/my_robot_controller.egg-info/dependency_links.txt
[2.144s] writing entry points to ../../build/my_robot_controller/my_robot_controller.egg-info/entry_points.txt
[2.144s] writing requirements to ../../build/my_robot_controller/my_robot_controller.egg-info/requires.txt
[2.144s] writing top-level names to ../../build/my_robot_controller/my_robot_controller.egg-info/top_level.txt
[2.169s] reading manifest file '../../build/my_robot_controller/my_robot_controller.egg-info/SOURCES.txt'
[2.170s] writing manifest file '../../build/my_robot_controller/my_robot_controller.egg-info/SOURCES.txt'
[2.170s] running build
[2.170s] running build_py
[2.170s] copying my_robot_controller/__init__.py -> /home/ssafy/ssafy_ws/build/my_robot_controller/build/lib/my_robot_controller
[2.170s] copying my_robot_controller/forward_node.py -> /home/ssafy/ssafy_ws/build/my_robot_controller/build/lib/my_robot_controller
[2.170s] running install
[2.175s] running install_lib
[2.188s] running install_data
[2.188s] copying resource/my_robot_controller -> /home/ssafy/ssafy_ws/install/my_robot_controller/share/ament_index/resource_index/packages
[2.188s] copying package.xml -> /home/ssafy/ssafy_ws/install/my_robot_controller/share/my_robot_controller
[2.188s] running install_egg_info
[2.202s] removing '/home/ssafy/ssafy_ws/install/my_robot_controller/lib/python3.10/site-packages/my_robot_controller-0.0.0-py3.10.egg-info' (and everything under it)
[2.202s] Copying ../../build/my_robot_controller/my_robot_controller.egg-info to /home/ssafy/ssafy_ws/install/my_robot_controller/lib/python3.10/site-packages/my_robot_controller-0.0.0-py3.10.egg-info
[2.203s] running install_scripts
[2.308s] Installing move_forward script to /home/ssafy/ssafy_ws/install/my_robot_controller/lib/my_robot_controller
[2.308s] writing list of installed files to '/home/ssafy/ssafy_ws/build/my_robot_controller/install.log'
[2.329s] Invoked command in '/home/ssafy/ssafy_ws/src/my_robot_controller' returned '0': PYTHONPATH=/home/ssafy/ssafy_ws/build/my_robot_controller/prefix_override:/usr/lib/python3/dist-packages/colcon_core/task/python/colcon_distutils_commands:/home/ssafy/ssafy_ws/install/my_robot_controller/lib/python3.10/site-packages:${PYTHONPATH} /usr/bin/python3 -W ignore:setup.py install is deprecated -W ignore:easy_install command is deprecated setup.py egg_info --egg-base ../../build/my_robot_controller build --build-base /home/ssafy/ssafy_ws/build/my_robot_controller/build install --record /home/ssafy/ssafy_ws/build/my_robot_controller/install.log --single-version-externally-managed install_data
