[0.022s] Invoking command in '/home/ssafy/turtlebot3_ws/build/turtlebot3_gazebo': CMAKE_PREFIX_PATH=${CMAKE_PREFIX_PATH}:/home/ssafy/turtlebot3_ws/install/turtlebot3_teleop:/home/ssafy/turtlebot3_ws/install/turtlebot3_example:/home/ssafy/ssafy_ws/install/simple_car_tf:/opt/ros/humble /usr/bin/cmake /home/ssafy/turtlebot3_ws/src/turtlebot3_simulations/turtlebot3_gazebo -DAMENT_CMAKE_SYMLINK_INSTALL=1 -DCMAKE_INSTALL_PREFIX=/home/ssafy/turtlebot3_ws/install/turtlebot3_gazebo
[0.089s] -- The C compiler identification is GNU 11.4.0
[0.137s] -- The CXX compiler identification is GNU 11.4.0
[0.145s] -- Detecting C compiler ABI info
[0.196s] -- Detecting C compiler ABI info - done
[0.202s] -- Check for working C compiler: /usr/bin/cc - skipped
[0.202s] -- Detecting C compile features
[0.202s] -- Detecting C compile features - done
[0.204s] -- Detecting CXX compiler ABI info
[0.270s] -- Detecting CXX compiler ABI info - done
[0.277s] -- Check for working CXX compiler: /usr/bin/c++ - skipped
[0.278s] -- Detecting CXX compile features
[0.278s] -- Detecting CXX compile features - done
[0.280s] -- Found ament_cmake: 1.3.12 (/opt/ros/humble/share/ament_cmake/cmake)
[0.411s] -- Found Python3: /usr/bin/python3 (found version "3.10.12") found components: Interpreter 
[0.456s] -- Override CMake install command with custom implementation using symlinks instead of copying resources
[0.489s] -- Found PkgConfig: /usr/bin/pkg-config (found version "0.29.2") 
[0.489s] [33mCMake Warning (dev) at /usr/share/cmake-3.22/Modules/FindPackageHandleStandardArgs.cmake:438 (message):
[0.489s]   The package name passed to `find_package_handle_standard_args` (PkgConfig)
[0.489s]   does not match the name of the calling package (gazebo).  This can lead to
[0.489s]   problems in calling code that expects `find_package` result variables
[0.489s]   (e.g., `_FOUND`) to follow a certain pattern.
[0.490s] Call Stack (most recent call first):
[0.490s]   /usr/share/cmake-3.22/Modules/FindPkgConfig.cmake:99 (find_package_handle_standard_args)
[0.490s]   /usr/lib/x86_64-linux-gnu/cmake/gazebo/gazebo-config.cmake:72 (include)
[0.490s]   CMakeLists.txt:23 (find_package)
[0.490s] This warning is for project developers.  Use -Wno-dev to suppress it.
[0.490s] [0m
[0.493s] -- Checking for module 'bullet>=2.82'
[0.504s] --   Found bullet, version 3.05
[0.596s] -- Found fcl: /usr/include (found suitable version "0.7.0", minimum required is "0.5.0") 
[0.642s] -- Found assimp: /usr/include (found version "5.2.0") 
[0.663s] -- Found DART: /usr/include (Required is at least version "6.6") found components: dart 
[0.815s] -- Found Boost: /usr/lib/x86_64-linux-gnu/cmake/Boost-1.74.0/BoostConfig.cmake (found suitable version "1.74.0", minimum required is "1.40.0") found components: thread system filesystem program_options regex iostreams date_time 
[0.832s] -- Found Protobuf: /usr/lib/x86_64-linux-gnu/libprotobuf.so (found version "3.12.4") 
[0.839s] -- Looking for ignition-math6 -- found version 6.15.1
[0.847s] -- Searching for dependencies of ignition-math6
[0.848s] -- Looking for OGRE...
[0.848s] -- OGRE_PREFIX_WATCH changed.
[0.853s] -- Checking for module 'OGRE'
[0.866s] --   Found OGRE, version 1.9.0
[0.894s] -- Found Ogre Ghadamon (1.9.0)
[0.901s] -- Found OGRE: optimized;/usr/lib/x86_64-linux-gnu/libOgreMain.so;debug;/usr/lib/x86_64-linux-gnu/libOgreMain.so
[0.908s] -- Looking for OGRE_Paging...
[0.912s] -- Found OGRE_Paging: optimized;/usr/lib/x86_64-linux-gnu/libOgrePaging.so;debug;/usr/lib/x86_64-linux-gnu/libOgrePaging.so
[0.912s] -- Looking for OGRE_Terrain...
[0.916s] -- Found OGRE_Terrain: optimized;/usr/lib/x86_64-linux-gnu/libOgreTerrain.so;debug;/usr/lib/x86_64-linux-gnu/libOgreTerrain.so
[0.916s] -- Looking for OGRE_Property...
[0.920s] -- Found OGRE_Property: optimized;/usr/lib/x86_64-linux-gnu/libOgreProperty.so;debug;/usr/lib/x86_64-linux-gnu/libOgreProperty.so
[0.920s] -- Looking for OGRE_RTShaderSystem...
[0.924s] -- Found OGRE_RTShaderSystem: optimized;/usr/lib/x86_64-linux-gnu/libOgreRTShaderSystem.so;debug;/usr/lib/x86_64-linux-gnu/libOgreRTShaderSystem.so
[0.924s] -- Looking for OGRE_Volume...
[0.927s] -- Found OGRE_Volume: optimized;/usr/lib/x86_64-linux-gnu/libOgreVolume.so;debug;/usr/lib/x86_64-linux-gnu/libOgreVolume.so
[0.928s] -- Looking for OGRE_Overlay...
[0.931s] -- Found OGRE_Overlay: optimized;/usr/lib/x86_64-linux-gnu/libOgreOverlay.so;debug;/usr/lib/x86_64-linux-gnu/libOgreOverlay.so
[1.011s] -- Looking for ignition-math6 -- found version 6.15.1
[1.013s] -- Looking for ignition-transport8 -- found version 8.2.1
[1.014s] -- Searching for dependencies of ignition-transport8
[1.027s] -- Found Protobuf: /usr/lib/x86_64-linux-gnu/libprotobuf.so (found suitable version "3.12.4", minimum required is "3") 
[1.034s] -- Config-file not installed for ZeroMQ -- checking for pkg-config
[1.038s] -- Checking for module 'libzmq >= 4'
[1.053s] --   Found libzmq , version 4.3.4
[1.085s] -- Found ZeroMQ: TRUE (Required is at least version "4") 
[1.091s] -- Checking for module 'uuid'
[1.103s] --   Found uuid, version 2.37.2
[1.133s] -- Found UUID: TRUE  
[1.137s] -- Looking for ignition-msgs5 -- found version 5.8.1
[1.137s] -- Searching for dependencies of ignition-msgs5
[1.151s] -- Looking for ignition-math6 -- found version 6.15.1
[1.156s] -- Checking for module 'tinyxml2'
[1.168s] --   Found tinyxml2, version 9.0.0
[1.199s] -- Looking for ignition-msgs5 -- found version 5.8.1
[1.203s] -- Looking for ignition-common3 -- found version 3.14.0
[1.204s] -- Searching for dependencies of ignition-common3
[1.204s] -- Looking for dlfcn.h - found
[1.205s] -- Looking for libdl - found
[1.207s] -- Found DL: TRUE  
[1.221s] -- Found tinyobjloader: /usr/lib/x86_64-linux-gnu/cmake/tinyobjloader/tinyobjloader-config.cmake (found version "2.0.0") 
[1.221s] -- Searching for <ignition-common3> component [graphics]
[1.225s] -- Looking for ignition-common3-graphics -- found version 3.14.0
[1.225s] -- Searching for dependencies of ignition-common3-graphics
[1.226s] -- Looking for ignition-math6 -- found version 6.15.1
[1.230s] -- Looking for ignition-fuel_tools4 -- found version 4.4.0
[1.230s] -- Searching for dependencies of ignition-fuel_tools4
[1.296s] -- Found CURL: /usr/lib/x86_64-linux-gnu/libcurl.so (found version "7.81.0")  
[1.306s] -- Checking for module 'jsoncpp'
[1.319s] --   Found jsoncpp, version 1.9.5
[1.348s] -- Found JSONCPP: TRUE  
[1.353s] -- Checking for module 'libzip'
[1.366s] --   Found libzip, version 1.7.3
[1.395s] -- Found ZIP: TRUE  
[1.395s] -- Looking for ignition-common3 -- found version 3.14.0
[1.396s] -- Looking for ignition-math6 -- found version 6.15.1
[1.396s] -- Looking for ignition-msgs5 -- found version 5.8.1
[1.403s] -- Found gazebo_ros_pkgs: 3.9.0 (/opt/ros/humble/share/gazebo_ros_pkgs/cmake)
[1.404s] -- Found geometry_msgs: 4.9.0 (/opt/ros/humble/share/geometry_msgs/cmake)
[1.429s] -- Found rosidl_generator_c: 3.1.7 (/opt/ros/humble/share/rosidl_generator_c/cmake)
[1.433s] -- Found rosidl_adapter: 3.1.7 (/opt/ros/humble/share/rosidl_adapter/cmake)
[1.440s] -- Found rosidl_generator_cpp: 3.1.7 (/opt/ros/humble/share/rosidl_generator_cpp/cmake)
[1.449s] -- Using all available rosidl_typesupport_c: rosidl_typesupport_fastrtps_c;rosidl_typesupport_introspection_c
[1.461s] -- Using all available rosidl_typesupport_cpp: rosidl_typesupport_fastrtps_cpp;rosidl_typesupport_introspection_cpp
[1.489s] -- Found nav_msgs: 4.9.0 (/opt/ros/humble/share/nav_msgs/cmake)
[1.500s] -- Found rclcpp: 16.0.15 (/opt/ros/humble/share/rclcpp/cmake)
[1.529s] -- Found rmw_implementation_cmake: 6.1.2 (/opt/ros/humble/share/rmw_implementation_cmake/cmake)
[1.531s] -- Found rmw_fastrtps_cpp: 6.2.9 (/opt/ros/humble/share/rmw_fastrtps_cpp/cmake)
[1.606s] -- Found OpenSSL: /usr/lib/x86_64-linux-gnu/libcrypto.so (found version "3.0.2")  
[1.624s] -- Found FastRTPS: /opt/ros/humble/include  
[1.656s] -- Using RMW implementation 'rmw_fastrtps_cpp' as default
[1.663s] -- Found Threads: TRUE  
[1.690s] -- Found sensor_msgs: 4.9.0 (/opt/ros/humble/share/sensor_msgs/cmake)
[1.702s] -- Found tf2: 0.25.16 (/opt/ros/humble/share/tf2/cmake)
[1.762s] -- Configuring done
[1.796s] -- Generating done
[1.802s] -- Build files have been written to: /home/ssafy/turtlebot3_ws/build/turtlebot3_gazebo
[1.811s] Invoked command in '/home/ssafy/turtlebot3_ws/build/turtlebot3_gazebo' returned '0': CMAKE_PREFIX_PATH=${CMAKE_PREFIX_PATH}:/home/ssafy/turtlebot3_ws/install/turtlebot3_teleop:/home/ssafy/turtlebot3_ws/install/turtlebot3_example:/home/ssafy/ssafy_ws/install/simple_car_tf:/opt/ros/humble /usr/bin/cmake /home/ssafy/turtlebot3_ws/src/turtlebot3_simulations/turtlebot3_gazebo -DAMENT_CMAKE_SYMLINK_INSTALL=1 -DCMAKE_INSTALL_PREFIX=/home/ssafy/turtlebot3_ws/install/turtlebot3_gazebo
[1.812s] Invoking command in '/home/ssafy/turtlebot3_ws/build/turtlebot3_gazebo': CMAKE_PREFIX_PATH=${CMAKE_PREFIX_PATH}:/home/ssafy/turtlebot3_ws/install/turtlebot3_teleop:/home/ssafy/turtlebot3_ws/install/turtlebot3_example:/home/ssafy/ssafy_ws/install/simple_car_tf:/opt/ros/humble /usr/bin/cmake --build /home/ssafy/turtlebot3_ws/build/turtlebot3_gazebo -- -j20 -l20
[1.856s] [  8%] [32mBuilding CXX object CMakeFiles/traffic_bar_plugin.dir/src/traffic_bar_plugin.cpp.o[0m
[1.856s] [ 16%] [32mBuilding CXX object CMakeFiles/obstacle2.dir/src/obstacle2.cpp.o[0m
[1.860s] [ 25%] [32mBuilding CXX object CMakeFiles/obstacles.dir/src/obstacles.cpp.o[0m
[1.860s] [ 33%] [32mBuilding CXX object CMakeFiles/traffic_light_plugin.dir/src/traffic_light_plugin.cpp.o[0m
[1.862s] [ 41%] [32mBuilding CXX object CMakeFiles/obstacle1.dir/src/obstacle1.cpp.o[0m
[1.862s] [ 50%] [32mBuilding CXX object CMakeFiles/turtlebot3_drive.dir/src/turtlebot3_drive.cpp.o[0m
[9.521s] [ 58%] [32m[1mLinking CXX executable turtlebot3_drive[0m
[9.936s] [ 58%] Built target turtlebot3_drive
[9.967s] [ 66%] [32m[1mLinking CXX shared library libobstacle2.so[0m
[10.073s] [ 75%] [32m[1mLinking CXX shared library libobstacle1.so[0m
[10.142s] [ 75%] Built target obstacle2
[10.217s] [ 83%] [32m[1mLinking CXX shared library libtraffic_light_plugin.so[0m
[10.243s] [ 83%] Built target obstacle1
[10.410s] [ 83%] Built target traffic_light_plugin
[10.542s] [ 91%] [32m[1mLinking CXX shared library libobstacles.so[0m
[10.690s] [ 91%] Built target obstacles
[11.263s] [100%] [32m[1mLinking CXX shared library libtraffic_bar_plugin.so[0m
[11.417s] [100%] Built target traffic_bar_plugin
[11.429s] Invoked command in '/home/ssafy/turtlebot3_ws/build/turtlebot3_gazebo' returned '0': CMAKE_PREFIX_PATH=${CMAKE_PREFIX_PATH}:/home/ssafy/turtlebot3_ws/install/turtlebot3_teleop:/home/ssafy/turtlebot3_ws/install/turtlebot3_example:/home/ssafy/ssafy_ws/install/simple_car_tf:/opt/ros/humble /usr/bin/cmake --build /home/ssafy/turtlebot3_ws/build/turtlebot3_gazebo -- -j20 -l20
[11.432s] Invoking command in '/home/ssafy/turtlebot3_ws/build/turtlebot3_gazebo': CMAKE_PREFIX_PATH=${CMAKE_PREFIX_PATH}:/home/ssafy/turtlebot3_ws/install/turtlebot3_teleop:/home/ssafy/turtlebot3_ws/install/turtlebot3_example:/home/ssafy/ssafy_ws/install/simple_car_tf:/opt/ros/humble /usr/bin/cmake --install /home/ssafy/turtlebot3_ws/build/turtlebot3_gazebo
[11.442s] -- Install configuration: ""
[11.442s] -- Execute custom install script
[11.442s] -- Symlinking: /home/ssafy/turtlebot3_ws/install/turtlebot3_gazebo/lib/turtlebot3_gazebo/turtlebot3_drive
[11.453s] -- Symlinking: /home/ssafy/turtlebot3_ws/install/turtlebot3_gazebo/share/turtlebot3_gazebo//launch/empty_world.launch.py
[11.465s] -- Symlinking: /home/ssafy/turtlebot3_ws/install/turtlebot3_gazebo/share/turtlebot3_gazebo//launch/multi_robot.launch.py
[11.476s] -- Symlinking: /home/ssafy/turtlebot3_ws/install/turtlebot3_gazebo/share/turtlebot3_gazebo//launch/multi_spawn_turtlebot3.launch.py
[11.488s] -- Symlinking: /home/ssafy/turtlebot3_ws/install/turtlebot3_gazebo/share/turtlebot3_gazebo//launch/robot_state_publisher.launch.py
[11.497s] -- Symlinking: /home/ssafy/turtlebot3_ws/install/turtlebot3_gazebo/share/turtlebot3_gazebo//launch/spawn_turtlebot3.launch.py
[11.509s] -- Symlinking: /home/ssafy/turtlebot3_ws/install/turtlebot3_gazebo/share/turtlebot3_gazebo//launch/turtlebot3_autorace_2020.launch.py
[11.522s] -- Symlinking: /home/ssafy/turtlebot3_ws/install/turtlebot3_gazebo/share/turtlebot3_gazebo//launch/turtlebot3_dqn_stage1.launch.py
[11.534s] -- Symlinking: /home/ssafy/turtlebot3_ws/install/turtlebot3_gazebo/share/turtlebot3_gazebo//launch/turtlebot3_dqn_stage2.launch.py
[11.545s] -- Symlinking: /home/ssafy/turtlebot3_ws/install/turtlebot3_gazebo/share/turtlebot3_gazebo//launch/turtlebot3_dqn_stage3.launch.py
[11.556s] -- Symlinking: /home/ssafy/turtlebot3_ws/install/turtlebot3_gazebo/share/turtlebot3_gazebo//launch/turtlebot3_dqn_stage4.launch.py
[11.567s] -- Symlinking: /home/ssafy/turtlebot3_ws/install/turtlebot3_gazebo/share/turtlebot3_gazebo//launch/turtlebot3_house.launch.py
[11.578s] -- Symlinking: /home/ssafy/turtlebot3_ws/install/turtlebot3_gazebo/share/turtlebot3_gazebo//launch/turtlebot3_world.launch.py
[11.592s] -- Symlinking: /home/ssafy/turtlebot3_ws/install/turtlebot3_gazebo/share/turtlebot3_gazebo//models/turtlebot3_autorace_2020/checker/materials/checker.png
[11.603s] -- Symlinking: /home/ssafy/turtlebot3_ws/install/turtlebot3_gazebo/share/turtlebot3_gazebo//models/turtlebot3_autorace_2020/checker/materials/scripts/checker.material
[11.613s] -- Symlinking: /home/ssafy/turtlebot3_ws/install/turtlebot3_gazebo/share/turtlebot3_gazebo//models/turtlebot3_autorace_2020/checker/materials/textures/checker.png
[11.624s] -- Symlinking: /home/ssafy/turtlebot3_ws/install/turtlebot3_gazebo/share/turtlebot3_gazebo//models/turtlebot3_autorace_2020/checker/model.config
[11.635s] -- Symlinking: /home/ssafy/turtlebot3_ws/install/turtlebot3_gazebo/share/turtlebot3_gazebo//models/turtlebot3_autorace_2020/checker/model.sdf
[11.645s] -- Symlinking: /home/ssafy/turtlebot3_ws/install/turtlebot3_gazebo/share/turtlebot3_gazebo//models/turtlebot3_autorace_2020/course/materials/scripts/course.material
[11.656s] -- Symlinking: /home/ssafy/turtlebot3_ws/install/turtlebot3_gazebo/share/turtlebot3_gazebo//models/turtlebot3_autorace_2020/course/materials/textures/course.png
[11.667s] -- Symlinking: /home/ssafy/turtlebot3_ws/install/turtlebot3_gazebo/share/turtlebot3_gazebo//models/turtlebot3_autorace_2020/course/model.config
[11.678s] -- Symlinking: /home/ssafy/turtlebot3_ws/install/turtlebot3_gazebo/share/turtlebot3_gazebo//models/turtlebot3_autorace_2020/course/model.sdf
[11.690s] -- Symlinking: /home/ssafy/turtlebot3_ws/install/turtlebot3_gazebo/share/turtlebot3_gazebo//models/turtlebot3_autorace_2020/traffic_bar/materials/scripts/traffic_bar.material
[11.701s] -- Symlinking: /home/ssafy/turtlebot3_ws/install/turtlebot3_gazebo/share/turtlebot3_gazebo//models/turtlebot3_autorace_2020/traffic_bar/materials/textures/traffic_bar.png
[11.713s] -- Symlinking: /home/ssafy/turtlebot3_ws/install/turtlebot3_gazebo/share/turtlebot3_gazebo//models/turtlebot3_autorace_2020/traffic_bar/model.config
[11.725s] -- Symlinking: /home/ssafy/turtlebot3_ws/install/turtlebot3_gazebo/share/turtlebot3_gazebo//models/turtlebot3_autorace_2020/traffic_bar/model.sdf
[11.736s] -- Symlinking: /home/ssafy/turtlebot3_ws/install/turtlebot3_gazebo/share/turtlebot3_gazebo//models/turtlebot3_autorace_2020/traffic_construction/materials/scripts/traffic_construction.material
[11.746s] -- Symlinking: /home/ssafy/turtlebot3_ws/install/turtlebot3_gazebo/share/turtlebot3_gazebo//models/turtlebot3_autorace_2020/traffic_construction/materials/textures/traffic_construction.png
[11.758s] -- Symlinking: /home/ssafy/turtlebot3_ws/install/turtlebot3_gazebo/share/turtlebot3_gazebo//models/turtlebot3_autorace_2020/traffic_construction/model.config
[11.770s] -- Symlinking: /home/ssafy/turtlebot3_ws/install/turtlebot3_gazebo/share/turtlebot3_gazebo//models/turtlebot3_autorace_2020/traffic_construction/model.sdf
[11.781s] -- Symlinking: /home/ssafy/turtlebot3_ws/install/turtlebot3_gazebo/share/turtlebot3_gazebo//models/turtlebot3_autorace_2020/traffic_intersection/materials/scripts/traffic_intersection.material
[11.791s] -- Symlinking: /home/ssafy/turtlebot3_ws/install/turtlebot3_gazebo/share/turtlebot3_gazebo//models/turtlebot3_autorace_2020/traffic_intersection/materials/textures/traffic_intersection.png
[11.802s] -- Symlinking: /home/ssafy/turtlebot3_ws/install/turtlebot3_gazebo/share/turtlebot3_gazebo//models/turtlebot3_autorace_2020/traffic_intersection/model.config
[11.811s] -- Symlinking: /home/ssafy/turtlebot3_ws/install/turtlebot3_gazebo/share/turtlebot3_gazebo//models/turtlebot3_autorace_2020/traffic_intersection/model.sdf
[11.822s] -- Symlinking: /home/ssafy/turtlebot3_ws/install/turtlebot3_gazebo/share/turtlebot3_gazebo//models/turtlebot3_autorace_2020/traffic_left/materials/scripts/traffic_is_left.material
[11.833s] -- Symlinking: /home/ssafy/turtlebot3_ws/install/turtlebot3_gazebo/share/turtlebot3_gazebo//models/turtlebot3_autorace_2020/traffic_left/materials/textures/traffic_left.png
[11.843s] -- Symlinking: /home/ssafy/turtlebot3_ws/install/turtlebot3_gazebo/share/turtlebot3_gazebo//models/turtlebot3_autorace_2020/traffic_left/model.config
[11.854s] -- Symlinking: /home/ssafy/turtlebot3_ws/install/turtlebot3_gazebo/share/turtlebot3_gazebo//models/turtlebot3_autorace_2020/traffic_left/model.sdf
[11.867s] -- Symlinking: /home/ssafy/turtlebot3_ws/install/turtlebot3_gazebo/share/turtlebot3_gazebo//models/turtlebot3_autorace_2020/traffic_light/materials/scripts/traffic_light.material
[11.878s] -- Symlinking: /home/ssafy/turtlebot3_ws/install/turtlebot3_gazebo/share/turtlebot3_gazebo//models/turtlebot3_autorace_2020/traffic_light/materials/textures/traffic_light.png
[11.888s] -- Symlinking: /home/ssafy/turtlebot3_ws/install/turtlebot3_gazebo/share/turtlebot3_gazebo//models/turtlebot3_autorace_2020/traffic_light/materials/textures/traffic_light_green.png
[11.898s] -- Symlinking: /home/ssafy/turtlebot3_ws/install/turtlebot3_gazebo/share/turtlebot3_gazebo//models/turtlebot3_autorace_2020/traffic_light/materials/textures/traffic_light_red.png
[11.908s] -- Symlinking: /home/ssafy/turtlebot3_ws/install/turtlebot3_gazebo/share/turtlebot3_gazebo//models/turtlebot3_autorace_2020/traffic_light/materials/textures/traffic_light_yellow.png
[11.919s] -- Symlinking: /home/ssafy/turtlebot3_ws/install/turtlebot3_gazebo/share/turtlebot3_gazebo//models/turtlebot3_autorace_2020/traffic_light/model.config
[11.931s] -- Symlinking: /home/ssafy/turtlebot3_ws/install/turtlebot3_gazebo/share/turtlebot3_gazebo//models/turtlebot3_autorace_2020/traffic_light/model.sdf
[11.941s] -- Symlinking: /home/ssafy/turtlebot3_ws/install/turtlebot3_gazebo/share/turtlebot3_gazebo//models/turtlebot3_autorace_2020/traffic_noentry/materials/scripts/traffic_noentry.material
[11.952s] -- Symlinking: /home/ssafy/turtlebot3_ws/install/turtlebot3_gazebo/share/turtlebot3_gazebo//models/turtlebot3_autorace_2020/traffic_noentry/materials/textures/traffic_noentry.png
[11.964s] -- Symlinking: /home/ssafy/turtlebot3_ws/install/turtlebot3_gazebo/share/turtlebot3_gazebo//models/turtlebot3_autorace_2020/traffic_noentry/model.config
[11.976s] -- Symlinking: /home/ssafy/turtlebot3_ws/install/turtlebot3_gazebo/share/turtlebot3_gazebo//models/turtlebot3_autorace_2020/traffic_noentry/model.sdf
[11.987s] -- Symlinking: /home/ssafy/turtlebot3_ws/install/turtlebot3_gazebo/share/turtlebot3_gazebo//models/turtlebot3_autorace_2020/traffic_parking/materials/scripts/traffic_parking.material
[11.997s] -- Symlinking: /home/ssafy/turtlebot3_ws/install/turtlebot3_gazebo/share/turtlebot3_gazebo//models/turtlebot3_autorace_2020/traffic_parking/materials/textures/traffic_parking.png
[12.009s] -- Symlinking: /home/ssafy/turtlebot3_ws/install/turtlebot3_gazebo/share/turtlebot3_gazebo//models/turtlebot3_autorace_2020/traffic_parking/model.config
[12.020s] -- Symlinking: /home/ssafy/turtlebot3_ws/install/turtlebot3_gazebo/share/turtlebot3_gazebo//models/turtlebot3_autorace_2020/traffic_parking/model.sdf
[12.032s] -- Symlinking: /home/ssafy/turtlebot3_ws/install/turtlebot3_gazebo/share/turtlebot3_gazebo//models/turtlebot3_autorace_2020/traffic_pl_left/materials/scripts/traffic_pl_left.material
[12.041s] -- Symlinking: /home/ssafy/turtlebot3_ws/install/turtlebot3_gazebo/share/turtlebot3_gazebo//models/turtlebot3_autorace_2020/traffic_pl_left/materials/textures/traffic_pl_left.png
[12.052s] -- Symlinking: /home/ssafy/turtlebot3_ws/install/turtlebot3_gazebo/share/turtlebot3_gazebo//models/turtlebot3_autorace_2020/traffic_pl_left/model.config
[12.064s] -- Symlinking: /home/ssafy/turtlebot3_ws/install/turtlebot3_gazebo/share/turtlebot3_gazebo//models/turtlebot3_autorace_2020/traffic_pl_left/model.sdf
[12.076s] -- Symlinking: /home/ssafy/turtlebot3_ws/install/turtlebot3_gazebo/share/turtlebot3_gazebo//models/turtlebot3_autorace_2020/traffic_right/materials/scripts/traffic_right.material
[12.087s] -- Symlinking: /home/ssafy/turtlebot3_ws/install/turtlebot3_gazebo/share/turtlebot3_gazebo//models/turtlebot3_autorace_2020/traffic_right/materials/textures/traffic_right.png
[12.097s] -- Symlinking: /home/ssafy/turtlebot3_ws/install/turtlebot3_gazebo/share/turtlebot3_gazebo//models/turtlebot3_autorace_2020/traffic_right/model.config
[12.107s] -- Symlinking: /home/ssafy/turtlebot3_ws/install/turtlebot3_gazebo/share/turtlebot3_gazebo//models/turtlebot3_autorace_2020/traffic_right/model.sdf
[12.118s] -- Symlinking: /home/ssafy/turtlebot3_ws/install/turtlebot3_gazebo/share/turtlebot3_gazebo//models/turtlebot3_autorace_2020/traffic_stop/materials/scripts/traffic_stop.material
[12.130s] -- Symlinking: /home/ssafy/turtlebot3_ws/install/turtlebot3_gazebo/share/turtlebot3_gazebo//models/turtlebot3_autorace_2020/traffic_stop/materials/textures/traffic_stop.png
[12.140s] -- Symlinking: /home/ssafy/turtlebot3_ws/install/turtlebot3_gazebo/share/turtlebot3_gazebo//models/turtlebot3_autorace_2020/traffic_stop/model.config
[12.151s] -- Symlinking: /home/ssafy/turtlebot3_ws/install/turtlebot3_gazebo/share/turtlebot3_gazebo//models/turtlebot3_autorace_2020/traffic_stop/model.sdf
[12.163s] -- Symlinking: /home/ssafy/turtlebot3_ws/install/turtlebot3_gazebo/share/turtlebot3_gazebo//models/turtlebot3_autorace_2020/traffic_tunnel/materials/scripts/tunnel.material
[12.176s] -- Symlinking: /home/ssafy/turtlebot3_ws/install/turtlebot3_gazebo/share/turtlebot3_gazebo//models/turtlebot3_autorace_2020/traffic_tunnel/materials/textures/tunnel.png
[12.187s] -- Symlinking: /home/ssafy/turtlebot3_ws/install/turtlebot3_gazebo/share/turtlebot3_gazebo//models/turtlebot3_autorace_2020/traffic_tunnel/model.config
[12.199s] -- Symlinking: /home/ssafy/turtlebot3_ws/install/turtlebot3_gazebo/share/turtlebot3_gazebo//models/turtlebot3_autorace_2020/traffic_tunnel/model.sdf
[12.209s] -- Symlinking: /home/ssafy/turtlebot3_ws/install/turtlebot3_gazebo/share/turtlebot3_gazebo//models/turtlebot3_burger/model-1_4.sdf
[12.220s] -- Symlinking: /home/ssafy/turtlebot3_ws/install/turtlebot3_gazebo/share/turtlebot3_gazebo//models/turtlebot3_burger/model.config
[12.230s] -- Symlinking: /home/ssafy/turtlebot3_ws/install/turtlebot3_gazebo/share/turtlebot3_gazebo//models/turtlebot3_burger/model.sdf
[12.240s] -- Symlinking: /home/ssafy/turtlebot3_ws/install/turtlebot3_gazebo/share/turtlebot3_gazebo//models/turtlebot3_burger_cam/model-1_4.sdf
[12.251s] -- Symlinking: /home/ssafy/turtlebot3_ws/install/turtlebot3_gazebo/share/turtlebot3_gazebo//models/turtlebot3_burger_cam/model.config
[12.263s] -- Symlinking: /home/ssafy/turtlebot3_ws/install/turtlebot3_gazebo/share/turtlebot3_gazebo//models/turtlebot3_burger_cam/model.sdf
[12.271s] -- Symlinking: /home/ssafy/turtlebot3_ws/install/turtlebot3_gazebo/share/turtlebot3_gazebo//models/turtlebot3_common/meshes/bases/burger_base.stl
[12.281s] -- Symlinking: /home/ssafy/turtlebot3_ws/install/turtlebot3_gazebo/share/turtlebot3_gazebo//models/turtlebot3_common/meshes/bases/waffle_base.stl
[12.291s] -- Symlinking: /home/ssafy/turtlebot3_ws/install/turtlebot3_gazebo/share/turtlebot3_gazebo//models/turtlebot3_common/meshes/bases/waffle_pi_base.stl
[12.301s] -- Symlinking: /home/ssafy/turtlebot3_ws/install/turtlebot3_gazebo/share/turtlebot3_gazebo//models/turtlebot3_common/meshes/burger_base.dae
[12.307s] -- Symlinking: /home/ssafy/turtlebot3_ws/install/turtlebot3_gazebo/share/turtlebot3_gazebo//models/turtlebot3_common/meshes/lds.dae
[12.313s] -- Symlinking: /home/ssafy/turtlebot3_ws/install/turtlebot3_gazebo/share/turtlebot3_gazebo//models/turtlebot3_common/meshes/r200.dae
[12.322s] -- Symlinking: /home/ssafy/turtlebot3_ws/install/turtlebot3_gazebo/share/turtlebot3_gazebo//models/turtlebot3_common/meshes/sensors/astra.dae
[12.333s] -- Symlinking: /home/ssafy/turtlebot3_ws/install/turtlebot3_gazebo/share/turtlebot3_gazebo//models/turtlebot3_common/meshes/sensors/astra.jpg
[12.345s] -- Symlinking: /home/ssafy/turtlebot3_ws/install/turtlebot3_gazebo/share/turtlebot3_gazebo//models/turtlebot3_common/meshes/sensors/lds.stl
[12.356s] -- Symlinking: /home/ssafy/turtlebot3_ws/install/turtlebot3_gazebo/share/turtlebot3_gazebo//models/turtlebot3_common/meshes/sensors/r200.dae
[12.368s] -- Symlinking: /home/ssafy/turtlebot3_ws/install/turtlebot3_gazebo/share/turtlebot3_gazebo//models/turtlebot3_common/meshes/sensors/r200.jpg
[12.378s] -- Symlinking: /home/ssafy/turtlebot3_ws/install/turtlebot3_gazebo/share/turtlebot3_gazebo//models/turtlebot3_common/meshes/tire.dae
[12.390s] -- Symlinking: /home/ssafy/turtlebot3_ws/install/turtlebot3_gazebo/share/turtlebot3_gazebo//models/turtlebot3_common/meshes/waffle_base.dae
[12.402s] -- Symlinking: /home/ssafy/turtlebot3_ws/install/turtlebot3_gazebo/share/turtlebot3_gazebo//models/turtlebot3_common/meshes/waffle_pi_base.dae
[12.410s] -- Symlinking: /home/ssafy/turtlebot3_ws/install/turtlebot3_gazebo/share/turtlebot3_gazebo//models/turtlebot3_common/meshes/wheels/left_tire.stl
[12.419s] -- Symlinking: /home/ssafy/turtlebot3_ws/install/turtlebot3_gazebo/share/turtlebot3_gazebo//models/turtlebot3_common/meshes/wheels/right_tire.stl
[12.428s] -- Symlinking: /home/ssafy/turtlebot3_ws/install/turtlebot3_gazebo/share/turtlebot3_gazebo//models/turtlebot3_common/model.config
[12.436s] -- Symlinking: /home/ssafy/turtlebot3_ws/install/turtlebot3_gazebo/share/turtlebot3_gazebo//models/turtlebot3_dqn_world/goal_box/model.config
[12.446s] -- Symlinking: /home/ssafy/turtlebot3_ws/install/turtlebot3_gazebo/share/turtlebot3_gazebo//models/turtlebot3_dqn_world/goal_box/model.sdf
[12.455s] -- Symlinking: /home/ssafy/turtlebot3_ws/install/turtlebot3_gazebo/share/turtlebot3_gazebo//models/turtlebot3_dqn_world/inner_walls/model.config
[12.466s] -- Symlinking: /home/ssafy/turtlebot3_ws/install/turtlebot3_gazebo/share/turtlebot3_gazebo//models/turtlebot3_dqn_world/inner_walls/model.sdf
[12.478s] -- Symlinking: /home/ssafy/turtlebot3_ws/install/turtlebot3_gazebo/share/turtlebot3_gazebo//models/turtlebot3_dqn_world/model.config
[12.490s] -- Symlinking: /home/ssafy/turtlebot3_ws/install/turtlebot3_gazebo/share/turtlebot3_gazebo//models/turtlebot3_dqn_world/model.sdf
[12.499s] -- Symlinking: /home/ssafy/turtlebot3_ws/install/turtlebot3_gazebo/share/turtlebot3_gazebo//models/turtlebot3_dqn_world/obstacle1/model.config
[12.510s] -- Symlinking: /home/ssafy/turtlebot3_ws/install/turtlebot3_gazebo/share/turtlebot3_gazebo//models/turtlebot3_dqn_world/obstacle1/model.sdf
[12.521s] -- Symlinking: /home/ssafy/turtlebot3_ws/install/turtlebot3_gazebo/share/turtlebot3_gazebo//models/turtlebot3_dqn_world/obstacle2/model.config
[12.532s] -- Symlinking: /home/ssafy/turtlebot3_ws/install/turtlebot3_gazebo/share/turtlebot3_gazebo//models/turtlebot3_dqn_world/obstacle2/model.sdf
[12.541s] -- Symlinking: /home/ssafy/turtlebot3_ws/install/turtlebot3_gazebo/share/turtlebot3_gazebo//models/turtlebot3_dqn_world/obstacles/model.config
[12.553s] -- Symlinking: /home/ssafy/turtlebot3_ws/install/turtlebot3_gazebo/share/turtlebot3_gazebo//models/turtlebot3_dqn_world/obstacles/model.sdf
[12.562s] -- Symlinking: /home/ssafy/turtlebot3_ws/install/turtlebot3_gazebo/share/turtlebot3_gazebo//models/turtlebot3_house/model.config
[12.575s] -- Symlinking: /home/ssafy/turtlebot3_ws/install/turtlebot3_gazebo/share/turtlebot3_gazebo//models/turtlebot3_house/model.sdf
[12.588s] -- Symlinking: /home/ssafy/turtlebot3_ws/install/turtlebot3_gazebo/share/turtlebot3_gazebo//models/turtlebot3_waffle/model-1_4.sdf
[12.600s] -- Symlinking: /home/ssafy/turtlebot3_ws/install/turtlebot3_gazebo/share/turtlebot3_gazebo//models/turtlebot3_waffle/model.config
[12.611s] -- Symlinking: /home/ssafy/turtlebot3_ws/install/turtlebot3_gazebo/share/turtlebot3_gazebo//models/turtlebot3_waffle/model.sdf
[12.622s] -- Symlinking: /home/ssafy/turtlebot3_ws/install/turtlebot3_gazebo/share/turtlebot3_gazebo//models/turtlebot3_waffle_pi/model-1_4_.sdf
[12.634s] -- Symlinking: /home/ssafy/turtlebot3_ws/install/turtlebot3_gazebo/share/turtlebot3_gazebo//models/turtlebot3_waffle_pi/model.config
[12.644s] -- Symlinking: /home/ssafy/turtlebot3_ws/install/turtlebot3_gazebo/share/turtlebot3_gazebo//models/turtlebot3_waffle_pi/model.sdf
[12.655s] -- Symlinking: /home/ssafy/turtlebot3_ws/install/turtlebot3_gazebo/share/turtlebot3_gazebo//models/turtlebot3_world/meshes/hexagon.dae
[12.668s] -- Symlinking: /home/ssafy/turtlebot3_ws/install/turtlebot3_gazebo/share/turtlebot3_gazebo//models/turtlebot3_world/meshes/wall.dae
[12.679s] -- Symlinking: /home/ssafy/turtlebot3_ws/install/turtlebot3_gazebo/share/turtlebot3_gazebo//models/turtlebot3_world/model-1_4.sdf
[12.692s] -- Symlinking: /home/ssafy/turtlebot3_ws/install/turtlebot3_gazebo/share/turtlebot3_gazebo//models/turtlebot3_world/model.config
[12.704s] -- Symlinking: /home/ssafy/turtlebot3_ws/install/turtlebot3_gazebo/share/turtlebot3_gazebo//models/turtlebot3_world/model.sdf
[12.710s] -- Symlinking: /home/ssafy/turtlebot3_ws/install/turtlebot3_gazebo/share/turtlebot3_gazebo//rviz/tb3_gazebo.rviz
[12.716s] -- Symlinking: /home/ssafy/turtlebot3_ws/install/turtlebot3_gazebo/share/turtlebot3_gazebo//urdf/common_properties.urdf
[12.722s] -- Symlinking: /home/ssafy/turtlebot3_ws/install/turtlebot3_gazebo/share/turtlebot3_gazebo//urdf/turtlebot3_burger.urdf
[12.729s] -- Symlinking: /home/ssafy/turtlebot3_ws/install/turtlebot3_gazebo/share/turtlebot3_gazebo//urdf/turtlebot3_burger_cam.urdf
[12.735s] -- Symlinking: /home/ssafy/turtlebot3_ws/install/turtlebot3_gazebo/share/turtlebot3_gazebo//urdf/turtlebot3_waffle.urdf
[12.741s] -- Symlinking: /home/ssafy/turtlebot3_ws/install/turtlebot3_gazebo/share/turtlebot3_gazebo//urdf/turtlebot3_waffle_pi.urdf
[12.752s] -- Symlinking: /home/ssafy/turtlebot3_ws/install/turtlebot3_gazebo/share/turtlebot3_gazebo//worlds/empty_world.world
[12.764s] -- Symlinking: /home/ssafy/turtlebot3_ws/install/turtlebot3_gazebo/share/turtlebot3_gazebo//worlds/turtlebot3_autorace_2020.world
[12.777s] -- Symlinking: /home/ssafy/turtlebot3_ws/install/turtlebot3_gazebo/share/turtlebot3_gazebo//worlds/turtlebot3_dqn_stage1.world
[12.790s] -- Symlinking: /home/ssafy/turtlebot3_ws/install/turtlebot3_gazebo/share/turtlebot3_gazebo//worlds/turtlebot3_dqn_stage2.world
[12.801s] -- Symlinking: /home/ssafy/turtlebot3_ws/install/turtlebot3_gazebo/share/turtlebot3_gazebo//worlds/turtlebot3_dqn_stage3.world
[12.813s] -- Symlinking: /home/ssafy/turtlebot3_ws/install/turtlebot3_gazebo/share/turtlebot3_gazebo//worlds/turtlebot3_dqn_stage4.world
[12.824s] -- Symlinking: /home/ssafy/turtlebot3_ws/install/turtlebot3_gazebo/share/turtlebot3_gazebo//worlds/turtlebot3_house.world
[12.835s] -- Symlinking: /home/ssafy/turtlebot3_ws/install/turtlebot3_gazebo/share/turtlebot3_gazebo//worlds/turtlebot3_world.world
[12.846s] -- Symlinking: /home/ssafy/turtlebot3_ws/install/turtlebot3_gazebo/include//turtlebot3_gazebo/obstacle1.hpp
[12.858s] -- Symlinking: /home/ssafy/turtlebot3_ws/install/turtlebot3_gazebo/include//turtlebot3_gazebo/obstacle2.hpp
[12.871s] -- Symlinking: /home/ssafy/turtlebot3_ws/install/turtlebot3_gazebo/include//turtlebot3_gazebo/obstacles.hpp
[12.882s] -- Symlinking: /home/ssafy/turtlebot3_ws/install/turtlebot3_gazebo/include//turtlebot3_gazebo/traffic_bar_plugin.hpp
[12.893s] -- Symlinking: /home/ssafy/turtlebot3_ws/install/turtlebot3_gazebo/include//turtlebot3_gazebo/traffic_light_plugin.hpp
[12.904s] -- Symlinking: /home/ssafy/turtlebot3_ws/install/turtlebot3_gazebo/include//turtlebot3_gazebo/turtlebot3_drive.hpp
[12.915s] -- Symlinking: /home/ssafy/turtlebot3_ws/install/turtlebot3_gazebo/share/ament_index/resource_index/package_run_dependencies/turtlebot3_gazebo
[12.927s] -- Symlinking: /home/ssafy/turtlebot3_ws/install/turtlebot3_gazebo/share/ament_index/resource_index/parent_prefix_path/turtlebot3_gazebo
[12.940s] -- Symlinking: /home/ssafy/turtlebot3_ws/install/turtlebot3_gazebo/share/turtlebot3_gazebo/environment/ament_prefix_path.sh
[12.952s] -- Symlinking: /home/ssafy/turtlebot3_ws/install/turtlebot3_gazebo/share/turtlebot3_gazebo/environment/ament_prefix_path.dsv
[12.965s] -- Symlinking: /home/ssafy/turtlebot3_ws/install/turtlebot3_gazebo/share/turtlebot3_gazebo/environment/path.sh
[12.978s] -- Symlinking: /home/ssafy/turtlebot3_ws/install/turtlebot3_gazebo/share/turtlebot3_gazebo/environment/path.dsv
[12.990s] -- Symlinking: /home/ssafy/turtlebot3_ws/install/turtlebot3_gazebo/share/turtlebot3_gazebo/local_setup.bash
[13.002s] -- Symlinking: /home/ssafy/turtlebot3_ws/install/turtlebot3_gazebo/share/turtlebot3_gazebo/local_setup.sh
[13.012s] -- Symlinking: /home/ssafy/turtlebot3_ws/install/turtlebot3_gazebo/share/turtlebot3_gazebo/local_setup.zsh
[13.021s] -- Symlinking: /home/ssafy/turtlebot3_ws/install/turtlebot3_gazebo/share/turtlebot3_gazebo/local_setup.dsv
[13.028s] -- Symlinking: /home/ssafy/turtlebot3_ws/install/turtlebot3_gazebo/share/turtlebot3_gazebo/package.dsv
[13.034s] -- Symlinking: /home/ssafy/turtlebot3_ws/install/turtlebot3_gazebo/share/ament_index/resource_index/packages/turtlebot3_gazebo
[13.041s] -- Symlinking: /home/ssafy/turtlebot3_ws/install/turtlebot3_gazebo/share/turtlebot3_gazebo/cmake/ament_cmake_export_include_directories-extras.cmake
[13.049s] -- Symlinking: /home/ssafy/turtlebot3_ws/install/turtlebot3_gazebo/share/turtlebot3_gazebo/cmake/ament_cmake_export_dependencies-extras.cmake
[13.058s] -- Symlinking: /home/ssafy/turtlebot3_ws/install/turtlebot3_gazebo/share/turtlebot3_gazebo/cmake/turtlebot3_gazeboConfig.cmake
[13.065s] -- Symlinking: /home/ssafy/turtlebot3_ws/install/turtlebot3_gazebo/share/turtlebot3_gazebo/cmake/turtlebot3_gazeboConfig-version.cmake
[13.076s] -- Symlinking: /home/ssafy/turtlebot3_ws/install/turtlebot3_gazebo/share/turtlebot3_gazebo/package.xml
[13.091s] Invoked command in '/home/ssafy/turtlebot3_ws/build/turtlebot3_gazebo' returned '0': CMAKE_PREFIX_PATH=${CMAKE_PREFIX_PATH}:/home/ssafy/turtlebot3_ws/install/turtlebot3_teleop:/home/ssafy/turtlebot3_ws/install/turtlebot3_example:/home/ssafy/ssafy_ws/install/simple_car_tf:/opt/ros/humble /usr/bin/cmake --install /home/ssafy/turtlebot3_ws/build/turtlebot3_gazebo
