[0.016s] Invoking command in '/home/ssafy/turtlebot3_ws/build/turtlebot3_bringup': AMENT_PREFIX_PATH=/home/ssafy/turtlebot3_ws/install/turtlebot3_node:/home/ssafy/turtlebot3_ws/install/turtlebot3_msgs:/home/ssafy/turtlebot3_ws/install/turtlebot3_description:/home/ssafy/turtlebot3_ws/install/dynamixel_sdk:${AMENT_PREFIX_PATH} CMAKE_PREFIX_PATH=/home/ssafy/turtlebot3_ws/install/turtlebot3_node:/home/ssafy/turtlebot3_ws/install/turtlebot3_msgs:/home/ssafy/turtlebot3_ws/install/turtlebot3_description:/home/ssafy/turtlebot3_ws/install/dynamixel_sdk:/home/ssafy/ssafy_ws/install/simple_car_tf:/opt/ros/humble LD_LIBRARY_PATH=/home/ssafy/turtlebot3_ws/install/turtlebot3_msgs/lib:/home/ssafy/turtlebot3_ws/install/dynamixel_sdk/lib:${LD_LIBRARY_PATH} PYTHONPATH=/home/ssafy/turtlebot3_ws/install/turtlebot3_msgs/local/lib/python3.10/dist-packages:/home/ssafy/turtlebot3_ws/install/dynamixel_sdk/local/lib/python3.10/dist-packages:${PYTHONPATH} /usr/bin/cmake /home/ssafy/turtlebot3_ws/src/turtlebot3/turtlebot3_bringup -DAMENT_CMAKE_SYMLINK_INSTALL=1 -DCMAKE_INSTALL_PREFIX=/home/ssafy/turtlebot3_ws/install/turtlebot3_bringup
[0.103s] -- The C compiler identification is GNU 11.4.0
[0.164s] -- The CXX compiler identification is GNU 11.4.0
[0.169s] -- Detecting C compiler ABI info
[0.250s] -- Detecting C compiler ABI info - done
[0.261s] -- Check for working C compiler: /usr/bin/cc - skipped
[0.262s] -- Detecting C compile features
[0.262s] -- Detecting C compile features - done
[0.266s] -- Detecting CXX compiler ABI info
[0.362s] -- Detecting CXX compiler ABI info - done
[0.372s] -- Check for working CXX compiler: /usr/bin/c++ - skipped
[0.372s] -- Detecting CXX compile features
[0.373s] -- Detecting CXX compile features - done
[0.375s] -- Found ament_cmake: 1.3.12 (/opt/ros/humble/share/ament_cmake/cmake)
[0.509s] -- Found Python3: /usr/bin/python3 (found version "3.10.12") found components: Interpreter 
[0.553s] -- Override CMake install command with custom implementation using symlinks instead of copying resources
[0.622s] -- Configuring done
[0.623s] -- Generating done
[0.624s] -- Build files have been written to: /home/ssafy/turtlebot3_ws/build/turtlebot3_bringup
[0.626s] Invoked command in '/home/ssafy/turtlebot3_ws/build/turtlebot3_bringup' returned '0': AMENT_PREFIX_PATH=/home/ssafy/turtlebot3_ws/install/turtlebot3_node:/home/ssafy/turtlebot3_ws/install/turtlebot3_msgs:/home/ssafy/turtlebot3_ws/install/turtlebot3_description:/home/ssafy/turtlebot3_ws/install/dynamixel_sdk:${AMENT_PREFIX_PATH} CMAKE_PREFIX_PATH=/home/ssafy/turtlebot3_ws/install/turtlebot3_node:/home/ssafy/turtlebot3_ws/install/turtlebot3_msgs:/home/ssafy/turtlebot3_ws/install/turtlebot3_description:/home/ssafy/turtlebot3_ws/install/dynamixel_sdk:/home/ssafy/ssafy_ws/install/simple_car_tf:/opt/ros/humble LD_LIBRARY_PATH=/home/ssafy/turtlebot3_ws/install/turtlebot3_msgs/lib:/home/ssafy/turtlebot3_ws/install/dynamixel_sdk/lib:${LD_LIBRARY_PATH} PYTHONPATH=/home/ssafy/turtlebot3_ws/install/turtlebot3_msgs/local/lib/python3.10/dist-packages:/home/ssafy/turtlebot3_ws/install/dynamixel_sdk/local/lib/python3.10/dist-packages:${PYTHONPATH} /usr/bin/cmake /home/ssafy/turtlebot3_ws/src/turtlebot3/turtlebot3_bringup -DAMENT_CMAKE_SYMLINK_INSTALL=1 -DCMAKE_INSTALL_PREFIX=/home/ssafy/turtlebot3_ws/install/turtlebot3_bringup
[0.628s] Invoking command in '/home/ssafy/turtlebot3_ws/build/turtlebot3_bringup': AMENT_PREFIX_PATH=/home/ssafy/turtlebot3_ws/install/turtlebot3_node:/home/ssafy/turtlebot3_ws/install/turtlebot3_msgs:/home/ssafy/turtlebot3_ws/install/turtlebot3_description:/home/ssafy/turtlebot3_ws/install/dynamixel_sdk:${AMENT_PREFIX_PATH} CMAKE_PREFIX_PATH=/home/ssafy/turtlebot3_ws/install/turtlebot3_node:/home/ssafy/turtlebot3_ws/install/turtlebot3_msgs:/home/ssafy/turtlebot3_ws/install/turtlebot3_description:/home/ssafy/turtlebot3_ws/install/dynamixel_sdk:/home/ssafy/ssafy_ws/install/simple_car_tf:/opt/ros/humble LD_LIBRARY_PATH=/home/ssafy/turtlebot3_ws/install/turtlebot3_msgs/lib:/home/ssafy/turtlebot3_ws/install/dynamixel_sdk/lib:${LD_LIBRARY_PATH} PYTHONPATH=/home/ssafy/turtlebot3_ws/install/turtlebot3_msgs/local/lib/python3.10/dist-packages:/home/ssafy/turtlebot3_ws/install/dynamixel_sdk/local/lib/python3.10/dist-packages:${PYTHONPATH} /usr/bin/cmake --build /home/ssafy/turtlebot3_ws/build/turtlebot3_bringup -- -j20 -l20
[0.674s] Invoked command in '/home/ssafy/turtlebot3_ws/build/turtlebot3_bringup' returned '0': AMENT_PREFIX_PATH=/home/ssafy/turtlebot3_ws/install/turtlebot3_node:/home/ssafy/turtlebot3_ws/install/turtlebot3_msgs:/home/ssafy/turtlebot3_ws/install/turtlebot3_description:/home/ssafy/turtlebot3_ws/install/dynamixel_sdk:${AMENT_PREFIX_PATH} CMAKE_PREFIX_PATH=/home/ssafy/turtlebot3_ws/install/turtlebot3_node:/home/ssafy/turtlebot3_ws/install/turtlebot3_msgs:/home/ssafy/turtlebot3_ws/install/turtlebot3_description:/home/ssafy/turtlebot3_ws/install/dynamixel_sdk:/home/ssafy/ssafy_ws/install/simple_car_tf:/opt/ros/humble LD_LIBRARY_PATH=/home/ssafy/turtlebot3_ws/install/turtlebot3_msgs/lib:/home/ssafy/turtlebot3_ws/install/dynamixel_sdk/lib:${LD_LIBRARY_PATH} PYTHONPATH=/home/ssafy/turtlebot3_ws/install/turtlebot3_msgs/local/lib/python3.10/dist-packages:/home/ssafy/turtlebot3_ws/install/dynamixel_sdk/local/lib/python3.10/dist-packages:${PYTHONPATH} /usr/bin/cmake --build /home/ssafy/turtlebot3_ws/build/turtlebot3_bringup -- -j20 -l20
[0.677s] Invoking command in '/home/ssafy/turtlebot3_ws/build/turtlebot3_bringup': AMENT_PREFIX_PATH=/home/ssafy/turtlebot3_ws/install/turtlebot3_node:/home/ssafy/turtlebot3_ws/install/turtlebot3_msgs:/home/ssafy/turtlebot3_ws/install/turtlebot3_description:/home/ssafy/turtlebot3_ws/install/dynamixel_sdk:${AMENT_PREFIX_PATH} CMAKE_PREFIX_PATH=/home/ssafy/turtlebot3_ws/install/turtlebot3_node:/home/ssafy/turtlebot3_ws/install/turtlebot3_msgs:/home/ssafy/turtlebot3_ws/install/turtlebot3_description:/home/ssafy/turtlebot3_ws/install/dynamixel_sdk:/home/ssafy/ssafy_ws/install/simple_car_tf:/opt/ros/humble LD_LIBRARY_PATH=/home/ssafy/turtlebot3_ws/install/turtlebot3_msgs/lib:/home/ssafy/turtlebot3_ws/install/dynamixel_sdk/lib:${LD_LIBRARY_PATH} PYTHONPATH=/home/ssafy/turtlebot3_ws/install/turtlebot3_msgs/local/lib/python3.10/dist-packages:/home/ssafy/turtlebot3_ws/install/dynamixel_sdk/local/lib/python3.10/dist-packages:${PYTHONPATH} /usr/bin/cmake --install /home/ssafy/turtlebot3_ws/build/turtlebot3_bringup
[0.688s] -- Install configuration: ""
[0.689s] -- Execute custom install script
[0.690s] -- Symlinking: /home/ssafy/turtlebot3_ws/install/turtlebot3_bringup/share/turtlebot3_bringup/launch/camera.launch.py
[0.703s] -- Symlinking: /home/ssafy/turtlebot3_ws/install/turtlebot3_bringup/share/turtlebot3_bringup/launch/robot.launch.py
[0.714s] -- Symlinking: /home/ssafy/turtlebot3_ws/install/turtlebot3_bringup/share/turtlebot3_bringup/launch/rviz2.launch.py
[0.724s] -- Symlinking: /home/ssafy/turtlebot3_ws/install/turtlebot3_bringup/share/turtlebot3_bringup/launch/turtlebot3_state_publisher.launch.py
[0.734s] -- Symlinking: /home/ssafy/turtlebot3_ws/install/turtlebot3_bringup/share/turtlebot3_bringup/param/burger.yaml
[0.740s] -- Symlinking: /home/ssafy/turtlebot3_ws/install/turtlebot3_bringup/share/turtlebot3_bringup/param/humble/burger.yaml
[0.745s] -- Symlinking: /home/ssafy/turtlebot3_ws/install/turtlebot3_bringup/share/turtlebot3_bringup/param/humble/waffle.yaml
[0.752s] -- Symlinking: /home/ssafy/turtlebot3_ws/install/turtlebot3_bringup/share/turtlebot3_bringup/param/humble/waffle_pi.yaml
[0.761s] -- Symlinking: /home/ssafy/turtlebot3_ws/install/turtlebot3_bringup/share/turtlebot3_bringup/param/waffle.yaml
[0.772s] -- Symlinking: /home/ssafy/turtlebot3_ws/install/turtlebot3_bringup/share/turtlebot3_bringup/param/waffle_pi.yaml
[0.784s] -- Symlinking: /home/ssafy/turtlebot3_ws/install/turtlebot3_bringup/share/turtlebot3_bringup/script/99-turtlebot3-cdc.rules
[0.797s] -- Symlinking: /home/ssafy/turtlebot3_ws/install/turtlebot3_bringup/share/turtlebot3_bringup/script/create_udev_rules
[0.808s] -- Symlinking: /home/ssafy/turtlebot3_ws/install/turtlebot3_bringup/share/ament_index/resource_index/package_run_dependencies/turtlebot3_bringup
[0.818s] -- Symlinking: /home/ssafy/turtlebot3_ws/install/turtlebot3_bringup/share/ament_index/resource_index/parent_prefix_path/turtlebot3_bringup
[0.828s] -- Symlinking: /home/ssafy/turtlebot3_ws/install/turtlebot3_bringup/share/turtlebot3_bringup/environment/ament_prefix_path.sh
[0.840s] -- Symlinking: /home/ssafy/turtlebot3_ws/install/turtlebot3_bringup/share/turtlebot3_bringup/environment/ament_prefix_path.dsv
[0.851s] -- Symlinking: /home/ssafy/turtlebot3_ws/install/turtlebot3_bringup/share/turtlebot3_bringup/environment/path.sh
[0.862s] -- Symlinking: /home/ssafy/turtlebot3_ws/install/turtlebot3_bringup/share/turtlebot3_bringup/environment/path.dsv
[0.874s] -- Symlinking: /home/ssafy/turtlebot3_ws/install/turtlebot3_bringup/share/turtlebot3_bringup/local_setup.bash
[0.889s] -- Symlinking: /home/ssafy/turtlebot3_ws/install/turtlebot3_bringup/share/turtlebot3_bringup/local_setup.sh
[0.901s] -- Symlinking: /home/ssafy/turtlebot3_ws/install/turtlebot3_bringup/share/turtlebot3_bringup/local_setup.zsh
[0.911s] -- Symlinking: /home/ssafy/turtlebot3_ws/install/turtlebot3_bringup/share/turtlebot3_bringup/local_setup.dsv
[0.920s] -- Symlinking: /home/ssafy/turtlebot3_ws/install/turtlebot3_bringup/share/turtlebot3_bringup/package.dsv
[0.933s] -- Symlinking: /home/ssafy/turtlebot3_ws/install/turtlebot3_bringup/share/ament_index/resource_index/packages/turtlebot3_bringup
[0.944s] -- Symlinking: /home/ssafy/turtlebot3_ws/install/turtlebot3_bringup/share/turtlebot3_bringup/cmake/turtlebot3_bringupConfig.cmake
[0.954s] -- Symlinking: /home/ssafy/turtlebot3_ws/install/turtlebot3_bringup/share/turtlebot3_bringup/cmake/turtlebot3_bringupConfig-version.cmake
[0.966s] -- Symlinking: /home/ssafy/turtlebot3_ws/install/turtlebot3_bringup/share/turtlebot3_bringup/package.xml
[0.980s] Invoked command in '/home/ssafy/turtlebot3_ws/build/turtlebot3_bringup' returned '0': AMENT_PREFIX_PATH=/home/ssafy/turtlebot3_ws/install/turtlebot3_node:/home/ssafy/turtlebot3_ws/install/turtlebot3_msgs:/home/ssafy/turtlebot3_ws/install/turtlebot3_description:/home/ssafy/turtlebot3_ws/install/dynamixel_sdk:${AMENT_PREFIX_PATH} CMAKE_PREFIX_PATH=/home/ssafy/turtlebot3_ws/install/turtlebot3_node:/home/ssafy/turtlebot3_ws/install/turtlebot3_msgs:/home/ssafy/turtlebot3_ws/install/turtlebot3_description:/home/ssafy/turtlebot3_ws/install/dynamixel_sdk:/home/ssafy/ssafy_ws/install/simple_car_tf:/opt/ros/humble LD_LIBRARY_PATH=/home/ssafy/turtlebot3_ws/install/turtlebot3_msgs/lib:/home/ssafy/turtlebot3_ws/install/dynamixel_sdk/lib:${LD_LIBRARY_PATH} PYTHONPATH=/home/ssafy/turtlebot3_ws/install/turtlebot3_msgs/local/lib/python3.10/dist-packages:/home/ssafy/turtlebot3_ws/install/dynamixel_sdk/local/lib/python3.10/dist-packages:${PYTHONPATH} /usr/bin/cmake --install /home/ssafy/turtlebot3_ws/build/turtlebot3_bringup
