[0.024s] Invoking command in '/home/ssafy/turtlebot3_ws/build/turtlebot3_cartographer': CMAKE_PREFIX_PATH=${CMAKE_PREFIX_PATH}:/home/ssafy/turtlebot3_ws/install/turtlebot3_teleop:/home/ssafy/turtlebot3_ws/install/turtlebot3_example:/home/ssafy/ssafy_ws/install/simple_car_tf:/opt/ros/humble /usr/bin/cmake --build /home/ssafy/turtlebot3_ws/build/turtlebot3_cartographer -- -j20 -l20
[0.351s] Invoked command in '/home/ssafy/turtlebot3_ws/build/turtlebot3_cartographer' returned '0': CMAKE_PREFIX_PATH=${CMAKE_PREFIX_PATH}:/home/ssafy/turtlebot3_ws/install/turtlebot3_teleop:/home/ssafy/turtlebot3_ws/install/turtlebot3_example:/home/ssafy/ssafy_ws/install/simple_car_tf:/opt/ros/humble /usr/bin/cmake --build /home/ssafy/turtlebot3_ws/build/turtlebot3_cartographer -- -j20 -l20
[0.361s] Invoking command in '/home/ssafy/turtlebot3_ws/build/turtlebot3_cartographer': CMAKE_PREFIX_PATH=${CMAKE_PREFIX_PATH}:/home/ssafy/turtlebot3_ws/install/turtlebot3_teleop:/home/ssafy/turtlebot3_ws/install/turtlebot3_example:/home/ssafy/ssafy_ws/install/simple_car_tf:/opt/ros/humble /usr/bin/cmake --install /home/ssafy/turtlebot3_ws/build/turtlebot3_cartographer
[0.369s] -- Install configuration: ""
[0.371s] -- Execute custom install script
[0.371s] -- Up-to-date symlink: /home/ssafy/turtlebot3_ws/install/turtlebot3_cartographer/share/turtlebot3_cartographer/config/turtlebot3_lds_2d.lua
[0.371s] -- Up-to-date symlink: /home/ssafy/turtlebot3_ws/install/turtlebot3_cartographer/share/turtlebot3_cartographer/launch/cartographer.launch.py
[0.371s] -- Up-to-date symlink: /home/ssafy/turtlebot3_ws/install/turtlebot3_cartographer/share/turtlebot3_cartographer/launch/occupancy_grid.launch.py
[0.371s] -- Up-to-date symlink: /home/ssafy/turtlebot3_ws/install/turtlebot3_cartographer/share/turtlebot3_cartographer/rviz/tb3_cartographer.rviz
[0.371s] -- Up-to-date symlink: /home/ssafy/turtlebot3_ws/install/turtlebot3_cartographer/share/ament_index/resource_index/package_run_dependencies/turtlebot3_cartographer
[0.371s] -- Up-to-date symlink: /home/ssafy/turtlebot3_ws/install/turtlebot3_cartographer/share/ament_index/resource_index/parent_prefix_path/turtlebot3_cartographer
[0.371s] -- Up-to-date symlink: /home/ssafy/turtlebot3_ws/install/turtlebot3_cartographer/share/turtlebot3_cartographer/environment/ament_prefix_path.sh
[0.371s] -- Up-to-date symlink: /home/ssafy/turtlebot3_ws/install/turtlebot3_cartographer/share/turtlebot3_cartographer/environment/ament_prefix_path.dsv
[0.371s] -- Up-to-date symlink: /home/ssafy/turtlebot3_ws/install/turtlebot3_cartographer/share/turtlebot3_cartographer/environment/path.sh
[0.371s] -- Up-to-date symlink: /home/ssafy/turtlebot3_ws/install/turtlebot3_cartographer/share/turtlebot3_cartographer/environment/path.dsv
[0.371s] -- Up-to-date symlink: /home/ssafy/turtlebot3_ws/install/turtlebot3_cartographer/share/turtlebot3_cartographer/local_setup.bash
[0.372s] -- Up-to-date symlink: /home/ssafy/turtlebot3_ws/install/turtlebot3_cartographer/share/turtlebot3_cartographer/local_setup.sh
[0.372s] -- Up-to-date symlink: /home/ssafy/turtlebot3_ws/install/turtlebot3_cartographer/share/turtlebot3_cartographer/local_setup.zsh
[0.372s] -- Up-to-date symlink: /home/ssafy/turtlebot3_ws/install/turtlebot3_cartographer/share/turtlebot3_cartographer/local_setup.dsv
[0.372s] -- Symlinking: /home/ssafy/turtlebot3_ws/install/turtlebot3_cartographer/share/turtlebot3_cartographer/package.dsv
[0.383s] -- Up-to-date symlink: /home/ssafy/turtlebot3_ws/install/turtlebot3_cartographer/share/ament_index/resource_index/packages/turtlebot3_cartographer
[0.387s] -- Up-to-date symlink: /home/ssafy/turtlebot3_ws/install/turtlebot3_cartographer/share/turtlebot3_cartographer/cmake/turtlebot3_cartographerConfig.cmake
[0.387s] -- Up-to-date symlink: /home/ssafy/turtlebot3_ws/install/turtlebot3_cartographer/share/turtlebot3_cartographer/cmake/turtlebot3_cartographerConfig-version.cmake
[0.388s] -- Up-to-date symlink: /home/ssafy/turtlebot3_ws/install/turtlebot3_cartographer/share/turtlebot3_cartographer/package.xml
[0.399s] Invoked command in '/home/ssafy/turtlebot3_ws/build/turtlebot3_cartographer' returned '0': CMAKE_PREFIX_PATH=${CMAKE_PREFIX_PATH}:/home/ssafy/turtlebot3_ws/install/turtlebot3_teleop:/home/ssafy/turtlebot3_ws/install/turtlebot3_example:/home/ssafy/ssafy_ws/install/simple_car_tf:/opt/ros/humble /usr/bin/cmake --install /home/ssafy/turtlebot3_ws/build/turtlebot3_cartographer
