running egg_info
writing ../../build/turtle_spawner/turtle_spawner.egg-info/PKG-INFO
writing dependency_links to ../../build/turtle_spawner/turtle_spawner.egg-info/dependency_links.txt
writing entry points to ../../build/turtle_spawner/turtle_spawner.egg-info/entry_points.txt
writing requirements to ../../build/turtle_spawner/turtle_spawner.egg-info/requires.txt
writing top-level names to ../../build/turtle_spawner/turtle_spawner.egg-info/top_level.txt
reading manifest file '../../build/turtle_spawner/turtle_spawner.egg-info/SOURCES.txt'
writing manifest file '../../build/turtle_spawner/turtle_spawner.egg-info/SOURCES.txt'
running build
running build_py
copying turtle_spawner/spawn_turtle.py -> /home/ssafy/ros_ws/ros_prac3/build/turtle_spawner/build/lib/turtle_spawner
running install
running install_lib
copying /home/ssafy/ros_ws/ros_prac3/build/turtle_spawner/build/lib/turtle_spawner/spawn_turtle.py -> /home/ssafy/ros_ws/ros_prac3/install/turtle_spawner/lib/python3.10/site-packages/turtle_spawner
byte-compiling /home/ssafy/ros_ws/ros_prac3/install/turtle_spawner/lib/python3.10/site-packages/turtle_spawner/spawn_turtle.py to spawn_turtle.cpython-310.pyc
running install_data
running install_egg_info
removing '/home/ssafy/ros_ws/ros_prac3/install/turtle_spawner/lib/python3.10/site-packages/turtle_spawner-0.0.0-py3.10.egg-info' (and everything under it)
Copying ../../build/turtle_spawner/turtle_spawner.egg-info to /home/ssafy/ros_ws/ros_prac3/install/turtle_spawner/lib/python3.10/site-packages/turtle_spawner-0.0.0-py3.10.egg-info
running install_scripts
Installing spawn_turtle script to /home/ssafy/ros_ws/ros_prac3/install/turtle_spawner/lib/turtle_spawner
writing list of installed files to '/home/ssafy/ros_ws/ros_prac3/build/turtle_spawner/install.log'
