[0.690s] Invoking command in '/home/ssafy/ros_ws/ros_prac3/src/turtle_spawner': PYTHONPATH=/home/ssafy/ros_ws/ros_prac3/build/turtle_spawner/prefix_override:/usr/lib/python3/dist-packages/colcon_core/task/python/colcon_distutils_commands:/home/ssafy/ros_ws/ros_prac3/install/turtle_spawner/lib/python3.10/site-packages:${PYTHONPATH} /usr/bin/python3 -W ignore:setup.py install is deprecated -W ignore:easy_install command is deprecated setup.py egg_info --egg-base ../../build/turtle_spawner build --build-base /home/ssafy/ros_ws/ros_prac3/build/turtle_spawner/build install --record /home/ssafy/ros_ws/ros_prac3/build/turtle_spawner/install.log --single-version-externally-managed install_data
[0.835s] running egg_info
[0.836s] writing ../../build/turtle_spawner/turtle_spawner.egg-info/PKG-INFO
[0.836s] writing dependency_links to ../../build/turtle_spawner/turtle_spawner.egg-info/dependency_links.txt
[0.836s] writing entry points to ../../build/turtle_spawner/turtle_spawner.egg-info/entry_points.txt
[0.837s] writing requirements to ../../build/turtle_spawner/turtle_spawner.egg-info/requires.txt
[0.837s] writing top-level names to ../../build/turtle_spawner/turtle_spawner.egg-info/top_level.txt
[0.837s] reading manifest file '../../build/turtle_spawner/turtle_spawner.egg-info/SOURCES.txt'
[0.838s] writing manifest file '../../build/turtle_spawner/turtle_spawner.egg-info/SOURCES.txt'
[0.838s] running build
[0.838s] running build_py
[0.838s] copying turtle_spawner/spawn_turtle.py -> /home/ssafy/ros_ws/ros_prac3/build/turtle_spawner/build/lib/turtle_spawner
[0.838s] running install
[0.839s] running install_lib
[0.839s] copying /home/ssafy/ros_ws/ros_prac3/build/turtle_spawner/build/lib/turtle_spawner/spawn_turtle.py -> /home/ssafy/ros_ws/ros_prac3/install/turtle_spawner/lib/python3.10/site-packages/turtle_spawner
[0.839s] byte-compiling /home/ssafy/ros_ws/ros_prac3/install/turtle_spawner/lib/python3.10/site-packages/turtle_spawner/spawn_turtle.py to spawn_turtle.cpython-310.pyc
[0.840s] running install_data
[0.840s] running install_egg_info
[0.841s] removing '/home/ssafy/ros_ws/ros_prac3/install/turtle_spawner/lib/python3.10/site-packages/turtle_spawner-0.0.0-py3.10.egg-info' (and everything under it)
[0.842s] Copying ../../build/turtle_spawner/turtle_spawner.egg-info to /home/ssafy/ros_ws/ros_prac3/install/turtle_spawner/lib/python3.10/site-packages/turtle_spawner-0.0.0-py3.10.egg-info
[0.842s] running install_scripts
[0.855s] Installing spawn_turtle script to /home/ssafy/ros_ws/ros_prac3/install/turtle_spawner/lib/turtle_spawner
[0.855s] writing list of installed files to '/home/ssafy/ros_ws/ros_prac3/build/turtle_spawner/install.log'
[0.881s] Invoked command in '/home/ssafy/ros_ws/ros_prac3/src/turtle_spawner' returned '0': PYTHONPATH=/home/ssafy/ros_ws/ros_prac3/build/turtle_spawner/prefix_override:/usr/lib/python3/dist-packages/colcon_core/task/python/colcon_distutils_commands:/home/ssafy/ros_ws/ros_prac3/install/turtle_spawner/lib/python3.10/site-packages:${PYTHONPATH} /usr/bin/python3 -W ignore:setup.py install is deprecated -W ignore:easy_install command is deprecated setup.py egg_info --egg-base ../../build/turtle_spawner build --build-base /home/ssafy/ros_ws/ros_prac3/build/turtle_spawner/build install --record /home/ssafy/ros_ws/ros_prac3/build/turtle_spawner/install.log --single-version-externally-managed install_data
