[0.010s] Invoking command in '/home/ssafy/turtlebot3_ws/build/turtlebot3_node': AMENT_PREFIX_PATH=/home/ssafy/turtlebot3_ws/install/turtlebot3_msgs:/home/ssafy/turtlebot3_ws/install/dynamixel_sdk:${AMENT_PREFIX_PATH} CMAKE_PREFIX_PATH=/home/ssafy/turtlebot3_ws/install/turtlebot3_msgs:/home/ssafy/turtlebot3_ws/install/dynamixel_sdk:/home/ssafy/ssafy_ws/install/simple_car_tf:/opt/ros/humble LD_LIBRARY_PATH=/home/ssafy/turtlebot3_ws/install/turtlebot3_msgs/lib:/home/ssafy/turtlebot3_ws/install/dynamixel_sdk/lib:${LD_LIBRARY_PATH} PYTHONPATH=/home/ssafy/turtlebot3_ws/install/turtlebot3_msgs/local/lib/python3.10/dist-packages:/home/ssafy/turtlebot3_ws/install/dynamixel_sdk/local/lib/python3.10/dist-packages:${PYTHONPATH} /usr/bin/cmake /home/ssafy/turtlebot3_ws/src/turtlebot3/turtlebot3_node -DAMENT_CMAKE_SYMLINK_INSTALL=1 -DCMAKE_INSTALL_PREFIX=/home/ssafy/turtlebot3_ws/install/turtlebot3_node
[0.055s] -- The C compiler identification is GNU 11.4.0
[0.104s] -- The CXX compiler identification is GNU 11.4.0
[0.113s] -- Detecting C compiler ABI info
[0.171s] -- Detecting C compiler ABI info - done
[0.176s] -- Check for working C compiler: /usr/bin/cc - skipped
[0.176s] -- Detecting C compile features
[0.176s] -- Detecting C compile features - done
[0.178s] -- Detecting CXX compiler ABI info
[0.248s] -- Detecting CXX compiler ABI info - done
[0.254s] -- Check for working CXX compiler: /usr/bin/c++ - skipped
[0.254s] -- Detecting CXX compile features
[0.254s] -- Detecting CXX compile features - done
[0.256s] -- Found ament_cmake: 1.3.12 (/opt/ros/humble/share/ament_cmake/cmake)
[0.376s] -- Found Python3: /usr/bin/python3 (found version "3.10.12") found components: Interpreter 
[0.421s] -- Override CMake install command with custom implementation using symlinks instead of copying resources
[0.442s] -- Found dynamixel_sdk: 3.8.4 (/home/ssafy/turtlebot3_ws/install/dynamixel_sdk/share/dynamixel_sdk/cmake)
[0.446s] -- Found geometry_msgs: 4.9.0 (/opt/ros/humble/share/geometry_msgs/cmake)
[0.474s] -- Found rosidl_generator_c: 3.1.7 (/opt/ros/humble/share/rosidl_generator_c/cmake)
[0.477s] -- Found rosidl_adapter: 3.1.7 (/opt/ros/humble/share/rosidl_adapter/cmake)
[0.482s] -- Found rosidl_generator_cpp: 3.1.7 (/opt/ros/humble/share/rosidl_generator_cpp/cmake)
[0.490s] -- Using all available rosidl_typesupport_c: rosidl_typesupport_fastrtps_c;rosidl_typesupport_introspection_c
[0.501s] -- Using all available rosidl_typesupport_cpp: rosidl_typesupport_fastrtps_cpp;rosidl_typesupport_introspection_cpp
[0.536s] -- Found message_filters: 4.3.11 (/opt/ros/humble/share/message_filters/cmake)
[0.564s] -- Found rmw_implementation_cmake: 6.1.2 (/opt/ros/humble/share/rmw_implementation_cmake/cmake)
[0.566s] -- Found rmw_fastrtps_cpp: 6.2.9 (/opt/ros/humble/share/rmw_fastrtps_cpp/cmake)
[0.638s] -- Found OpenSSL: /usr/lib/x86_64-linux-gnu/libcrypto.so (found version "3.0.2")  
[0.658s] -- Found FastRTPS: /opt/ros/humble/include  
[0.687s] -- Using RMW implementation 'rmw_fastrtps_cpp' as default
[0.692s] -- Looking for pthread.h
[0.759s] -- Looking for pthread.h - found
[0.759s] -- Performing Test CMAKE_HAVE_LIBC_PTHREAD
[0.825s] -- Performing Test CMAKE_HAVE_LIBC_PTHREAD - Success
[0.827s] -- Found Threads: TRUE  
[0.856s] -- Found nav_msgs: 4.9.0 (/opt/ros/humble/share/nav_msgs/cmake)
[0.870s] -- Found sensor_msgs: 4.9.0 (/opt/ros/humble/share/sensor_msgs/cmake)
[0.885s] -- Found std_srvs: 4.9.0 (/opt/ros/humble/share/std_srvs/cmake)
[0.894s] -- Found tf2: 0.25.16 (/opt/ros/humble/share/tf2/cmake)
[0.902s] -- Found tf2_ros: 0.25.16 (/opt/ros/humble/share/tf2_ros/cmake)
[0.966s] -- Found turtlebot3_msgs: 2.4.0 (/home/ssafy/turtlebot3_ws/install/turtlebot3_msgs/share/turtlebot3_msgs/cmake)
[1.026s] -- Configuring done
[1.038s] -- Generating done
[1.041s] -- Build files have been written to: /home/ssafy/turtlebot3_ws/build/turtlebot3_node
[1.049s] Invoked command in '/home/ssafy/turtlebot3_ws/build/turtlebot3_node' returned '0': AMENT_PREFIX_PATH=/home/ssafy/turtlebot3_ws/install/turtlebot3_msgs:/home/ssafy/turtlebot3_ws/install/dynamixel_sdk:${AMENT_PREFIX_PATH} CMAKE_PREFIX_PATH=/home/ssafy/turtlebot3_ws/install/turtlebot3_msgs:/home/ssafy/turtlebot3_ws/install/dynamixel_sdk:/home/ssafy/ssafy_ws/install/simple_car_tf:/opt/ros/humble LD_LIBRARY_PATH=/home/ssafy/turtlebot3_ws/install/turtlebot3_msgs/lib:/home/ssafy/turtlebot3_ws/install/dynamixel_sdk/lib:${LD_LIBRARY_PATH} PYTHONPATH=/home/ssafy/turtlebot3_ws/install/turtlebot3_msgs/local/lib/python3.10/dist-packages:/home/ssafy/turtlebot3_ws/install/dynamixel_sdk/local/lib/python3.10/dist-packages:${PYTHONPATH} /usr/bin/cmake /home/ssafy/turtlebot3_ws/src/turtlebot3/turtlebot3_node -DAMENT_CMAKE_SYMLINK_INSTALL=1 -DCMAKE_INSTALL_PREFIX=/home/ssafy/turtlebot3_ws/install/turtlebot3_node
[1.050s] Invoking command in '/home/ssafy/turtlebot3_ws/build/turtlebot3_node': AMENT_PREFIX_PATH=/home/ssafy/turtlebot3_ws/install/turtlebot3_msgs:/home/ssafy/turtlebot3_ws/install/dynamixel_sdk:${AMENT_PREFIX_PATH} CMAKE_PREFIX_PATH=/home/ssafy/turtlebot3_ws/install/turtlebot3_msgs:/home/ssafy/turtlebot3_ws/install/dynamixel_sdk:/home/ssafy/ssafy_ws/install/simple_car_tf:/opt/ros/humble LD_LIBRARY_PATH=/home/ssafy/turtlebot3_ws/install/turtlebot3_msgs/lib:/home/ssafy/turtlebot3_ws/install/dynamixel_sdk/lib:${LD_LIBRARY_PATH} PYTHONPATH=/home/ssafy/turtlebot3_ws/install/turtlebot3_msgs/local/lib/python3.10/dist-packages:/home/ssafy/turtlebot3_ws/install/dynamixel_sdk/local/lib/python3.10/dist-packages:${PYTHONPATH} /usr/bin/cmake --build /home/ssafy/turtlebot3_ws/build/turtlebot3_node -- -j20 -l20
[1.095s] [  7%] [32mBuilding CXX object CMakeFiles/turtlebot3_node_lib.dir/src/devices/reset.cpp.o[0m
[1.096s] [ 14%] [32mBuilding CXX object CMakeFiles/turtlebot3_node_lib.dir/src/odometry.cpp.o[0m
[1.096s] [ 21%] [32mBuilding CXX object CMakeFiles/turtlebot3_node_lib.dir/src/turtlebot3.cpp.o[0m
[1.096s] [ 28%] [32mBuilding CXX object CMakeFiles/turtlebot3_node_lib.dir/src/sensors/battery_state.cpp.o[0m
[1.096s] [ 35%] [32mBuilding CXX object CMakeFiles/turtlebot3_node_lib.dir/src/sensors/imu.cpp.o[0m
[1.097s] [ 42%] [32mBuilding CXX object CMakeFiles/turtlebot3_node_lib.dir/src/diff_drive_controller.cpp.o[0m
[1.097s] [ 50%] [32mBuilding CXX object CMakeFiles/turtlebot3_node_lib.dir/src/devices/motor_power.cpp.o[0m
[1.097s] [ 57%] [32mBuilding CXX object CMakeFiles/turtlebot3_node_lib.dir/src/devices/sound.cpp.o[0m
[1.098s] [ 64%] [32mBuilding CXX object CMakeFiles/turtlebot3_node_lib.dir/src/dynamixel_sdk_wrapper.cpp.o[0m
[1.098s] [ 71%] [32mBuilding CXX object CMakeFiles/turtlebot3_node_lib.dir/src/sensors/joint_state.cpp.o[0m
[1.100s] [ 78%] [32mBuilding CXX object CMakeFiles/turtlebot3_node_lib.dir/src/sensors/sensor_state.cpp.o[0m
[11.712s] [ 85%] [32m[1mLinking CXX static library libturtlebot3_node_lib.a[0m
[12.090s] [ 85%] Built target turtlebot3_node_lib
[12.117s] [ 92%] [32mBuilding CXX object CMakeFiles/turtlebot3_ros.dir/src/node_main.cpp.o[0m
[14.242s] [100%] [32m[1mLinking CXX executable turtlebot3_ros[0m
[15.528s] [100%] Built target turtlebot3_ros
[15.540s] Invoked command in '/home/ssafy/turtlebot3_ws/build/turtlebot3_node' returned '0': AMENT_PREFIX_PATH=/home/ssafy/turtlebot3_ws/install/turtlebot3_msgs:/home/ssafy/turtlebot3_ws/install/dynamixel_sdk:${AMENT_PREFIX_PATH} CMAKE_PREFIX_PATH=/home/ssafy/turtlebot3_ws/install/turtlebot3_msgs:/home/ssafy/turtlebot3_ws/install/dynamixel_sdk:/home/ssafy/ssafy_ws/install/simple_car_tf:/opt/ros/humble LD_LIBRARY_PATH=/home/ssafy/turtlebot3_ws/install/turtlebot3_msgs/lib:/home/ssafy/turtlebot3_ws/install/dynamixel_sdk/lib:${LD_LIBRARY_PATH} PYTHONPATH=/home/ssafy/turtlebot3_ws/install/turtlebot3_msgs/local/lib/python3.10/dist-packages:/home/ssafy/turtlebot3_ws/install/dynamixel_sdk/local/lib/python3.10/dist-packages:${PYTHONPATH} /usr/bin/cmake --build /home/ssafy/turtlebot3_ws/build/turtlebot3_node -- -j20 -l20
[15.542s] Invoking command in '/home/ssafy/turtlebot3_ws/build/turtlebot3_node': AMENT_PREFIX_PATH=/home/ssafy/turtlebot3_ws/install/turtlebot3_msgs:/home/ssafy/turtlebot3_ws/install/dynamixel_sdk:${AMENT_PREFIX_PATH} CMAKE_PREFIX_PATH=/home/ssafy/turtlebot3_ws/install/turtlebot3_msgs:/home/ssafy/turtlebot3_ws/install/dynamixel_sdk:/home/ssafy/ssafy_ws/install/simple_car_tf:/opt/ros/humble LD_LIBRARY_PATH=/home/ssafy/turtlebot3_ws/install/turtlebot3_msgs/lib:/home/ssafy/turtlebot3_ws/install/dynamixel_sdk/lib:${LD_LIBRARY_PATH} PYTHONPATH=/home/ssafy/turtlebot3_ws/install/turtlebot3_msgs/local/lib/python3.10/dist-packages:/home/ssafy/turtlebot3_ws/install/dynamixel_sdk/local/lib/python3.10/dist-packages:${PYTHONPATH} /usr/bin/cmake --install /home/ssafy/turtlebot3_ws/build/turtlebot3_node
[15.548s] -- Install configuration: ""
[15.549s] -- Execute custom install script
[15.549s] -- Symlinking: /home/ssafy/turtlebot3_ws/install/turtlebot3_node/share/turtlebot3_node/param/burger.yaml
[15.556s] -- Symlinking: /home/ssafy/turtlebot3_ws/install/turtlebot3_node/share/turtlebot3_node/param/waffle.yaml
[15.568s] -- Symlinking: /home/ssafy/turtlebot3_ws/install/turtlebot3_node/share/turtlebot3_node/param/waffle_pi.yaml
[15.577s] -- Symlinking: /home/ssafy/turtlebot3_ws/install/turtlebot3_node/lib/turtlebot3_node/turtlebot3_ros
[15.588s] -- Symlinking: /home/ssafy/turtlebot3_ws/install/turtlebot3_node/share/ament_index/resource_index/package_run_dependencies/turtlebot3_node
[15.598s] -- Symlinking: /home/ssafy/turtlebot3_ws/install/turtlebot3_node/share/ament_index/resource_index/parent_prefix_path/turtlebot3_node
[15.609s] -- Symlinking: /home/ssafy/turtlebot3_ws/install/turtlebot3_node/share/turtlebot3_node/environment/ament_prefix_path.sh
[15.619s] -- Symlinking: /home/ssafy/turtlebot3_ws/install/turtlebot3_node/share/turtlebot3_node/environment/ament_prefix_path.dsv
[15.628s] -- Symlinking: /home/ssafy/turtlebot3_ws/install/turtlebot3_node/share/turtlebot3_node/environment/path.sh
[15.638s] -- Symlinking: /home/ssafy/turtlebot3_ws/install/turtlebot3_node/share/turtlebot3_node/environment/path.dsv
[15.648s] -- Symlinking: /home/ssafy/turtlebot3_ws/install/turtlebot3_node/share/turtlebot3_node/local_setup.bash
[15.659s] -- Symlinking: /home/ssafy/turtlebot3_ws/install/turtlebot3_node/share/turtlebot3_node/local_setup.sh
[15.671s] -- Symlinking: /home/ssafy/turtlebot3_ws/install/turtlebot3_node/share/turtlebot3_node/local_setup.zsh
[15.683s] -- Symlinking: /home/ssafy/turtlebot3_ws/install/turtlebot3_node/share/turtlebot3_node/local_setup.dsv
[15.695s] -- Symlinking: /home/ssafy/turtlebot3_ws/install/turtlebot3_node/share/turtlebot3_node/package.dsv
[15.706s] -- Symlinking: /home/ssafy/turtlebot3_ws/install/turtlebot3_node/share/ament_index/resource_index/packages/turtlebot3_node
[15.717s] -- Symlinking: /home/ssafy/turtlebot3_ws/install/turtlebot3_node/share/turtlebot3_node/cmake/ament_cmake_export_dependencies-extras.cmake
[15.727s] -- Symlinking: /home/ssafy/turtlebot3_ws/install/turtlebot3_node/share/turtlebot3_node/cmake/ament_cmake_export_include_directories-extras.cmake
[15.737s] -- Symlinking: /home/ssafy/turtlebot3_ws/install/turtlebot3_node/share/turtlebot3_node/cmake/turtlebot3_nodeConfig.cmake
[15.747s] -- Symlinking: /home/ssafy/turtlebot3_ws/install/turtlebot3_node/share/turtlebot3_node/cmake/turtlebot3_nodeConfig-version.cmake
[15.759s] -- Symlinking: /home/ssafy/turtlebot3_ws/install/turtlebot3_node/share/turtlebot3_node/package.xml
[15.777s] Invoked command in '/home/ssafy/turtlebot3_ws/build/turtlebot3_node' returned '0': AMENT_PREFIX_PATH=/home/ssafy/turtlebot3_ws/install/turtlebot3_msgs:/home/ssafy/turtlebot3_ws/install/dynamixel_sdk:${AMENT_PREFIX_PATH} CMAKE_PREFIX_PATH=/home/ssafy/turtlebot3_ws/install/turtlebot3_msgs:/home/ssafy/turtlebot3_ws/install/dynamixel_sdk:/home/ssafy/ssafy_ws/install/simple_car_tf:/opt/ros/humble LD_LIBRARY_PATH=/home/ssafy/turtlebot3_ws/install/turtlebot3_msgs/lib:/home/ssafy/turtlebot3_ws/install/dynamixel_sdk/lib:${LD_LIBRARY_PATH} PYTHONPATH=/home/ssafy/turtlebot3_ws/install/turtlebot3_msgs/local/lib/python3.10/dist-packages:/home/ssafy/turtlebot3_ws/install/dynamixel_sdk/local/lib/python3.10/dist-packages:${PYTHONPATH} /usr/bin/cmake --install /home/ssafy/turtlebot3_ws/build/turtlebot3_node
