[0.525s] Invoking command in '/home/ssafy/turtle_ws/src/turtle_controller': PYTHONPATH=/home/ssafy/turtle_ws/build/turtle_controller/prefix_override:/usr/lib/python3/dist-packages/colcon_core/task/python/colcon_distutils_commands:/home/ssafy/turtle_ws/install/turtle_controller/lib/python3.10/site-packages:${PYTHONPATH} /usr/bin/python3 -W ignore:setup.py install is deprecated -W ignore:easy_install command is deprecated setup.py egg_info --egg-base ../../build/turtle_controller build --build-base /home/ssafy/turtle_ws/build/turtle_controller/build install --record /home/ssafy/turtle_ws/build/turtle_controller/install.log --single-version-externally-managed install_data
[0.665s] running egg_info
[0.665s] writing ../../build/turtle_controller/turtle_controller.egg-info/PKG-INFO
[0.666s] writing dependency_links to ../../build/turtle_controller/turtle_controller.egg-info/dependency_links.txt
[0.666s] writing entry points to ../../build/turtle_controller/turtle_controller.egg-info/entry_points.txt
[0.666s] writing requirements to ../../build/turtle_controller/turtle_controller.egg-info/requires.txt
[0.666s] writing top-level names to ../../build/turtle_controller/turtle_controller.egg-info/top_level.txt
[0.666s] reading manifest file '../../build/turtle_controller/turtle_controller.egg-info/SOURCES.txt'
[0.667s] writing manifest file '../../build/turtle_controller/turtle_controller.egg-info/SOURCES.txt'
[0.667s] running build
[0.667s] running build_py
[0.667s] copying turtle_controller/turtle_controller.py -> /home/ssafy/turtle_ws/build/turtle_controller/build/lib/turtle_controller
[0.667s] running install
[0.668s] running install_lib
[0.668s] copying /home/ssafy/turtle_ws/build/turtle_controller/build/lib/turtle_controller/turtle_controller.py -> /home/ssafy/turtle_ws/install/turtle_controller/lib/python3.10/site-packages/turtle_controller
[0.668s] byte-compiling /home/ssafy/turtle_ws/install/turtle_controller/lib/python3.10/site-packages/turtle_controller/turtle_controller.py to turtle_controller.cpython-310.pyc
[0.669s] running install_data
[0.669s] running install_egg_info
[0.670s] removing '/home/ssafy/turtle_ws/install/turtle_controller/lib/python3.10/site-packages/turtle_controller-0.0.0-py3.10.egg-info' (and everything under it)
[0.670s] Copying ../../build/turtle_controller/turtle_controller.egg-info to /home/ssafy/turtle_ws/install/turtle_controller/lib/python3.10/site-packages/turtle_controller-0.0.0-py3.10.egg-info
[0.671s] running install_scripts
[0.683s] Installing turtle_controller script to /home/ssafy/turtle_ws/install/turtle_controller/lib/turtle_controller
[0.684s] writing list of installed files to '/home/ssafy/turtle_ws/build/turtle_controller/install.log'
[0.700s] Invoked command in '/home/ssafy/turtle_ws/src/turtle_controller' returned '0': PYTHONPATH=/home/ssafy/turtle_ws/build/turtle_controller/prefix_override:/usr/lib/python3/dist-packages/colcon_core/task/python/colcon_distutils_commands:/home/ssafy/turtle_ws/install/turtle_controller/lib/python3.10/site-packages:${PYTHONPATH} /usr/bin/python3 -W ignore:setup.py install is deprecated -W ignore:easy_install command is deprecated setup.py egg_info --egg-base ../../build/turtle_controller build --build-base /home/ssafy/turtle_ws/build/turtle_controller/build install --record /home/ssafy/turtle_ws/build/turtle_controller/install.log --single-version-externally-managed install_data
