[0.534s] Invoking command in '/home/ssafy/ssafy_ws/src/my_robot_controller': PYTHONPATH=/home/ssafy/ssafy_ws/build/my_robot_controller/prefix_override:/usr/lib/python3/dist-packages/colcon_core/task/python/colcon_distutils_commands:/home/ssafy/ssafy_ws/install/my_robot_controller/lib/python3.10/site-packages:${PYTHONPATH} /usr/bin/python3 -W ignore:setup.py install is deprecated -W ignore:easy_install command is deprecated setup.py egg_info --egg-base ../../build/my_robot_controller build --build-base /home/ssafy/ssafy_ws/build/my_robot_controller/build install --record /home/ssafy/ssafy_ws/build/my_robot_controller/install.log --single-version-externally-managed install_data
[0.684s] running egg_info
[0.685s] writing ../../build/my_robot_controller/my_robot_controller.egg-info/PKG-INFO
[0.685s] writing dependency_links to ../../build/my_robot_controller/my_robot_controller.egg-info/dependency_links.txt
[0.685s] writing entry points to ../../build/my_robot_controller/my_robot_controller.egg-info/entry_points.txt
[0.685s] writing requirements to ../../build/my_robot_controller/my_robot_controller.egg-info/requires.txt
[0.685s] writing top-level names to ../../build/my_robot_controller/my_robot_controller.egg-info/top_level.txt
[0.686s] reading manifest file '../../build/my_robot_controller/my_robot_controller.egg-info/SOURCES.txt'
[0.686s] writing manifest file '../../build/my_robot_controller/my_robot_controller.egg-info/SOURCES.txt'
[0.686s] running build
[0.686s] running build_py
[0.687s] copying my_robot_controller/forward_node.py -> /home/ssafy/ssafy_ws/build/my_robot_controller/build/lib/my_robot_controller
[0.687s] running install
[0.687s] running install_lib
[0.687s] copying /home/ssafy/ssafy_ws/build/my_robot_controller/build/lib/my_robot_controller/forward_node.py -> /home/ssafy/ssafy_ws/install/my_robot_controller/lib/python3.10/site-packages/my_robot_controller
[0.687s] byte-compiling /home/ssafy/ssafy_ws/install/my_robot_controller/lib/python3.10/site-packages/my_robot_controller/forward_node.py to forward_node.cpython-310.pyc
[0.688s] running install_data
[0.688s] running install_egg_info
[0.689s] removing '/home/ssafy/ssafy_ws/install/my_robot_controller/lib/python3.10/site-packages/my_robot_controller-0.0.0-py3.10.egg-info' (and everything under it)
[0.689s] Copying ../../build/my_robot_controller/my_robot_controller.egg-info to /home/ssafy/ssafy_ws/install/my_robot_controller/lib/python3.10/site-packages/my_robot_controller-0.0.0-py3.10.egg-info
[0.689s] running install_scripts
[0.702s] Installing move_forward script to /home/ssafy/ssafy_ws/install/my_robot_controller/lib/my_robot_controller
[0.702s] writing list of installed files to '/home/ssafy/ssafy_ws/build/my_robot_controller/install.log'
[0.720s] Invoked command in '/home/ssafy/ssafy_ws/src/my_robot_controller' returned '0': PYTHONPATH=/home/ssafy/ssafy_ws/build/my_robot_controller/prefix_override:/usr/lib/python3/dist-packages/colcon_core/task/python/colcon_distutils_commands:/home/ssafy/ssafy_ws/install/my_robot_controller/lib/python3.10/site-packages:${PYTHONPATH} /usr/bin/python3 -W ignore:setup.py install is deprecated -W ignore:easy_install command is deprecated setup.py egg_info --egg-base ../../build/my_robot_controller build --build-base /home/ssafy/ssafy_ws/build/my_robot_controller/build install --record /home/ssafy/ssafy_ws/build/my_robot_controller/install.log --single-version-externally-managed install_data
