/home/ssafy/ssafy_ws/install/yolo/lib/python3.10/site-packages/yolo/websocket_client.py
/home/ssafy/ssafy_ws/install/yolo/lib/python3.10/site-packages/yolo/yolo_prac.py
/home/ssafy/ssafy_ws/install/yolo/lib/python3.10/site-packages/yolo/yolo.py
/home/ssafy/ssafy_ws/install/yolo/lib/python3.10/site-packages/yolo/pick_and_place.py
/home/ssafy/ssafy_ws/install/yolo/lib/python3.10/site-packages/yolo/getDistance.py
/home/ssafy/ssafy_ws/install/yolo/lib/python3.10/site-packages/yolo/yolo_prac2.py
/home/ssafy/ssafy_ws/install/yolo/lib/python3.10/site-packages/yolo/get_3DPosition.py
/home/ssafy/ssafy_ws/install/yolo/lib/python3.10/site-packages/yolo/__init__.py
/home/ssafy/ssafy_ws/install/yolo/lib/python3.10/site-packages/yolo/__pycache__/websocket_client.cpython-310.pyc
/home/ssafy/ssafy_ws/install/yolo/lib/python3.10/site-packages/yolo/__pycache__/yolo_prac.cpython-310.pyc
/home/ssafy/ssafy_ws/install/yolo/lib/python3.10/site-packages/yolo/__pycache__/yolo.cpython-310.pyc
/home/ssafy/ssafy_ws/install/yolo/lib/python3.10/site-packages/yolo/__pycache__/pick_and_place.cpython-310.pyc
/home/ssafy/ssafy_ws/install/yolo/lib/python3.10/site-packages/yolo/__pycache__/getDistance.cpython-310.pyc
/home/ssafy/ssafy_ws/install/yolo/lib/python3.10/site-packages/yolo/__pycache__/yolo_prac2.cpython-310.pyc
/home/ssafy/ssafy_ws/install/yolo/lib/python3.10/site-packages/yolo/__pycache__/get_3DPosition.cpython-310.pyc
/home/ssafy/ssafy_ws/install/yolo/lib/python3.10/site-packages/yolo/__pycache__/__init__.cpython-310.pyc
/home/ssafy/ssafy_ws/install/yolo/share/ament_index/resource_index/packages/yolo
/home/ssafy/ssafy_ws/install/yolo/share/yolo/package.xml
/home/ssafy/ssafy_ws/install/yolo/lib/python3.10/site-packages/yolo-0.0.0-py3.10.egg-info/zip-safe
/home/ssafy/ssafy_ws/install/yolo/lib/python3.10/site-packages/yolo-0.0.0-py3.10.egg-info/PKG-INFO
/home/ssafy/ssafy_ws/install/yolo/lib/python3.10/site-packages/yolo-0.0.0-py3.10.egg-info/entry_points.txt
/home/ssafy/ssafy_ws/install/yolo/lib/python3.10/site-packages/yolo-0.0.0-py3.10.egg-info/dependency_links.txt
/home/ssafy/ssafy_ws/install/yolo/lib/python3.10/site-packages/yolo-0.0.0-py3.10.egg-info/requires.txt
/home/ssafy/ssafy_ws/install/yolo/lib/python3.10/site-packages/yolo-0.0.0-py3.10.egg-info/SOURCES.txt
/home/ssafy/ssafy_ws/install/yolo/lib/python3.10/site-packages/yolo-0.0.0-py3.10.egg-info/top_level.txt
/home/ssafy/ssafy_ws/install/yolo/lib/yolo/getDistance
/home/ssafy/ssafy_ws/install/yolo/lib/yolo/websocket_client
/home/ssafy/ssafy_ws/install/yolo/lib/yolo/yolo
/home/ssafy/ssafy_ws/install/yolo/lib/yolo/yolo_prac
