[1.230s] Invoking command in '/home/ssafy/ssafy_ws/src/simple_car_tf': PYTHONPATH=/home/ssafy/ssafy_ws/build/simple_car_tf/prefix_override:/usr/lib/python3/dist-packages/colcon_core/task/python/colcon_distutils_commands:/home/ssafy/ssafy_ws/install/simple_car_tf/lib/python3.10/site-packages:${PYTHONPATH} /usr/bin/python3 -W ignore:setup.py install is deprecated -W ignore:easy_install command is deprecated setup.py egg_info --egg-base ../../build/simple_car_tf build --build-base /home/ssafy/ssafy_ws/build/simple_car_tf/build install --record /home/ssafy/ssafy_ws/build/simple_car_tf/install.log --single-version-externally-managed install_data
[1.460s] running egg_info
[1.460s] writing ../../build/simple_car_tf/simple_car_tf.egg-info/PKG-INFO
[1.460s] writing dependency_links to ../../build/simple_car_tf/simple_car_tf.egg-info/dependency_links.txt
[1.460s] writing entry points to ../../build/simple_car_tf/simple_car_tf.egg-info/entry_points.txt
[1.461s] writing requirements to ../../build/simple_car_tf/simple_car_tf.egg-info/requires.txt
[1.461s] writing top-level names to ../../build/simple_car_tf/simple_car_tf.egg-info/top_level.txt
[1.462s] reading manifest file '../../build/simple_car_tf/simple_car_tf.egg-info/SOURCES.txt'
[1.463s] writing manifest file '../../build/simple_car_tf/simple_car_tf.egg-info/SOURCES.txt'
[1.463s] running build
[1.463s] running build_py
[1.463s] running install
[1.463s] running install_lib
[1.464s] running install_data
[1.464s] running install_egg_info
[1.466s] removing '/home/ssafy/ssafy_ws/install/simple_car_tf/lib/python3.10/site-packages/simple_car_tf-0.0.0-py3.10.egg-info' (and everything under it)
[1.466s] Copying ../../build/simple_car_tf/simple_car_tf.egg-info to /home/ssafy/ssafy_ws/install/simple_car_tf/lib/python3.10/site-packages/simple_car_tf-0.0.0-py3.10.egg-info
[1.467s] running install_scripts
[1.484s] Installing move_car script to /home/ssafy/ssafy_ws/install/simple_car_tf/lib/simple_car_tf
[1.484s] writing list of installed files to '/home/ssafy/ssafy_ws/build/simple_car_tf/install.log'
[1.498s] Invoked command in '/home/ssafy/ssafy_ws/src/simple_car_tf' returned '0': PYTHONPATH=/home/ssafy/ssafy_ws/build/simple_car_tf/prefix_override:/usr/lib/python3/dist-packages/colcon_core/task/python/colcon_distutils_commands:/home/ssafy/ssafy_ws/install/simple_car_tf/lib/python3.10/site-packages:${PYTHONPATH} /usr/bin/python3 -W ignore:setup.py install is deprecated -W ignore:easy_install command is deprecated setup.py egg_info --egg-base ../../build/simple_car_tf build --build-base /home/ssafy/ssafy_ws/build/simple_car_tf/build install --record /home/ssafy/ssafy_ws/build/simple_car_tf/install.log --single-version-externally-managed install_data
