[0.364s] Invoking command in '/home/ssafy/turtle_ws/src/turtle_spawner': PYTHONPATH=/home/ssafy/turtle_ws/build/turtle_spawner/prefix_override:/usr/lib/python3/dist-packages/colcon_core/task/python/colcon_distutils_commands:/home/ssafy/turtle_ws/install/turtle_spawner/lib/python3.10/site-packages:${PYTHONPATH} /usr/bin/python3 -W ignore:setup.py install is deprecated -W ignore:easy_install command is deprecated setup.py egg_info --egg-base ../../build/turtle_spawner build --build-base /home/ssafy/turtle_ws/build/turtle_spawner/build install --record /home/ssafy/turtle_ws/build/turtle_spawner/install.log --single-version-externally-managed install_data
[0.506s] running egg_info
[0.506s] creating ../../build/turtle_spawner/turtle_spawner.egg-info
[0.506s] writing ../../build/turtle_spawner/turtle_spawner.egg-info/PKG-INFO
[0.506s] writing dependency_links to ../../build/turtle_spawner/turtle_spawner.egg-info/dependency_links.txt
[0.506s] writing entry points to ../../build/turtle_spawner/turtle_spawner.egg-info/entry_points.txt
[0.507s] writing requirements to ../../build/turtle_spawner/turtle_spawner.egg-info/requires.txt
[0.507s] writing top-level names to ../../build/turtle_spawner/turtle_spawner.egg-info/top_level.txt
[0.507s] writing manifest file '../../build/turtle_spawner/turtle_spawner.egg-info/SOURCES.txt'
[0.507s] reading manifest file '../../build/turtle_spawner/turtle_spawner.egg-info/SOURCES.txt'
[0.508s] writing manifest file '../../build/turtle_spawner/turtle_spawner.egg-info/SOURCES.txt'
[0.508s] running build
[0.508s] running build_py
[0.508s] creating /home/ssafy/turtle_ws/build/turtle_spawner/build
[0.508s] creating /home/ssafy/turtle_ws/build/turtle_spawner/build/lib
[0.508s] creating /home/ssafy/turtle_ws/build/turtle_spawner/build/lib/turtle_spawner
[0.508s] copying turtle_spawner/__init__.py -> /home/ssafy/turtle_ws/build/turtle_spawner/build/lib/turtle_spawner
[0.508s] running install
[0.508s] running install_lib
[0.509s] creating /home/ssafy/turtle_ws/install/turtle_spawner/lib/python3.10/site-packages/turtle_spawner
[0.509s] copying /home/ssafy/turtle_ws/build/turtle_spawner/build/lib/turtle_spawner/__init__.py -> /home/ssafy/turtle_ws/install/turtle_spawner/lib/python3.10/site-packages/turtle_spawner
[0.509s] byte-compiling /home/ssafy/turtle_ws/install/turtle_spawner/lib/python3.10/site-packages/turtle_spawner/__init__.py to __init__.cpython-310.pyc
[0.509s] running install_data
[0.509s] creating /home/ssafy/turtle_ws/install/turtle_spawner/share/ament_index
[0.509s] creating /home/ssafy/turtle_ws/install/turtle_spawner/share/ament_index/resource_index
[0.509s] creating /home/ssafy/turtle_ws/install/turtle_spawner/share/ament_index/resource_index/packages
[0.509s] copying resource/turtle_spawner -> /home/ssafy/turtle_ws/install/turtle_spawner/share/ament_index/resource_index/packages
[0.509s] copying package.xml -> /home/ssafy/turtle_ws/install/turtle_spawner/share/turtle_spawner
[0.509s] running install_egg_info
[0.511s] Copying ../../build/turtle_spawner/turtle_spawner.egg-info to /home/ssafy/turtle_ws/install/turtle_spawner/lib/python3.10/site-packages/turtle_spawner-0.0.0-py3.10.egg-info
[0.511s] running install_scripts
[0.524s] writing list of installed files to '/home/ssafy/turtle_ws/build/turtle_spawner/install.log'
[0.538s] Invoked command in '/home/ssafy/turtle_ws/src/turtle_spawner' returned '0': PYTHONPATH=/home/ssafy/turtle_ws/build/turtle_spawner/prefix_override:/usr/lib/python3/dist-packages/colcon_core/task/python/colcon_distutils_commands:/home/ssafy/turtle_ws/install/turtle_spawner/lib/python3.10/site-packages:${PYTHONPATH} /usr/bin/python3 -W ignore:setup.py install is deprecated -W ignore:easy_install command is deprecated setup.py egg_info --egg-base ../../build/turtle_spawner build --build-base /home/ssafy/turtle_ws/build/turtle_spawner/build install --record /home/ssafy/turtle_ws/build/turtle_spawner/install.log --single-version-externally-managed install_data
