running egg_info
creating ../../build/sensor_sub_pkg/sensor_sub_pkg.egg-info
writing ../../build/sensor_sub_pkg/sensor_sub_pkg.egg-info/PKG-INFO
writing dependency_links to ../../build/sensor_sub_pkg/sensor_sub_pkg.egg-info/dependency_links.txt
writing entry points to ../../build/sensor_sub_pkg/sensor_sub_pkg.egg-info/entry_points.txt
writing requirements to ../../build/sensor_sub_pkg/sensor_sub_pkg.egg-info/requires.txt
writing top-level names to ../../build/sensor_sub_pkg/sensor_sub_pkg.egg-info/top_level.txt
writing manifest file '../../build/sensor_sub_pkg/sensor_sub_pkg.egg-info/SOURCES.txt'
reading manifest file '../../build/sensor_sub_pkg/sensor_sub_pkg.egg-info/SOURCES.txt'
writing manifest file '../../build/sensor_sub_pkg/sensor_sub_pkg.egg-info/SOURCES.txt'
running build
running build_py
creating /home/ssafy/ssafy_ws/build/sensor_sub_pkg/build
creating /home/ssafy/ssafy_ws/build/sensor_sub_pkg/build/lib
creating /home/ssafy/ssafy_ws/build/sensor_sub_pkg/build/lib/sensor_sub_pkg
copying sensor_sub_pkg/__init__.py -> /home/ssafy/ssafy_ws/build/sensor_sub_pkg/build/lib/sensor_sub_pkg
running install
running install_lib
creating /home/ssafy/ssafy_ws/install/sensor_sub_pkg/lib/python3.10/site-packages/sensor_sub_pkg
copying /home/ssafy/ssafy_ws/build/sensor_sub_pkg/build/lib/sensor_sub_pkg/__init__.py -> /home/ssafy/ssafy_ws/install/sensor_sub_pkg/lib/python3.10/site-packages/sensor_sub_pkg
byte-compiling /home/ssafy/ssafy_ws/install/sensor_sub_pkg/lib/python3.10/site-packages/sensor_sub_pkg/__init__.py to __init__.cpython-310.pyc
running install_data
creating /home/ssafy/ssafy_ws/install/sensor_sub_pkg/share/ament_index
creating /home/ssafy/ssafy_ws/install/sensor_sub_pkg/share/ament_index/resource_index
creating /home/ssafy/ssafy_ws/install/sensor_sub_pkg/share/ament_index/resource_index/packages
copying resource/sensor_sub_pkg -> /home/ssafy/ssafy_ws/install/sensor_sub_pkg/share/ament_index/resource_index/packages
copying package.xml -> /home/ssafy/ssafy_ws/install/sensor_sub_pkg/share/sensor_sub_pkg
running install_egg_info
Copying ../../build/sensor_sub_pkg/sensor_sub_pkg.egg-info to /home/ssafy/ssafy_ws/install/sensor_sub_pkg/lib/python3.10/site-packages/sensor_sub_pkg-0.0.0-py3.10.egg-info
running install_scripts
writing list of installed files to '/home/ssafy/ssafy_ws/build/sensor_sub_pkg/install.log'
