[0.032s] Invoking command in '/home/ssafy/turtlebot3_ws/build/dynamixel_sdk': CMAKE_PREFIX_PATH=${CMAKE_PREFIX_PATH}:/home/ssafy/magician_ros2_control_system_ws/install/dobot_visualization_tools:/home/ssafy/magician_ros2_control_system_ws/install/dobot_state_updater:/home/ssafy/magician_ros2_control_system_ws/install/dobot_motion:/home/ssafy/magician_ros2_control_system_ws/install/dobot_kinematics:/home/ssafy/magician_ros2_control_system_ws/install/dobot_homing:/home/ssafy/magician_ros2_control_system_ws/install/dobot_end_effector:/home/ssafy/magician_ros2_control_system_ws/install/dobot_diagnostics:/home/ssafy/magician_ros2_control_system_ws/install/dobot_demos:/home/ssafy/magician_ros2_control_system_ws/install/dobot_control_panel:/home/ssafy/magician_ros2_control_system_ws/install/dobot_bringup:/home/ssafy/turtlebot3_ws/install/turtlebot3_teleop:/home/ssafy/turtlebot3_ws/install/turtlebot3_example:/home/ssafy/ssafy_ws/install/slam_control:/home/ssafy/ssafy_ws/install/simple_car_tf:/home/ssafy/ssafy_ws/install/sensor_sub_pkg:/home/ssafy/ssafy_ws/install/my_robot_controller:/home/ssafy/ssafy_ws/install/intergrate_prac:/home/ssafy/ssafy_ws/install/dobot_control:/opt/ros/humble /usr/bin/cmake --build /home/ssafy/turtlebot3_ws/build/dynamixel_sdk -- -j20 -l20
[0.069s] [100%] Built target dynamixel_sdk
[0.075s] [100%] Built target ament_cmake_python_symlink_dynamixel_sdk
[0.306s] running egg_info
[0.307s] writing dynamixel_sdk.egg-info/PKG-INFO
[0.307s] writing dependency_links to dynamixel_sdk.egg-info/dependency_links.txt
[0.307s] writing top-level names to dynamixel_sdk.egg-info/top_level.txt
[0.310s] reading manifest file 'dynamixel_sdk.egg-info/SOURCES.txt'
[0.310s] writing manifest file 'dynamixel_sdk.egg-info/SOURCES.txt'
[0.341s] [100%] Built target ament_cmake_python_build_dynamixel_sdk_egg
[0.387s] Invoked command in '/home/ssafy/turtlebot3_ws/build/dynamixel_sdk' returned '0': CMAKE_PREFIX_PATH=${CMAKE_PREFIX_PATH}:/home/ssafy/magician_ros2_control_system_ws/install/dobot_visualization_tools:/home/ssafy/magician_ros2_control_system_ws/install/dobot_state_updater:/home/ssafy/magician_ros2_control_system_ws/install/dobot_motion:/home/ssafy/magician_ros2_control_system_ws/install/dobot_kinematics:/home/ssafy/magician_ros2_control_system_ws/install/dobot_homing:/home/ssafy/magician_ros2_control_system_ws/install/dobot_end_effector:/home/ssafy/magician_ros2_control_system_ws/install/dobot_diagnostics:/home/ssafy/magician_ros2_control_system_ws/install/dobot_demos:/home/ssafy/magician_ros2_control_system_ws/install/dobot_control_panel:/home/ssafy/magician_ros2_control_system_ws/install/dobot_bringup:/home/ssafy/turtlebot3_ws/install/turtlebot3_teleop:/home/ssafy/turtlebot3_ws/install/turtlebot3_example:/home/ssafy/ssafy_ws/install/slam_control:/home/ssafy/ssafy_ws/install/simple_car_tf:/home/ssafy/ssafy_ws/install/sensor_sub_pkg:/home/ssafy/ssafy_ws/install/my_robot_controller:/home/ssafy/ssafy_ws/install/intergrate_prac:/home/ssafy/ssafy_ws/install/dobot_control:/opt/ros/humble /usr/bin/cmake --build /home/ssafy/turtlebot3_ws/build/dynamixel_sdk -- -j20 -l20
[0.392s] Invoking command in '/home/ssafy/turtlebot3_ws/build/dynamixel_sdk': CMAKE_PREFIX_PATH=${CMAKE_PREFIX_PATH}:/home/ssafy/magician_ros2_control_system_ws/install/dobot_visualization_tools:/home/ssafy/magician_ros2_control_system_ws/install/dobot_state_updater:/home/ssafy/magician_ros2_control_system_ws/install/dobot_motion:/home/ssafy/magician_ros2_control_system_ws/install/dobot_kinematics:/home/ssafy/magician_ros2_control_system_ws/install/dobot_homing:/home/ssafy/magician_ros2_control_system_ws/install/dobot_end_effector:/home/ssafy/magician_ros2_control_system_ws/install/dobot_diagnostics:/home/ssafy/magician_ros2_control_system_ws/install/dobot_demos:/home/ssafy/magician_ros2_control_system_ws/install/dobot_control_panel:/home/ssafy/magician_ros2_control_system_ws/install/dobot_bringup:/home/ssafy/turtlebot3_ws/install/turtlebot3_teleop:/home/ssafy/turtlebot3_ws/install/turtlebot3_example:/home/ssafy/ssafy_ws/install/slam_control:/home/ssafy/ssafy_ws/install/simple_car_tf:/home/ssafy/ssafy_ws/install/sensor_sub_pkg:/home/ssafy/ssafy_ws/install/my_robot_controller:/home/ssafy/ssafy_ws/install/intergrate_prac:/home/ssafy/ssafy_ws/install/dobot_control:/opt/ros/humble /usr/bin/cmake --install /home/ssafy/turtlebot3_ws/build/dynamixel_sdk
[0.402s] -- Install configuration: ""
[0.403s] -- Execute custom install script
[0.404s] -- Up-to-date symlink: /home/ssafy/turtlebot3_ws/install/dynamixel_sdk/include//dynamixel_sdk/dynamixel_sdk.h
[0.404s] -- Up-to-date symlink: /home/ssafy/turtlebot3_ws/install/dynamixel_sdk/include//dynamixel_sdk/group_bulk_read.h
[0.404s] -- Up-to-date symlink: /home/ssafy/turtlebot3_ws/install/dynamixel_sdk/include//dynamixel_sdk/group_bulk_write.h
[0.404s] -- Up-to-date symlink: /home/ssafy/turtlebot3_ws/install/dynamixel_sdk/include//dynamixel_sdk/group_fast_bulk_read.h
[0.404s] -- Up-to-date symlink: /home/ssafy/turtlebot3_ws/install/dynamixel_sdk/include//dynamixel_sdk/group_fast_sync_read.h
[0.404s] -- Up-to-date symlink: /home/ssafy/turtlebot3_ws/install/dynamixel_sdk/include//dynamixel_sdk/group_handler.h
[0.404s] -- Up-to-date symlink: /home/ssafy/turtlebot3_ws/install/dynamixel_sdk/include//dynamixel_sdk/group_sync_read.h
[0.404s] -- Up-to-date symlink: /home/ssafy/turtlebot3_ws/install/dynamixel_sdk/include//dynamixel_sdk/group_sync_write.h
[0.404s] -- Up-to-date symlink: /home/ssafy/turtlebot3_ws/install/dynamixel_sdk/include//dynamixel_sdk/packet_handler.h
[0.404s] -- Up-to-date symlink: /home/ssafy/turtlebot3_ws/install/dynamixel_sdk/include//dynamixel_sdk/port_handler.h
[0.405s] -- Up-to-date symlink: /home/ssafy/turtlebot3_ws/install/dynamixel_sdk/include//dynamixel_sdk/port_handler_arduino.h
[0.405s] -- Up-to-date symlink: /home/ssafy/turtlebot3_ws/install/dynamixel_sdk/include//dynamixel_sdk/port_handler_linux.h
[0.405s] -- Up-to-date symlink: /home/ssafy/turtlebot3_ws/install/dynamixel_sdk/include//dynamixel_sdk/port_handler_mac.h
[0.405s] -- Up-to-date symlink: /home/ssafy/turtlebot3_ws/install/dynamixel_sdk/include//dynamixel_sdk/port_handler_windows.h
[0.405s] -- Up-to-date symlink: /home/ssafy/turtlebot3_ws/install/dynamixel_sdk/include//dynamixel_sdk/protocol1_packet_handler.h
[0.406s] -- Up-to-date symlink: /home/ssafy/turtlebot3_ws/install/dynamixel_sdk/include//dynamixel_sdk/protocol2_packet_handler.h
[0.406s] -- Up-to-date symlink: /home/ssafy/turtlebot3_ws/install/dynamixel_sdk/share/dynamixel_sdk/environment/pythonpath.sh
[0.406s] -- Up-to-date symlink: /home/ssafy/turtlebot3_ws/install/dynamixel_sdk/share/dynamixel_sdk/environment/pythonpath.dsv
[0.406s] -- Up-to-date symlink: /home/ssafy/turtlebot3_ws/install/dynamixel_sdk/local/lib/python3.10/dist-packages/dynamixel_sdk-3.8.4-py3.10.egg-info/PKG-INFO
[0.406s] -- Up-to-date symlink: /home/ssafy/turtlebot3_ws/install/dynamixel_sdk/local/lib/python3.10/dist-packages/dynamixel_sdk-3.8.4-py3.10.egg-info/SOURCES.txt
[0.406s] -- Up-to-date symlink: /home/ssafy/turtlebot3_ws/install/dynamixel_sdk/local/lib/python3.10/dist-packages/dynamixel_sdk-3.8.4-py3.10.egg-info/dependency_links.txt
[0.406s] -- Up-to-date symlink: /home/ssafy/turtlebot3_ws/install/dynamixel_sdk/local/lib/python3.10/dist-packages/dynamixel_sdk-3.8.4-py3.10.egg-info/top_level.txt
[0.407s] -- Up-to-date symlink: /home/ssafy/turtlebot3_ws/install/dynamixel_sdk/local/lib/python3.10/dist-packages/dynamixel_sdk/__init__.py
[0.407s] -- Up-to-date symlink: /home/ssafy/turtlebot3_ws/install/dynamixel_sdk/local/lib/python3.10/dist-packages/dynamixel_sdk/group_bulk_read.cpp
[0.407s] -- Up-to-date symlink: /home/ssafy/turtlebot3_ws/install/dynamixel_sdk/local/lib/python3.10/dist-packages/dynamixel_sdk/group_bulk_read.py
[0.407s] -- Up-to-date symlink: /home/ssafy/turtlebot3_ws/install/dynamixel_sdk/local/lib/python3.10/dist-packages/dynamixel_sdk/group_bulk_write.cpp
[0.407s] -- Up-to-date symlink: /home/ssafy/turtlebot3_ws/install/dynamixel_sdk/local/lib/python3.10/dist-packages/dynamixel_sdk/group_bulk_write.py
[0.407s] -- Up-to-date symlink: /home/ssafy/turtlebot3_ws/install/dynamixel_sdk/local/lib/python3.10/dist-packages/dynamixel_sdk/group_fast_bulk_read.cpp
[0.408s] -- Up-to-date symlink: /home/ssafy/turtlebot3_ws/install/dynamixel_sdk/local/lib/python3.10/dist-packages/dynamixel_sdk/group_fast_sync_read.cpp
[0.408s] -- Up-to-date symlink: /home/ssafy/turtlebot3_ws/install/dynamixel_sdk/local/lib/python3.10/dist-packages/dynamixel_sdk/group_handler.cpp
[0.408s] -- Up-to-date symlink: /home/ssafy/turtlebot3_ws/install/dynamixel_sdk/local/lib/python3.10/dist-packages/dynamixel_sdk/group_sync_read.cpp
[0.408s] -- Up-to-date symlink: /home/ssafy/turtlebot3_ws/install/dynamixel_sdk/local/lib/python3.10/dist-packages/dynamixel_sdk/group_sync_read.py
[0.408s] -- Up-to-date symlink: /home/ssafy/turtlebot3_ws/install/dynamixel_sdk/local/lib/python3.10/dist-packages/dynamixel_sdk/group_sync_write.cpp
[0.408s] -- Up-to-date symlink: /home/ssafy/turtlebot3_ws/install/dynamixel_sdk/local/lib/python3.10/dist-packages/dynamixel_sdk/group_sync_write.py
[0.408s] -- Up-to-date symlink: /home/ssafy/turtlebot3_ws/install/dynamixel_sdk/local/lib/python3.10/dist-packages/dynamixel_sdk/packet_handler.cpp
[0.408s] -- Up-to-date symlink: /home/ssafy/turtlebot3_ws/install/dynamixel_sdk/local/lib/python3.10/dist-packages/dynamixel_sdk/packet_handler.py
[0.408s] -- Up-to-date symlink: /home/ssafy/turtlebot3_ws/install/dynamixel_sdk/local/lib/python3.10/dist-packages/dynamixel_sdk/port_handler.cpp
[0.408s] -- Up-to-date symlink: /home/ssafy/turtlebot3_ws/install/dynamixel_sdk/local/lib/python3.10/dist-packages/dynamixel_sdk/port_handler.py
[0.409s] -- Up-to-date symlink: /home/ssafy/turtlebot3_ws/install/dynamixel_sdk/local/lib/python3.10/dist-packages/dynamixel_sdk/port_handler_arduino.cpp
[0.409s] -- Up-to-date symlink: /home/ssafy/turtlebot3_ws/install/dynamixel_sdk/local/lib/python3.10/dist-packages/dynamixel_sdk/port_handler_linux.cpp
[0.409s] -- Up-to-date symlink: /home/ssafy/turtlebot3_ws/install/dynamixel_sdk/local/lib/python3.10/dist-packages/dynamixel_sdk/port_handler_mac.cpp
[0.409s] -- Up-to-date symlink: /home/ssafy/turtlebot3_ws/install/dynamixel_sdk/local/lib/python3.10/dist-packages/dynamixel_sdk/port_handler_windows.cpp
[0.409s] -- Up-to-date symlink: /home/ssafy/turtlebot3_ws/install/dynamixel_sdk/local/lib/python3.10/dist-packages/dynamixel_sdk/protocol1_packet_handler.cpp
[0.409s] -- Up-to-date symlink: /home/ssafy/turtlebot3_ws/install/dynamixel_sdk/local/lib/python3.10/dist-packages/dynamixel_sdk/protocol1_packet_handler.py
[0.409s] -- Up-to-date symlink: /home/ssafy/turtlebot3_ws/install/dynamixel_sdk/local/lib/python3.10/dist-packages/dynamixel_sdk/protocol2_packet_handler.cpp
[0.409s] -- Up-to-date symlink: /home/ssafy/turtlebot3_ws/install/dynamixel_sdk/local/lib/python3.10/dist-packages/dynamixel_sdk/protocol2_packet_handler.py
[0.409s] -- Up-to-date symlink: /home/ssafy/turtlebot3_ws/install/dynamixel_sdk/local/lib/python3.10/dist-packages/dynamixel_sdk/robotis_def.py
[0.409s] -- Up-to-date symlink: /home/ssafy/turtlebot3_ws/install/dynamixel_sdk/share/dynamixel_sdk/environment/library_path.sh
[0.409s] -- Up-to-date symlink: /home/ssafy/turtlebot3_ws/install/dynamixel_sdk/share/dynamixel_sdk/environment/library_path.dsv
[0.409s] -- Up-to-date symlink: /home/ssafy/turtlebot3_ws/install/dynamixel_sdk/share/ament_index/resource_index/package_run_dependencies/dynamixel_sdk
[0.409s] -- Up-to-date symlink: /home/ssafy/turtlebot3_ws/install/dynamixel_sdk/share/ament_index/resource_index/parent_prefix_path/dynamixel_sdk
[0.409s] -- Up-to-date symlink: /home/ssafy/turtlebot3_ws/install/dynamixel_sdk/share/dynamixel_sdk/environment/ament_prefix_path.sh
[0.410s] -- Up-to-date symlink: /home/ssafy/turtlebot3_ws/install/dynamixel_sdk/share/dynamixel_sdk/environment/ament_prefix_path.dsv
[0.410s] -- Up-to-date symlink: /home/ssafy/turtlebot3_ws/install/dynamixel_sdk/share/dynamixel_sdk/environment/path.sh
[0.410s] -- Up-to-date symlink: /home/ssafy/turtlebot3_ws/install/dynamixel_sdk/share/dynamixel_sdk/environment/path.dsv
[0.410s] -- Up-to-date symlink: /home/ssafy/turtlebot3_ws/install/dynamixel_sdk/share/dynamixel_sdk/local_setup.bash
[0.410s] -- Up-to-date symlink: /home/ssafy/turtlebot3_ws/install/dynamixel_sdk/share/dynamixel_sdk/local_setup.sh
[0.410s] -- Up-to-date symlink: /home/ssafy/turtlebot3_ws/install/dynamixel_sdk/share/dynamixel_sdk/local_setup.zsh
[0.410s] -- Up-to-date symlink: /home/ssafy/turtlebot3_ws/install/dynamixel_sdk/share/dynamixel_sdk/local_setup.dsv
[0.410s] -- Symlinking: /home/ssafy/turtlebot3_ws/install/dynamixel_sdk/share/dynamixel_sdk/package.dsv
[0.413s] -- Up-to-date symlink: /home/ssafy/turtlebot3_ws/install/dynamixel_sdk/share/ament_index/resource_index/packages/dynamixel_sdk
[0.413s] -- Up-to-date symlink: /home/ssafy/turtlebot3_ws/install/dynamixel_sdk/share/dynamixel_sdk/cmake/ament_cmake_export_targets-extras.cmake
[0.413s] -- Up-to-date symlink: /home/ssafy/turtlebot3_ws/install/dynamixel_sdk/share/dynamixel_sdk/cmake/ament_cmake_export_include_directories-extras.cmake
[0.413s] -- Up-to-date symlink: /home/ssafy/turtlebot3_ws/install/dynamixel_sdk/share/dynamixel_sdk/cmake/ament_cmake_export_libraries-extras.cmake
[0.413s] -- Up-to-date symlink: /home/ssafy/turtlebot3_ws/install/dynamixel_sdk/share/dynamixel_sdk/cmake/dynamixel_sdkConfig.cmake
[0.414s] -- Up-to-date symlink: /home/ssafy/turtlebot3_ws/install/dynamixel_sdk/share/dynamixel_sdk/cmake/dynamixel_sdkConfig-version.cmake
[0.414s] -- Up-to-date symlink: /home/ssafy/turtlebot3_ws/install/dynamixel_sdk/share/dynamixel_sdk/package.xml
[0.414s] -- Up-to-date: /home/ssafy/turtlebot3_ws/install/dynamixel_sdk/lib/libdynamixel_sdk.so
[0.439s] Listing '/home/ssafy/turtlebot3_ws/install/dynamixel_sdk/local/lib/python3.10/dist-packages/dynamixel_sdk'...
[0.443s] -- Up-to-date: /home/ssafy/turtlebot3_ws/install/dynamixel_sdk/share/dynamixel_sdk/cmake/dynamixel_sdkExport.cmake
[0.443s] -- Up-to-date: /home/ssafy/turtlebot3_ws/install/dynamixel_sdk/share/dynamixel_sdk/cmake/dynamixel_sdkExport-noconfig.cmake
[0.481s] Invoked command in '/home/ssafy/turtlebot3_ws/build/dynamixel_sdk' returned '0': CMAKE_PREFIX_PATH=${CMAKE_PREFIX_PATH}:/home/ssafy/magician_ros2_control_system_ws/install/dobot_visualization_tools:/home/ssafy/magician_ros2_control_system_ws/install/dobot_state_updater:/home/ssafy/magician_ros2_control_system_ws/install/dobot_motion:/home/ssafy/magician_ros2_control_system_ws/install/dobot_kinematics:/home/ssafy/magician_ros2_control_system_ws/install/dobot_homing:/home/ssafy/magician_ros2_control_system_ws/install/dobot_end_effector:/home/ssafy/magician_ros2_control_system_ws/install/dobot_diagnostics:/home/ssafy/magician_ros2_control_system_ws/install/dobot_demos:/home/ssafy/magician_ros2_control_system_ws/install/dobot_control_panel:/home/ssafy/magician_ros2_control_system_ws/install/dobot_bringup:/home/ssafy/turtlebot3_ws/install/turtlebot3_teleop:/home/ssafy/turtlebot3_ws/install/turtlebot3_example:/home/ssafy/ssafy_ws/install/slam_control:/home/ssafy/ssafy_ws/install/simple_car_tf:/home/ssafy/ssafy_ws/install/sensor_sub_pkg:/home/ssafy/ssafy_ws/install/my_robot_controller:/home/ssafy/ssafy_ws/install/intergrate_prac:/home/ssafy/ssafy_ws/install/dobot_control:/opt/ros/humble /usr/bin/cmake --install /home/ssafy/turtlebot3_ws/build/dynamixel_sdk
