[2.245s] Invoking command in '/home/ssafy/ssafy_ws/src/dobot_control': PYTHONPATH=/home/ssafy/ssafy_ws/build/dobot_control/prefix_override:/usr/lib/python3/dist-packages/colcon_core/task/python/colcon_distutils_commands:/home/ssafy/ssafy_ws/install/dobot_control/lib/python3.10/site-packages:${PYTHONPATH} /usr/bin/python3 -W ignore:setup.py install is deprecated -W ignore:easy_install command is deprecated setup.py egg_info --egg-base ../../build/dobot_control build --build-base /home/ssafy/ssafy_ws/build/dobot_control/build install --record /home/ssafy/ssafy_ws/build/dobot_control/install.log --single-version-externally-managed install_data
[2.486s] running egg_info
[2.497s] writing ../../build/dobot_control/dobot_control.egg-info/PKG-INFO
[2.498s] writing dependency_links to ../../build/dobot_control/dobot_control.egg-info/dependency_links.txt
[2.498s] writing entry points to ../../build/dobot_control/dobot_control.egg-info/entry_points.txt
[2.498s] writing requirements to ../../build/dobot_control/dobot_control.egg-info/requires.txt
[2.498s] writing top-level names to ../../build/dobot_control/dobot_control.egg-info/top_level.txt
[2.523s] reading manifest file '../../build/dobot_control/dobot_control.egg-info/SOURCES.txt'
[2.524s] writing manifest file '../../build/dobot_control/dobot_control.egg-info/SOURCES.txt'
[2.524s] running build
[2.524s] running build_py
[2.524s] running install
[2.529s] running install_lib
[2.542s] running install_data
[2.542s] copying resource/dobot_control -> /home/ssafy/ssafy_ws/install/dobot_control/share/ament_index/resource_index/packages
[2.542s] copying package.xml -> /home/ssafy/ssafy_ws/install/dobot_control/share/dobot_control
[2.542s] running install_egg_info
[2.555s] removing '/home/ssafy/ssafy_ws/install/dobot_control/lib/python3.10/site-packages/dobot_control-0.0.0-py3.10.egg-info' (and everything under it)
[2.555s] Copying ../../build/dobot_control/dobot_control.egg-info to /home/ssafy/ssafy_ws/install/dobot_control/lib/python3.10/site-packages/dobot_control-0.0.0-py3.10.egg-info
[2.556s] running install_scripts
[2.651s] Installing ptp_move script to /home/ssafy/ssafy_ws/install/dobot_control/lib/dobot_control
[2.651s] Installing suction_cup_control script to /home/ssafy/ssafy_ws/install/dobot_control/lib/dobot_control
[2.651s] writing list of installed files to '/home/ssafy/ssafy_ws/build/dobot_control/install.log'
[2.667s] Invoked command in '/home/ssafy/ssafy_ws/src/dobot_control' returned '0': PYTHONPATH=/home/ssafy/ssafy_ws/build/dobot_control/prefix_override:/usr/lib/python3/dist-packages/colcon_core/task/python/colcon_distutils_commands:/home/ssafy/ssafy_ws/install/dobot_control/lib/python3.10/site-packages:${PYTHONPATH} /usr/bin/python3 -W ignore:setup.py install is deprecated -W ignore:easy_install command is deprecated setup.py egg_info --egg-base ../../build/dobot_control build --build-base /home/ssafy/ssafy_ws/build/dobot_control/build install --record /home/ssafy/ssafy_ws/build/dobot_control/install.log --single-version-externally-managed install_data
