running egg_info
creating ../../build/slam_control/slam_control.egg-info
writing ../../build/slam_control/slam_control.egg-info/PKG-INFO
writing dependency_links to ../../build/slam_control/slam_control.egg-info/dependency_links.txt
writing entry points to ../../build/slam_control/slam_control.egg-info/entry_points.txt
writing requirements to ../../build/slam_control/slam_control.egg-info/requires.txt
writing top-level names to ../../build/slam_control/slam_control.egg-info/top_level.txt
writing manifest file '../../build/slam_control/slam_control.egg-info/SOURCES.txt'
reading manifest file '../../build/slam_control/slam_control.egg-info/SOURCES.txt'
writing manifest file '../../build/slam_control/slam_control.egg-info/SOURCES.txt'
running build
running build_py
creating /home/ssafy/ssafy_ws/build/slam_control/build
creating /home/ssafy/ssafy_ws/build/slam_control/build/lib
creating /home/ssafy/ssafy_ws/build/slam_control/build/lib/slam_control
copying slam_control/waypoints_move.py -> /home/ssafy/ssafy_ws/build/slam_control/build/lib/slam_control
copying slam_control/patrol_move.py -> /home/ssafy/ssafy_ws/build/slam_control/build/lib/slam_control
copying slam_control/init_pose.py -> /home/ssafy/ssafy_ws/build/slam_control/build/lib/slam_control
copying slam_control/waypoints_follwer.py -> /home/ssafy/ssafy_ws/build/slam_control/build/lib/slam_control
copying slam_control/simple_move.py -> /home/ssafy/ssafy_ws/build/slam_control/build/lib/slam_control
copying slam_control/__init__.py -> /home/ssafy/ssafy_ws/build/slam_control/build/lib/slam_control
running install
running install_lib
creating /home/ssafy/ssafy_ws/install/slam_control/lib/python3.10/site-packages/slam_control
copying /home/ssafy/ssafy_ws/build/slam_control/build/lib/slam_control/waypoints_move.py -> /home/ssafy/ssafy_ws/install/slam_control/lib/python3.10/site-packages/slam_control
copying /home/ssafy/ssafy_ws/build/slam_control/build/lib/slam_control/patrol_move.py -> /home/ssafy/ssafy_ws/install/slam_control/lib/python3.10/site-packages/slam_control
copying /home/ssafy/ssafy_ws/build/slam_control/build/lib/slam_control/init_pose.py -> /home/ssafy/ssafy_ws/install/slam_control/lib/python3.10/site-packages/slam_control
copying /home/ssafy/ssafy_ws/build/slam_control/build/lib/slam_control/waypoints_follwer.py -> /home/ssafy/ssafy_ws/install/slam_control/lib/python3.10/site-packages/slam_control
copying /home/ssafy/ssafy_ws/build/slam_control/build/lib/slam_control/simple_move.py -> /home/ssafy/ssafy_ws/install/slam_control/lib/python3.10/site-packages/slam_control
copying /home/ssafy/ssafy_ws/build/slam_control/build/lib/slam_control/__init__.py -> /home/ssafy/ssafy_ws/install/slam_control/lib/python3.10/site-packages/slam_control
byte-compiling /home/ssafy/ssafy_ws/install/slam_control/lib/python3.10/site-packages/slam_control/waypoints_move.py to waypoints_move.cpython-310.pyc
byte-compiling /home/ssafy/ssafy_ws/install/slam_control/lib/python3.10/site-packages/slam_control/patrol_move.py to patrol_move.cpython-310.pyc
byte-compiling /home/ssafy/ssafy_ws/install/slam_control/lib/python3.10/site-packages/slam_control/init_pose.py to init_pose.cpython-310.pyc
byte-compiling /home/ssafy/ssafy_ws/install/slam_control/lib/python3.10/site-packages/slam_control/waypoints_follwer.py to waypoints_follwer.cpython-310.pyc
byte-compiling /home/ssafy/ssafy_ws/install/slam_control/lib/python3.10/site-packages/slam_control/simple_move.py to simple_move.cpython-310.pyc
byte-compiling /home/ssafy/ssafy_ws/install/slam_control/lib/python3.10/site-packages/slam_control/__init__.py to __init__.cpython-310.pyc
running install_data
creating /home/ssafy/ssafy_ws/install/slam_control/share/ament_index
creating /home/ssafy/ssafy_ws/install/slam_control/share/ament_index/resource_index
creating /home/ssafy/ssafy_ws/install/slam_control/share/ament_index/resource_index/packages
copying resource/slam_control -> /home/ssafy/ssafy_ws/install/slam_control/share/ament_index/resource_index/packages
copying package.xml -> /home/ssafy/ssafy_ws/install/slam_control/share/slam_control
running install_egg_info
Copying ../../build/slam_control/slam_control.egg-info to /home/ssafy/ssafy_ws/install/slam_control/lib/python3.10/site-packages/slam_control-0.0.0-py3.10.egg-info
running install_scripts
writing list of installed files to '/home/ssafy/ssafy_ws/build/slam_control/install.log'
