[1.574s] Invoking command in '/home/ssafy/ssafy_ws/src/slam_control': PYTHONPATH=/home/ssafy/ssafy_ws/build/slam_control/prefix_override:/usr/lib/python3/dist-packages/colcon_core/task/python/colcon_distutils_commands:/home/ssafy/ssafy_ws/install/slam_control/lib/python3.10/site-packages:${PYTHONPATH} /usr/bin/python3 -W ignore:setup.py install is deprecated -W ignore:easy_install command is deprecated setup.py egg_info --egg-base ../../build/slam_control build --build-base /home/ssafy/ssafy_ws/build/slam_control/build install --record /home/ssafy/ssafy_ws/build/slam_control/install.log --single-version-externally-managed install_data
[1.799s] running egg_info
[1.799s] creating ../../build/slam_control/slam_control.egg-info
[1.800s] writing ../../build/slam_control/slam_control.egg-info/PKG-INFO
[1.800s] writing dependency_links to ../../build/slam_control/slam_control.egg-info/dependency_links.txt
[1.800s] writing entry points to ../../build/slam_control/slam_control.egg-info/entry_points.txt
[1.800s] writing requirements to ../../build/slam_control/slam_control.egg-info/requires.txt
[1.800s] writing top-level names to ../../build/slam_control/slam_control.egg-info/top_level.txt
[1.800s] writing manifest file '../../build/slam_control/slam_control.egg-info/SOURCES.txt'
[1.803s] reading manifest file '../../build/slam_control/slam_control.egg-info/SOURCES.txt'
[1.803s] writing manifest file '../../build/slam_control/slam_control.egg-info/SOURCES.txt'
[1.803s] running build
[1.803s] running build_py
[1.804s] creating /home/ssafy/ssafy_ws/build/slam_control/build
[1.804s] creating /home/ssafy/ssafy_ws/build/slam_control/build/lib
[1.804s] creating /home/ssafy/ssafy_ws/build/slam_control/build/lib/slam_control
[1.804s] copying slam_control/waypoints_move.py -> /home/ssafy/ssafy_ws/build/slam_control/build/lib/slam_control
[1.804s] copying slam_control/patrol_move.py -> /home/ssafy/ssafy_ws/build/slam_control/build/lib/slam_control
[1.804s] copying slam_control/init_pose.py -> /home/ssafy/ssafy_ws/build/slam_control/build/lib/slam_control
[1.804s] copying slam_control/waypoints_follwer.py -> /home/ssafy/ssafy_ws/build/slam_control/build/lib/slam_control
[1.804s] copying slam_control/simple_move.py -> /home/ssafy/ssafy_ws/build/slam_control/build/lib/slam_control
[1.804s] copying slam_control/__init__.py -> /home/ssafy/ssafy_ws/build/slam_control/build/lib/slam_control
[1.806s] running install
[1.807s] running install_lib
[1.807s] creating /home/ssafy/ssafy_ws/install/slam_control/lib/python3.10/site-packages/slam_control
[1.807s] copying /home/ssafy/ssafy_ws/build/slam_control/build/lib/slam_control/waypoints_move.py -> /home/ssafy/ssafy_ws/install/slam_control/lib/python3.10/site-packages/slam_control
[1.807s] copying /home/ssafy/ssafy_ws/build/slam_control/build/lib/slam_control/patrol_move.py -> /home/ssafy/ssafy_ws/install/slam_control/lib/python3.10/site-packages/slam_control
[1.807s] copying /home/ssafy/ssafy_ws/build/slam_control/build/lib/slam_control/init_pose.py -> /home/ssafy/ssafy_ws/install/slam_control/lib/python3.10/site-packages/slam_control
[1.807s] copying /home/ssafy/ssafy_ws/build/slam_control/build/lib/slam_control/waypoints_follwer.py -> /home/ssafy/ssafy_ws/install/slam_control/lib/python3.10/site-packages/slam_control
[1.808s] copying /home/ssafy/ssafy_ws/build/slam_control/build/lib/slam_control/simple_move.py -> /home/ssafy/ssafy_ws/install/slam_control/lib/python3.10/site-packages/slam_control
[1.808s] copying /home/ssafy/ssafy_ws/build/slam_control/build/lib/slam_control/__init__.py -> /home/ssafy/ssafy_ws/install/slam_control/lib/python3.10/site-packages/slam_control
[1.808s] byte-compiling /home/ssafy/ssafy_ws/install/slam_control/lib/python3.10/site-packages/slam_control/waypoints_move.py to waypoints_move.cpython-310.pyc
[1.808s] byte-compiling /home/ssafy/ssafy_ws/install/slam_control/lib/python3.10/site-packages/slam_control/patrol_move.py to patrol_move.cpython-310.pyc
[1.809s] byte-compiling /home/ssafy/ssafy_ws/install/slam_control/lib/python3.10/site-packages/slam_control/init_pose.py to init_pose.cpython-310.pyc
[1.809s] byte-compiling /home/ssafy/ssafy_ws/install/slam_control/lib/python3.10/site-packages/slam_control/waypoints_follwer.py to waypoints_follwer.cpython-310.pyc
[1.809s] byte-compiling /home/ssafy/ssafy_ws/install/slam_control/lib/python3.10/site-packages/slam_control/simple_move.py to simple_move.cpython-310.pyc
[1.810s] byte-compiling /home/ssafy/ssafy_ws/install/slam_control/lib/python3.10/site-packages/slam_control/__init__.py to __init__.cpython-310.pyc
[1.810s] running install_data
[1.810s] creating /home/ssafy/ssafy_ws/install/slam_control/share/ament_index
[1.810s] creating /home/ssafy/ssafy_ws/install/slam_control/share/ament_index/resource_index
[1.810s] creating /home/ssafy/ssafy_ws/install/slam_control/share/ament_index/resource_index/packages
[1.811s] copying resource/slam_control -> /home/ssafy/ssafy_ws/install/slam_control/share/ament_index/resource_index/packages
[1.811s] copying package.xml -> /home/ssafy/ssafy_ws/install/slam_control/share/slam_control
[1.811s] running install_egg_info
[1.812s] Copying ../../build/slam_control/slam_control.egg-info to /home/ssafy/ssafy_ws/install/slam_control/lib/python3.10/site-packages/slam_control-0.0.0-py3.10.egg-info
[1.812s] running install_scripts
[1.826s] writing list of installed files to '/home/ssafy/ssafy_ws/build/slam_control/install.log'
[1.868s] Invoked command in '/home/ssafy/ssafy_ws/src/slam_control' returned '0': PYTHONPATH=/home/ssafy/ssafy_ws/build/slam_control/prefix_override:/usr/lib/python3/dist-packages/colcon_core/task/python/colcon_distutils_commands:/home/ssafy/ssafy_ws/install/slam_control/lib/python3.10/site-packages:${PYTHONPATH} /usr/bin/python3 -W ignore:setup.py install is deprecated -W ignore:easy_install command is deprecated setup.py egg_info --egg-base ../../build/slam_control build --build-base /home/ssafy/ssafy_ws/build/slam_control/build install --record /home/ssafy/ssafy_ws/build/slam_control/install.log --single-version-externally-managed install_data
