[0.021s] Invoking command in '/home/ssafy/turtlebot3_ws/build/dynamixel_sdk': CMAKE_PREFIX_PATH=/home/ssafy/ssafy_ws/install/simple_car_tf:/opt/ros/humble /usr/bin/cmake /home/ssafy/turtlebot3_ws/src/DynamixelSDK/ros/dynamixel_sdk -DAMENT_CMAKE_SYMLINK_INSTALL=1 -DCMAKE_INSTALL_PREFIX=/home/ssafy/turtlebot3_ws/install/dynamixel_sdk
[0.100s] -- The C compiler identification is GNU 11.4.0
[0.158s] -- The CXX compiler identification is GNU 11.4.0
[0.165s] -- Detecting C compiler ABI info
[0.210s] -- Detecting C compiler ABI info - done
[0.215s] -- Check for working C compiler: /usr/bin/cc - skipped
[0.215s] -- Detecting C compile features
[0.216s] -- Detecting C compile features - done
[0.218s] -- Detecting CXX compiler ABI info
[0.273s] -- Detecting CXX compiler ABI info - done
[0.282s] -- Check for working CXX compiler: /usr/bin/c++ - skipped
[0.282s] -- Detecting CXX compile features
[0.282s] -- Detecting CXX compile features - done
[0.286s] -- Found ament_cmake: 1.3.12 (/opt/ros/humble/share/ament_cmake/cmake)
[0.394s] -- Found Python3: /usr/bin/python3 (found version "3.10.12") found components: Interpreter 
[0.444s] -- Override CMake install command with custom implementation using symlinks instead of copying resources
[0.587s] -- Configuring done
[0.594s] -- Generating done
[0.597s] -- Build files have been written to: /home/ssafy/turtlebot3_ws/build/dynamixel_sdk
[0.601s] Invoked command in '/home/ssafy/turtlebot3_ws/build/dynamixel_sdk' returned '0': CMAKE_PREFIX_PATH=/home/ssafy/ssafy_ws/install/simple_car_tf:/opt/ros/humble /usr/bin/cmake /home/ssafy/turtlebot3_ws/src/DynamixelSDK/ros/dynamixel_sdk -DAMENT_CMAKE_SYMLINK_INSTALL=1 -DCMAKE_INSTALL_PREFIX=/home/ssafy/turtlebot3_ws/install/dynamixel_sdk
[0.602s] Invoking command in '/home/ssafy/turtlebot3_ws/build/dynamixel_sdk': CMAKE_PREFIX_PATH=/home/ssafy/ssafy_ws/install/simple_car_tf:/opt/ros/humble /usr/bin/cmake --build /home/ssafy/turtlebot3_ws/build/dynamixel_sdk -- -j20 -l20
[0.636s] [  7%] [32mBuilding CXX object CMakeFiles/dynamixel_sdk.dir/src/dynamixel_sdk/group_sync_read.cpp.o[0m
[0.636s] [ 15%] [32mBuilding CXX object CMakeFiles/dynamixel_sdk.dir/src/dynamixel_sdk/group_sync_write.cpp.o[0m
[0.636s] [ 23%] [32mBuilding CXX object CMakeFiles/dynamixel_sdk.dir/src/dynamixel_sdk/protocol1_packet_handler.cpp.o[0m
[0.636s] [ 30%] [32mBuilding CXX object CMakeFiles/dynamixel_sdk.dir/src/dynamixel_sdk/group_fast_bulk_read.cpp.o[0m
[0.636s] [ 38%] [32mBuilding CXX object CMakeFiles/dynamixel_sdk.dir/src/dynamixel_sdk/protocol2_packet_handler.cpp.o[0m
[0.637s] [ 46%] [32mBuilding CXX object CMakeFiles/dynamixel_sdk.dir/src/dynamixel_sdk/group_bulk_read.cpp.o[0m
[0.637s] [ 53%] [32mBuilding CXX object CMakeFiles/dynamixel_sdk.dir/src/dynamixel_sdk/group_handler.cpp.o[0m
[0.638s] [ 61%] [32mBuilding CXX object CMakeFiles/dynamixel_sdk.dir/src/dynamixel_sdk/port_handler.cpp.o[0m
[0.639s] [ 76%] [32mBuilding CXX object CMakeFiles/dynamixel_sdk.dir/src/dynamixel_sdk/packet_handler.cpp.o[0m
[0.639s] [ 84%] [32mBuilding CXX object CMakeFiles/dynamixel_sdk.dir/src/dynamixel_sdk/group_bulk_write.cpp.o[0m
[0.639s] [ 84%] [32mBuilding CXX object CMakeFiles/dynamixel_sdk.dir/src/dynamixel_sdk/group_fast_sync_read.cpp.o[0m
[0.643s] [ 92%] [32mBuilding CXX object CMakeFiles/dynamixel_sdk.dir/src/dynamixel_sdk/port_handler_linux.cpp.o[0m
[0.643s] [ 92%] Built target ament_cmake_python_symlink_dynamixel_sdk
[0.840s] running egg_info
[0.841s] creating dynamixel_sdk.egg-info
[0.841s] writing dynamixel_sdk.egg-info/PKG-INFO
[0.841s] writing dependency_links to dynamixel_sdk.egg-info/dependency_links.txt
[0.841s] writing top-level names to dynamixel_sdk.egg-info/top_level.txt
[0.842s] writing manifest file 'dynamixel_sdk.egg-info/SOURCES.txt'
[0.843s] reading manifest file 'dynamixel_sdk.egg-info/SOURCES.txt'
[0.844s] writing manifest file 'dynamixel_sdk.egg-info/SOURCES.txt'
[0.869s] [ 92%] Built target ament_cmake_python_build_dynamixel_sdk_egg
[1.070s] [100%] [32m[1mLinking CXX shared library libdynamixel_sdk.so[0m
[1.132s] [100%] Built target dynamixel_sdk
[1.145s] Invoked command in '/home/ssafy/turtlebot3_ws/build/dynamixel_sdk' returned '0': CMAKE_PREFIX_PATH=/home/ssafy/ssafy_ws/install/simple_car_tf:/opt/ros/humble /usr/bin/cmake --build /home/ssafy/turtlebot3_ws/build/dynamixel_sdk -- -j20 -l20
[1.146s] Invoking command in '/home/ssafy/turtlebot3_ws/build/dynamixel_sdk': CMAKE_PREFIX_PATH=/home/ssafy/ssafy_ws/install/simple_car_tf:/opt/ros/humble /usr/bin/cmake --install /home/ssafy/turtlebot3_ws/build/dynamixel_sdk
[1.151s] -- Install configuration: ""
[1.151s] -- Execute custom install script
[1.152s] -- Symlinking: /home/ssafy/turtlebot3_ws/install/dynamixel_sdk/include//dynamixel_sdk/dynamixel_sdk.h
[1.159s] -- Symlinking: /home/ssafy/turtlebot3_ws/install/dynamixel_sdk/include//dynamixel_sdk/group_bulk_read.h
[1.166s] -- Symlinking: /home/ssafy/turtlebot3_ws/install/dynamixel_sdk/include//dynamixel_sdk/group_bulk_write.h
[1.175s] -- Symlinking: /home/ssafy/turtlebot3_ws/install/dynamixel_sdk/include//dynamixel_sdk/group_fast_bulk_read.h
[1.180s] -- Symlinking: /home/ssafy/turtlebot3_ws/install/dynamixel_sdk/include//dynamixel_sdk/group_fast_sync_read.h
[1.186s] -- Symlinking: /home/ssafy/turtlebot3_ws/install/dynamixel_sdk/include//dynamixel_sdk/group_handler.h
[1.194s] -- Symlinking: /home/ssafy/turtlebot3_ws/install/dynamixel_sdk/include//dynamixel_sdk/group_sync_read.h
[1.200s] -- Symlinking: /home/ssafy/turtlebot3_ws/install/dynamixel_sdk/include//dynamixel_sdk/group_sync_write.h
[1.206s] -- Symlinking: /home/ssafy/turtlebot3_ws/install/dynamixel_sdk/include//dynamixel_sdk/packet_handler.h
[1.214s] -- Symlinking: /home/ssafy/turtlebot3_ws/install/dynamixel_sdk/include//dynamixel_sdk/port_handler.h
[1.220s] -- Symlinking: /home/ssafy/turtlebot3_ws/install/dynamixel_sdk/include//dynamixel_sdk/port_handler_arduino.h
[1.226s] -- Symlinking: /home/ssafy/turtlebot3_ws/install/dynamixel_sdk/include//dynamixel_sdk/port_handler_linux.h
[1.235s] -- Symlinking: /home/ssafy/turtlebot3_ws/install/dynamixel_sdk/include//dynamixel_sdk/port_handler_mac.h
[1.242s] -- Symlinking: /home/ssafy/turtlebot3_ws/install/dynamixel_sdk/include//dynamixel_sdk/port_handler_windows.h
[1.247s] -- Symlinking: /home/ssafy/turtlebot3_ws/install/dynamixel_sdk/include//dynamixel_sdk/protocol1_packet_handler.h
[1.256s] -- Symlinking: /home/ssafy/turtlebot3_ws/install/dynamixel_sdk/include//dynamixel_sdk/protocol2_packet_handler.h
[1.261s] -- Symlinking: /home/ssafy/turtlebot3_ws/install/dynamixel_sdk/share/dynamixel_sdk/environment/pythonpath.sh
[1.267s] -- Symlinking: /home/ssafy/turtlebot3_ws/install/dynamixel_sdk/share/dynamixel_sdk/environment/pythonpath.dsv
[1.272s] -- Symlinking: /home/ssafy/turtlebot3_ws/install/dynamixel_sdk/local/lib/python3.10/dist-packages/dynamixel_sdk-3.8.4-py3.10.egg-info/PKG-INFO
[1.279s] -- Symlinking: /home/ssafy/turtlebot3_ws/install/dynamixel_sdk/local/lib/python3.10/dist-packages/dynamixel_sdk-3.8.4-py3.10.egg-info/SOURCES.txt
[1.286s] -- Symlinking: /home/ssafy/turtlebot3_ws/install/dynamixel_sdk/local/lib/python3.10/dist-packages/dynamixel_sdk-3.8.4-py3.10.egg-info/dependency_links.txt
[1.291s] -- Symlinking: /home/ssafy/turtlebot3_ws/install/dynamixel_sdk/local/lib/python3.10/dist-packages/dynamixel_sdk-3.8.4-py3.10.egg-info/top_level.txt
[1.299s] -- Symlinking: /home/ssafy/turtlebot3_ws/install/dynamixel_sdk/local/lib/python3.10/dist-packages/dynamixel_sdk/__init__.py
[1.306s] -- Symlinking: /home/ssafy/turtlebot3_ws/install/dynamixel_sdk/local/lib/python3.10/dist-packages/dynamixel_sdk/group_bulk_read.cpp
[1.312s] -- Symlinking: /home/ssafy/turtlebot3_ws/install/dynamixel_sdk/local/lib/python3.10/dist-packages/dynamixel_sdk/group_bulk_read.py
[1.319s] -- Symlinking: /home/ssafy/turtlebot3_ws/install/dynamixel_sdk/local/lib/python3.10/dist-packages/dynamixel_sdk/group_bulk_write.cpp
[1.326s] -- Symlinking: /home/ssafy/turtlebot3_ws/install/dynamixel_sdk/local/lib/python3.10/dist-packages/dynamixel_sdk/group_bulk_write.py
[1.335s] -- Symlinking: /home/ssafy/turtlebot3_ws/install/dynamixel_sdk/local/lib/python3.10/dist-packages/dynamixel_sdk/group_fast_bulk_read.cpp
[1.343s] -- Symlinking: /home/ssafy/turtlebot3_ws/install/dynamixel_sdk/local/lib/python3.10/dist-packages/dynamixel_sdk/group_fast_sync_read.cpp
[1.347s] -- Symlinking: /home/ssafy/turtlebot3_ws/install/dynamixel_sdk/local/lib/python3.10/dist-packages/dynamixel_sdk/group_handler.cpp
[1.355s] -- Symlinking: /home/ssafy/turtlebot3_ws/install/dynamixel_sdk/local/lib/python3.10/dist-packages/dynamixel_sdk/group_sync_read.cpp
[1.363s] -- Symlinking: /home/ssafy/turtlebot3_ws/install/dynamixel_sdk/local/lib/python3.10/dist-packages/dynamixel_sdk/group_sync_read.py
[1.369s] -- Symlinking: /home/ssafy/turtlebot3_ws/install/dynamixel_sdk/local/lib/python3.10/dist-packages/dynamixel_sdk/group_sync_write.cpp
[1.376s] -- Symlinking: /home/ssafy/turtlebot3_ws/install/dynamixel_sdk/local/lib/python3.10/dist-packages/dynamixel_sdk/group_sync_write.py
[1.384s] -- Symlinking: /home/ssafy/turtlebot3_ws/install/dynamixel_sdk/local/lib/python3.10/dist-packages/dynamixel_sdk/packet_handler.cpp
[1.393s] -- Symlinking: /home/ssafy/turtlebot3_ws/install/dynamixel_sdk/local/lib/python3.10/dist-packages/dynamixel_sdk/packet_handler.py
[1.399s] -- Symlinking: /home/ssafy/turtlebot3_ws/install/dynamixel_sdk/local/lib/python3.10/dist-packages/dynamixel_sdk/port_handler.cpp
[1.406s] -- Symlinking: /home/ssafy/turtlebot3_ws/install/dynamixel_sdk/local/lib/python3.10/dist-packages/dynamixel_sdk/port_handler.py
[1.413s] -- Symlinking: /home/ssafy/turtlebot3_ws/install/dynamixel_sdk/local/lib/python3.10/dist-packages/dynamixel_sdk/port_handler_arduino.cpp
[1.420s] -- Symlinking: /home/ssafy/turtlebot3_ws/install/dynamixel_sdk/local/lib/python3.10/dist-packages/dynamixel_sdk/port_handler_linux.cpp
[1.427s] -- Symlinking: /home/ssafy/turtlebot3_ws/install/dynamixel_sdk/local/lib/python3.10/dist-packages/dynamixel_sdk/port_handler_mac.cpp
[1.434s] -- Symlinking: /home/ssafy/turtlebot3_ws/install/dynamixel_sdk/local/lib/python3.10/dist-packages/dynamixel_sdk/port_handler_windows.cpp
[1.443s] -- Symlinking: /home/ssafy/turtlebot3_ws/install/dynamixel_sdk/local/lib/python3.10/dist-packages/dynamixel_sdk/protocol1_packet_handler.cpp
[1.450s] -- Symlinking: /home/ssafy/turtlebot3_ws/install/dynamixel_sdk/local/lib/python3.10/dist-packages/dynamixel_sdk/protocol1_packet_handler.py
[1.455s] -- Symlinking: /home/ssafy/turtlebot3_ws/install/dynamixel_sdk/local/lib/python3.10/dist-packages/dynamixel_sdk/protocol2_packet_handler.cpp
[1.463s] -- Symlinking: /home/ssafy/turtlebot3_ws/install/dynamixel_sdk/local/lib/python3.10/dist-packages/dynamixel_sdk/protocol2_packet_handler.py
[1.472s] -- Symlinking: /home/ssafy/turtlebot3_ws/install/dynamixel_sdk/local/lib/python3.10/dist-packages/dynamixel_sdk/robotis_def.py
[1.479s] -- Symlinking: /home/ssafy/turtlebot3_ws/install/dynamixel_sdk/share/dynamixel_sdk/environment/library_path.sh
[1.487s] -- Symlinking: /home/ssafy/turtlebot3_ws/install/dynamixel_sdk/share/dynamixel_sdk/environment/library_path.dsv
[1.495s] -- Symlinking: /home/ssafy/turtlebot3_ws/install/dynamixel_sdk/share/ament_index/resource_index/package_run_dependencies/dynamixel_sdk
[1.501s] -- Symlinking: /home/ssafy/turtlebot3_ws/install/dynamixel_sdk/share/ament_index/resource_index/parent_prefix_path/dynamixel_sdk
[1.507s] -- Symlinking: /home/ssafy/turtlebot3_ws/install/dynamixel_sdk/share/dynamixel_sdk/environment/ament_prefix_path.sh
[1.515s] -- Symlinking: /home/ssafy/turtlebot3_ws/install/dynamixel_sdk/share/dynamixel_sdk/environment/ament_prefix_path.dsv
[1.523s] -- Symlinking: /home/ssafy/turtlebot3_ws/install/dynamixel_sdk/share/dynamixel_sdk/environment/path.sh
[1.529s] -- Symlinking: /home/ssafy/turtlebot3_ws/install/dynamixel_sdk/share/dynamixel_sdk/environment/path.dsv
[1.539s] -- Symlinking: /home/ssafy/turtlebot3_ws/install/dynamixel_sdk/share/dynamixel_sdk/local_setup.bash
[1.548s] -- Symlinking: /home/ssafy/turtlebot3_ws/install/dynamixel_sdk/share/dynamixel_sdk/local_setup.sh
[1.558s] -- Symlinking: /home/ssafy/turtlebot3_ws/install/dynamixel_sdk/share/dynamixel_sdk/local_setup.zsh
[1.567s] -- Symlinking: /home/ssafy/turtlebot3_ws/install/dynamixel_sdk/share/dynamixel_sdk/local_setup.dsv
[1.575s] -- Symlinking: /home/ssafy/turtlebot3_ws/install/dynamixel_sdk/share/dynamixel_sdk/package.dsv
[1.581s] -- Symlinking: /home/ssafy/turtlebot3_ws/install/dynamixel_sdk/share/ament_index/resource_index/packages/dynamixel_sdk
[1.588s] -- Symlinking: /home/ssafy/turtlebot3_ws/install/dynamixel_sdk/share/dynamixel_sdk/cmake/ament_cmake_export_targets-extras.cmake
[1.593s] -- Symlinking: /home/ssafy/turtlebot3_ws/install/dynamixel_sdk/share/dynamixel_sdk/cmake/ament_cmake_export_include_directories-extras.cmake
[1.598s] -- Symlinking: /home/ssafy/turtlebot3_ws/install/dynamixel_sdk/share/dynamixel_sdk/cmake/ament_cmake_export_libraries-extras.cmake
[1.606s] -- Symlinking: /home/ssafy/turtlebot3_ws/install/dynamixel_sdk/share/dynamixel_sdk/cmake/dynamixel_sdkConfig.cmake
[1.614s] -- Symlinking: /home/ssafy/turtlebot3_ws/install/dynamixel_sdk/share/dynamixel_sdk/cmake/dynamixel_sdkConfig-version.cmake
[1.620s] -- Symlinking: /home/ssafy/turtlebot3_ws/install/dynamixel_sdk/share/dynamixel_sdk/package.xml
[1.626s] -- Installing: /home/ssafy/turtlebot3_ws/install/dynamixel_sdk/lib/libdynamixel_sdk.so
[1.658s] Listing '/home/ssafy/turtlebot3_ws/install/dynamixel_sdk/local/lib/python3.10/dist-packages/dynamixel_sdk'...
[1.658s] Compiling '/home/ssafy/turtlebot3_ws/install/dynamixel_sdk/local/lib/python3.10/dist-packages/dynamixel_sdk/__init__.py'...
[1.658s] Compiling '/home/ssafy/turtlebot3_ws/install/dynamixel_sdk/local/lib/python3.10/dist-packages/dynamixel_sdk/group_bulk_read.py'...
[1.658s] Compiling '/home/ssafy/turtlebot3_ws/install/dynamixel_sdk/local/lib/python3.10/dist-packages/dynamixel_sdk/group_bulk_write.py'...
[1.659s] Compiling '/home/ssafy/turtlebot3_ws/install/dynamixel_sdk/local/lib/python3.10/dist-packages/dynamixel_sdk/group_sync_read.py'...
[1.659s] Compiling '/home/ssafy/turtlebot3_ws/install/dynamixel_sdk/local/lib/python3.10/dist-packages/dynamixel_sdk/group_sync_write.py'...
[1.659s] Compiling '/home/ssafy/turtlebot3_ws/install/dynamixel_sdk/local/lib/python3.10/dist-packages/dynamixel_sdk/packet_handler.py'...
[1.659s] Compiling '/home/ssafy/turtlebot3_ws/install/dynamixel_sdk/local/lib/python3.10/dist-packages/dynamixel_sdk/port_handler.py'...
[1.659s] Compiling '/home/ssafy/turtlebot3_ws/install/dynamixel_sdk/local/lib/python3.10/dist-packages/dynamixel_sdk/protocol1_packet_handler.py'...
[1.659s] Compiling '/home/ssafy/turtlebot3_ws/install/dynamixel_sdk/local/lib/python3.10/dist-packages/dynamixel_sdk/protocol2_packet_handler.py'...
[1.659s] Compiling '/home/ssafy/turtlebot3_ws/install/dynamixel_sdk/local/lib/python3.10/dist-packages/dynamixel_sdk/robotis_def.py'...
[1.661s] -- Installing: /home/ssafy/turtlebot3_ws/install/dynamixel_sdk/share/dynamixel_sdk/cmake/dynamixel_sdkExport.cmake
[1.661s] -- Installing: /home/ssafy/turtlebot3_ws/install/dynamixel_sdk/share/dynamixel_sdk/cmake/dynamixel_sdkExport-noconfig.cmake
[1.664s] Invoked command in '/home/ssafy/turtlebot3_ws/build/dynamixel_sdk' returned '0': CMAKE_PREFIX_PATH=/home/ssafy/ssafy_ws/install/simple_car_tf:/opt/ros/humble /usr/bin/cmake --install /home/ssafy/turtlebot3_ws/build/dynamixel_sdk
