[2.036s] Invoking command in '/home/ssafy/ssafy_ws/src/naver_clova': PYTHONPATH=/home/ssafy/ssafy_ws/build/naver_clova/prefix_override:/usr/lib/python3/dist-packages/colcon_core/task/python/colcon_distutils_commands:/home/ssafy/ssafy_ws/install/naver_clova/lib/python3.10/site-packages:${PYTHONPATH} /usr/bin/python3 -W ignore:setup.py install is deprecated -W ignore:easy_install command is deprecated setup.py egg_info --egg-base ../../build/naver_clova build --build-base /home/ssafy/ssafy_ws/build/naver_clova/build install --record /home/ssafy/ssafy_ws/build/naver_clova/install.log --single-version-externally-managed install_data
[2.251s] running egg_info
[2.264s] writing ../../build/naver_clova/naver_clova.egg-info/PKG-INFO
[2.265s] writing dependency_links to ../../build/naver_clova/naver_clova.egg-info/dependency_links.txt
[2.265s] writing requirements to ../../build/naver_clova/naver_clova.egg-info/requires.txt
[2.265s] writing top-level names to ../../build/naver_clova/naver_clova.egg-info/top_level.txt
[2.292s] reading manifest file '../../build/naver_clova/naver_clova.egg-info/SOURCES.txt'
[2.293s] writing manifest file '../../build/naver_clova/naver_clova.egg-info/SOURCES.txt'
[2.293s] running build
[2.293s] running build_py
[2.293s] copying naver_clova/speech_to_text.py -> /home/ssafy/ssafy_ws/build/naver_clova/build/lib/naver_clova
[2.293s] copying naver_clova/clova_voice.py -> /home/ssafy/ssafy_ws/build/naver_clova/build/lib/naver_clova
[2.293s] copying naver_clova/tts.py -> /home/ssafy/ssafy_ws/build/naver_clova/build/lib/naver_clova
[2.293s] copying naver_clova/clova_voice2.py -> /home/ssafy/ssafy_ws/build/naver_clova/build/lib/naver_clova
[2.293s] copying naver_clova/__init__.py -> /home/ssafy/ssafy_ws/build/naver_clova/build/lib/naver_clova
[2.293s] copying naver_clova/speech_recognizer.py -> /home/ssafy/ssafy_ws/build/naver_clova/build/lib/naver_clova
[2.294s] running install
[2.298s] running install_lib
[2.312s] running install_data
[2.312s] copying resource/naver_clova -> /home/ssafy/ssafy_ws/install/naver_clova/share/ament_index/resource_index/packages
[2.312s] copying package.xml -> /home/ssafy/ssafy_ws/install/naver_clova/share/naver_clova
[2.313s] running install_egg_info
[2.327s] removing '/home/ssafy/ssafy_ws/install/naver_clova/lib/python3.10/site-packages/naver_clova-0.0.0-py3.10.egg-info' (and everything under it)
[2.327s] Copying ../../build/naver_clova/naver_clova.egg-info to /home/ssafy/ssafy_ws/install/naver_clova/lib/python3.10/site-packages/naver_clova-0.0.0-py3.10.egg-info
[2.327s] running install_scripts
[2.488s] writing list of installed files to '/home/ssafy/ssafy_ws/build/naver_clova/install.log'
[2.512s] Invoked command in '/home/ssafy/ssafy_ws/src/naver_clova' returned '0': PYTHONPATH=/home/ssafy/ssafy_ws/build/naver_clova/prefix_override:/usr/lib/python3/dist-packages/colcon_core/task/python/colcon_distutils_commands:/home/ssafy/ssafy_ws/install/naver_clova/lib/python3.10/site-packages:${PYTHONPATH} /usr/bin/python3 -W ignore:setup.py install is deprecated -W ignore:easy_install command is deprecated setup.py egg_info --egg-base ../../build/naver_clova build --build-base /home/ssafy/ssafy_ws/build/naver_clova/build install --record /home/ssafy/ssafy_ws/build/naver_clova/install.log --single-version-externally-managed install_data
