[0.359s] Invoking command in '/home/ssafy/ros_ws/ros_prac3/src/my_python_pkg': PYTHONPATH=/home/ssafy/ros_ws/ros_prac3/build/my_python_pkg/prefix_override:/usr/lib/python3/dist-packages/colcon_core/task/python/colcon_distutils_commands:/home/ssafy/ros_ws/ros_prac3/install/my_python_pkg/lib/python3.10/site-packages:${PYTHONPATH} /usr/bin/python3 -W ignore:setup.py install is deprecated -W ignore:easy_install command is deprecated setup.py egg_info --egg-base ../../build/my_python_pkg build --build-base /home/ssafy/ros_ws/ros_prac3/build/my_python_pkg/build install --record /home/ssafy/ros_ws/ros_prac3/build/my_python_pkg/install.log --single-version-externally-managed install_data
[0.503s] running egg_info
[0.503s] creating ../../build/my_python_pkg/my_python_pkg.egg-info
[0.503s] writing ../../build/my_python_pkg/my_python_pkg.egg-info/PKG-INFO
[0.503s] writing dependency_links to ../../build/my_python_pkg/my_python_pkg.egg-info/dependency_links.txt
[0.504s] writing entry points to ../../build/my_python_pkg/my_python_pkg.egg-info/entry_points.txt
[0.504s] writing requirements to ../../build/my_python_pkg/my_python_pkg.egg-info/requires.txt
[0.504s] writing top-level names to ../../build/my_python_pkg/my_python_pkg.egg-info/top_level.txt
[0.504s] writing manifest file '../../build/my_python_pkg/my_python_pkg.egg-info/SOURCES.txt'
[0.505s] reading manifest file '../../build/my_python_pkg/my_python_pkg.egg-info/SOURCES.txt'
[0.505s] writing manifest file '../../build/my_python_pkg/my_python_pkg.egg-info/SOURCES.txt'
[0.505s] running build
[0.505s] running build_py
[0.505s] creating /home/ssafy/ros_ws/ros_prac3/build/my_python_pkg/build
[0.505s] creating /home/ssafy/ros_ws/ros_prac3/build/my_python_pkg/build/lib
[0.505s] creating /home/ssafy/ros_ws/ros_prac3/build/my_python_pkg/build/lib/my_python_pkg
[0.505s] copying my_python_pkg/my_node.py -> /home/ssafy/ros_ws/ros_prac3/build/my_python_pkg/build/lib/my_python_pkg
[0.505s] copying my_python_pkg/__init__.py -> /home/ssafy/ros_ws/ros_prac3/build/my_python_pkg/build/lib/my_python_pkg
[0.505s] running install
[0.505s] running install_lib
[0.506s] creating /home/ssafy/ros_ws/ros_prac3/install/my_python_pkg/lib/python3.10/site-packages/my_python_pkg
[0.506s] copying /home/ssafy/ros_ws/ros_prac3/build/my_python_pkg/build/lib/my_python_pkg/my_node.py -> /home/ssafy/ros_ws/ros_prac3/install/my_python_pkg/lib/python3.10/site-packages/my_python_pkg
[0.506s] copying /home/ssafy/ros_ws/ros_prac3/build/my_python_pkg/build/lib/my_python_pkg/__init__.py -> /home/ssafy/ros_ws/ros_prac3/install/my_python_pkg/lib/python3.10/site-packages/my_python_pkg
[0.506s] byte-compiling /home/ssafy/ros_ws/ros_prac3/install/my_python_pkg/lib/python3.10/site-packages/my_python_pkg/my_node.py to my_node.cpython-310.pyc
[0.506s] byte-compiling /home/ssafy/ros_ws/ros_prac3/install/my_python_pkg/lib/python3.10/site-packages/my_python_pkg/__init__.py to __init__.cpython-310.pyc
[0.506s] running install_data
[0.506s] creating /home/ssafy/ros_ws/ros_prac3/install/my_python_pkg/share/ament_index
[0.506s] creating /home/ssafy/ros_ws/ros_prac3/install/my_python_pkg/share/ament_index/resource_index
[0.506s] creating /home/ssafy/ros_ws/ros_prac3/install/my_python_pkg/share/ament_index/resource_index/packages
[0.507s] copying resource/my_python_pkg -> /home/ssafy/ros_ws/ros_prac3/install/my_python_pkg/share/ament_index/resource_index/packages
[0.507s] copying package.xml -> /home/ssafy/ros_ws/ros_prac3/install/my_python_pkg/share/my_python_pkg
[0.507s] running install_egg_info
[0.508s] Copying ../../build/my_python_pkg/my_python_pkg.egg-info to /home/ssafy/ros_ws/ros_prac3/install/my_python_pkg/lib/python3.10/site-packages/my_python_pkg-0.0.0-py3.10.egg-info
[0.508s] running install_scripts
[0.521s] Installing my_node script to /home/ssafy/ros_ws/ros_prac3/install/my_python_pkg/lib/my_python_pkg
[0.521s] writing list of installed files to '/home/ssafy/ros_ws/ros_prac3/build/my_python_pkg/install.log'
[0.538s] Invoked command in '/home/ssafy/ros_ws/ros_prac3/src/my_python_pkg' returned '0': PYTHONPATH=/home/ssafy/ros_ws/ros_prac3/build/my_python_pkg/prefix_override:/usr/lib/python3/dist-packages/colcon_core/task/python/colcon_distutils_commands:/home/ssafy/ros_ws/ros_prac3/install/my_python_pkg/lib/python3.10/site-packages:${PYTHONPATH} /usr/bin/python3 -W ignore:setup.py install is deprecated -W ignore:easy_install command is deprecated setup.py egg_info --egg-base ../../build/my_python_pkg build --build-base /home/ssafy/ros_ws/ros_prac3/build/my_python_pkg/build install --record /home/ssafy/ros_ws/ros_prac3/build/my_python_pkg/install.log --single-version-externally-managed install_data
