[1.345s] Invoking command in '/home/ssafy/ssafy_ws/src/my_robot_controller': PYTHONPATH=/home/ssafy/ssafy_ws/build/my_robot_controller/prefix_override:/usr/lib/python3/dist-packages/colcon_core/task/python/colcon_distutils_commands:/home/ssafy/ssafy_ws/install/my_robot_controller/lib/python3.10/site-packages:${PYTHONPATH} /usr/bin/python3 -W ignore:setup.py install is deprecated -W ignore:easy_install command is deprecated setup.py egg_info --egg-base ../../build/my_robot_controller build --build-base /home/ssafy/ssafy_ws/build/my_robot_controller/build install --record /home/ssafy/ssafy_ws/build/my_robot_controller/install.log --single-version-externally-managed install_data
[1.703s] running egg_info
[1.726s] writing ../../build/my_robot_controller/my_robot_controller.egg-info/PKG-INFO
[1.727s] writing dependency_links to ../../build/my_robot_controller/my_robot_controller.egg-info/dependency_links.txt
[1.727s] writing entry points to ../../build/my_robot_controller/my_robot_controller.egg-info/entry_points.txt
[1.728s] writing requirements to ../../build/my_robot_controller/my_robot_controller.egg-info/requires.txt
[1.728s] writing top-level names to ../../build/my_robot_controller/my_robot_controller.egg-info/top_level.txt
[1.758s] reading manifest file '../../build/my_robot_controller/my_robot_controller.egg-info/SOURCES.txt'
[1.759s] writing manifest file '../../build/my_robot_controller/my_robot_controller.egg-info/SOURCES.txt'
[1.759s] running build
[1.759s] running build_py
[1.759s] copying my_robot_controller/__init__.py -> /home/ssafy/ssafy_ws/build/my_robot_controller/build/lib/my_robot_controller
[1.759s] copying my_robot_controller/forward_node.py -> /home/ssafy/ssafy_ws/build/my_robot_controller/build/lib/my_robot_controller
[1.759s] running install
[1.764s] running install_lib
[1.775s] running install_data
[1.775s] copying resource/my_robot_controller -> /home/ssafy/ssafy_ws/install/my_robot_controller/share/ament_index/resource_index/packages
[1.775s] copying package.xml -> /home/ssafy/ssafy_ws/install/my_robot_controller/share/my_robot_controller
[1.775s] running install_egg_info
[1.785s] removing '/home/ssafy/ssafy_ws/install/my_robot_controller/lib/python3.10/site-packages/my_robot_controller-0.0.0-py3.10.egg-info' (and everything under it)
[1.785s] Copying ../../build/my_robot_controller/my_robot_controller.egg-info to /home/ssafy/ssafy_ws/install/my_robot_controller/lib/python3.10/site-packages/my_robot_controller-0.0.0-py3.10.egg-info
[1.786s] running install_scripts
[1.875s] Installing move_forward script to /home/ssafy/ssafy_ws/install/my_robot_controller/lib/my_robot_controller
[1.875s] writing list of installed files to '/home/ssafy/ssafy_ws/build/my_robot_controller/install.log'
[1.890s] Invoked command in '/home/ssafy/ssafy_ws/src/my_robot_controller' returned '0': PYTHONPATH=/home/ssafy/ssafy_ws/build/my_robot_controller/prefix_override:/usr/lib/python3/dist-packages/colcon_core/task/python/colcon_distutils_commands:/home/ssafy/ssafy_ws/install/my_robot_controller/lib/python3.10/site-packages:${PYTHONPATH} /usr/bin/python3 -W ignore:setup.py install is deprecated -W ignore:easy_install command is deprecated setup.py egg_info --egg-base ../../build/my_robot_controller build --build-base /home/ssafy/ssafy_ws/build/my_robot_controller/build install --record /home/ssafy/ssafy_ws/build/my_robot_controller/install.log --single-version-externally-managed install_data
