[0.673s] Invoking command in '/home/ssafy/ros_ws/ros_prac3/src/my_python_pkg': PYTHONPATH=/home/ssafy/ros_ws/ros_prac3/build/my_python_pkg/prefix_override:/usr/lib/python3/dist-packages/colcon_core/task/python/colcon_distutils_commands:/home/ssafy/ros_ws/ros_prac3/install/my_python_pkg/lib/python3.10/site-packages:${PYTHONPATH} /usr/bin/python3 -W ignore:setup.py install is deprecated -W ignore:easy_install command is deprecated setup.py egg_info --egg-base ../../build/my_python_pkg build --build-base /home/ssafy/ros_ws/ros_prac3/build/my_python_pkg/build install --record /home/ssafy/ros_ws/ros_prac3/build/my_python_pkg/install.log --single-version-externally-managed install_data
[0.815s] running egg_info
[0.815s] writing ../../build/my_python_pkg/my_python_pkg.egg-info/PKG-INFO
[0.815s] writing dependency_links to ../../build/my_python_pkg/my_python_pkg.egg-info/dependency_links.txt
[0.815s] writing entry points to ../../build/my_python_pkg/my_python_pkg.egg-info/entry_points.txt
[0.815s] writing requirements to ../../build/my_python_pkg/my_python_pkg.egg-info/requires.txt
[0.816s] writing top-level names to ../../build/my_python_pkg/my_python_pkg.egg-info/top_level.txt
[0.816s] reading manifest file '../../build/my_python_pkg/my_python_pkg.egg-info/SOURCES.txt'
[0.817s] writing manifest file '../../build/my_python_pkg/my_python_pkg.egg-info/SOURCES.txt'
[0.817s] running build
[0.817s] running build_py
[0.817s] running install
[0.817s] running install_lib
[0.818s] running install_data
[0.818s] running install_egg_info
[0.819s] removing '/home/ssafy/ros_ws/ros_prac3/install/my_python_pkg/lib/python3.10/site-packages/my_python_pkg-0.0.0-py3.10.egg-info' (and everything under it)
[0.820s] Copying ../../build/my_python_pkg/my_python_pkg.egg-info to /home/ssafy/ros_ws/ros_prac3/install/my_python_pkg/lib/python3.10/site-packages/my_python_pkg-0.0.0-py3.10.egg-info
[0.820s] running install_scripts
[0.833s] Installing my_node script to /home/ssafy/ros_ws/ros_prac3/install/my_python_pkg/lib/my_python_pkg
[0.833s] writing list of installed files to '/home/ssafy/ros_ws/ros_prac3/build/my_python_pkg/install.log'
[0.853s] Invoked command in '/home/ssafy/ros_ws/ros_prac3/src/my_python_pkg' returned '0': PYTHONPATH=/home/ssafy/ros_ws/ros_prac3/build/my_python_pkg/prefix_override:/usr/lib/python3/dist-packages/colcon_core/task/python/colcon_distutils_commands:/home/ssafy/ros_ws/ros_prac3/install/my_python_pkg/lib/python3.10/site-packages:${PYTHONPATH} /usr/bin/python3 -W ignore:setup.py install is deprecated -W ignore:easy_install command is deprecated setup.py egg_info --egg-base ../../build/my_python_pkg build --build-base /home/ssafy/ros_ws/ros_prac3/build/my_python_pkg/build install --record /home/ssafy/ros_ws/ros_prac3/build/my_python_pkg/install.log --single-version-externally-managed install_data
