[0.530s] Invoking command in '/home/ssafy/turtle_ws/src/turtle_spawner': PYTHONPATH=/home/ssafy/turtle_ws/build/turtle_spawner/prefix_override:/usr/lib/python3/dist-packages/colcon_core/task/python/colcon_distutils_commands:/home/ssafy/turtle_ws/install/turtle_spawner/lib/python3.10/site-packages:${PYTHONPATH} /usr/bin/python3 -W ignore:setup.py install is deprecated -W ignore:easy_install command is deprecated setup.py egg_info --egg-base ../../build/turtle_spawner build --build-base /home/ssafy/turtle_ws/build/turtle_spawner/build install --record /home/ssafy/turtle_ws/build/turtle_spawner/install.log --single-version-externally-managed install_data
[0.673s] running egg_info
[0.673s] writing ../../build/turtle_spawner/turtle_spawner.egg-info/PKG-INFO
[0.673s] writing dependency_links to ../../build/turtle_spawner/turtle_spawner.egg-info/dependency_links.txt
[0.674s] writing entry points to ../../build/turtle_spawner/turtle_spawner.egg-info/entry_points.txt
[0.674s] writing requirements to ../../build/turtle_spawner/turtle_spawner.egg-info/requires.txt
[0.674s] writing top-level names to ../../build/turtle_spawner/turtle_spawner.egg-info/top_level.txt
[0.675s] reading manifest file '../../build/turtle_spawner/turtle_spawner.egg-info/SOURCES.txt'
[0.675s] writing manifest file '../../build/turtle_spawner/turtle_spawner.egg-info/SOURCES.txt'
[0.675s] running build
[0.675s] running build_py
[0.675s] copying turtle_spawner/spawn_turtle.py -> /home/ssafy/turtle_ws/build/turtle_spawner/build/lib/turtle_spawner
[0.675s] running install
[0.675s] running install_lib
[0.676s] copying /home/ssafy/turtle_ws/build/turtle_spawner/build/lib/turtle_spawner/spawn_turtle.py -> /home/ssafy/turtle_ws/install/turtle_spawner/lib/python3.10/site-packages/turtle_spawner
[0.676s] byte-compiling /home/ssafy/turtle_ws/install/turtle_spawner/lib/python3.10/site-packages/turtle_spawner/spawn_turtle.py to spawn_turtle.cpython-310.pyc
[0.677s] running install_data
[0.677s] running install_egg_info
[0.678s] removing '/home/ssafy/turtle_ws/install/turtle_spawner/lib/python3.10/site-packages/turtle_spawner-0.0.0-py3.10.egg-info' (and everything under it)
[0.679s] Copying ../../build/turtle_spawner/turtle_spawner.egg-info to /home/ssafy/turtle_ws/install/turtle_spawner/lib/python3.10/site-packages/turtle_spawner-0.0.0-py3.10.egg-info
[0.679s] running install_scripts
[0.692s] Installing spawn_turtle script to /home/ssafy/turtle_ws/install/turtle_spawner/lib/turtle_spawner
[0.692s] writing list of installed files to '/home/ssafy/turtle_ws/build/turtle_spawner/install.log'
[0.707s] Invoked command in '/home/ssafy/turtle_ws/src/turtle_spawner' returned '0': PYTHONPATH=/home/ssafy/turtle_ws/build/turtle_spawner/prefix_override:/usr/lib/python3/dist-packages/colcon_core/task/python/colcon_distutils_commands:/home/ssafy/turtle_ws/install/turtle_spawner/lib/python3.10/site-packages:${PYTHONPATH} /usr/bin/python3 -W ignore:setup.py install is deprecated -W ignore:easy_install command is deprecated setup.py egg_info --egg-base ../../build/turtle_spawner build --build-base /home/ssafy/turtle_ws/build/turtle_spawner/build install --record /home/ssafy/turtle_ws/build/turtle_spawner/install.log --single-version-externally-managed install_data
