[1.190s] Invoking command in '/home/ssafy/ssafy_ws/src/sensor_sub_pkg': PYTHONPATH=/home/ssafy/ssafy_ws/build/sensor_sub_pkg/prefix_override:/usr/lib/python3/dist-packages/colcon_core/task/python/colcon_distutils_commands:/home/ssafy/ssafy_ws/install/sensor_sub_pkg/lib/python3.10/site-packages:${PYTHONPATH} /usr/bin/python3 -W ignore:setup.py install is deprecated -W ignore:easy_install command is deprecated setup.py egg_info --egg-base ../../build/sensor_sub_pkg build --build-base /home/ssafy/ssafy_ws/build/sensor_sub_pkg/build install --record /home/ssafy/ssafy_ws/build/sensor_sub_pkg/install.log --single-version-externally-managed install_data
[1.389s] running egg_info
[1.390s] writing ../../build/sensor_sub_pkg/sensor_sub_pkg.egg-info/PKG-INFO
[1.390s] writing dependency_links to ../../build/sensor_sub_pkg/sensor_sub_pkg.egg-info/dependency_links.txt
[1.390s] writing entry points to ../../build/sensor_sub_pkg/sensor_sub_pkg.egg-info/entry_points.txt
[1.390s] writing requirements to ../../build/sensor_sub_pkg/sensor_sub_pkg.egg-info/requires.txt
[1.390s] writing top-level names to ../../build/sensor_sub_pkg/sensor_sub_pkg.egg-info/top_level.txt
[1.391s] reading manifest file '../../build/sensor_sub_pkg/sensor_sub_pkg.egg-info/SOURCES.txt'
[1.392s] writing manifest file '../../build/sensor_sub_pkg/sensor_sub_pkg.egg-info/SOURCES.txt'
[1.392s] running build
[1.392s] running build_py
[1.392s] running install
[1.392s] running install_lib
[1.393s] running install_data
[1.393s] running install_egg_info
[1.394s] removing '/home/ssafy/ssafy_ws/install/sensor_sub_pkg/lib/python3.10/site-packages/sensor_sub_pkg-0.0.0-py3.10.egg-info' (and everything under it)
[1.395s] Copying ../../build/sensor_sub_pkg/sensor_sub_pkg.egg-info to /home/ssafy/ssafy_ws/install/sensor_sub_pkg/lib/python3.10/site-packages/sensor_sub_pkg-0.0.0-py3.10.egg-info
[1.395s] running install_scripts
[1.411s] Installing imu_sub script to /home/ssafy/ssafy_ws/install/sensor_sub_pkg/lib/sensor_sub_pkg
[1.411s] Installing laser_sub script to /home/ssafy/ssafy_ws/install/sensor_sub_pkg/lib/sensor_sub_pkg
[1.411s] Installing odom_sub script to /home/ssafy/ssafy_ws/install/sensor_sub_pkg/lib/sensor_sub_pkg
[1.411s] writing list of installed files to '/home/ssafy/ssafy_ws/build/sensor_sub_pkg/install.log'
[1.442s] Invoked command in '/home/ssafy/ssafy_ws/src/sensor_sub_pkg' returned '0': PYTHONPATH=/home/ssafy/ssafy_ws/build/sensor_sub_pkg/prefix_override:/usr/lib/python3/dist-packages/colcon_core/task/python/colcon_distutils_commands:/home/ssafy/ssafy_ws/install/sensor_sub_pkg/lib/python3.10/site-packages:${PYTHONPATH} /usr/bin/python3 -W ignore:setup.py install is deprecated -W ignore:easy_install command is deprecated setup.py egg_info --egg-base ../../build/sensor_sub_pkg build --build-base /home/ssafy/ssafy_ws/build/sensor_sub_pkg/build install --record /home/ssafy/ssafy_ws/build/sensor_sub_pkg/install.log --single-version-externally-managed install_data
