[0.069s] DEBUG:colcon:Command line arguments: ['/usr/bin/colcon', 'build']
[0.069s] DEBUG:colcon:Parsed command line arguments: Namespace(log_base=None, log_level=None, verb_name='build', build_base='build', install_base='install', merge_install=False, symlink_install=False, test_result_base=None, continue_on_error=False, executor='parallel', parallel_workers=20, event_handlers=None, ignore_user_meta=False, metas=['./colcon.meta'], base_paths=['.'], packages_ignore=None, packages_ignore_regex=None, paths=None, packages_up_to=None, packages_up_to_regex=None, packages_above=None, packages_above_and_dependencies=None, packages_above_depth=None, packages_select_by_dep=None, packages_skip_by_dep=None, packages_skip_up_to=None, packages_select_build_failed=False, packages_skip_build_finished=False, packages_select_test_failures=False, packages_skip_test_passed=False, packages_select=None, packages_skip=None, packages_select_regex=None, packages_skip_regex=None, packages_start=None, packages_end=None, allow_overriding=[], cmake_args=None, cmake_target=None, cmake_target_skip_unavailable=False, cmake_clean_cache=False, cmake_clean_first=False, cmake_force_configure=False, ament_cmake_args=None, catkin_cmake_args=None, catkin_skip_building_tests=False, mixin_files=None, mixin=None, verb_parser=<colcon_mixin.mixin.mixin_argument.MixinArgumentDecorator object at 0x771603d9d480>, verb_extension=<colcon_core.verb.build.BuildVerb object at 0x771603eae260>, main=<bound method BuildVerb.main of <colcon_core.verb.build.BuildVerb object at 0x771603eae260>>, mixin_verb=('build',))
[0.094s] Level 1:colcon.colcon_core.package_discovery:discover_packages(colcon_meta) check parameters
[0.094s] Level 1:colcon.colcon_core.package_discovery:discover_packages(recursive) check parameters
[0.094s] Level 1:colcon.colcon_core.package_discovery:discover_packages(ignore) check parameters
[0.094s] Level 1:colcon.colcon_core.package_discovery:discover_packages(path) check parameters
[0.094s] Level 1:colcon.colcon_core.package_discovery:discover_packages(colcon_meta) discover
[0.094s] Level 1:colcon.colcon_core.package_discovery:discover_packages(recursive) discover
[0.094s] INFO:colcon.colcon_core.package_discovery:Crawling recursively for packages in '/home/ssafy/ssafy_ws'
[0.094s] Level 1:colcon.colcon_core.package_identification:_identify(.) by extensions ['ignore', 'ignore_ament_install']
[0.094s] Level 1:colcon.colcon_core.package_identification:_identify(.) by extension 'ignore'
[0.094s] Level 1:colcon.colcon_core.package_identification:_identify(.) by extension 'ignore_ament_install'
[0.094s] Level 1:colcon.colcon_core.package_identification:_identify(.) by extensions ['colcon_pkg']
[0.094s] Level 1:colcon.colcon_core.package_identification:_identify(.) by extension 'colcon_pkg'
[0.094s] Level 1:colcon.colcon_core.package_identification:_identify(.) by extensions ['colcon_meta']
[0.094s] Level 1:colcon.colcon_core.package_identification:_identify(.) by extension 'colcon_meta'
[0.094s] Level 1:colcon.colcon_core.package_identification:_identify(.) by extensions ['ros']
[0.094s] Level 1:colcon.colcon_core.package_identification:_identify(.) by extension 'ros'
[0.103s] Level 1:colcon.colcon_core.package_identification:_identify(.) by extensions ['cmake', 'python']
[0.103s] Level 1:colcon.colcon_core.package_identification:_identify(.) by extension 'cmake'
[0.103s] Level 1:colcon.colcon_core.package_identification:_identify(.) by extension 'python'
[0.103s] Level 1:colcon.colcon_core.package_identification:_identify(.) by extensions ['python_setup_py']
[0.104s] Level 1:colcon.colcon_core.package_identification:_identify(.) by extension 'python_setup_py'
[0.104s] Level 1:colcon.colcon_core.package_identification:_identify(build) by extensions ['ignore', 'ignore_ament_install']
[0.104s] Level 1:colcon.colcon_core.package_identification:_identify(build) by extension 'ignore'
[0.104s] Level 1:colcon.colcon_core.package_identification:_identify(build) ignored
[0.104s] Level 1:colcon.colcon_core.package_identification:_identify(install) by extensions ['ignore', 'ignore_ament_install']
[0.104s] Level 1:colcon.colcon_core.package_identification:_identify(install) by extension 'ignore'
[0.104s] Level 1:colcon.colcon_core.package_identification:_identify(install) ignored
[0.104s] Level 1:colcon.colcon_core.package_identification:_identify(log) by extensions ['ignore', 'ignore_ament_install']
[0.104s] Level 1:colcon.colcon_core.package_identification:_identify(log) by extension 'ignore'
[0.104s] Level 1:colcon.colcon_core.package_identification:_identify(log) ignored
[0.104s] Level 1:colcon.colcon_core.package_identification:_identify(src) by extensions ['ignore', 'ignore_ament_install']
[0.104s] Level 1:colcon.colcon_core.package_identification:_identify(src) by extension 'ignore'
[0.104s] Level 1:colcon.colcon_core.package_identification:_identify(src) by extension 'ignore_ament_install'
[0.104s] Level 1:colcon.colcon_core.package_identification:_identify(src) by extensions ['colcon_pkg']
[0.104s] Level 1:colcon.colcon_core.package_identification:_identify(src) by extension 'colcon_pkg'
[0.104s] Level 1:colcon.colcon_core.package_identification:_identify(src) by extensions ['colcon_meta']
[0.104s] Level 1:colcon.colcon_core.package_identification:_identify(src) by extension 'colcon_meta'
[0.104s] Level 1:colcon.colcon_core.package_identification:_identify(src) by extensions ['ros']
[0.104s] Level 1:colcon.colcon_core.package_identification:_identify(src) by extension 'ros'
[0.104s] Level 1:colcon.colcon_core.package_identification:_identify(src) by extensions ['cmake', 'python']
[0.104s] Level 1:colcon.colcon_core.package_identification:_identify(src) by extension 'cmake'
[0.104s] Level 1:colcon.colcon_core.package_identification:_identify(src) by extension 'python'
[0.104s] Level 1:colcon.colcon_core.package_identification:_identify(src) by extensions ['python_setup_py']
[0.104s] Level 1:colcon.colcon_core.package_identification:_identify(src) by extension 'python_setup_py'
[0.104s] Level 1:colcon.colcon_core.package_identification:_identify(src/dobot_control) by extensions ['ignore', 'ignore_ament_install']
[0.104s] Level 1:colcon.colcon_core.package_identification:_identify(src/dobot_control) by extension 'ignore'
[0.105s] Level 1:colcon.colcon_core.package_identification:_identify(src/dobot_control) by extension 'ignore_ament_install'
[0.105s] Level 1:colcon.colcon_core.package_identification:_identify(src/dobot_control) by extensions ['colcon_pkg']
[0.105s] Level 1:colcon.colcon_core.package_identification:_identify(src/dobot_control) by extension 'colcon_pkg'
[0.105s] Level 1:colcon.colcon_core.package_identification:_identify(src/dobot_control) by extensions ['colcon_meta']
[0.105s] Level 1:colcon.colcon_core.package_identification:_identify(src/dobot_control) by extension 'colcon_meta'
[0.105s] Level 1:colcon.colcon_core.package_identification:_identify(src/dobot_control) by extensions ['ros']
[0.105s] Level 1:colcon.colcon_core.package_identification:_identify(src/dobot_control) by extension 'ros'
[0.106s] DEBUG:colcon.colcon_core.package_identification:Package 'src/dobot_control' with type 'ros.ament_python' and name 'dobot_control'
[0.106s] Level 1:colcon.colcon_core.package_identification:_identify(src/intergrate_prac) by extensions ['ignore', 'ignore_ament_install']
[0.106s] Level 1:colcon.colcon_core.package_identification:_identify(src/intergrate_prac) by extension 'ignore'
[0.107s] Level 1:colcon.colcon_core.package_identification:_identify(src/intergrate_prac) by extension 'ignore_ament_install'
[0.107s] Level 1:colcon.colcon_core.package_identification:_identify(src/intergrate_prac) by extensions ['colcon_pkg']
[0.107s] Level 1:colcon.colcon_core.package_identification:_identify(src/intergrate_prac) by extension 'colcon_pkg'
[0.107s] Level 1:colcon.colcon_core.package_identification:_identify(src/intergrate_prac) by extensions ['colcon_meta']
[0.107s] Level 1:colcon.colcon_core.package_identification:_identify(src/intergrate_prac) by extension 'colcon_meta'
[0.107s] Level 1:colcon.colcon_core.package_identification:_identify(src/intergrate_prac) by extensions ['ros']
[0.107s] Level 1:colcon.colcon_core.package_identification:_identify(src/intergrate_prac) by extension 'ros'
[0.107s] DEBUG:colcon.colcon_core.package_identification:Package 'src/intergrate_prac' with type 'ros.ament_python' and name 'intergrate_prac'
[0.107s] Level 1:colcon.colcon_core.package_identification:_identify(src/my_robot_controller) by extensions ['ignore', 'ignore_ament_install']
[0.107s] Level 1:colcon.colcon_core.package_identification:_identify(src/my_robot_controller) by extension 'ignore'
[0.107s] Level 1:colcon.colcon_core.package_identification:_identify(src/my_robot_controller) by extension 'ignore_ament_install'
[0.107s] Level 1:colcon.colcon_core.package_identification:_identify(src/my_robot_controller) by extensions ['colcon_pkg']
[0.107s] Level 1:colcon.colcon_core.package_identification:_identify(src/my_robot_controller) by extension 'colcon_pkg'
[0.107s] Level 1:colcon.colcon_core.package_identification:_identify(src/my_robot_controller) by extensions ['colcon_meta']
[0.107s] Level 1:colcon.colcon_core.package_identification:_identify(src/my_robot_controller) by extension 'colcon_meta'
[0.107s] Level 1:colcon.colcon_core.package_identification:_identify(src/my_robot_controller) by extensions ['ros']
[0.107s] Level 1:colcon.colcon_core.package_identification:_identify(src/my_robot_controller) by extension 'ros'
[0.108s] DEBUG:colcon.colcon_core.package_identification:Package 'src/my_robot_controller' with type 'ros.ament_python' and name 'my_robot_controller'
[0.108s] Level 1:colcon.colcon_core.package_identification:_identify(src/practice) by extensions ['ignore', 'ignore_ament_install']
[0.108s] Level 1:colcon.colcon_core.package_identification:_identify(src/practice) by extension 'ignore'
[0.108s] Level 1:colcon.colcon_core.package_identification:_identify(src/practice) by extension 'ignore_ament_install'
[0.108s] Level 1:colcon.colcon_core.package_identification:_identify(src/practice) by extensions ['colcon_pkg']
[0.108s] Level 1:colcon.colcon_core.package_identification:_identify(src/practice) by extension 'colcon_pkg'
[0.108s] Level 1:colcon.colcon_core.package_identification:_identify(src/practice) by extensions ['colcon_meta']
[0.108s] Level 1:colcon.colcon_core.package_identification:_identify(src/practice) by extension 'colcon_meta'
[0.108s] Level 1:colcon.colcon_core.package_identification:_identify(src/practice) by extensions ['ros']
[0.108s] Level 1:colcon.colcon_core.package_identification:_identify(src/practice) by extension 'ros'
[0.108s] DEBUG:colcon.colcon_core.package_identification:Package 'src/practice' with type 'ros.ament_python' and name 'practice'
[0.108s] Level 1:colcon.colcon_core.package_identification:_identify(src/sensor_sub_pkg) by extensions ['ignore', 'ignore_ament_install']
[0.108s] Level 1:colcon.colcon_core.package_identification:_identify(src/sensor_sub_pkg) by extension 'ignore'
[0.108s] Level 1:colcon.colcon_core.package_identification:_identify(src/sensor_sub_pkg) by extension 'ignore_ament_install'
[0.108s] Level 1:colcon.colcon_core.package_identification:_identify(src/sensor_sub_pkg) by extensions ['colcon_pkg']
[0.108s] Level 1:colcon.colcon_core.package_identification:_identify(src/sensor_sub_pkg) by extension 'colcon_pkg'
[0.108s] Level 1:colcon.colcon_core.package_identification:_identify(src/sensor_sub_pkg) by extensions ['colcon_meta']
[0.108s] Level 1:colcon.colcon_core.package_identification:_identify(src/sensor_sub_pkg) by extension 'colcon_meta'
[0.108s] Level 1:colcon.colcon_core.package_identification:_identify(src/sensor_sub_pkg) by extensions ['ros']
[0.108s] Level 1:colcon.colcon_core.package_identification:_identify(src/sensor_sub_pkg) by extension 'ros'
[0.109s] DEBUG:colcon.colcon_core.package_identification:Package 'src/sensor_sub_pkg' with type 'ros.ament_python' and name 'sensor_sub_pkg'
[0.109s] Level 1:colcon.colcon_core.package_identification:_identify(src/simple_car_tf) by extensions ['ignore', 'ignore_ament_install']
[0.109s] Level 1:colcon.colcon_core.package_identification:_identify(src/simple_car_tf) by extension 'ignore'
[0.109s] Level 1:colcon.colcon_core.package_identification:_identify(src/simple_car_tf) by extension 'ignore_ament_install'
[0.109s] Level 1:colcon.colcon_core.package_identification:_identify(src/simple_car_tf) by extensions ['colcon_pkg']
[0.109s] Level 1:colcon.colcon_core.package_identification:_identify(src/simple_car_tf) by extension 'colcon_pkg'
[0.109s] Level 1:colcon.colcon_core.package_identification:_identify(src/simple_car_tf) by extensions ['colcon_meta']
[0.109s] Level 1:colcon.colcon_core.package_identification:_identify(src/simple_car_tf) by extension 'colcon_meta'
[0.109s] Level 1:colcon.colcon_core.package_identification:_identify(src/simple_car_tf) by extensions ['ros']
[0.109s] Level 1:colcon.colcon_core.package_identification:_identify(src/simple_car_tf) by extension 'ros'
[0.109s] DEBUG:colcon.colcon_core.package_identification:Package 'src/simple_car_tf' with type 'ros.ament_python' and name 'simple_car_tf'
[0.109s] Level 1:colcon.colcon_core.package_identification:_identify(src/slam_control) by extensions ['ignore', 'ignore_ament_install']
[0.109s] Level 1:colcon.colcon_core.package_identification:_identify(src/slam_control) by extension 'ignore'
[0.109s] Level 1:colcon.colcon_core.package_identification:_identify(src/slam_control) by extension 'ignore_ament_install'
[0.109s] Level 1:colcon.colcon_core.package_identification:_identify(src/slam_control) by extensions ['colcon_pkg']
[0.109s] Level 1:colcon.colcon_core.package_identification:_identify(src/slam_control) by extension 'colcon_pkg'
[0.109s] Level 1:colcon.colcon_core.package_identification:_identify(src/slam_control) by extensions ['colcon_meta']
[0.109s] Level 1:colcon.colcon_core.package_identification:_identify(src/slam_control) by extension 'colcon_meta'
[0.109s] Level 1:colcon.colcon_core.package_identification:_identify(src/slam_control) by extensions ['ros']
[0.109s] Level 1:colcon.colcon_core.package_identification:_identify(src/slam_control) by extension 'ros'
[0.110s] DEBUG:colcon.colcon_core.package_identification:Package 'src/slam_control' with type 'ros.ament_python' and name 'slam_control'
[0.110s] Level 1:colcon.colcon_core.package_identification:_identify(src/urdf_practice) by extensions ['ignore', 'ignore_ament_install']
[0.110s] Level 1:colcon.colcon_core.package_identification:_identify(src/urdf_practice) by extension 'ignore'
[0.110s] Level 1:colcon.colcon_core.package_identification:_identify(src/urdf_practice) by extension 'ignore_ament_install'
[0.110s] Level 1:colcon.colcon_core.package_identification:_identify(src/urdf_practice) by extensions ['colcon_pkg']
[0.110s] Level 1:colcon.colcon_core.package_identification:_identify(src/urdf_practice) by extension 'colcon_pkg'
[0.110s] Level 1:colcon.colcon_core.package_identification:_identify(src/urdf_practice) by extensions ['colcon_meta']
[0.110s] Level 1:colcon.colcon_core.package_identification:_identify(src/urdf_practice) by extension 'colcon_meta'
[0.110s] Level 1:colcon.colcon_core.package_identification:_identify(src/urdf_practice) by extensions ['ros']
[0.110s] Level 1:colcon.colcon_core.package_identification:_identify(src/urdf_practice) by extension 'ros'
[0.110s] DEBUG:colcon.colcon_core.package_identification:Package 'src/urdf_practice' with type 'ros.ament_python' and name 'urdf_practice'
[0.110s] Level 1:colcon.colcon_core.package_identification:_identify(src/yolo) by extensions ['ignore', 'ignore_ament_install']
[0.110s] Level 1:colcon.colcon_core.package_identification:_identify(src/yolo) by extension 'ignore'
[0.110s] Level 1:colcon.colcon_core.package_identification:_identify(src/yolo) by extension 'ignore_ament_install'
[0.110s] Level 1:colcon.colcon_core.package_identification:_identify(src/yolo) by extensions ['colcon_pkg']
[0.110s] Level 1:colcon.colcon_core.package_identification:_identify(src/yolo) by extension 'colcon_pkg'
[0.110s] Level 1:colcon.colcon_core.package_identification:_identify(src/yolo) by extensions ['colcon_meta']
[0.110s] Level 1:colcon.colcon_core.package_identification:_identify(src/yolo) by extension 'colcon_meta'
[0.111s] Level 1:colcon.colcon_core.package_identification:_identify(src/yolo) by extensions ['ros']
[0.111s] Level 1:colcon.colcon_core.package_identification:_identify(src/yolo) by extension 'ros'
[0.111s] DEBUG:colcon.colcon_core.package_identification:Package 'src/yolo' with type 'ros.ament_python' and name 'yolo'
[0.111s] Level 1:colcon.colcon_core.package_discovery:discover_packages(recursive) using defaults
[0.111s] Level 1:colcon.colcon_core.package_discovery:discover_packages(ignore) discover
[0.111s] Level 1:colcon.colcon_core.package_discovery:discover_packages(ignore) using defaults
[0.111s] Level 1:colcon.colcon_core.package_discovery:discover_packages(path) discover
[0.111s] Level 1:colcon.colcon_core.package_discovery:discover_packages(path) using defaults
[0.125s] Level 1:colcon.colcon_core.package_discovery:discover_packages(prefix_path) check parameters
[0.125s] Level 1:colcon.colcon_core.package_discovery:discover_packages(prefix_path) discover
[0.126s] DEBUG:colcon.colcon_installed_package_information.package_discovery:Found 14 installed packages in /home/ssafy/magician_ros2_control_system_ws/install
[0.126s] DEBUG:colcon.colcon_installed_package_information.package_discovery:Found 16 installed packages in /home/ssafy/turtlebot3_ws/install
[0.127s] DEBUG:colcon.colcon_installed_package_information.package_discovery:Found 8 installed packages in /home/ssafy/ssafy_ws/install
[0.128s] DEBUG:colcon.colcon_installed_package_information.package_discovery:Found 387 installed packages in /opt/ros/humble
[0.129s] Level 1:colcon.colcon_core.package_discovery:discover_packages(prefix_path) using defaults
[0.157s] Level 5:colcon.colcon_core.verb:set package 'dobot_control' build argument 'cmake_args' from command line to 'None'
[0.157s] Level 5:colcon.colcon_core.verb:set package 'dobot_control' build argument 'cmake_target' from command line to 'None'
[0.157s] Level 5:colcon.colcon_core.verb:set package 'dobot_control' build argument 'cmake_target_skip_unavailable' from command line to 'False'
[0.157s] Level 5:colcon.colcon_core.verb:set package 'dobot_control' build argument 'cmake_clean_cache' from command line to 'False'
[0.157s] Level 5:colcon.colcon_core.verb:set package 'dobot_control' build argument 'cmake_clean_first' from command line to 'False'
[0.157s] Level 5:colcon.colcon_core.verb:set package 'dobot_control' build argument 'cmake_force_configure' from command line to 'False'
[0.157s] Level 5:colcon.colcon_core.verb:set package 'dobot_control' build argument 'ament_cmake_args' from command line to 'None'
[0.157s] Level 5:colcon.colcon_core.verb:set package 'dobot_control' build argument 'catkin_cmake_args' from command line to 'None'
[0.157s] Level 5:colcon.colcon_core.verb:set package 'dobot_control' build argument 'catkin_skip_building_tests' from command line to 'False'
[0.157s] DEBUG:colcon.colcon_core.verb:Building package 'dobot_control' with the following arguments: {'ament_cmake_args': None, 'build_base': '/home/ssafy/ssafy_ws/build/dobot_control', 'catkin_cmake_args': None, 'catkin_skip_building_tests': False, 'cmake_args': None, 'cmake_clean_cache': False, 'cmake_clean_first': False, 'cmake_force_configure': False, 'cmake_target': None, 'cmake_target_skip_unavailable': False, 'install_base': '/home/ssafy/ssafy_ws/install/dobot_control', 'merge_install': False, 'path': '/home/ssafy/ssafy_ws/src/dobot_control', 'symlink_install': False, 'test_result_base': None}
[0.157s] Level 5:colcon.colcon_core.verb:set package 'intergrate_prac' build argument 'cmake_args' from command line to 'None'
[0.157s] Level 5:colcon.colcon_core.verb:set package 'intergrate_prac' build argument 'cmake_target' from command line to 'None'
[0.157s] Level 5:colcon.colcon_core.verb:set package 'intergrate_prac' build argument 'cmake_target_skip_unavailable' from command line to 'False'
[0.157s] Level 5:colcon.colcon_core.verb:set package 'intergrate_prac' build argument 'cmake_clean_cache' from command line to 'False'
[0.157s] Level 5:colcon.colcon_core.verb:set package 'intergrate_prac' build argument 'cmake_clean_first' from command line to 'False'
[0.157s] Level 5:colcon.colcon_core.verb:set package 'intergrate_prac' build argument 'cmake_force_configure' from command line to 'False'
[0.157s] Level 5:colcon.colcon_core.verb:set package 'intergrate_prac' build argument 'ament_cmake_args' from command line to 'None'
[0.157s] Level 5:colcon.colcon_core.verb:set package 'intergrate_prac' build argument 'catkin_cmake_args' from command line to 'None'
[0.157s] Level 5:colcon.colcon_core.verb:set package 'intergrate_prac' build argument 'catkin_skip_building_tests' from command line to 'False'
[0.157s] DEBUG:colcon.colcon_core.verb:Building package 'intergrate_prac' with the following arguments: {'ament_cmake_args': None, 'build_base': '/home/ssafy/ssafy_ws/build/intergrate_prac', 'catkin_cmake_args': None, 'catkin_skip_building_tests': False, 'cmake_args': None, 'cmake_clean_cache': False, 'cmake_clean_first': False, 'cmake_force_configure': False, 'cmake_target': None, 'cmake_target_skip_unavailable': False, 'install_base': '/home/ssafy/ssafy_ws/install/intergrate_prac', 'merge_install': False, 'path': '/home/ssafy/ssafy_ws/src/intergrate_prac', 'symlink_install': False, 'test_result_base': None}
[0.157s] Level 5:colcon.colcon_core.verb:set package 'my_robot_controller' build argument 'cmake_args' from command line to 'None'
[0.157s] Level 5:colcon.colcon_core.verb:set package 'my_robot_controller' build argument 'cmake_target' from command line to 'None'
[0.157s] Level 5:colcon.colcon_core.verb:set package 'my_robot_controller' build argument 'cmake_target_skip_unavailable' from command line to 'False'
[0.157s] Level 5:colcon.colcon_core.verb:set package 'my_robot_controller' build argument 'cmake_clean_cache' from command line to 'False'
[0.157s] Level 5:colcon.colcon_core.verb:set package 'my_robot_controller' build argument 'cmake_clean_first' from command line to 'False'
[0.157s] Level 5:colcon.colcon_core.verb:set package 'my_robot_controller' build argument 'cmake_force_configure' from command line to 'False'
[0.157s] Level 5:colcon.colcon_core.verb:set package 'my_robot_controller' build argument 'ament_cmake_args' from command line to 'None'
[0.157s] Level 5:colcon.colcon_core.verb:set package 'my_robot_controller' build argument 'catkin_cmake_args' from command line to 'None'
[0.157s] Level 5:colcon.colcon_core.verb:set package 'my_robot_controller' build argument 'catkin_skip_building_tests' from command line to 'False'
[0.157s] DEBUG:colcon.colcon_core.verb:Building package 'my_robot_controller' with the following arguments: {'ament_cmake_args': None, 'build_base': '/home/ssafy/ssafy_ws/build/my_robot_controller', 'catkin_cmake_args': None, 'catkin_skip_building_tests': False, 'cmake_args': None, 'cmake_clean_cache': False, 'cmake_clean_first': False, 'cmake_force_configure': False, 'cmake_target': None, 'cmake_target_skip_unavailable': False, 'install_base': '/home/ssafy/ssafy_ws/install/my_robot_controller', 'merge_install': False, 'path': '/home/ssafy/ssafy_ws/src/my_robot_controller', 'symlink_install': False, 'test_result_base': None}
[0.158s] Level 5:colcon.colcon_core.verb:set package 'practice' build argument 'cmake_args' from command line to 'None'
[0.158s] Level 5:colcon.colcon_core.verb:set package 'practice' build argument 'cmake_target' from command line to 'None'
[0.158s] Level 5:colcon.colcon_core.verb:set package 'practice' build argument 'cmake_target_skip_unavailable' from command line to 'False'
[0.158s] Level 5:colcon.colcon_core.verb:set package 'practice' build argument 'cmake_clean_cache' from command line to 'False'
[0.158s] Level 5:colcon.colcon_core.verb:set package 'practice' build argument 'cmake_clean_first' from command line to 'False'
[0.158s] Level 5:colcon.colcon_core.verb:set package 'practice' build argument 'cmake_force_configure' from command line to 'False'
[0.158s] Level 5:colcon.colcon_core.verb:set package 'practice' build argument 'ament_cmake_args' from command line to 'None'
[0.158s] Level 5:colcon.colcon_core.verb:set package 'practice' build argument 'catkin_cmake_args' from command line to 'None'
[0.158s] Level 5:colcon.colcon_core.verb:set package 'practice' build argument 'catkin_skip_building_tests' from command line to 'False'
[0.158s] DEBUG:colcon.colcon_core.verb:Building package 'practice' with the following arguments: {'ament_cmake_args': None, 'build_base': '/home/ssafy/ssafy_ws/build/practice', 'catkin_cmake_args': None, 'catkin_skip_building_tests': False, 'cmake_args': None, 'cmake_clean_cache': False, 'cmake_clean_first': False, 'cmake_force_configure': False, 'cmake_target': None, 'cmake_target_skip_unavailable': False, 'install_base': '/home/ssafy/ssafy_ws/install/practice', 'merge_install': False, 'path': '/home/ssafy/ssafy_ws/src/practice', 'symlink_install': False, 'test_result_base': None}
[0.158s] Level 5:colcon.colcon_core.verb:set package 'sensor_sub_pkg' build argument 'cmake_args' from command line to 'None'
[0.158s] Level 5:colcon.colcon_core.verb:set package 'sensor_sub_pkg' build argument 'cmake_target' from command line to 'None'
[0.158s] Level 5:colcon.colcon_core.verb:set package 'sensor_sub_pkg' build argument 'cmake_target_skip_unavailable' from command line to 'False'
[0.158s] Level 5:colcon.colcon_core.verb:set package 'sensor_sub_pkg' build argument 'cmake_clean_cache' from command line to 'False'
[0.158s] Level 5:colcon.colcon_core.verb:set package 'sensor_sub_pkg' build argument 'cmake_clean_first' from command line to 'False'
[0.158s] Level 5:colcon.colcon_core.verb:set package 'sensor_sub_pkg' build argument 'cmake_force_configure' from command line to 'False'
[0.158s] Level 5:colcon.colcon_core.verb:set package 'sensor_sub_pkg' build argument 'ament_cmake_args' from command line to 'None'
[0.158s] Level 5:colcon.colcon_core.verb:set package 'sensor_sub_pkg' build argument 'catkin_cmake_args' from command line to 'None'
[0.158s] Level 5:colcon.colcon_core.verb:set package 'sensor_sub_pkg' build argument 'catkin_skip_building_tests' from command line to 'False'
[0.158s] DEBUG:colcon.colcon_core.verb:Building package 'sensor_sub_pkg' with the following arguments: {'ament_cmake_args': None, 'build_base': '/home/ssafy/ssafy_ws/build/sensor_sub_pkg', 'catkin_cmake_args': None, 'catkin_skip_building_tests': False, 'cmake_args': None, 'cmake_clean_cache': False, 'cmake_clean_first': False, 'cmake_force_configure': False, 'cmake_target': None, 'cmake_target_skip_unavailable': False, 'install_base': '/home/ssafy/ssafy_ws/install/sensor_sub_pkg', 'merge_install': False, 'path': '/home/ssafy/ssafy_ws/src/sensor_sub_pkg', 'symlink_install': False, 'test_result_base': None}
[0.158s] Level 5:colcon.colcon_core.verb:set package 'simple_car_tf' build argument 'cmake_args' from command line to 'None'
[0.158s] Level 5:colcon.colcon_core.verb:set package 'simple_car_tf' build argument 'cmake_target' from command line to 'None'
[0.158s] Level 5:colcon.colcon_core.verb:set package 'simple_car_tf' build argument 'cmake_target_skip_unavailable' from command line to 'False'
[0.158s] Level 5:colcon.colcon_core.verb:set package 'simple_car_tf' build argument 'cmake_clean_cache' from command line to 'False'
[0.158s] Level 5:colcon.colcon_core.verb:set package 'simple_car_tf' build argument 'cmake_clean_first' from command line to 'False'
[0.158s] Level 5:colcon.colcon_core.verb:set package 'simple_car_tf' build argument 'cmake_force_configure' from command line to 'False'
[0.158s] Level 5:colcon.colcon_core.verb:set package 'simple_car_tf' build argument 'ament_cmake_args' from command line to 'None'
[0.158s] Level 5:colcon.colcon_core.verb:set package 'simple_car_tf' build argument 'catkin_cmake_args' from command line to 'None'
[0.158s] Level 5:colcon.colcon_core.verb:set package 'simple_car_tf' build argument 'catkin_skip_building_tests' from command line to 'False'
[0.158s] DEBUG:colcon.colcon_core.verb:Building package 'simple_car_tf' with the following arguments: {'ament_cmake_args': None, 'build_base': '/home/ssafy/ssafy_ws/build/simple_car_tf', 'catkin_cmake_args': None, 'catkin_skip_building_tests': False, 'cmake_args': None, 'cmake_clean_cache': False, 'cmake_clean_first': False, 'cmake_force_configure': False, 'cmake_target': None, 'cmake_target_skip_unavailable': False, 'install_base': '/home/ssafy/ssafy_ws/install/simple_car_tf', 'merge_install': False, 'path': '/home/ssafy/ssafy_ws/src/simple_car_tf', 'symlink_install': False, 'test_result_base': None}
[0.159s] Level 5:colcon.colcon_core.verb:set package 'slam_control' build argument 'cmake_args' from command line to 'None'
[0.159s] Level 5:colcon.colcon_core.verb:set package 'slam_control' build argument 'cmake_target' from command line to 'None'
[0.159s] Level 5:colcon.colcon_core.verb:set package 'slam_control' build argument 'cmake_target_skip_unavailable' from command line to 'False'
[0.159s] Level 5:colcon.colcon_core.verb:set package 'slam_control' build argument 'cmake_clean_cache' from command line to 'False'
[0.159s] Level 5:colcon.colcon_core.verb:set package 'slam_control' build argument 'cmake_clean_first' from command line to 'False'
[0.159s] Level 5:colcon.colcon_core.verb:set package 'slam_control' build argument 'cmake_force_configure' from command line to 'False'
[0.159s] Level 5:colcon.colcon_core.verb:set package 'slam_control' build argument 'ament_cmake_args' from command line to 'None'
[0.159s] Level 5:colcon.colcon_core.verb:set package 'slam_control' build argument 'catkin_cmake_args' from command line to 'None'
[0.159s] Level 5:colcon.colcon_core.verb:set package 'slam_control' build argument 'catkin_skip_building_tests' from command line to 'False'
[0.159s] DEBUG:colcon.colcon_core.verb:Building package 'slam_control' with the following arguments: {'ament_cmake_args': None, 'build_base': '/home/ssafy/ssafy_ws/build/slam_control', 'catkin_cmake_args': None, 'catkin_skip_building_tests': False, 'cmake_args': None, 'cmake_clean_cache': False, 'cmake_clean_first': False, 'cmake_force_configure': False, 'cmake_target': None, 'cmake_target_skip_unavailable': False, 'install_base': '/home/ssafy/ssafy_ws/install/slam_control', 'merge_install': False, 'path': '/home/ssafy/ssafy_ws/src/slam_control', 'symlink_install': False, 'test_result_base': None}
[0.159s] Level 5:colcon.colcon_core.verb:set package 'urdf_practice' build argument 'cmake_args' from command line to 'None'
[0.159s] Level 5:colcon.colcon_core.verb:set package 'urdf_practice' build argument 'cmake_target' from command line to 'None'
[0.159s] Level 5:colcon.colcon_core.verb:set package 'urdf_practice' build argument 'cmake_target_skip_unavailable' from command line to 'False'
[0.159s] Level 5:colcon.colcon_core.verb:set package 'urdf_practice' build argument 'cmake_clean_cache' from command line to 'False'
[0.159s] Level 5:colcon.colcon_core.verb:set package 'urdf_practice' build argument 'cmake_clean_first' from command line to 'False'
[0.159s] Level 5:colcon.colcon_core.verb:set package 'urdf_practice' build argument 'cmake_force_configure' from command line to 'False'
[0.159s] Level 5:colcon.colcon_core.verb:set package 'urdf_practice' build argument 'ament_cmake_args' from command line to 'None'
[0.159s] Level 5:colcon.colcon_core.verb:set package 'urdf_practice' build argument 'catkin_cmake_args' from command line to 'None'
[0.159s] Level 5:colcon.colcon_core.verb:set package 'urdf_practice' build argument 'catkin_skip_building_tests' from command line to 'False'
[0.159s] DEBUG:colcon.colcon_core.verb:Building package 'urdf_practice' with the following arguments: {'ament_cmake_args': None, 'build_base': '/home/ssafy/ssafy_ws/build/urdf_practice', 'catkin_cmake_args': None, 'catkin_skip_building_tests': False, 'cmake_args': None, 'cmake_clean_cache': False, 'cmake_clean_first': False, 'cmake_force_configure': False, 'cmake_target': None, 'cmake_target_skip_unavailable': False, 'install_base': '/home/ssafy/ssafy_ws/install/urdf_practice', 'merge_install': False, 'path': '/home/ssafy/ssafy_ws/src/urdf_practice', 'symlink_install': False, 'test_result_base': None}
[0.159s] Level 5:colcon.colcon_core.verb:set package 'yolo' build argument 'cmake_args' from command line to 'None'
[0.159s] Level 5:colcon.colcon_core.verb:set package 'yolo' build argument 'cmake_target' from command line to 'None'
[0.159s] Level 5:colcon.colcon_core.verb:set package 'yolo' build argument 'cmake_target_skip_unavailable' from command line to 'False'
[0.159s] Level 5:colcon.colcon_core.verb:set package 'yolo' build argument 'cmake_clean_cache' from command line to 'False'
[0.159s] Level 5:colcon.colcon_core.verb:set package 'yolo' build argument 'cmake_clean_first' from command line to 'False'
[0.159s] Level 5:colcon.colcon_core.verb:set package 'yolo' build argument 'cmake_force_configure' from command line to 'False'
[0.159s] Level 5:colcon.colcon_core.verb:set package 'yolo' build argument 'ament_cmake_args' from command line to 'None'
[0.159s] Level 5:colcon.colcon_core.verb:set package 'yolo' build argument 'catkin_cmake_args' from command line to 'None'
[0.159s] Level 5:colcon.colcon_core.verb:set package 'yolo' build argument 'catkin_skip_building_tests' from command line to 'False'
[0.160s] DEBUG:colcon.colcon_core.verb:Building package 'yolo' with the following arguments: {'ament_cmake_args': None, 'build_base': '/home/ssafy/ssafy_ws/build/yolo', 'catkin_cmake_args': None, 'catkin_skip_building_tests': False, 'cmake_args': None, 'cmake_clean_cache': False, 'cmake_clean_first': False, 'cmake_force_configure': False, 'cmake_target': None, 'cmake_target_skip_unavailable': False, 'install_base': '/home/ssafy/ssafy_ws/install/yolo', 'merge_install': False, 'path': '/home/ssafy/ssafy_ws/src/yolo', 'symlink_install': False, 'test_result_base': None}
[0.160s] INFO:colcon.colcon_core.executor:Executing jobs using 'parallel' executor
[0.160s] DEBUG:colcon.colcon_parallel_executor.executor.parallel:run_until_complete
[0.161s] INFO:colcon.colcon_ros.task.ament_python.build:Building ROS package in '/home/ssafy/ssafy_ws/src/dobot_control' with build type 'ament_python'
[0.161s] Level 1:colcon.colcon_core.shell:create_environment_hook('dobot_control', 'ament_prefix_path')
[0.163s] INFO:colcon.colcon_core.plugin_system:Skipping extension 'colcon_core.shell.bat': Not used on non-Windows systems
[0.163s] INFO:colcon.colcon_core.shell:Creating environment hook '/home/ssafy/ssafy_ws/install/dobot_control/share/dobot_control/hook/ament_prefix_path.ps1'
[0.163s] INFO:colcon.colcon_core.shell:Creating environment descriptor '/home/ssafy/ssafy_ws/install/dobot_control/share/dobot_control/hook/ament_prefix_path.dsv'
[0.163s] INFO:colcon.colcon_core.shell:Creating environment hook '/home/ssafy/ssafy_ws/install/dobot_control/share/dobot_control/hook/ament_prefix_path.sh'
[0.164s] INFO:colcon.colcon_core.shell:Skip shell extension 'powershell' for command environment: Not usable outside of PowerShell
[0.164s] DEBUG:colcon.colcon_core.shell:Skip shell extension 'dsv' for command environment
[0.167s] INFO:colcon.colcon_ros.task.ament_python.build:Building ROS package in '/home/ssafy/ssafy_ws/src/intergrate_prac' with build type 'ament_python'
[0.167s] Level 1:colcon.colcon_core.shell:create_environment_hook('intergrate_prac', 'ament_prefix_path')
[0.167s] INFO:colcon.colcon_core.shell:Creating environment hook '/home/ssafy/ssafy_ws/install/intergrate_prac/share/intergrate_prac/hook/ament_prefix_path.ps1'
[0.167s] INFO:colcon.colcon_core.shell:Creating environment descriptor '/home/ssafy/ssafy_ws/install/intergrate_prac/share/intergrate_prac/hook/ament_prefix_path.dsv'
[0.168s] INFO:colcon.colcon_core.shell:Creating environment hook '/home/ssafy/ssafy_ws/install/intergrate_prac/share/intergrate_prac/hook/ament_prefix_path.sh'
[0.168s] INFO:colcon.colcon_core.shell:Skip shell extension 'powershell' for command environment: Not usable outside of PowerShell
[0.168s] DEBUG:colcon.colcon_core.shell:Skip shell extension 'dsv' for command environment
[0.171s] INFO:colcon.colcon_ros.task.ament_python.build:Building ROS package in '/home/ssafy/ssafy_ws/src/my_robot_controller' with build type 'ament_python'
[0.171s] Level 1:colcon.colcon_core.shell:create_environment_hook('my_robot_controller', 'ament_prefix_path')
[0.171s] INFO:colcon.colcon_core.shell:Creating environment hook '/home/ssafy/ssafy_ws/install/my_robot_controller/share/my_robot_controller/hook/ament_prefix_path.ps1'
[0.172s] INFO:colcon.colcon_core.shell:Creating environment descriptor '/home/ssafy/ssafy_ws/install/my_robot_controller/share/my_robot_controller/hook/ament_prefix_path.dsv'
[0.173s] INFO:colcon.colcon_core.shell:Creating environment hook '/home/ssafy/ssafy_ws/install/my_robot_controller/share/my_robot_controller/hook/ament_prefix_path.sh'
[0.173s] INFO:colcon.colcon_core.shell:Skip shell extension 'powershell' for command environment: Not usable outside of PowerShell
[0.173s] DEBUG:colcon.colcon_core.shell:Skip shell extension 'dsv' for command environment
[0.176s] INFO:colcon.colcon_ros.task.ament_python.build:Building ROS package in '/home/ssafy/ssafy_ws/src/practice' with build type 'ament_python'
[0.182s] Level 1:colcon.colcon_core.shell:create_environment_hook('practice', 'ament_prefix_path')
[0.182s] INFO:colcon.colcon_core.shell:Creating environment hook '/home/ssafy/ssafy_ws/install/practice/share/practice/hook/ament_prefix_path.ps1'
[0.182s] INFO:colcon.colcon_core.shell:Creating environment descriptor '/home/ssafy/ssafy_ws/install/practice/share/practice/hook/ament_prefix_path.dsv'
[0.182s] INFO:colcon.colcon_core.shell:Creating environment hook '/home/ssafy/ssafy_ws/install/practice/share/practice/hook/ament_prefix_path.sh'
[0.183s] INFO:colcon.colcon_core.shell:Skip shell extension 'powershell' for command environment: Not usable outside of PowerShell
[0.183s] DEBUG:colcon.colcon_core.shell:Skip shell extension 'dsv' for command environment
[0.186s] INFO:colcon.colcon_ros.task.ament_python.build:Building ROS package in '/home/ssafy/ssafy_ws/src/sensor_sub_pkg' with build type 'ament_python'
[0.186s] Level 1:colcon.colcon_core.shell:create_environment_hook('sensor_sub_pkg', 'ament_prefix_path')
[0.186s] INFO:colcon.colcon_core.shell:Creating environment hook '/home/ssafy/ssafy_ws/install/sensor_sub_pkg/share/sensor_sub_pkg/hook/ament_prefix_path.ps1'
[0.186s] INFO:colcon.colcon_core.shell:Creating environment descriptor '/home/ssafy/ssafy_ws/install/sensor_sub_pkg/share/sensor_sub_pkg/hook/ament_prefix_path.dsv'
[0.186s] INFO:colcon.colcon_core.shell:Creating environment hook '/home/ssafy/ssafy_ws/install/sensor_sub_pkg/share/sensor_sub_pkg/hook/ament_prefix_path.sh'
[0.186s] INFO:colcon.colcon_core.shell:Skip shell extension 'powershell' for command environment: Not usable outside of PowerShell
[0.187s] DEBUG:colcon.colcon_core.shell:Skip shell extension 'dsv' for command environment
[0.190s] INFO:colcon.colcon_ros.task.ament_python.build:Building ROS package in '/home/ssafy/ssafy_ws/src/simple_car_tf' with build type 'ament_python'
[0.190s] Level 1:colcon.colcon_core.shell:create_environment_hook('simple_car_tf', 'ament_prefix_path')
[0.190s] INFO:colcon.colcon_core.shell:Creating environment hook '/home/ssafy/ssafy_ws/install/simple_car_tf/share/simple_car_tf/hook/ament_prefix_path.ps1'
[0.191s] INFO:colcon.colcon_core.shell:Creating environment descriptor '/home/ssafy/ssafy_ws/install/simple_car_tf/share/simple_car_tf/hook/ament_prefix_path.dsv'
[0.191s] INFO:colcon.colcon_core.shell:Creating environment hook '/home/ssafy/ssafy_ws/install/simple_car_tf/share/simple_car_tf/hook/ament_prefix_path.sh'
[0.191s] INFO:colcon.colcon_core.shell:Skip shell extension 'powershell' for command environment: Not usable outside of PowerShell
[0.191s] DEBUG:colcon.colcon_core.shell:Skip shell extension 'dsv' for command environment
[0.195s] INFO:colcon.colcon_ros.task.ament_python.build:Building ROS package in '/home/ssafy/ssafy_ws/src/slam_control' with build type 'ament_python'
[0.195s] Level 1:colcon.colcon_core.shell:create_environment_hook('slam_control', 'ament_prefix_path')
[0.195s] INFO:colcon.colcon_core.shell:Creating environment hook '/home/ssafy/ssafy_ws/install/slam_control/share/slam_control/hook/ament_prefix_path.ps1'
[0.195s] INFO:colcon.colcon_core.shell:Creating environment descriptor '/home/ssafy/ssafy_ws/install/slam_control/share/slam_control/hook/ament_prefix_path.dsv'
[0.195s] INFO:colcon.colcon_core.shell:Creating environment hook '/home/ssafy/ssafy_ws/install/slam_control/share/slam_control/hook/ament_prefix_path.sh'
[0.196s] INFO:colcon.colcon_core.shell:Skip shell extension 'powershell' for command environment: Not usable outside of PowerShell
[0.196s] DEBUG:colcon.colcon_core.shell:Skip shell extension 'dsv' for command environment
[0.199s] INFO:colcon.colcon_ros.task.ament_python.build:Building ROS package in '/home/ssafy/ssafy_ws/src/urdf_practice' with build type 'ament_python'
[0.199s] Level 1:colcon.colcon_core.shell:create_environment_hook('urdf_practice', 'ament_prefix_path')
[0.199s] INFO:colcon.colcon_core.shell:Creating environment hook '/home/ssafy/ssafy_ws/install/urdf_practice/share/urdf_practice/hook/ament_prefix_path.ps1'
[0.200s] INFO:colcon.colcon_core.shell:Creating environment descriptor '/home/ssafy/ssafy_ws/install/urdf_practice/share/urdf_practice/hook/ament_prefix_path.dsv'
[0.200s] INFO:colcon.colcon_core.shell:Creating environment hook '/home/ssafy/ssafy_ws/install/urdf_practice/share/urdf_practice/hook/ament_prefix_path.sh'
[0.200s] INFO:colcon.colcon_core.shell:Skip shell extension 'powershell' for command environment: Not usable outside of PowerShell
[0.200s] DEBUG:colcon.colcon_core.shell:Skip shell extension 'dsv' for command environment
[0.203s] INFO:colcon.colcon_ros.task.ament_python.build:Building ROS package in '/home/ssafy/ssafy_ws/src/yolo' with build type 'ament_python'
[0.203s] Level 1:colcon.colcon_core.shell:create_environment_hook('yolo', 'ament_prefix_path')
[0.203s] INFO:colcon.colcon_core.shell:Creating environment hook '/home/ssafy/ssafy_ws/install/yolo/share/yolo/hook/ament_prefix_path.ps1'
[0.203s] INFO:colcon.colcon_core.shell:Creating environment descriptor '/home/ssafy/ssafy_ws/install/yolo/share/yolo/hook/ament_prefix_path.dsv'
[0.204s] INFO:colcon.colcon_core.shell:Creating environment hook '/home/ssafy/ssafy_ws/install/yolo/share/yolo/hook/ament_prefix_path.sh'
[0.204s] INFO:colcon.colcon_core.shell:Skip shell extension 'powershell' for command environment: Not usable outside of PowerShell
[0.204s] DEBUG:colcon.colcon_core.shell:Skip shell extension 'dsv' for command environment
[0.354s] INFO:colcon.colcon_core.task.python.build:Building Python package in '/home/ssafy/ssafy_ws/src/dobot_control'
[0.354s] INFO:colcon.colcon_core.shell:Skip shell extension 'powershell' for command environment: Not usable outside of PowerShell
[0.354s] DEBUG:colcon.colcon_core.shell:Skip shell extension 'dsv' for command environment
[0.484s] INFO:colcon.colcon_core.task.python.build:Building Python package in '/home/ssafy/ssafy_ws/src/intergrate_prac'
[0.484s] INFO:colcon.colcon_core.shell:Skip shell extension 'powershell' for command environment: Not usable outside of PowerShell
[0.484s] DEBUG:colcon.colcon_core.shell:Skip shell extension 'dsv' for command environment
[0.627s] INFO:colcon.colcon_core.task.python.build:Building Python package in '/home/ssafy/ssafy_ws/src/my_robot_controller'
[0.628s] INFO:colcon.colcon_core.shell:Skip shell extension 'powershell' for command environment: Not usable outside of PowerShell
[0.628s] DEBUG:colcon.colcon_core.shell:Skip shell extension 'dsv' for command environment
[0.758s] INFO:colcon.colcon_core.task.python.build:Building Python package in '/home/ssafy/ssafy_ws/src/practice'
[0.758s] INFO:colcon.colcon_core.shell:Skip shell extension 'powershell' for command environment: Not usable outside of PowerShell
[0.758s] DEBUG:colcon.colcon_core.shell:Skip shell extension 'dsv' for command environment
[0.904s] INFO:colcon.colcon_core.task.python.build:Building Python package in '/home/ssafy/ssafy_ws/src/sensor_sub_pkg'
[0.904s] INFO:colcon.colcon_core.shell:Skip shell extension 'powershell' for command environment: Not usable outside of PowerShell
[0.904s] DEBUG:colcon.colcon_core.shell:Skip shell extension 'dsv' for command environment
[1.034s] INFO:colcon.colcon_core.task.python.build:Building Python package in '/home/ssafy/ssafy_ws/src/simple_car_tf'
[1.034s] INFO:colcon.colcon_core.shell:Skip shell extension 'powershell' for command environment: Not usable outside of PowerShell
[1.035s] DEBUG:colcon.colcon_core.shell:Skip shell extension 'dsv' for command environment
[1.166s] INFO:colcon.colcon_core.task.python.build:Building Python package in '/home/ssafy/ssafy_ws/src/slam_control'
[1.166s] INFO:colcon.colcon_core.shell:Skip shell extension 'powershell' for command environment: Not usable outside of PowerShell
[1.166s] DEBUG:colcon.colcon_core.shell:Skip shell extension 'dsv' for command environment
[1.308s] INFO:colcon.colcon_core.task.python.build:Building Python package in '/home/ssafy/ssafy_ws/src/urdf_practice'
[1.308s] INFO:colcon.colcon_core.shell:Skip shell extension 'powershell' for command environment: Not usable outside of PowerShell
[1.308s] DEBUG:colcon.colcon_core.shell:Skip shell extension 'dsv' for command environment
[1.449s] INFO:colcon.colcon_core.task.python.build:Building Python package in '/home/ssafy/ssafy_ws/src/yolo'
[1.449s] INFO:colcon.colcon_core.shell:Skip shell extension 'powershell' for command environment: Not usable outside of PowerShell
[1.449s] DEBUG:colcon.colcon_core.shell:Skip shell extension 'dsv' for command environment
[1.884s] DEBUG:colcon.colcon_core.event_handler.log_command:Invoking command in '/home/ssafy/ssafy_ws/src/my_robot_controller': PYTHONPATH=/home/ssafy/ssafy_ws/build/my_robot_controller/prefix_override:/usr/lib/python3/dist-packages/colcon_core/task/python/colcon_distutils_commands:/home/ssafy/ssafy_ws/install/my_robot_controller/lib/python3.10/site-packages:${PYTHONPATH} /usr/bin/python3 -W ignore:setup.py install is deprecated -W ignore:easy_install command is deprecated setup.py egg_info --egg-base ../../build/my_robot_controller build --build-base /home/ssafy/ssafy_ws/build/my_robot_controller/build install --record /home/ssafy/ssafy_ws/build/my_robot_controller/install.log --single-version-externally-managed install_data
[1.894s] DEBUG:colcon.colcon_core.event_handler.log_command:Invoking command in '/home/ssafy/ssafy_ws/src/slam_control': PYTHONPATH=/home/ssafy/ssafy_ws/build/slam_control/prefix_override:/usr/lib/python3/dist-packages/colcon_core/task/python/colcon_distutils_commands:/home/ssafy/ssafy_ws/install/slam_control/lib/python3.10/site-packages:${PYTHONPATH} /usr/bin/python3 -W ignore:setup.py install is deprecated -W ignore:easy_install command is deprecated setup.py egg_info --egg-base ../../build/slam_control build --build-base /home/ssafy/ssafy_ws/build/slam_control/build install --record /home/ssafy/ssafy_ws/build/slam_control/install.log --single-version-externally-managed install_data
[1.896s] DEBUG:colcon.colcon_core.event_handler.log_command:Invoking command in '/home/ssafy/ssafy_ws/src/simple_car_tf': PYTHONPATH=/home/ssafy/ssafy_ws/build/simple_car_tf/prefix_override:/usr/lib/python3/dist-packages/colcon_core/task/python/colcon_distutils_commands:/home/ssafy/ssafy_ws/install/simple_car_tf/lib/python3.10/site-packages:${PYTHONPATH} /usr/bin/python3 -W ignore:setup.py install is deprecated -W ignore:easy_install command is deprecated setup.py egg_info --egg-base ../../build/simple_car_tf build --build-base /home/ssafy/ssafy_ws/build/simple_car_tf/build install --record /home/ssafy/ssafy_ws/build/simple_car_tf/install.log --single-version-externally-managed install_data
[1.899s] DEBUG:colcon.colcon_core.event_handler.log_command:Invoking command in '/home/ssafy/ssafy_ws/src/yolo': PYTHONPATH=/home/ssafy/ssafy_ws/build/yolo/prefix_override:/usr/lib/python3/dist-packages/colcon_core/task/python/colcon_distutils_commands:/home/ssafy/ssafy_ws/install/yolo/lib/python3.10/site-packages:${PYTHONPATH} /usr/bin/python3 -W ignore:setup.py install is deprecated -W ignore:easy_install command is deprecated setup.py egg_info --egg-base ../../build/yolo build --build-base /home/ssafy/ssafy_ws/build/yolo/build install --record /home/ssafy/ssafy_ws/build/yolo/install.log --single-version-externally-managed install_data
[1.902s] DEBUG:colcon.colcon_core.event_handler.log_command:Invoking command in '/home/ssafy/ssafy_ws/src/urdf_practice': PYTHONPATH=/home/ssafy/ssafy_ws/build/urdf_practice/prefix_override:/usr/lib/python3/dist-packages/colcon_core/task/python/colcon_distutils_commands:/home/ssafy/ssafy_ws/install/urdf_practice/lib/python3.10/site-packages:${PYTHONPATH} /usr/bin/python3 -W ignore:setup.py install is deprecated -W ignore:easy_install command is deprecated setup.py egg_info --egg-base ../../build/urdf_practice build --build-base /home/ssafy/ssafy_ws/build/urdf_practice/build install --record /home/ssafy/ssafy_ws/build/urdf_practice/install.log --single-version-externally-managed install_data
[1.948s] DEBUG:colcon.colcon_core.event_handler.log_command:Invoking command in '/home/ssafy/ssafy_ws/src/practice': PYTHONPATH=/home/ssafy/ssafy_ws/build/practice/prefix_override:/usr/lib/python3/dist-packages/colcon_core/task/python/colcon_distutils_commands:/home/ssafy/ssafy_ws/install/practice/lib/python3.10/site-packages:${PYTHONPATH} /usr/bin/python3 -W ignore:setup.py install is deprecated -W ignore:easy_install command is deprecated setup.py egg_info --egg-base ../../build/practice build --build-base /home/ssafy/ssafy_ws/build/practice/build install --record /home/ssafy/ssafy_ws/build/practice/install.log --single-version-externally-managed install_data
[2.022s] DEBUG:colcon.colcon_core.event_handler.log_command:Invoking command in '/home/ssafy/ssafy_ws/src/sensor_sub_pkg': PYTHONPATH=/home/ssafy/ssafy_ws/build/sensor_sub_pkg/prefix_override:/usr/lib/python3/dist-packages/colcon_core/task/python/colcon_distutils_commands:/home/ssafy/ssafy_ws/install/sensor_sub_pkg/lib/python3.10/site-packages:${PYTHONPATH} /usr/bin/python3 -W ignore:setup.py install is deprecated -W ignore:easy_install command is deprecated setup.py egg_info --egg-base ../../build/sensor_sub_pkg build --build-base /home/ssafy/ssafy_ws/build/sensor_sub_pkg/build install --record /home/ssafy/ssafy_ws/build/sensor_sub_pkg/install.log --single-version-externally-managed install_data
[2.255s] DEBUG:colcon.colcon_core.event_handler.log_command:Invoking command in '/home/ssafy/ssafy_ws/src/dobot_control': PYTHONPATH=/home/ssafy/ssafy_ws/build/dobot_control/prefix_override:/usr/lib/python3/dist-packages/colcon_core/task/python/colcon_distutils_commands:/home/ssafy/ssafy_ws/install/dobot_control/lib/python3.10/site-packages:${PYTHONPATH} /usr/bin/python3 -W ignore:setup.py install is deprecated -W ignore:easy_install command is deprecated setup.py egg_info --egg-base ../../build/dobot_control build --build-base /home/ssafy/ssafy_ws/build/dobot_control/build install --record /home/ssafy/ssafy_ws/build/dobot_control/install.log --single-version-externally-managed install_data
[2.265s] DEBUG:colcon.colcon_core.event_handler.log_command:Invoking command in '/home/ssafy/ssafy_ws/src/intergrate_prac': PYTHONPATH=/home/ssafy/ssafy_ws/build/intergrate_prac/prefix_override:/usr/lib/python3/dist-packages/colcon_core/task/python/colcon_distutils_commands:/home/ssafy/ssafy_ws/install/intergrate_prac/lib/python3.10/site-packages:${PYTHONPATH} /usr/bin/python3 -W ignore:setup.py install is deprecated -W ignore:easy_install command is deprecated setup.py egg_info --egg-base ../../build/intergrate_prac build --build-base /home/ssafy/ssafy_ws/build/intergrate_prac/build install --record /home/ssafy/ssafy_ws/build/intergrate_prac/install.log --single-version-externally-managed install_data
[2.303s] DEBUG:colcon.colcon_core.event_handler.log_command:Invoked command in '/home/ssafy/ssafy_ws/src/slam_control' returned '0': PYTHONPATH=/home/ssafy/ssafy_ws/build/slam_control/prefix_override:/usr/lib/python3/dist-packages/colcon_core/task/python/colcon_distutils_commands:/home/ssafy/ssafy_ws/install/slam_control/lib/python3.10/site-packages:${PYTHONPATH} /usr/bin/python3 -W ignore:setup.py install is deprecated -W ignore:easy_install command is deprecated setup.py egg_info --egg-base ../../build/slam_control build --build-base /home/ssafy/ssafy_ws/build/slam_control/build install --record /home/ssafy/ssafy_ws/build/slam_control/install.log --single-version-externally-managed install_data
[2.308s] Level 1:colcon.colcon_core.environment:checking '/home/ssafy/ssafy_ws/install/slam_control' for CMake module files
[2.308s] Level 1:colcon.colcon_core.environment:checking '/home/ssafy/ssafy_ws/install/slam_control' for CMake config files
[2.309s] Level 1:colcon.colcon_core.environment:checking '/home/ssafy/ssafy_ws/install/slam_control/lib'
[2.309s] Level 1:colcon.colcon_core.environment:checking '/home/ssafy/ssafy_ws/install/slam_control/bin'
[2.309s] Level 1:colcon.colcon_core.environment:checking '/home/ssafy/ssafy_ws/install/slam_control/lib/pkgconfig/slam_control.pc'
[2.309s] Level 1:colcon.colcon_core.environment:checking '/home/ssafy/ssafy_ws/install/slam_control/lib/python3.10/site-packages'
[2.309s] Level 1:colcon.colcon_core.shell:create_environment_hook('slam_control', 'pythonpath')
[2.310s] INFO:colcon.colcon_core.shell:Creating environment hook '/home/ssafy/ssafy_ws/install/slam_control/share/slam_control/hook/pythonpath.ps1'
[2.311s] INFO:colcon.colcon_core.shell:Creating environment descriptor '/home/ssafy/ssafy_ws/install/slam_control/share/slam_control/hook/pythonpath.dsv'
[2.311s] INFO:colcon.colcon_core.shell:Creating environment hook '/home/ssafy/ssafy_ws/install/slam_control/share/slam_control/hook/pythonpath.sh'
[2.312s] Level 1:colcon.colcon_core.environment:checking '/home/ssafy/ssafy_ws/install/slam_control/bin'
[2.312s] Level 1:colcon.colcon_core.environment:create_environment_scripts_only(slam_control)
[2.312s] INFO:colcon.colcon_core.shell:Creating package script '/home/ssafy/ssafy_ws/install/slam_control/share/slam_control/package.ps1'
[2.313s] INFO:colcon.colcon_core.shell:Creating package descriptor '/home/ssafy/ssafy_ws/install/slam_control/share/slam_control/package.dsv'
[2.314s] INFO:colcon.colcon_core.shell:Creating package script '/home/ssafy/ssafy_ws/install/slam_control/share/slam_control/package.sh'
[2.315s] INFO:colcon.colcon_core.shell:Creating package script '/home/ssafy/ssafy_ws/install/slam_control/share/slam_control/package.bash'
[2.316s] INFO:colcon.colcon_core.shell:Creating package script '/home/ssafy/ssafy_ws/install/slam_control/share/slam_control/package.zsh'
[2.316s] Level 1:colcon.colcon_core.environment:create_file_with_runtime_dependencies(/home/ssafy/ssafy_ws/install/slam_control/share/colcon-core/packages/slam_control)
[2.321s] Level 1:colcon.colcon_core.environment:checking '/home/ssafy/ssafy_ws/install/urdf_practice' for CMake module files
[2.321s] DEBUG:colcon.colcon_core.event_handler.log_command:Invoked command in '/home/ssafy/ssafy_ws/src/urdf_practice' returned '0': PYTHONPATH=/home/ssafy/ssafy_ws/build/urdf_practice/prefix_override:/usr/lib/python3/dist-packages/colcon_core/task/python/colcon_distutils_commands:/home/ssafy/ssafy_ws/install/urdf_practice/lib/python3.10/site-packages:${PYTHONPATH} /usr/bin/python3 -W ignore:setup.py install is deprecated -W ignore:easy_install command is deprecated setup.py egg_info --egg-base ../../build/urdf_practice build --build-base /home/ssafy/ssafy_ws/build/urdf_practice/build install --record /home/ssafy/ssafy_ws/build/urdf_practice/install.log --single-version-externally-managed install_data
[2.321s] Level 1:colcon.colcon_core.environment:checking '/home/ssafy/ssafy_ws/install/urdf_practice' for CMake config files
[2.322s] Level 1:colcon.colcon_core.environment:checking '/home/ssafy/ssafy_ws/install/urdf_practice/lib'
[2.322s] Level 1:colcon.colcon_core.environment:checking '/home/ssafy/ssafy_ws/install/urdf_practice/bin'
[2.322s] Level 1:colcon.colcon_core.environment:checking '/home/ssafy/ssafy_ws/install/urdf_practice/lib/pkgconfig/urdf_practice.pc'
[2.323s] Level 1:colcon.colcon_core.environment:checking '/home/ssafy/ssafy_ws/install/urdf_practice/lib/python3.10/site-packages'
[2.323s] Level 1:colcon.colcon_core.shell:create_environment_hook('urdf_practice', 'pythonpath')
[2.323s] INFO:colcon.colcon_core.shell:Creating environment hook '/home/ssafy/ssafy_ws/install/urdf_practice/share/urdf_practice/hook/pythonpath.ps1'
[2.324s] INFO:colcon.colcon_core.shell:Creating environment descriptor '/home/ssafy/ssafy_ws/install/urdf_practice/share/urdf_practice/hook/pythonpath.dsv'
[2.324s] INFO:colcon.colcon_core.shell:Creating environment hook '/home/ssafy/ssafy_ws/install/urdf_practice/share/urdf_practice/hook/pythonpath.sh'
[2.325s] Level 1:colcon.colcon_core.environment:checking '/home/ssafy/ssafy_ws/install/urdf_practice/bin'
[2.325s] Level 1:colcon.colcon_core.environment:create_environment_scripts_only(urdf_practice)
[2.326s] INFO:colcon.colcon_core.shell:Creating package script '/home/ssafy/ssafy_ws/install/urdf_practice/share/urdf_practice/package.ps1'
[2.327s] INFO:colcon.colcon_core.shell:Creating package descriptor '/home/ssafy/ssafy_ws/install/urdf_practice/share/urdf_practice/package.dsv'
[2.328s] INFO:colcon.colcon_core.shell:Creating package script '/home/ssafy/ssafy_ws/install/urdf_practice/share/urdf_practice/package.sh'
[2.328s] INFO:colcon.colcon_core.shell:Creating package script '/home/ssafy/ssafy_ws/install/urdf_practice/share/urdf_practice/package.bash'
[2.328s] INFO:colcon.colcon_core.shell:Creating package script '/home/ssafy/ssafy_ws/install/urdf_practice/share/urdf_practice/package.zsh'
[2.329s] Level 1:colcon.colcon_core.environment:create_file_with_runtime_dependencies(/home/ssafy/ssafy_ws/install/urdf_practice/share/colcon-core/packages/urdf_practice)
[2.344s] Level 1:colcon.colcon_core.environment:checking '/home/ssafy/ssafy_ws/install/simple_car_tf' for CMake module files
[2.344s] DEBUG:colcon.colcon_core.event_handler.log_command:Invoked command in '/home/ssafy/ssafy_ws/src/simple_car_tf' returned '0': PYTHONPATH=/home/ssafy/ssafy_ws/build/simple_car_tf/prefix_override:/usr/lib/python3/dist-packages/colcon_core/task/python/colcon_distutils_commands:/home/ssafy/ssafy_ws/install/simple_car_tf/lib/python3.10/site-packages:${PYTHONPATH} /usr/bin/python3 -W ignore:setup.py install is deprecated -W ignore:easy_install command is deprecated setup.py egg_info --egg-base ../../build/simple_car_tf build --build-base /home/ssafy/ssafy_ws/build/simple_car_tf/build install --record /home/ssafy/ssafy_ws/build/simple_car_tf/install.log --single-version-externally-managed install_data
[2.345s] Level 1:colcon.colcon_core.environment:checking '/home/ssafy/ssafy_ws/install/simple_car_tf' for CMake config files
[2.345s] Level 1:colcon.colcon_core.environment:checking '/home/ssafy/ssafy_ws/install/simple_car_tf/lib'
[2.345s] Level 1:colcon.colcon_core.environment:checking '/home/ssafy/ssafy_ws/install/simple_car_tf/bin'
[2.345s] Level 1:colcon.colcon_core.environment:checking '/home/ssafy/ssafy_ws/install/simple_car_tf/lib/pkgconfig/simple_car_tf.pc'
[2.345s] Level 1:colcon.colcon_core.environment:checking '/home/ssafy/ssafy_ws/install/simple_car_tf/lib/python3.10/site-packages'
[2.345s] Level 1:colcon.colcon_core.shell:create_environment_hook('simple_car_tf', 'pythonpath')
[2.345s] INFO:colcon.colcon_core.shell:Creating environment hook '/home/ssafy/ssafy_ws/install/simple_car_tf/share/simple_car_tf/hook/pythonpath.ps1'
[2.346s] INFO:colcon.colcon_core.shell:Creating environment descriptor '/home/ssafy/ssafy_ws/install/simple_car_tf/share/simple_car_tf/hook/pythonpath.dsv'
[2.346s] INFO:colcon.colcon_core.shell:Creating environment hook '/home/ssafy/ssafy_ws/install/simple_car_tf/share/simple_car_tf/hook/pythonpath.sh'
[2.346s] Level 1:colcon.colcon_core.environment:checking '/home/ssafy/ssafy_ws/install/simple_car_tf/bin'
[2.346s] Level 1:colcon.colcon_core.environment:create_environment_scripts_only(simple_car_tf)
[2.347s] INFO:colcon.colcon_core.shell:Creating package script '/home/ssafy/ssafy_ws/install/simple_car_tf/share/simple_car_tf/package.ps1'
[2.347s] INFO:colcon.colcon_core.shell:Creating package descriptor '/home/ssafy/ssafy_ws/install/simple_car_tf/share/simple_car_tf/package.dsv'
[2.347s] INFO:colcon.colcon_core.shell:Creating package script '/home/ssafy/ssafy_ws/install/simple_car_tf/share/simple_car_tf/package.sh'
[2.347s] INFO:colcon.colcon_core.shell:Creating package script '/home/ssafy/ssafy_ws/install/simple_car_tf/share/simple_car_tf/package.bash'
[2.348s] INFO:colcon.colcon_core.shell:Creating package script '/home/ssafy/ssafy_ws/install/simple_car_tf/share/simple_car_tf/package.zsh'
[2.348s] Level 1:colcon.colcon_core.environment:create_file_with_runtime_dependencies(/home/ssafy/ssafy_ws/install/simple_car_tf/share/colcon-core/packages/simple_car_tf)
[2.350s] Level 1:colcon.colcon_core.environment:checking '/home/ssafy/ssafy_ws/install/my_robot_controller' for CMake module files
[2.350s] DEBUG:colcon.colcon_core.event_handler.log_command:Invoked command in '/home/ssafy/ssafy_ws/src/my_robot_controller' returned '0': PYTHONPATH=/home/ssafy/ssafy_ws/build/my_robot_controller/prefix_override:/usr/lib/python3/dist-packages/colcon_core/task/python/colcon_distutils_commands:/home/ssafy/ssafy_ws/install/my_robot_controller/lib/python3.10/site-packages:${PYTHONPATH} /usr/bin/python3 -W ignore:setup.py install is deprecated -W ignore:easy_install command is deprecated setup.py egg_info --egg-base ../../build/my_robot_controller build --build-base /home/ssafy/ssafy_ws/build/my_robot_controller/build install --record /home/ssafy/ssafy_ws/build/my_robot_controller/install.log --single-version-externally-managed install_data
[2.350s] Level 1:colcon.colcon_core.environment:checking '/home/ssafy/ssafy_ws/install/my_robot_controller' for CMake config files
[2.351s] Level 1:colcon.colcon_core.environment:checking '/home/ssafy/ssafy_ws/install/my_robot_controller/lib'
[2.351s] Level 1:colcon.colcon_core.environment:checking '/home/ssafy/ssafy_ws/install/my_robot_controller/bin'
[2.351s] Level 1:colcon.colcon_core.environment:checking '/home/ssafy/ssafy_ws/install/my_robot_controller/lib/pkgconfig/my_robot_controller.pc'
[2.351s] Level 1:colcon.colcon_core.environment:checking '/home/ssafy/ssafy_ws/install/my_robot_controller/lib/python3.10/site-packages'
[2.351s] Level 1:colcon.colcon_core.shell:create_environment_hook('my_robot_controller', 'pythonpath')
[2.351s] INFO:colcon.colcon_core.shell:Creating environment hook '/home/ssafy/ssafy_ws/install/my_robot_controller/share/my_robot_controller/hook/pythonpath.ps1'
[2.352s] INFO:colcon.colcon_core.shell:Creating environment descriptor '/home/ssafy/ssafy_ws/install/my_robot_controller/share/my_robot_controller/hook/pythonpath.dsv'
[2.352s] INFO:colcon.colcon_core.shell:Creating environment hook '/home/ssafy/ssafy_ws/install/my_robot_controller/share/my_robot_controller/hook/pythonpath.sh'
[2.353s] Level 1:colcon.colcon_core.environment:checking '/home/ssafy/ssafy_ws/install/my_robot_controller/bin'
[2.353s] Level 1:colcon.colcon_core.environment:create_environment_scripts_only(my_robot_controller)
[2.353s] INFO:colcon.colcon_core.shell:Creating package script '/home/ssafy/ssafy_ws/install/my_robot_controller/share/my_robot_controller/package.ps1'
[2.354s] INFO:colcon.colcon_core.shell:Creating package descriptor '/home/ssafy/ssafy_ws/install/my_robot_controller/share/my_robot_controller/package.dsv'
[2.354s] INFO:colcon.colcon_core.shell:Creating package script '/home/ssafy/ssafy_ws/install/my_robot_controller/share/my_robot_controller/package.sh'
[2.354s] INFO:colcon.colcon_core.shell:Creating package script '/home/ssafy/ssafy_ws/install/my_robot_controller/share/my_robot_controller/package.bash'
[2.355s] INFO:colcon.colcon_core.shell:Creating package script '/home/ssafy/ssafy_ws/install/my_robot_controller/share/my_robot_controller/package.zsh'
[2.355s] Level 1:colcon.colcon_core.environment:create_file_with_runtime_dependencies(/home/ssafy/ssafy_ws/install/my_robot_controller/share/colcon-core/packages/my_robot_controller)
[2.397s] Level 1:colcon.colcon_core.environment:checking '/home/ssafy/ssafy_ws/install/practice' for CMake module files
[2.398s] DEBUG:colcon.colcon_core.event_handler.log_command:Invoked command in '/home/ssafy/ssafy_ws/src/practice' returned '0': PYTHONPATH=/home/ssafy/ssafy_ws/build/practice/prefix_override:/usr/lib/python3/dist-packages/colcon_core/task/python/colcon_distutils_commands:/home/ssafy/ssafy_ws/install/practice/lib/python3.10/site-packages:${PYTHONPATH} /usr/bin/python3 -W ignore:setup.py install is deprecated -W ignore:easy_install command is deprecated setup.py egg_info --egg-base ../../build/practice build --build-base /home/ssafy/ssafy_ws/build/practice/build install --record /home/ssafy/ssafy_ws/build/practice/install.log --single-version-externally-managed install_data
[2.398s] Level 1:colcon.colcon_core.environment:checking '/home/ssafy/ssafy_ws/install/practice' for CMake config files
[2.398s] Level 1:colcon.colcon_core.environment:checking '/home/ssafy/ssafy_ws/install/practice/lib'
[2.398s] Level 1:colcon.colcon_core.environment:checking '/home/ssafy/ssafy_ws/install/practice/bin'
[2.398s] Level 1:colcon.colcon_core.environment:checking '/home/ssafy/ssafy_ws/install/practice/lib/pkgconfig/practice.pc'
[2.399s] Level 1:colcon.colcon_core.environment:checking '/home/ssafy/ssafy_ws/install/practice/lib/python3.10/site-packages'
[2.399s] Level 1:colcon.colcon_core.shell:create_environment_hook('practice', 'pythonpath')
[2.399s] INFO:colcon.colcon_core.shell:Creating environment hook '/home/ssafy/ssafy_ws/install/practice/share/practice/hook/pythonpath.ps1'
[2.399s] INFO:colcon.colcon_core.shell:Creating environment descriptor '/home/ssafy/ssafy_ws/install/practice/share/practice/hook/pythonpath.dsv'
[2.399s] INFO:colcon.colcon_core.shell:Creating environment hook '/home/ssafy/ssafy_ws/install/practice/share/practice/hook/pythonpath.sh'
[2.400s] Level 1:colcon.colcon_core.environment:checking '/home/ssafy/ssafy_ws/install/practice/bin'
[2.400s] Level 1:colcon.colcon_core.environment:create_environment_scripts_only(practice)
[2.400s] INFO:colcon.colcon_core.shell:Creating package script '/home/ssafy/ssafy_ws/install/practice/share/practice/package.ps1'
[2.400s] INFO:colcon.colcon_core.shell:Creating package descriptor '/home/ssafy/ssafy_ws/install/practice/share/practice/package.dsv'
[2.401s] INFO:colcon.colcon_core.shell:Creating package script '/home/ssafy/ssafy_ws/install/practice/share/practice/package.sh'
[2.401s] INFO:colcon.colcon_core.shell:Creating package script '/home/ssafy/ssafy_ws/install/practice/share/practice/package.bash'
[2.401s] INFO:colcon.colcon_core.shell:Creating package script '/home/ssafy/ssafy_ws/install/practice/share/practice/package.zsh'
[2.401s] Level 1:colcon.colcon_core.environment:create_file_with_runtime_dependencies(/home/ssafy/ssafy_ws/install/practice/share/colcon-core/packages/practice)
[2.455s] Level 1:colcon.colcon_core.environment:checking '/home/ssafy/ssafy_ws/install/sensor_sub_pkg' for CMake module files
[2.455s] DEBUG:colcon.colcon_core.event_handler.log_command:Invoked command in '/home/ssafy/ssafy_ws/src/sensor_sub_pkg' returned '0': PYTHONPATH=/home/ssafy/ssafy_ws/build/sensor_sub_pkg/prefix_override:/usr/lib/python3/dist-packages/colcon_core/task/python/colcon_distutils_commands:/home/ssafy/ssafy_ws/install/sensor_sub_pkg/lib/python3.10/site-packages:${PYTHONPATH} /usr/bin/python3 -W ignore:setup.py install is deprecated -W ignore:easy_install command is deprecated setup.py egg_info --egg-base ../../build/sensor_sub_pkg build --build-base /home/ssafy/ssafy_ws/build/sensor_sub_pkg/build install --record /home/ssafy/ssafy_ws/build/sensor_sub_pkg/install.log --single-version-externally-managed install_data
[2.456s] Level 1:colcon.colcon_core.environment:checking '/home/ssafy/ssafy_ws/install/sensor_sub_pkg' for CMake config files
[2.456s] Level 1:colcon.colcon_core.environment:checking '/home/ssafy/ssafy_ws/install/sensor_sub_pkg/lib'
[2.456s] Level 1:colcon.colcon_core.environment:checking '/home/ssafy/ssafy_ws/install/sensor_sub_pkg/bin'
[2.456s] Level 1:colcon.colcon_core.environment:checking '/home/ssafy/ssafy_ws/install/sensor_sub_pkg/lib/pkgconfig/sensor_sub_pkg.pc'
[2.456s] Level 1:colcon.colcon_core.environment:checking '/home/ssafy/ssafy_ws/install/sensor_sub_pkg/lib/python3.10/site-packages'
[2.456s] Level 1:colcon.colcon_core.shell:create_environment_hook('sensor_sub_pkg', 'pythonpath')
[2.456s] INFO:colcon.colcon_core.shell:Creating environment hook '/home/ssafy/ssafy_ws/install/sensor_sub_pkg/share/sensor_sub_pkg/hook/pythonpath.ps1'
[2.457s] INFO:colcon.colcon_core.shell:Creating environment descriptor '/home/ssafy/ssafy_ws/install/sensor_sub_pkg/share/sensor_sub_pkg/hook/pythonpath.dsv'
[2.457s] INFO:colcon.colcon_core.shell:Creating environment hook '/home/ssafy/ssafy_ws/install/sensor_sub_pkg/share/sensor_sub_pkg/hook/pythonpath.sh'
[2.458s] Level 1:colcon.colcon_core.environment:checking '/home/ssafy/ssafy_ws/install/sensor_sub_pkg/bin'
[2.458s] Level 1:colcon.colcon_core.environment:create_environment_scripts_only(sensor_sub_pkg)
[2.458s] INFO:colcon.colcon_core.shell:Creating package script '/home/ssafy/ssafy_ws/install/sensor_sub_pkg/share/sensor_sub_pkg/package.ps1'
[2.458s] INFO:colcon.colcon_core.shell:Creating package descriptor '/home/ssafy/ssafy_ws/install/sensor_sub_pkg/share/sensor_sub_pkg/package.dsv'
[2.458s] INFO:colcon.colcon_core.shell:Creating package script '/home/ssafy/ssafy_ws/install/sensor_sub_pkg/share/sensor_sub_pkg/package.sh'
[2.459s] INFO:colcon.colcon_core.shell:Creating package script '/home/ssafy/ssafy_ws/install/sensor_sub_pkg/share/sensor_sub_pkg/package.bash'
[2.459s] INFO:colcon.colcon_core.shell:Creating package script '/home/ssafy/ssafy_ws/install/sensor_sub_pkg/share/sensor_sub_pkg/package.zsh'
[2.459s] Level 1:colcon.colcon_core.environment:create_file_with_runtime_dependencies(/home/ssafy/ssafy_ws/install/sensor_sub_pkg/share/colcon-core/packages/sensor_sub_pkg)
[2.503s] Level 1:colcon.colcon_core.environment:checking '/home/ssafy/ssafy_ws/install/yolo' for CMake module files
[2.503s] DEBUG:colcon.colcon_core.event_handler.log_command:Invoked command in '/home/ssafy/ssafy_ws/src/yolo' returned '0': PYTHONPATH=/home/ssafy/ssafy_ws/build/yolo/prefix_override:/usr/lib/python3/dist-packages/colcon_core/task/python/colcon_distutils_commands:/home/ssafy/ssafy_ws/install/yolo/lib/python3.10/site-packages:${PYTHONPATH} /usr/bin/python3 -W ignore:setup.py install is deprecated -W ignore:easy_install command is deprecated setup.py egg_info --egg-base ../../build/yolo build --build-base /home/ssafy/ssafy_ws/build/yolo/build install --record /home/ssafy/ssafy_ws/build/yolo/install.log --single-version-externally-managed install_data
[2.503s] Level 1:colcon.colcon_core.environment:checking '/home/ssafy/ssafy_ws/install/yolo' for CMake config files
[2.504s] Level 1:colcon.colcon_core.environment:checking '/home/ssafy/ssafy_ws/install/yolo/lib'
[2.504s] Level 1:colcon.colcon_core.environment:checking '/home/ssafy/ssafy_ws/install/yolo/bin'
[2.504s] Level 1:colcon.colcon_core.environment:checking '/home/ssafy/ssafy_ws/install/yolo/lib/pkgconfig/yolo.pc'
[2.504s] Level 1:colcon.colcon_core.environment:checking '/home/ssafy/ssafy_ws/install/yolo/lib/python3.10/site-packages'
[2.504s] Level 1:colcon.colcon_core.shell:create_environment_hook('yolo', 'pythonpath')
[2.504s] INFO:colcon.colcon_core.shell:Creating environment hook '/home/ssafy/ssafy_ws/install/yolo/share/yolo/hook/pythonpath.ps1'
[2.504s] INFO:colcon.colcon_core.shell:Creating environment descriptor '/home/ssafy/ssafy_ws/install/yolo/share/yolo/hook/pythonpath.dsv'
[2.505s] INFO:colcon.colcon_core.shell:Creating environment hook '/home/ssafy/ssafy_ws/install/yolo/share/yolo/hook/pythonpath.sh'
[2.505s] Level 1:colcon.colcon_core.environment:checking '/home/ssafy/ssafy_ws/install/yolo/bin'
[2.505s] Level 1:colcon.colcon_core.environment:create_environment_scripts_only(yolo)
[2.505s] INFO:colcon.colcon_core.shell:Creating package script '/home/ssafy/ssafy_ws/install/yolo/share/yolo/package.ps1'
[2.506s] INFO:colcon.colcon_core.shell:Creating package descriptor '/home/ssafy/ssafy_ws/install/yolo/share/yolo/package.dsv'
[2.506s] INFO:colcon.colcon_core.shell:Creating package script '/home/ssafy/ssafy_ws/install/yolo/share/yolo/package.sh'
[2.506s] INFO:colcon.colcon_core.shell:Creating package script '/home/ssafy/ssafy_ws/install/yolo/share/yolo/package.bash'
[2.506s] INFO:colcon.colcon_core.shell:Creating package script '/home/ssafy/ssafy_ws/install/yolo/share/yolo/package.zsh'
[2.506s] Level 1:colcon.colcon_core.environment:create_file_with_runtime_dependencies(/home/ssafy/ssafy_ws/install/yolo/share/colcon-core/packages/yolo)
[2.638s] Level 1:colcon.colcon_core.environment:checking '/home/ssafy/ssafy_ws/install/intergrate_prac' for CMake module files
[2.638s] DEBUG:colcon.colcon_core.event_handler.log_command:Invoked command in '/home/ssafy/ssafy_ws/src/intergrate_prac' returned '0': PYTHONPATH=/home/ssafy/ssafy_ws/build/intergrate_prac/prefix_override:/usr/lib/python3/dist-packages/colcon_core/task/python/colcon_distutils_commands:/home/ssafy/ssafy_ws/install/intergrate_prac/lib/python3.10/site-packages:${PYTHONPATH} /usr/bin/python3 -W ignore:setup.py install is deprecated -W ignore:easy_install command is deprecated setup.py egg_info --egg-base ../../build/intergrate_prac build --build-base /home/ssafy/ssafy_ws/build/intergrate_prac/build install --record /home/ssafy/ssafy_ws/build/intergrate_prac/install.log --single-version-externally-managed install_data
[2.638s] Level 1:colcon.colcon_core.environment:checking '/home/ssafy/ssafy_ws/install/intergrate_prac' for CMake config files
[2.639s] Level 1:colcon.colcon_core.environment:checking '/home/ssafy/ssafy_ws/install/intergrate_prac/lib'
[2.639s] Level 1:colcon.colcon_core.environment:checking '/home/ssafy/ssafy_ws/install/intergrate_prac/bin'
[2.639s] Level 1:colcon.colcon_core.environment:checking '/home/ssafy/ssafy_ws/install/intergrate_prac/lib/pkgconfig/intergrate_prac.pc'
[2.639s] Level 1:colcon.colcon_core.environment:checking '/home/ssafy/ssafy_ws/install/intergrate_prac/lib/python3.10/site-packages'
[2.639s] Level 1:colcon.colcon_core.shell:create_environment_hook('intergrate_prac', 'pythonpath')
[2.639s] INFO:colcon.colcon_core.shell:Creating environment hook '/home/ssafy/ssafy_ws/install/intergrate_prac/share/intergrate_prac/hook/pythonpath.ps1'
[2.639s] INFO:colcon.colcon_core.shell:Creating environment descriptor '/home/ssafy/ssafy_ws/install/intergrate_prac/share/intergrate_prac/hook/pythonpath.dsv'
[2.640s] INFO:colcon.colcon_core.shell:Creating environment hook '/home/ssafy/ssafy_ws/install/intergrate_prac/share/intergrate_prac/hook/pythonpath.sh'
[2.640s] Level 1:colcon.colcon_core.environment:checking '/home/ssafy/ssafy_ws/install/intergrate_prac/bin'
[2.640s] Level 1:colcon.colcon_core.environment:create_environment_scripts_only(intergrate_prac)
[2.640s] INFO:colcon.colcon_core.shell:Creating package script '/home/ssafy/ssafy_ws/install/intergrate_prac/share/intergrate_prac/package.ps1'
[2.640s] INFO:colcon.colcon_core.shell:Creating package descriptor '/home/ssafy/ssafy_ws/install/intergrate_prac/share/intergrate_prac/package.dsv'
[2.641s] INFO:colcon.colcon_core.shell:Creating package script '/home/ssafy/ssafy_ws/install/intergrate_prac/share/intergrate_prac/package.sh'
[2.641s] INFO:colcon.colcon_core.shell:Creating package script '/home/ssafy/ssafy_ws/install/intergrate_prac/share/intergrate_prac/package.bash'
[2.641s] INFO:colcon.colcon_core.shell:Creating package script '/home/ssafy/ssafy_ws/install/intergrate_prac/share/intergrate_prac/package.zsh'
[2.641s] Level 1:colcon.colcon_core.environment:create_file_with_runtime_dependencies(/home/ssafy/ssafy_ws/install/intergrate_prac/share/colcon-core/packages/intergrate_prac)
[2.652s] Level 1:colcon.colcon_core.environment:checking '/home/ssafy/ssafy_ws/install/dobot_control' for CMake module files
[2.652s] DEBUG:colcon.colcon_core.event_handler.log_command:Invoked command in '/home/ssafy/ssafy_ws/src/dobot_control' returned '0': PYTHONPATH=/home/ssafy/ssafy_ws/build/dobot_control/prefix_override:/usr/lib/python3/dist-packages/colcon_core/task/python/colcon_distutils_commands:/home/ssafy/ssafy_ws/install/dobot_control/lib/python3.10/site-packages:${PYTHONPATH} /usr/bin/python3 -W ignore:setup.py install is deprecated -W ignore:easy_install command is deprecated setup.py egg_info --egg-base ../../build/dobot_control build --build-base /home/ssafy/ssafy_ws/build/dobot_control/build install --record /home/ssafy/ssafy_ws/build/dobot_control/install.log --single-version-externally-managed install_data
[2.653s] Level 1:colcon.colcon_core.environment:checking '/home/ssafy/ssafy_ws/install/dobot_control' for CMake config files
[2.653s] Level 1:colcon.colcon_core.environment:checking '/home/ssafy/ssafy_ws/install/dobot_control/lib'
[2.653s] Level 1:colcon.colcon_core.environment:checking '/home/ssafy/ssafy_ws/install/dobot_control/bin'
[2.653s] Level 1:colcon.colcon_core.environment:checking '/home/ssafy/ssafy_ws/install/dobot_control/lib/pkgconfig/dobot_control.pc'
[2.653s] Level 1:colcon.colcon_core.environment:checking '/home/ssafy/ssafy_ws/install/dobot_control/lib/python3.10/site-packages'
[2.653s] Level 1:colcon.colcon_core.shell:create_environment_hook('dobot_control', 'pythonpath')
[2.653s] INFO:colcon.colcon_core.shell:Creating environment hook '/home/ssafy/ssafy_ws/install/dobot_control/share/dobot_control/hook/pythonpath.ps1'
[2.653s] INFO:colcon.colcon_core.shell:Creating environment descriptor '/home/ssafy/ssafy_ws/install/dobot_control/share/dobot_control/hook/pythonpath.dsv'
[2.654s] INFO:colcon.colcon_core.shell:Creating environment hook '/home/ssafy/ssafy_ws/install/dobot_control/share/dobot_control/hook/pythonpath.sh'
[2.654s] Level 1:colcon.colcon_core.environment:checking '/home/ssafy/ssafy_ws/install/dobot_control/bin'
[2.654s] Level 1:colcon.colcon_core.environment:create_environment_scripts_only(dobot_control)
[2.654s] INFO:colcon.colcon_core.shell:Creating package script '/home/ssafy/ssafy_ws/install/dobot_control/share/dobot_control/package.ps1'
[2.654s] INFO:colcon.colcon_core.shell:Creating package descriptor '/home/ssafy/ssafy_ws/install/dobot_control/share/dobot_control/package.dsv'
[2.655s] INFO:colcon.colcon_core.shell:Creating package script '/home/ssafy/ssafy_ws/install/dobot_control/share/dobot_control/package.sh'
[2.655s] INFO:colcon.colcon_core.shell:Creating package script '/home/ssafy/ssafy_ws/install/dobot_control/share/dobot_control/package.bash'
[2.655s] INFO:colcon.colcon_core.shell:Creating package script '/home/ssafy/ssafy_ws/install/dobot_control/share/dobot_control/package.zsh'
[2.655s] Level 1:colcon.colcon_core.environment:create_file_with_runtime_dependencies(/home/ssafy/ssafy_ws/install/dobot_control/share/colcon-core/packages/dobot_control)
[2.655s] DEBUG:colcon.colcon_parallel_executor.executor.parallel:closing loop
[2.655s] DEBUG:colcon.colcon_parallel_executor.executor.parallel:loop closed
[2.655s] DEBUG:colcon.colcon_parallel_executor.executor.parallel:run_until_complete finished with '0'
[2.655s] DEBUG:colcon.colcon_core.event_reactor:joining thread
[2.659s] INFO:colcon.colcon_core.plugin_system:Skipping extension 'colcon_notification.desktop_notification.terminal_notifier': Not used on non-Darwin systems
[2.659s] INFO:colcon.colcon_core.plugin_system:Skipping extension 'colcon_notification.desktop_notification.win32': Not used on non-Windows systems
[2.659s] INFO:colcon.colcon_notification.desktop_notification:Sending desktop notification using 'notify2'
[2.668s] DEBUG:colcon.colcon_core.event_reactor:joined thread
[2.669s] INFO:colcon.colcon_core.shell:Creating prefix script '/home/ssafy/ssafy_ws/install/local_setup.ps1'
[2.669s] INFO:colcon.colcon_core.shell:Creating prefix util module '/home/ssafy/ssafy_ws/install/_local_setup_util_ps1.py'
[2.670s] INFO:colcon.colcon_core.shell:Creating prefix chain script '/home/ssafy/ssafy_ws/install/setup.ps1'
[2.671s] INFO:colcon.colcon_core.shell:Creating prefix script '/home/ssafy/ssafy_ws/install/local_setup.sh'
[2.671s] INFO:colcon.colcon_core.shell:Creating prefix util module '/home/ssafy/ssafy_ws/install/_local_setup_util_sh.py'
[2.671s] INFO:colcon.colcon_core.shell:Creating prefix chain script '/home/ssafy/ssafy_ws/install/setup.sh'
[2.673s] INFO:colcon.colcon_core.shell:Creating prefix script '/home/ssafy/ssafy_ws/install/local_setup.bash'
[2.673s] INFO:colcon.colcon_core.shell:Creating prefix chain script '/home/ssafy/ssafy_ws/install/setup.bash'
[2.674s] INFO:colcon.colcon_core.shell:Creating prefix script '/home/ssafy/ssafy_ws/install/local_setup.zsh'
[2.674s] INFO:colcon.colcon_core.shell:Creating prefix chain script '/home/ssafy/ssafy_ws/install/setup.zsh'
