[1.297s] Invoking command in '/home/ssafy/ssafy_ws/src/dobot_control': PYTHONPATH=/home/ssafy/ssafy_ws/build/dobot_control/prefix_override:/usr/lib/python3/dist-packages/colcon_core/task/python/colcon_distutils_commands:/home/ssafy/ssafy_ws/install/dobot_control/lib/python3.10/site-packages:${PYTHONPATH} /usr/bin/python3 -W ignore:setup.py install is deprecated -W ignore:easy_install command is deprecated setup.py egg_info --egg-base ../../build/dobot_control build --build-base /home/ssafy/ssafy_ws/build/dobot_control/build install --record /home/ssafy/ssafy_ws/build/dobot_control/install.log --single-version-externally-managed install_data
[1.519s] running egg_info
[1.520s] writing ../../build/dobot_control/dobot_control.egg-info/PKG-INFO
[1.520s] writing dependency_links to ../../build/dobot_control/dobot_control.egg-info/dependency_links.txt
[1.520s] writing entry points to ../../build/dobot_control/dobot_control.egg-info/entry_points.txt
[1.520s] writing requirements to ../../build/dobot_control/dobot_control.egg-info/requires.txt
[1.520s] writing top-level names to ../../build/dobot_control/dobot_control.egg-info/top_level.txt
[1.522s] reading manifest file '../../build/dobot_control/dobot_control.egg-info/SOURCES.txt'
[1.522s] writing manifest file '../../build/dobot_control/dobot_control.egg-info/SOURCES.txt'
[1.522s] running build
[1.522s] running build_py
[1.523s] running install
[1.523s] running install_lib
[1.524s] running install_data
[1.524s] running install_egg_info
[1.525s] removing '/home/ssafy/ssafy_ws/install/dobot_control/lib/python3.10/site-packages/dobot_control-0.0.0-py3.10.egg-info' (and everything under it)
[1.526s] Copying ../../build/dobot_control/dobot_control.egg-info to /home/ssafy/ssafy_ws/install/dobot_control/lib/python3.10/site-packages/dobot_control-0.0.0-py3.10.egg-info
[1.527s] running install_scripts
[1.550s] writing list of installed files to '/home/ssafy/ssafy_ws/build/dobot_control/install.log'
[1.577s] Invoked command in '/home/ssafy/ssafy_ws/src/dobot_control' returned '0': PYTHONPATH=/home/ssafy/ssafy_ws/build/dobot_control/prefix_override:/usr/lib/python3/dist-packages/colcon_core/task/python/colcon_distutils_commands:/home/ssafy/ssafy_ws/install/dobot_control/lib/python3.10/site-packages:${PYTHONPATH} /usr/bin/python3 -W ignore:setup.py install is deprecated -W ignore:easy_install command is deprecated setup.py egg_info --egg-base ../../build/dobot_control build --build-base /home/ssafy/ssafy_ws/build/dobot_control/build install --record /home/ssafy/ssafy_ws/build/dobot_control/install.log --single-version-externally-managed install_data
