[0.176s] Invoking command in '/home/ssafy/turtlebot3_ws/build/turtlebot3_fake_node': CMAKE_PREFIX_PATH=/home/ssafy/turtlebot3_ws/install/turtlebot3_msgs:/home/ssafy/turtlebot3_ws/install/turtlebot3:/home/ssafy/turtlebot3_ws/install/turtlebot3_bringup:/home/ssafy/turtlebot3_ws/install/turtlebot3_node:/home/ssafy/turtlebot3_ws/install/turtlebot3_navigation2:/home/ssafy/turtlebot3_ws/install/turtlebot3_description:/home/ssafy/turtlebot3_ws/install/turtlebot3_cartographer:/home/ssafy/turtlebot3_ws/install/dynamixel_sdk_examples:/home/ssafy/turtlebot3_ws/install/dynamixel_sdk_custom_interfaces:/home/ssafy/turtlebot3_ws/install/dynamixel_sdk:/home/ssafy/turtlebot3_ws/install/turtlebot3_teleop:/home/ssafy/turtlebot3_ws/install/turtlebot3_example:/home/ssafy/ssafy_ws/install/simple_car_tf:/opt/ros/humble LD_LIBRARY_PATH=/home/ssafy/turtlebot3_ws/install/turtlebot3_msgs/lib:/home/ssafy/turtlebot3_ws/install/dynamixel_sdk_custom_interfaces/lib:/home/ssafy/turtlebot3_ws/install/dynamixel_sdk/lib:/usr/lib/x86_64-linux-gnu/gazebo-11/plugins:/opt/ros/humble/opt/rviz_ogre_vendor/lib:/opt/ros/humble/lib/x86_64-linux-gnu:/opt/ros/humble/lib:/usr/lib/x86_64-linux-gnu/gazebo-11/plugins:/usr/lib/x86_64-linux-gnu/gazebo-11/plugins:/usr/lib/x86_64-linux-gnu/gazebo-11/plugins:/usr/lib/x86_64-linux-gnu/gazebo-11/plugins:/usr/lib/x86_64-linux-gnu/gazebo-11/plugins:/usr/lib/x86_64-linux-gnu/gazebo-11/plugins:/usr/lib/x86_64-linux-gnu/gazebo-11/plugins:/usr/lib/x86_64-linux-gnu/gazebo-11/plugins:/usr/lib/x86_64-linux-gnu/gazebo-11/plugins:/usr/lib/x86_64-linux-gnu/gazebo-11/plugins /usr/bin/cmake /home/ssafy/turtlebot3_ws/src/turtlebot3_simulations/turtlebot3_fake_node -DAMENT_CMAKE_SYMLINK_INSTALL=1 -DCMAKE_INSTALL_PREFIX=/home/ssafy/turtlebot3_ws/install/turtlebot3_fake_node
[0.225s] -- The C compiler identification is GNU 11.4.0
[0.272s] -- The CXX compiler identification is GNU 11.4.0
[0.280s] -- Detecting C compiler ABI info
[0.345s] -- Detecting C compiler ABI info - done
[0.352s] -- Check for working C compiler: /usr/bin/cc - skipped
[0.352s] -- Detecting C compile features
[0.352s] -- Detecting C compile features - done
[0.355s] -- Detecting CXX compiler ABI info
[0.415s] -- Detecting CXX compiler ABI info - done
[0.423s] -- Check for working CXX compiler: /usr/bin/c++ - skipped
[0.423s] -- Detecting CXX compile features
[0.423s] -- Detecting CXX compile features - done
[0.425s] -- Found ament_cmake: 1.3.12 (/opt/ros/humble/share/ament_cmake/cmake)
[0.565s] -- Found Python3: /usr/bin/python3 (found version "3.10.12") found components: Interpreter 
[0.615s] -- Override CMake install command with custom implementation using symlinks instead of copying resources
[0.656s] -- Found geometry_msgs: 4.9.0 (/opt/ros/humble/share/geometry_msgs/cmake)
[0.696s] -- Found rosidl_generator_c: 3.1.7 (/opt/ros/humble/share/rosidl_generator_c/cmake)
[0.700s] -- Found rosidl_adapter: 3.1.7 (/opt/ros/humble/share/rosidl_adapter/cmake)
[0.706s] -- Found rosidl_generator_cpp: 3.1.7 (/opt/ros/humble/share/rosidl_generator_cpp/cmake)
[0.715s] -- Using all available rosidl_typesupport_c: rosidl_typesupport_fastrtps_c;rosidl_typesupport_introspection_c
[0.728s] -- Using all available rosidl_typesupport_cpp: rosidl_typesupport_fastrtps_cpp;rosidl_typesupport_introspection_cpp
[0.756s] -- Found nav_msgs: 4.9.0 (/opt/ros/humble/share/nav_msgs/cmake)
[0.767s] -- Found rclcpp: 16.0.15 (/opt/ros/humble/share/rclcpp/cmake)
[0.796s] -- Found rmw_implementation_cmake: 6.1.2 (/opt/ros/humble/share/rmw_implementation_cmake/cmake)
[0.798s] -- Found rmw_fastrtps_cpp: 6.2.9 (/opt/ros/humble/share/rmw_fastrtps_cpp/cmake)
[0.869s] -- Found OpenSSL: /usr/lib/x86_64-linux-gnu/libcrypto.so (found version "3.0.2")  
[0.888s] -- Found FastRTPS: /opt/ros/humble/include  
[0.921s] -- Using RMW implementation 'rmw_fastrtps_cpp' as default
[0.928s] -- Looking for pthread.h
[0.988s] -- Looking for pthread.h - found
[0.988s] -- Performing Test CMAKE_HAVE_LIBC_PTHREAD
[1.049s] -- Performing Test CMAKE_HAVE_LIBC_PTHREAD - Success
[1.050s] -- Found Threads: TRUE  
[1.081s] -- Found sensor_msgs: 4.9.0 (/opt/ros/humble/share/sensor_msgs/cmake)
[1.092s] -- Found tf2: 0.25.16 (/opt/ros/humble/share/tf2/cmake)
[1.100s] -- Found tf2_msgs: 0.25.16 (/opt/ros/humble/share/tf2_msgs/cmake)
[1.127s] -- Found turtlebot3_msgs: 2.4.0 (/home/ssafy/turtlebot3_ws/install/turtlebot3_msgs/share/turtlebot3_msgs/cmake)
[1.187s] -- Configuring done
[1.194s] -- Generating done
[1.196s] -- Build files have been written to: /home/ssafy/turtlebot3_ws/build/turtlebot3_fake_node
[1.203s] Invoked command in '/home/ssafy/turtlebot3_ws/build/turtlebot3_fake_node' returned '0': CMAKE_PREFIX_PATH=/home/ssafy/turtlebot3_ws/install/turtlebot3_msgs:/home/ssafy/turtlebot3_ws/install/turtlebot3:/home/ssafy/turtlebot3_ws/install/turtlebot3_bringup:/home/ssafy/turtlebot3_ws/install/turtlebot3_node:/home/ssafy/turtlebot3_ws/install/turtlebot3_navigation2:/home/ssafy/turtlebot3_ws/install/turtlebot3_description:/home/ssafy/turtlebot3_ws/install/turtlebot3_cartographer:/home/ssafy/turtlebot3_ws/install/dynamixel_sdk_examples:/home/ssafy/turtlebot3_ws/install/dynamixel_sdk_custom_interfaces:/home/ssafy/turtlebot3_ws/install/dynamixel_sdk:/home/ssafy/turtlebot3_ws/install/turtlebot3_teleop:/home/ssafy/turtlebot3_ws/install/turtlebot3_example:/home/ssafy/ssafy_ws/install/simple_car_tf:/opt/ros/humble LD_LIBRARY_PATH=/home/ssafy/turtlebot3_ws/install/turtlebot3_msgs/lib:/home/ssafy/turtlebot3_ws/install/dynamixel_sdk_custom_interfaces/lib:/home/ssafy/turtlebot3_ws/install/dynamixel_sdk/lib:/usr/lib/x86_64-linux-gnu/gazebo-11/plugins:/opt/ros/humble/opt/rviz_ogre_vendor/lib:/opt/ros/humble/lib/x86_64-linux-gnu:/opt/ros/humble/lib:/usr/lib/x86_64-linux-gnu/gazebo-11/plugins:/usr/lib/x86_64-linux-gnu/gazebo-11/plugins:/usr/lib/x86_64-linux-gnu/gazebo-11/plugins:/usr/lib/x86_64-linux-gnu/gazebo-11/plugins:/usr/lib/x86_64-linux-gnu/gazebo-11/plugins:/usr/lib/x86_64-linux-gnu/gazebo-11/plugins:/usr/lib/x86_64-linux-gnu/gazebo-11/plugins:/usr/lib/x86_64-linux-gnu/gazebo-11/plugins:/usr/lib/x86_64-linux-gnu/gazebo-11/plugins:/usr/lib/x86_64-linux-gnu/gazebo-11/plugins /usr/bin/cmake /home/ssafy/turtlebot3_ws/src/turtlebot3_simulations/turtlebot3_fake_node -DAMENT_CMAKE_SYMLINK_INSTALL=1 -DCMAKE_INSTALL_PREFIX=/home/ssafy/turtlebot3_ws/install/turtlebot3_fake_node
[1.204s] Invoking command in '/home/ssafy/turtlebot3_ws/build/turtlebot3_fake_node': CMAKE_PREFIX_PATH=/home/ssafy/turtlebot3_ws/install/turtlebot3_msgs:/home/ssafy/turtlebot3_ws/install/turtlebot3:/home/ssafy/turtlebot3_ws/install/turtlebot3_bringup:/home/ssafy/turtlebot3_ws/install/turtlebot3_node:/home/ssafy/turtlebot3_ws/install/turtlebot3_navigation2:/home/ssafy/turtlebot3_ws/install/turtlebot3_description:/home/ssafy/turtlebot3_ws/install/turtlebot3_cartographer:/home/ssafy/turtlebot3_ws/install/dynamixel_sdk_examples:/home/ssafy/turtlebot3_ws/install/dynamixel_sdk_custom_interfaces:/home/ssafy/turtlebot3_ws/install/dynamixel_sdk:/home/ssafy/turtlebot3_ws/install/turtlebot3_teleop:/home/ssafy/turtlebot3_ws/install/turtlebot3_example:/home/ssafy/ssafy_ws/install/simple_car_tf:/opt/ros/humble LD_LIBRARY_PATH=/home/ssafy/turtlebot3_ws/install/turtlebot3_msgs/lib:/home/ssafy/turtlebot3_ws/install/dynamixel_sdk_custom_interfaces/lib:/home/ssafy/turtlebot3_ws/install/dynamixel_sdk/lib:/usr/lib/x86_64-linux-gnu/gazebo-11/plugins:/opt/ros/humble/opt/rviz_ogre_vendor/lib:/opt/ros/humble/lib/x86_64-linux-gnu:/opt/ros/humble/lib:/usr/lib/x86_64-linux-gnu/gazebo-11/plugins:/usr/lib/x86_64-linux-gnu/gazebo-11/plugins:/usr/lib/x86_64-linux-gnu/gazebo-11/plugins:/usr/lib/x86_64-linux-gnu/gazebo-11/plugins:/usr/lib/x86_64-linux-gnu/gazebo-11/plugins:/usr/lib/x86_64-linux-gnu/gazebo-11/plugins:/usr/lib/x86_64-linux-gnu/gazebo-11/plugins:/usr/lib/x86_64-linux-gnu/gazebo-11/plugins:/usr/lib/x86_64-linux-gnu/gazebo-11/plugins:/usr/lib/x86_64-linux-gnu/gazebo-11/plugins /usr/bin/cmake --build /home/ssafy/turtlebot3_ws/build/turtlebot3_fake_node -- -j20 -l20
[1.245s] [ 50%] [32mBuilding CXX object CMakeFiles/turtlebot3_fake_node.dir/src/turtlebot3_fake_node.cpp.o[0m
[7.979s] [100%] [32m[1mLinking CXX executable turtlebot3_fake_node[0m
[8.343s] [100%] Built target turtlebot3_fake_node
[8.355s] Invoked command in '/home/ssafy/turtlebot3_ws/build/turtlebot3_fake_node' returned '0': CMAKE_PREFIX_PATH=/home/ssafy/turtlebot3_ws/install/turtlebot3_msgs:/home/ssafy/turtlebot3_ws/install/turtlebot3:/home/ssafy/turtlebot3_ws/install/turtlebot3_bringup:/home/ssafy/turtlebot3_ws/install/turtlebot3_node:/home/ssafy/turtlebot3_ws/install/turtlebot3_navigation2:/home/ssafy/turtlebot3_ws/install/turtlebot3_description:/home/ssafy/turtlebot3_ws/install/turtlebot3_cartographer:/home/ssafy/turtlebot3_ws/install/dynamixel_sdk_examples:/home/ssafy/turtlebot3_ws/install/dynamixel_sdk_custom_interfaces:/home/ssafy/turtlebot3_ws/install/dynamixel_sdk:/home/ssafy/turtlebot3_ws/install/turtlebot3_teleop:/home/ssafy/turtlebot3_ws/install/turtlebot3_example:/home/ssafy/ssafy_ws/install/simple_car_tf:/opt/ros/humble LD_LIBRARY_PATH=/home/ssafy/turtlebot3_ws/install/turtlebot3_msgs/lib:/home/ssafy/turtlebot3_ws/install/dynamixel_sdk_custom_interfaces/lib:/home/ssafy/turtlebot3_ws/install/dynamixel_sdk/lib:/usr/lib/x86_64-linux-gnu/gazebo-11/plugins:/opt/ros/humble/opt/rviz_ogre_vendor/lib:/opt/ros/humble/lib/x86_64-linux-gnu:/opt/ros/humble/lib:/usr/lib/x86_64-linux-gnu/gazebo-11/plugins:/usr/lib/x86_64-linux-gnu/gazebo-11/plugins:/usr/lib/x86_64-linux-gnu/gazebo-11/plugins:/usr/lib/x86_64-linux-gnu/gazebo-11/plugins:/usr/lib/x86_64-linux-gnu/gazebo-11/plugins:/usr/lib/x86_64-linux-gnu/gazebo-11/plugins:/usr/lib/x86_64-linux-gnu/gazebo-11/plugins:/usr/lib/x86_64-linux-gnu/gazebo-11/plugins:/usr/lib/x86_64-linux-gnu/gazebo-11/plugins:/usr/lib/x86_64-linux-gnu/gazebo-11/plugins /usr/bin/cmake --build /home/ssafy/turtlebot3_ws/build/turtlebot3_fake_node -- -j20 -l20
[8.358s] Invoking command in '/home/ssafy/turtlebot3_ws/build/turtlebot3_fake_node': CMAKE_PREFIX_PATH=/home/ssafy/turtlebot3_ws/install/turtlebot3_msgs:/home/ssafy/turtlebot3_ws/install/turtlebot3:/home/ssafy/turtlebot3_ws/install/turtlebot3_bringup:/home/ssafy/turtlebot3_ws/install/turtlebot3_node:/home/ssafy/turtlebot3_ws/install/turtlebot3_navigation2:/home/ssafy/turtlebot3_ws/install/turtlebot3_description:/home/ssafy/turtlebot3_ws/install/turtlebot3_cartographer:/home/ssafy/turtlebot3_ws/install/dynamixel_sdk_examples:/home/ssafy/turtlebot3_ws/install/dynamixel_sdk_custom_interfaces:/home/ssafy/turtlebot3_ws/install/dynamixel_sdk:/home/ssafy/turtlebot3_ws/install/turtlebot3_teleop:/home/ssafy/turtlebot3_ws/install/turtlebot3_example:/home/ssafy/ssafy_ws/install/simple_car_tf:/opt/ros/humble LD_LIBRARY_PATH=/home/ssafy/turtlebot3_ws/install/turtlebot3_msgs/lib:/home/ssafy/turtlebot3_ws/install/dynamixel_sdk_custom_interfaces/lib:/home/ssafy/turtlebot3_ws/install/dynamixel_sdk/lib:/usr/lib/x86_64-linux-gnu/gazebo-11/plugins:/opt/ros/humble/opt/rviz_ogre_vendor/lib:/opt/ros/humble/lib/x86_64-linux-gnu:/opt/ros/humble/lib:/usr/lib/x86_64-linux-gnu/gazebo-11/plugins:/usr/lib/x86_64-linux-gnu/gazebo-11/plugins:/usr/lib/x86_64-linux-gnu/gazebo-11/plugins:/usr/lib/x86_64-linux-gnu/gazebo-11/plugins:/usr/lib/x86_64-linux-gnu/gazebo-11/plugins:/usr/lib/x86_64-linux-gnu/gazebo-11/plugins:/usr/lib/x86_64-linux-gnu/gazebo-11/plugins:/usr/lib/x86_64-linux-gnu/gazebo-11/plugins:/usr/lib/x86_64-linux-gnu/gazebo-11/plugins:/usr/lib/x86_64-linux-gnu/gazebo-11/plugins /usr/bin/cmake --install /home/ssafy/turtlebot3_ws/build/turtlebot3_fake_node
[8.365s] -- Install configuration: ""
[8.366s] -- Execute custom install script
[8.366s] -- Symlinking: /home/ssafy/turtlebot3_ws/install/turtlebot3_fake_node/lib/turtlebot3_fake_node/turtlebot3_fake_node
[8.377s] -- Symlinking: /home/ssafy/turtlebot3_ws/install/turtlebot3_fake_node/share/turtlebot3_fake_node/launch/rviz2.launch.py
[8.387s] -- Symlinking: /home/ssafy/turtlebot3_ws/install/turtlebot3_fake_node/share/turtlebot3_fake_node/launch/turtlebot3_fake_node.launch.py
[8.398s] -- Symlinking: /home/ssafy/turtlebot3_ws/install/turtlebot3_fake_node/share/turtlebot3_fake_node/param/burger.yaml
[8.404s] -- Symlinking: /home/ssafy/turtlebot3_ws/install/turtlebot3_fake_node/share/turtlebot3_fake_node/param/waffle.yaml
[8.412s] -- Symlinking: /home/ssafy/turtlebot3_ws/install/turtlebot3_fake_node/share/turtlebot3_fake_node/param/waffle_pi.yaml
[8.422s] -- Symlinking: /home/ssafy/turtlebot3_ws/install/turtlebot3_fake_node/include//turtlebot3_fake_node/turtlebot3_fake_node.hpp
[8.431s] -- Symlinking: /home/ssafy/turtlebot3_ws/install/turtlebot3_fake_node/share/ament_index/resource_index/package_run_dependencies/turtlebot3_fake_node
[8.442s] -- Symlinking: /home/ssafy/turtlebot3_ws/install/turtlebot3_fake_node/share/ament_index/resource_index/parent_prefix_path/turtlebot3_fake_node
[8.451s] -- Symlinking: /home/ssafy/turtlebot3_ws/install/turtlebot3_fake_node/share/turtlebot3_fake_node/environment/ament_prefix_path.sh
[8.462s] -- Symlinking: /home/ssafy/turtlebot3_ws/install/turtlebot3_fake_node/share/turtlebot3_fake_node/environment/ament_prefix_path.dsv
[8.470s] -- Symlinking: /home/ssafy/turtlebot3_ws/install/turtlebot3_fake_node/share/turtlebot3_fake_node/environment/path.sh
[8.479s] -- Symlinking: /home/ssafy/turtlebot3_ws/install/turtlebot3_fake_node/share/turtlebot3_fake_node/environment/path.dsv
[8.490s] -- Symlinking: /home/ssafy/turtlebot3_ws/install/turtlebot3_fake_node/share/turtlebot3_fake_node/local_setup.bash
[8.500s] -- Symlinking: /home/ssafy/turtlebot3_ws/install/turtlebot3_fake_node/share/turtlebot3_fake_node/local_setup.sh
[8.509s] -- Symlinking: /home/ssafy/turtlebot3_ws/install/turtlebot3_fake_node/share/turtlebot3_fake_node/local_setup.zsh
[8.519s] -- Symlinking: /home/ssafy/turtlebot3_ws/install/turtlebot3_fake_node/share/turtlebot3_fake_node/local_setup.dsv
[8.529s] -- Symlinking: /home/ssafy/turtlebot3_ws/install/turtlebot3_fake_node/share/turtlebot3_fake_node/package.dsv
[8.539s] -- Symlinking: /home/ssafy/turtlebot3_ws/install/turtlebot3_fake_node/share/ament_index/resource_index/packages/turtlebot3_fake_node
[8.549s] -- Symlinking: /home/ssafy/turtlebot3_ws/install/turtlebot3_fake_node/share/turtlebot3_fake_node/cmake/ament_cmake_export_include_directories-extras.cmake
[8.557s] -- Symlinking: /home/ssafy/turtlebot3_ws/install/turtlebot3_fake_node/share/turtlebot3_fake_node/cmake/ament_cmake_export_dependencies-extras.cmake
[8.567s] -- Symlinking: /home/ssafy/turtlebot3_ws/install/turtlebot3_fake_node/share/turtlebot3_fake_node/cmake/turtlebot3_fake_nodeConfig.cmake
[8.576s] -- Symlinking: /home/ssafy/turtlebot3_ws/install/turtlebot3_fake_node/share/turtlebot3_fake_node/cmake/turtlebot3_fake_nodeConfig-version.cmake
[8.586s] -- Symlinking: /home/ssafy/turtlebot3_ws/install/turtlebot3_fake_node/share/turtlebot3_fake_node/package.xml
[8.599s] Invoked command in '/home/ssafy/turtlebot3_ws/build/turtlebot3_fake_node' returned '0': CMAKE_PREFIX_PATH=/home/ssafy/turtlebot3_ws/install/turtlebot3_msgs:/home/ssafy/turtlebot3_ws/install/turtlebot3:/home/ssafy/turtlebot3_ws/install/turtlebot3_bringup:/home/ssafy/turtlebot3_ws/install/turtlebot3_node:/home/ssafy/turtlebot3_ws/install/turtlebot3_navigation2:/home/ssafy/turtlebot3_ws/install/turtlebot3_description:/home/ssafy/turtlebot3_ws/install/turtlebot3_cartographer:/home/ssafy/turtlebot3_ws/install/dynamixel_sdk_examples:/home/ssafy/turtlebot3_ws/install/dynamixel_sdk_custom_interfaces:/home/ssafy/turtlebot3_ws/install/dynamixel_sdk:/home/ssafy/turtlebot3_ws/install/turtlebot3_teleop:/home/ssafy/turtlebot3_ws/install/turtlebot3_example:/home/ssafy/ssafy_ws/install/simple_car_tf:/opt/ros/humble LD_LIBRARY_PATH=/home/ssafy/turtlebot3_ws/install/turtlebot3_msgs/lib:/home/ssafy/turtlebot3_ws/install/dynamixel_sdk_custom_interfaces/lib:/home/ssafy/turtlebot3_ws/install/dynamixel_sdk/lib:/usr/lib/x86_64-linux-gnu/gazebo-11/plugins:/opt/ros/humble/opt/rviz_ogre_vendor/lib:/opt/ros/humble/lib/x86_64-linux-gnu:/opt/ros/humble/lib:/usr/lib/x86_64-linux-gnu/gazebo-11/plugins:/usr/lib/x86_64-linux-gnu/gazebo-11/plugins:/usr/lib/x86_64-linux-gnu/gazebo-11/plugins:/usr/lib/x86_64-linux-gnu/gazebo-11/plugins:/usr/lib/x86_64-linux-gnu/gazebo-11/plugins:/usr/lib/x86_64-linux-gnu/gazebo-11/plugins:/usr/lib/x86_64-linux-gnu/gazebo-11/plugins:/usr/lib/x86_64-linux-gnu/gazebo-11/plugins:/usr/lib/x86_64-linux-gnu/gazebo-11/plugins:/usr/lib/x86_64-linux-gnu/gazebo-11/plugins /usr/bin/cmake --install /home/ssafy/turtlebot3_ws/build/turtlebot3_fake_node
