running egg_info
writing ../../build/naver_clova/naver_clova.egg-info/PKG-INFO
writing dependency_links to ../../build/naver_clova/naver_clova.egg-info/dependency_links.txt
writing requirements to ../../build/naver_clova/naver_clova.egg-info/requires.txt
writing top-level names to ../../build/naver_clova/naver_clova.egg-info/top_level.txt
reading manifest file '../../build/naver_clova/naver_clova.egg-info/SOURCES.txt'
writing manifest file '../../build/naver_clova/naver_clova.egg-info/SOURCES.txt'
running build
running build_py
copying naver_clova/speech_to_text.py -> /home/ssafy/ssafy_ws/build/naver_clova/build/lib/naver_clova
copying naver_clova/clova_voice.py -> /home/ssafy/ssafy_ws/build/naver_clova/build/lib/naver_clova
copying naver_clova/tts.py -> /home/ssafy/ssafy_ws/build/naver_clova/build/lib/naver_clova
copying naver_clova/clova_voice2.py -> /home/ssafy/ssafy_ws/build/naver_clova/build/lib/naver_clova
copying naver_clova/__init__.py -> /home/ssafy/ssafy_ws/build/naver_clova/build/lib/naver_clova
copying naver_clova/speech_recognizer.py -> /home/ssafy/ssafy_ws/build/naver_clova/build/lib/naver_clova
running install
running install_lib
copying /home/ssafy/ssafy_ws/build/naver_clova/build/lib/naver_clova/speech_to_text.py -> /home/ssafy/ssafy_ws/install/naver_clova/lib/python3.10/site-packages/naver_clova
copying /home/ssafy/ssafy_ws/build/naver_clova/build/lib/naver_clova/clova_voice.py -> /home/ssafy/ssafy_ws/install/naver_clova/lib/python3.10/site-packages/naver_clova
copying /home/ssafy/ssafy_ws/build/naver_clova/build/lib/naver_clova/tts.py -> /home/ssafy/ssafy_ws/install/naver_clova/lib/python3.10/site-packages/naver_clova
copying /home/ssafy/ssafy_ws/build/naver_clova/build/lib/naver_clova/clova_voice2.py -> /home/ssafy/ssafy_ws/install/naver_clova/lib/python3.10/site-packages/naver_clova
copying /home/ssafy/ssafy_ws/build/naver_clova/build/lib/naver_clova/speech_recognizer.py -> /home/ssafy/ssafy_ws/install/naver_clova/lib/python3.10/site-packages/naver_clova
byte-compiling /home/ssafy/ssafy_ws/install/naver_clova/lib/python3.10/site-packages/naver_clova/speech_to_text.py to speech_to_text.cpython-310.pyc
byte-compiling /home/ssafy/ssafy_ws/install/naver_clova/lib/python3.10/site-packages/naver_clova/clova_voice.py to clova_voice.cpython-310.pyc
byte-compiling /home/ssafy/ssafy_ws/install/naver_clova/lib/python3.10/site-packages/naver_clova/tts.py to tts.cpython-310.pyc
byte-compiling /home/ssafy/ssafy_ws/install/naver_clova/lib/python3.10/site-packages/naver_clova/clova_voice2.py to clova_voice2.cpython-310.pyc
byte-compiling /home/ssafy/ssafy_ws/install/naver_clova/lib/python3.10/site-packages/naver_clova/speech_recognizer.py to speech_recognizer.cpython-310.pyc
running install_data
copying resource/naver_clova -> /home/ssafy/ssafy_ws/install/naver_clova/share/ament_index/resource_index/packages
copying package.xml -> /home/ssafy/ssafy_ws/install/naver_clova/share/naver_clova
running install_egg_info
removing '/home/ssafy/ssafy_ws/install/naver_clova/lib/python3.10/site-packages/naver_clova-0.0.0-py3.10.egg-info' (and everything under it)
Copying ../../build/naver_clova/naver_clova.egg-info to /home/ssafy/ssafy_ws/install/naver_clova/lib/python3.10/site-packages/naver_clova-0.0.0-py3.10.egg-info
running install_scripts
writing list of installed files to '/home/ssafy/ssafy_ws/build/naver_clova/install.log'
